[2017-07-23 12:10:51]--[src_cgi/dealfile_cgi.c:42]--mysql:[user=root,pwd=root,database=cloud_disk][2017-07-23 12:10:51]--[src_cgi/dealfile_cgi.c:47]--redis:[ip=127.0.0.1,port=6379]
[2017-07-23 00:56:59]--[src_cgi/dealfile_cgi.c:695]--cmd = del
[2017-07-23 00:56:59]--[src_cgi/dealfile_cgi.c:727]--buf = {
    "filename": "mario.gif",
    "md5": "b80a1a34f1f1379d4ccc4531731e2590",
    "token": "23dc8b1b215cbff6446de71a52e9d8b9",
    "user": "kevin"
}

[2017-07-23 00:56:59]--[src_cgi/dealfile_cgi.c:730]--user = kevin, token = 23dc8b1b215cbff6446de71a52e9d8b9, md5 = b80a1a34f1f1379d4ccc4531731e2590, filename = mario.gif
[2017-07-23 00:56:59]--[src_cgi/dealfile_cgi.c:329]--remove_file_from_storage ret = 0
[2017-07-23 00:59:00]--[src_cgi/dealfile_cgi.c:695]--cmd = pv
[2017-07-23 00:59:00]--[src_cgi/dealfile_cgi.c:727]--buf = {
    "filename": "骑着老虎闯天下.jpg",
    "md5": "1cf3787de8bd2c0c03b641d7f112a861",
    "token": "23dc8b1b215cbff6446de71a52e9d8b9",
    "user": "kevin"
}

[2017-07-23 00:59:00]--[src_cgi/dealfile_cgi.c:730]--user = kevin, token = 23dc8b1b215cbff6446de71a52e9d8b9, md5 = 1cf3787de8bd2c0c03b641d7f112a861, filename = 骑着老虎闯天下.jpg
[2017-07-23 07:37:57]--[src_cgi/dealfile_cgi.c:695]--cmd = share
[2017-07-23 07:37:57]--[src_cgi/dealfile_cgi.c:727]--buf = {
    "filename": "heart.png",
    "md5": "833e4e47bde2c682be3fbfef5655d8ba",
    "token": "1ce5d3256676ccd0484e8e2e938d1795",
    "user": "kevin"
}

[2017-07-23 07:37:57]--[src_cgi/dealfile_cgi.c:730]--user = kevin, token = 1ce5d3256676ccd0484e8e2e938d1795, md5 = 833e4e47bde2c682be3fbfef5655d8ba, filename = heart.png
