[2017-07-12 00:31:57]--[src_cgi/login_cgi.c:288]--buf = {
    "pwd": "e10adc3949ba59abbe56e057f20f883e",
    "user": "kevin"
}

[2017-07-12 00:31:57]--[src_cgi/login_cgi.c:294]--user = kevin, pwd = e10adc3949ba59abbe56e057f20f883e
[2017-07-12 00:31:57]--[src_cgi/login_cgi.c:101]--mysql_user = root, mysql_pwd = root, mysql_db = cloud_disk
[2017-07-12 00:31:57]--[src_cgi/login_cgi.c:161]--redis:[ip=127.0.0.1,port=6379]
[2017-07-12 00:31:57]--[src_cgi/login_cgi.c:185]--tmp = kevin90759941784
[2017-07-12 00:31:57]--[src_cgi/login_cgi.c:201]--base64 = cBVStGy9/q4/fRjXA2LCzC0ZxLNK7pNJ
[2017-07-12 00:31:57]--[src_cgi/login_cgi.c:303]--token = 1088f0d1cf5c4949199156a94e7580a0
[2017-07-12 00:42:29]--[src_cgi/login_cgi.c:288]--buf = {
    "pwd": "e10adc3949ba59abbe56e057f20f883e",
    "user": "kevin"
}

[2017-07-12 00:42:29]--[src_cgi/login_cgi.c:294]--user = kevin, pwd = e10adc3949ba59abbe56e057f20f883e
[2017-07-12 00:42:29]--[src_cgi/login_cgi.c:101]--mysql_user = root, mysql_pwd = root, mysql_db = cloud_disk
[2017-07-12 00:42:29]--[src_cgi/login_cgi.c:161]--redis:[ip=127.0.0.1,port=6379]
[2017-07-12 00:42:29]--[src_cgi/login_cgi.c:185]--tmp = kevin216554101928
[2017-07-12 00:42:29]--[src_cgi/login_cgi.c:201]--base64 = HQjYnDBg7PvpVhLP72EOulSLR+LwC1FL
[2017-07-12 00:42:29]--[src_cgi/login_cgi.c:303]--token = 634d8456150ebffd8c0010b1e786bb02
[2017-07-12 00:43:14]--[src_cgi/login_cgi.c:288]--buf = {
    "pwd": "e10adc3949ba59abbe56e057f20f883e",
    "user": "kevin"
}

[2017-07-12 00:43:14]--[src_cgi/login_cgi.c:294]--user = kevin, pwd = e10adc3949ba59abbe56e057f20f883e
[2017-07-12 00:43:14]--[src_cgi/login_cgi.c:101]--mysql_user = root, mysql_pwd = root, mysql_db = cloud_disk
[2017-07-12 00:43:14]--[src_cgi/login_cgi.c:161]--redis:[ip=127.0.0.1,port=6379]
[2017-07-12 00:43:14]--[src_cgi/login_cgi.c:185]--tmp = kevin7336924174
[2017-07-12 00:43:14]--[src_cgi/login_cgi.c:201]--base64 = qmGCHSjX4PGhyKwrSKtwvw==
[2017-07-12 00:43:14]--[src_cgi/login_cgi.c:303]--token = 10cdb4dd0c06c82e9846ab312ad5fc37
[2017-07-12 00:45:29]--[src_cgi/login_cgi.c:288]--buf = {
    "pwd": "e10adc3949ba59abbe56e057f20f883e",
    "user": "kevin"
}

[2017-07-12 00:45:29]--[src_cgi/login_cgi.c:294]--user = kevin, pwd = e10adc3949ba59abbe56e057f20f883e
[2017-07-12 00:45:29]--[src_cgi/login_cgi.c:101]--mysql_user = root, mysql_pwd = root, mysql_db = cloud_disk
[2017-07-12 00:45:29]--[src_cgi/login_cgi.c:161]--redis:[ip=127.0.0.1,port=6379]
[2017-07-12 00:45:29]--[src_cgi/login_cgi.c:185]--tmp = kevin782288882786
[2017-07-12 00:45:29]--[src_cgi/login_cgi.c:201]--base64 = GS1yJUC+j9gx21Z1EPTDnuwb1egIr+tu
[2017-07-12 00:45:29]--[src_cgi/login_cgi.c:303]--token = 50f31c85a8662e9ee50268a4c59dc96f
[2017-07-12 00:46:58]--[src_cgi/login_cgi.c:288]--buf = {
    "pwd": "e10adc3949ba59abbe56e057f20f883e",
    "user": "kevin"
}

[2017-07-12 00:46:58]--[src_cgi/login_cgi.c:294]--user = kevin, pwd = e10adc3949ba59abbe56e057f20f883e
[2017-07-12 00:46:58]--[src_cgi/login_cgi.c:101]--mysql_user = root, mysql_pwd = root, mysql_db = cloud_disk
[2017-07-12 00:46:58]--[src_cgi/login_cgi.c:161]--redis:[ip=127.0.0.1,port=6379]
[2017-07-12 00:46:58]--[src_cgi/login_cgi.c:185]--tmp = kevin54750955249
[2017-07-12 00:46:58]--[src_cgi/login_cgi.c:201]--base64 = NKyoGD8//5BIP5pYmU/fji0ZxLNK7pNJ
[2017-07-12 00:46:58]--[src_cgi/login_cgi.c:303]--token = cade40787b9fbcbe9c0f72f5be1c9fea
[2017-07-12 00:52:58]--[src_cgi/login_cgi.c:288]--buf = {
    "pwd": "e10adc3949ba59abbe56e057f20f883e",
    "user": "kevin"
}

[2017-07-12 00:52:58]--[src_cgi/login_cgi.c:294]--user = kevin, pwd = e10adc3949ba59abbe56e057f20f883e
[2017-07-12 00:52:58]--[src_cgi/login_cgi.c:101]--mysql_user = root, mysql_pwd = root, mysql_db = cloud_disk
[2017-07-12 00:52:58]--[src_cgi/login_cgi.c:161]--redis:[ip=127.0.0.1,port=6379]
[2017-07-12 00:52:58]--[src_cgi/login_cgi.c:185]--tmp = kevin210279926955
[2017-07-12 00:52:58]--[src_cgi/login_cgi.c:201]--base64 = gHcI0h45eLbFqh4mR1+FAm+Ut+5trQL2
[2017-07-12 00:52:58]--[src_cgi/login_cgi.c:303]--token = c6bc50ba807d07208a000aaa5484d46c
[2017-07-12 00:54:53]--[src_cgi/login_cgi.c:288]--buf = {
    "pwd": "e10adc3949ba59abbe56e057f20f883e",
    "user": "kevin"
}

[2017-07-12 00:54:53]--[src_cgi/login_cgi.c:294]--user = kevin, pwd = e10adc3949ba59abbe56e057f20f883e
[2017-07-12 00:54:53]--[src_cgi/login_cgi.c:101]--mysql_user = root, mysql_pwd = root, mysql_db = cloud_disk
[2017-07-12 00:54:53]--[src_cgi/login_cgi.c:161]--redis:[ip=127.0.0.1,port=6379]
[2017-07-12 00:54:53]--[src_cgi/login_cgi.c:185]--tmp = kevin460822619253
[2017-07-12 00:54:53]--[src_cgi/login_cgi.c:201]--base64 = HuDxOChw3Mwv7FoNP/Xu9q7DEUAkWTSv
[2017-07-12 00:54:53]--[src_cgi/login_cgi.c:303]--token = b071a18d54a109b7e6b5a90cb5ab7719
[2017-07-12 00:57:55]--[src_cgi/login_cgi.c:288]--buf = {
    "pwd": "e10adc3949ba59abbe56e057f20f883e",
    "user": "kevin"
}

[2017-07-12 00:57:55]--[src_cgi/login_cgi.c:294]--user = kevin, pwd = e10adc3949ba59abbe56e057f20f883e
[2017-07-12 00:57:55]--[src_cgi/login_cgi.c:101]--mysql_user = root, mysql_pwd = root, mysql_db = cloud_disk
[2017-07-12 00:57:55]--[src_cgi/login_cgi.c:161]--redis:[ip=127.0.0.1,port=6379]
[2017-07-12 00:57:55]--[src_cgi/login_cgi.c:185]--tmp = kevin49152472766
[2017-07-12 00:57:55]--[src_cgi/login_cgi.c:201]--base64 = SV8e3oulW91K2lBquXTz6S0ZxLNK7pNJ
[2017-07-12 00:57:55]--[src_cgi/login_cgi.c:303]--token = 79c1e158760ea408cacfe7d63e95cfd1
[2017-07-12 01:13:41]--[src_cgi/login_cgi.c:288]--buf = {
    "pwd": "e10adc3949ba59abbe56e057f20f883e",
    "user": "kevin"
}

[2017-07-12 01:13:41]--[src_cgi/login_cgi.c:294]--user = kevin, pwd = e10adc3949ba59abbe56e057f20f883e
[2017-07-12 01:13:41]--[src_cgi/login_cgi.c:101]--mysql_user = root, mysql_pwd = root, mysql_db = cloud_disk
[2017-07-12 01:13:41]--[src_cgi/login_cgi.c:161]--redis:[ip=127.0.0.1,port=6379]
[2017-07-12 01:13:41]--[src_cgi/login_cgi.c:185]--tmp = kevin893632922751
[2017-07-12 01:13:41]--[src_cgi/login_cgi.c:201]--base64 = ryRv2wPBDfOwSUgwroJX6/lvnLKu4lWq
[2017-07-12 01:13:41]--[src_cgi/login_cgi.c:303]--token = 1f64e6ff28957c14c0aa0ce643e78171
[2017-07-12 01:17:04]--[src_cgi/login_cgi.c:288]--buf = {
    "pwd": "e10adc3949ba59abbe56e057f20f883e",
    "user": "kevin"
}

[2017-07-12 01:17:04]--[src_cgi/login_cgi.c:294]--user = kevin, pwd = e10adc3949ba59abbe56e057f20f883e
[2017-07-12 01:17:04]--[src_cgi/login_cgi.c:101]--mysql_user = root, mysql_pwd = root, mysql_db = cloud_disk
[2017-07-12 01:17:04]--[src_cgi/login_cgi.c:161]--redis:[ip=127.0.0.1,port=6379]
[2017-07-12 01:17:04]--[src_cgi/login_cgi.c:185]--tmp = kevin41433380145
[2017-07-12 01:17:04]--[src_cgi/login_cgi.c:201]--base64 = pLeCPaFmUK90B8wXuQBH/S0ZxLNK7pNJ
[2017-07-12 01:17:04]--[src_cgi/login_cgi.c:303]--token = dfc7847d30053ee8319efc5554d50bd2
[2017-07-12 01:27:40]--[src_cgi/login_cgi.c:288]--buf = {
    "pwd": "e10adc3949ba59abbe56e057f20f883e",
    "user": "kevin"
}

[2017-07-12 01:27:40]--[src_cgi/login_cgi.c:294]--user = kevin, pwd = e10adc3949ba59abbe56e057f20f883e
[2017-07-12 01:27:40]--[src_cgi/login_cgi.c:101]--mysql_user = root, mysql_pwd = root, mysql_db = cloud_disk
[2017-07-12 01:27:40]--[src_cgi/login_cgi.c:161]--redis:[ip=127.0.0.1,port=6379]
[2017-07-12 01:27:40]--[src_cgi/login_cgi.c:185]--tmp = kevin308574628755
[2017-07-12 01:27:40]--[src_cgi/login_cgi.c:201]--base64 = W94uUbJ3+n4XsRugtUPvom+Ut+5trQL2
[2017-07-12 01:27:40]--[src_cgi/login_cgi.c:303]--token = b1803109dd5d2bab4922c530c3d6a594
[2017-07-12 01:31:01]--[src_cgi/login_cgi.c:288]--buf = {
    "pwd": "e10adc3949ba59abbe56e057f20f883e",
    "user": "kevin"
}

[2017-07-12 01:31:01]--[src_cgi/login_cgi.c:294]--user = kevin, pwd = e10adc3949ba59abbe56e057f20f883e
[2017-07-12 01:31:01]--[src_cgi/login_cgi.c:101]--mysql_user = root, mysql_pwd = root, mysql_db = cloud_disk
[2017-07-12 01:31:01]--[src_cgi/login_cgi.c:161]--redis:[ip=127.0.0.1,port=6379]
[2017-07-12 01:31:01]--[src_cgi/login_cgi.c:185]--tmp = kevin42481085620
[2017-07-12 01:31:01]--[src_cgi/login_cgi.c:201]--base64 = LkFaf+FqNUrrGWi8HSuQ3i0ZxLNK7pNJ
[2017-07-12 01:31:01]--[src_cgi/login_cgi.c:303]--token = 245dae303d6644e03a5848479adac517
[2017-07-12 01:36:04]--[src_cgi/login_cgi.c:288]--buf = {
    "pwd": "e10adc3949ba59abbe56e057f20f883e",
    "user": "kevin"
}

[2017-07-12 01:36:04]--[src_cgi/login_cgi.c:294]--user = kevin, pwd = e10adc3949ba59abbe56e057f20f883e
[2017-07-12 01:36:04]--[src_cgi/login_cgi.c:101]--mysql_user = root, mysql_pwd = root, mysql_db = cloud_disk
[2017-07-12 01:36:04]--[src_cgi/login_cgi.c:161]--redis:[ip=127.0.0.1,port=6379]
[2017-07-12 01:36:04]--[src_cgi/login_cgi.c:185]--tmp = kevin598940943606
[2017-07-12 01:36:04]--[src_cgi/login_cgi.c:201]--base64 = zzxs3QD8KJrbaRE5bShxAOwb1egIr+tu
[2017-07-12 01:36:04]--[src_cgi/login_cgi.c:303]--token = f87de4820906cd3e8a14682818bd88d0
[2017-07-12 01:39:22]--[src_cgi/login_cgi.c:288]--buf = {
    "pwd": "e10adc3949ba59abbe56e057f20f883e",
    "user": "kevin"
}

[2017-07-12 01:39:22]--[src_cgi/login_cgi.c:294]--user = kevin, pwd = e10adc3949ba59abbe56e057f20f883e
[2017-07-12 01:39:22]--[src_cgi/login_cgi.c:101]--mysql_user = root, mysql_pwd = root, mysql_db = cloud_disk
[2017-07-12 01:39:22]--[src_cgi/login_cgi.c:161]--redis:[ip=127.0.0.1,port=6379]
[2017-07-12 01:39:22]--[src_cgi/login_cgi.c:185]--tmp = kevin86942414729
[2017-07-12 01:39:22]--[src_cgi/login_cgi.c:201]--base64 = Hhq/j3UZ7310o1lHJETACC0ZxLNK7pNJ
[2017-07-12 01:39:22]--[src_cgi/login_cgi.c:303]--token = 5f7a1b336d8746f9bbb0c5d4e4892758
[2017-07-12 02:42:51]--[src_cgi/login_cgi.c:288]--buf = {
    "pwd": "e10adc3949ba59abbe56e057f20f883e",
    "user": "kevin"
}

[2017-07-12 02:42:51]--[src_cgi/login_cgi.c:294]--user = kevin, pwd = e10adc3949ba59abbe56e057f20f883e
[2017-07-12 02:42:51]--[src_cgi/login_cgi.c:101]--mysql_user = root, mysql_pwd = root, mysql_db = cloud_disk
[2017-07-12 02:42:51]--[src_cgi/login_cgi.c:161]--redis:[ip=127.0.0.1,port=6379]
[2017-07-12 02:42:51]--[src_cgi/login_cgi.c:185]--tmp = kevin517908276877
[2017-07-12 02:42:51]--[src_cgi/login_cgi.c:201]--base64 = hQlNkJIs6Wv92Y1pfx94J/UujTBmz0dF
[2017-07-12 02:42:51]--[src_cgi/login_cgi.c:303]--token = 09654bcab591da1028a49e0975aa780a
[2017-07-12 02:46:13]--[src_cgi/login_cgi.c:288]--buf = {
    "pwd": "e10adc3949ba59abbe56e057f20f883e",
    "user": "kevin"
}

[2017-07-12 02:46:13]--[src_cgi/login_cgi.c:294]--user = kevin, pwd = e10adc3949ba59abbe56e057f20f883e
[2017-07-12 02:46:13]--[src_cgi/login_cgi.c:101]--mysql_user = root, mysql_pwd = root, mysql_db = cloud_disk
[2017-07-12 02:46:13]--[src_cgi/login_cgi.c:161]--redis:[ip=127.0.0.1,port=6379]
[2017-07-12 02:46:13]--[src_cgi/login_cgi.c:185]--tmp = kevin78389214846
[2017-07-12 02:46:13]--[src_cgi/login_cgi.c:201]--base64 = 5+zZUBkH+IfudPV12hZawS0ZxLNK7pNJ
[2017-07-12 02:46:13]--[src_cgi/login_cgi.c:303]--token = b478e967aecaa8bc8d7e747629d8c6d2
[2017-07-12 02:47:03]--[src_cgi/login_cgi.c:288]--buf = {
    "pwd": "bcbe3365e6ac95ea2c0343a2395834dd",
    "user": "222"
}

[2017-07-12 02:47:03]--[src_cgi/login_cgi.c:294]--user = 222, pwd = bcbe3365e6ac95ea2c0343a2395834dd
[2017-07-12 02:47:03]--[src_cgi/login_cgi.c:101]--mysql_user = root, mysql_pwd = root, mysql_db = cloud_disk
[2017-07-12 02:47:03]--[src_cgi/login_cgi.c:161]--redis:[ip=127.0.0.1,port=6379]
[2017-07-12 02:47:03]--[src_cgi/login_cgi.c:185]--tmp = 22280353970711
[2017-07-12 02:47:03]--[src_cgi/login_cgi.c:201]--base64 = D9bxhQ3rLxxEcHFHDT3wRg==
[2017-07-12 02:47:03]--[src_cgi/login_cgi.c:303]--token = 325c97970a20181e53e9727e2633542b
[2017-07-12 03:00:00]--[src_cgi/login_cgi.c:288]--buf = {
    "pwd": "e10adc3949ba59abbe56e057f20f883e",
    "user": "kevin"
}

[2017-07-12 03:00:00]--[src_cgi/login_cgi.c:294]--user = kevin, pwd = e10adc3949ba59abbe56e057f20f883e
[2017-07-12 03:00:00]--[src_cgi/login_cgi.c:101]--mysql_user = root, mysql_pwd = root, mysql_db = cloud_disk
[2017-07-12 03:00:00]--[src_cgi/login_cgi.c:161]--redis:[ip=127.0.0.1,port=6379]
[2017-07-12 03:00:00]--[src_cgi/login_cgi.c:185]--tmp = kevin189917422832
[2017-07-12 03:00:00]--[src_cgi/login_cgi.c:201]--base64 = MTTmtBk2N5xjSVMbw887NXj7pjZQFtzO
[2017-07-12 03:00:00]--[src_cgi/login_cgi.c:303]--token = e9471fde65bd8a7e35537874578fad75
[2017-07-12 03:08:24]--[src_cgi/login_cgi.c:288]--buf = {
    "pwd": "e10adc3949ba59abbe56e057f20f883e",
    "user": "kevin"
}

[2017-07-12 03:08:24]--[src_cgi/login_cgi.c:294]--user = kevin, pwd = e10adc3949ba59abbe56e057f20f883e
[2017-07-12 03:08:24]--[src_cgi/login_cgi.c:101]--mysql_user = root, mysql_pwd = root, mysql_db = cloud_disk
[2017-07-12 03:08:24]--[src_cgi/login_cgi.c:161]--redis:[ip=127.0.0.1,port=6379]
[2017-07-12 03:08:24]--[src_cgi/login_cgi.c:185]--tmp = kevin816487329605
[2017-07-12 03:08:24]--[src_cgi/login_cgi.c:201]--base64 = c39Qx/+YfF+B4DrXJxteJm+Ut+5trQL2
[2017-07-12 03:08:24]--[src_cgi/login_cgi.c:303]--token = cd9ba4f3aedbe246526d3dc3a972fa1c
[2017-07-12 03:10:22]--[src_cgi/login_cgi.c:288]--buf = {
    "pwd": "e10adc3949ba59abbe56e057f20f883e",
    "user": "kevin"
}

[2017-07-12 03:10:22]--[src_cgi/login_cgi.c:294]--user = kevin, pwd = e10adc3949ba59abbe56e057f20f883e
[2017-07-12 03:10:22]--[src_cgi/login_cgi.c:101]--mysql_user = root, mysql_pwd = root, mysql_db = cloud_disk
[2017-07-12 03:10:22]--[src_cgi/login_cgi.c:161]--redis:[ip=127.0.0.1,port=6379]
[2017-07-12 03:10:22]--[src_cgi/login_cgi.c:185]--tmp = kevin27888846214
[2017-07-12 03:10:22]--[src_cgi/login_cgi.c:201]--base64 = JDM782ds5SPvIsUVqxRLES0ZxLNK7pNJ
[2017-07-12 03:10:22]--[src_cgi/login_cgi.c:303]--token = b009c234b9dc135298781d844b368afa
[2017-07-12 03:12:10]--[src_cgi/login_cgi.c:288]--buf = {
    "pwd": "e10adc3949ba59abbe56e057f20f883e",
    "user": "kevin"
}

[2017-07-12 03:12:10]--[src_cgi/login_cgi.c:294]--user = kevin, pwd = e10adc3949ba59abbe56e057f20f883e
[2017-07-12 03:12:10]--[src_cgi/login_cgi.c:101]--mysql_user = root, mysql_pwd = root, mysql_db = cloud_disk
[2017-07-12 03:12:10]--[src_cgi/login_cgi.c:161]--redis:[ip=127.0.0.1,port=6379]
[2017-07-12 03:12:10]--[src_cgi/login_cgi.c:185]--tmp = kevin554882467595
[2017-07-12 03:12:10]--[src_cgi/login_cgi.c:201]--base64 = ILigTigi5japSY7aCZ3VfG+Ut+5trQL2
[2017-07-12 03:12:10]--[src_cgi/login_cgi.c:303]--token = 01f340e80f972aff1d338b787cf577e3
[2017-07-12 08:20:03]--[src_cgi/login_cgi.c:288]--buf = {
    "pwd": "e10adc3949ba59abbe56e057f20f883e",
    "user": "kevin"
}

[2017-07-12 08:20:03]--[src_cgi/login_cgi.c:294]--user = kevin, pwd = e10adc3949ba59abbe56e057f20f883e
[2017-07-12 08:20:03]--[src_cgi/login_cgi.c:101]--mysql_user = root, mysql_pwd = root, mysql_db = cloud_disk
[2017-07-12 08:20:03]--[src_cgi/login_cgi.c:161]--redis:[ip=127.0.0.1,port=6379]
[2017-07-12 08:20:03]--[src_cgi/login_cgi.c:185]--tmp = kevin156420466768
[2017-07-12 08:20:03]--[src_cgi/login_cgi.c:201]--base64 = v9joSK+Dx1SPeQEKK1Ys0VSLR+LwC1FL
[2017-07-12 08:20:03]--[src_cgi/login_cgi.c:303]--token = 318f180da81900fe5c6d039515c72722
[2017-07-12 08:33:43]--[src_cgi/login_cgi.c:288]--buf = {
    "pwd": "e10adc3949ba59abbe56e057f20f883e",
    "user": "kevin"
}

[2017-07-12 08:33:43]--[src_cgi/login_cgi.c:294]--user = kevin, pwd = e10adc3949ba59abbe56e057f20f883e
[2017-07-12 08:33:43]--[src_cgi/login_cgi.c:101]--mysql_user = root, mysql_pwd = root, mysql_db = cloud_disk
[2017-07-12 08:33:43]--[src_cgi/login_cgi.c:161]--redis:[ip=127.0.0.1,port=6379]
[2017-07-12 08:33:43]--[src_cgi/login_cgi.c:185]--tmp = kevin629843259322
[2017-07-12 08:33:43]--[src_cgi/login_cgi.c:201]--base64 = m4o2WSw/P/1L5KNjx22KDnj7pjZQFtzO
[2017-07-12 08:33:43]--[src_cgi/login_cgi.c:303]--token = 9198292c814ee30e1282a5659e9459a2
[2017-07-12 08:38:47]--[src_cgi/login_cgi.c:288]--buf = {
    "pwd": "e10adc3949ba59abbe56e057f20f883e",
    "user": "kevin"
}

[2017-07-12 08:38:47]--[src_cgi/login_cgi.c:294]--user = kevin, pwd = e10adc3949ba59abbe56e057f20f883e
[2017-07-12 08:38:47]--[src_cgi/login_cgi.c:101]--mysql_user = root, mysql_pwd = root, mysql_db = cloud_disk
[2017-07-12 08:38:47]--[src_cgi/login_cgi.c:161]--redis:[ip=127.0.0.1,port=6379]
[2017-07-12 08:38:47]--[src_cgi/login_cgi.c:185]--tmp = kevin716476903312
[2017-07-12 08:38:47]--[src_cgi/login_cgi.c:201]--base64 = 3VDayKr8pEBEf9JyUl2vknj7pjZQFtzO
[2017-07-12 08:38:47]--[src_cgi/login_cgi.c:303]--token = 6210aec6ba944334d77fa9873cc634f6
[2017-07-12 08:42:32]--[src_cgi/login_cgi.c:288]--buf = {
    "pwd": "e10adc3949ba59abbe56e057f20f883e",
    "user": "kevin"
}

[2017-07-12 08:42:32]--[src_cgi/login_cgi.c:294]--user = kevin, pwd = e10adc3949ba59abbe56e057f20f883e
[2017-07-12 08:42:32]--[src_cgi/login_cgi.c:101]--mysql_user = root, mysql_pwd = root, mysql_db = cloud_disk
[2017-07-12 08:42:32]--[src_cgi/login_cgi.c:161]--redis:[ip=127.0.0.1,port=6379]
[2017-07-12 08:42:32]--[src_cgi/login_cgi.c:185]--tmp = kevin473299360275
[2017-07-12 08:42:32]--[src_cgi/login_cgi.c:201]--base64 = epe5n4RH9yfnAsNRo5F9hm+Ut+5trQL2
[2017-07-12 08:42:32]--[src_cgi/login_cgi.c:303]--token = 738b94aefce0bcd7febbc03a4b40bc5a
[2017-07-12 09:02:11]--[src_cgi/login_cgi.c:288]--buf = {
    "pwd": "e10adc3949ba59abbe56e057f20f883e",
    "user": "kevin"
}

[2017-07-12 09:02:11]--[src_cgi/login_cgi.c:294]--user = kevin, pwd = e10adc3949ba59abbe56e057f20f883e
[2017-07-12 09:02:11]--[src_cgi/login_cgi.c:101]--mysql_user = root, mysql_pwd = root, mysql_db = cloud_disk
[2017-07-12 09:02:11]--[src_cgi/login_cgi.c:161]--redis:[ip=127.0.0.1,port=6379]
[2017-07-12 09:02:11]--[src_cgi/login_cgi.c:185]--tmp = kevin554680239697
[2017-07-12 09:02:11]--[src_cgi/login_cgi.c:201]--base64 = ILigTigi5jYZAqIOxYDoy/UujTBmz0dF
[2017-07-12 09:02:11]--[src_cgi/login_cgi.c:303]--token = 51cff473dac4f40b4994eb0cff7590bb
[2017-07-12 09:04:35]--[src_cgi/login_cgi.c:288]--buf = {
    "pwd": "e10adc3949ba59abbe56e057f20f883e",
    "user": "kevin"
}

[2017-07-12 09:04:35]--[src_cgi/login_cgi.c:294]--user = kevin, pwd = e10adc3949ba59abbe56e057f20f883e
[2017-07-12 09:04:35]--[src_cgi/login_cgi.c:101]--mysql_user = root, mysql_pwd = root, mysql_db = cloud_disk
[2017-07-12 09:04:35]--[src_cgi/login_cgi.c:161]--redis:[ip=127.0.0.1,port=6379]
[2017-07-12 09:04:35]--[src_cgi/login_cgi.c:185]--tmp = kevin89959389757
[2017-07-12 09:04:35]--[src_cgi/login_cgi.c:201]--base64 = ltgzPtSkxuKtBqUK01XSGC0ZxLNK7pNJ
[2017-07-12 09:04:35]--[src_cgi/login_cgi.c:303]--token = ea1ab7573e640e001af6375afbf4ab7f
[2017-07-12 09:05:13]--[src_cgi/login_cgi.c:288]--buf = {
    "pwd": "e10adc3949ba59abbe56e057f20f883e",
    "user": "kevin"
}

[2017-07-12 09:05:13]--[src_cgi/login_cgi.c:294]--user = kevin, pwd = e10adc3949ba59abbe56e057f20f883e
[2017-07-12 09:05:13]--[src_cgi/login_cgi.c:101]--mysql_user = root, mysql_pwd = root, mysql_db = cloud_disk
[2017-07-12 09:05:13]--[src_cgi/login_cgi.c:161]--redis:[ip=127.0.0.1,port=6379]
[2017-07-12 09:05:13]--[src_cgi/login_cgi.c:185]--tmp = kevin5186861658
[2017-07-12 09:05:13]--[src_cgi/login_cgi.c:201]--base64 = tsnwaUuX09KVeYCKuBUWew==
[2017-07-12 09:05:13]--[src_cgi/login_cgi.c:303]--token = 519d773e6389c774760a5ce844bbb172
[2017-07-12 09:07:33]--[src_cgi/login_cgi.c:288]--buf = {
    "pwd": "e10adc3949ba59abbe56e057f20f883e",
    "user": "kevin"
}

[2017-07-12 09:07:33]--[src_cgi/login_cgi.c:294]--user = kevin, pwd = e10adc3949ba59abbe56e057f20f883e
[2017-07-12 09:07:33]--[src_cgi/login_cgi.c:101]--mysql_user = root, mysql_pwd = root, mysql_db = cloud_disk
[2017-07-12 09:07:33]--[src_cgi/login_cgi.c:161]--redis:[ip=127.0.0.1,port=6379]
[2017-07-12 09:07:33]--[src_cgi/login_cgi.c:185]--tmp = kevin385977542738
[2017-07-12 09:07:33]--[src_cgi/login_cgi.c:201]--base64 = 5qCwLjgC/EnISNRHIbVEMVSLR+LwC1FL
[2017-07-12 09:07:33]--[src_cgi/login_cgi.c:303]--token = 80df4737ad448f7bf05f328cf1e79d78
[2017-07-12 09:11:47]--[src_cgi/login_cgi.c:288]--buf = {
    "pwd": "e10adc3949ba59abbe56e057f20f883e",
    "user": "kevin"
}

[2017-07-12 09:11:47]--[src_cgi/login_cgi.c:294]--user = kevin, pwd = e10adc3949ba59abbe56e057f20f883e
[2017-07-12 09:11:47]--[src_cgi/login_cgi.c:101]--mysql_user = root, mysql_pwd = root, mysql_db = cloud_disk
[2017-07-12 09:11:47]--[src_cgi/login_cgi.c:161]--redis:[ip=127.0.0.1,port=6379]
[2017-07-12 09:11:47]--[src_cgi/login_cgi.c:185]--tmp = kevin110459371636
[2017-07-12 09:11:47]--[src_cgi/login_cgi.c:201]--base64 = QbIDHfoMe+fgi3KhTxU5Iuwb1egIr+tu
[2017-07-12 09:11:47]--[src_cgi/login_cgi.c:303]--token = 9826c0f77b87ad134402b8b7f2567ba2
[2017-07-12 09:22:29]--[src_cgi/login_cgi.c:288]--buf = {
    "pwd": "e10adc3949ba59abbe56e057f20f883e",
    "user": "kevin"
}

[2017-07-12 09:22:29]--[src_cgi/login_cgi.c:294]--user = kevin, pwd = e10adc3949ba59abbe56e057f20f883e
[2017-07-12 09:22:29]--[src_cgi/login_cgi.c:101]--mysql_user = root, mysql_pwd = root, mysql_db = cloud_disk
[2017-07-12 09:22:29]--[src_cgi/login_cgi.c:161]--redis:[ip=127.0.0.1,port=6379]
[2017-07-12 09:22:29]--[src_cgi/login_cgi.c:185]--tmp = kevin433804340513
[2017-07-12 09:22:29]--[src_cgi/login_cgi.c:201]--base64 = R49/JDICPeWRkf14LjZN/67DEUAkWTSv
[2017-07-12 09:22:29]--[src_cgi/login_cgi.c:303]--token = bc7e22f5211402eae1cacce22f2a9c2c
[2017-07-12 09:24:45]--[src_cgi/login_cgi.c:288]--buf = {
    "pwd": "e10adc3949ba59abbe56e057f20f883e",
    "user": "kevin"
}

[2017-07-12 09:24:45]--[src_cgi/login_cgi.c:294]--user = kevin, pwd = e10adc3949ba59abbe56e057f20f883e
[2017-07-12 09:24:45]--[src_cgi/login_cgi.c:101]--mysql_user = root, mysql_pwd = root, mysql_db = cloud_disk
[2017-07-12 09:24:45]--[src_cgi/login_cgi.c:161]--redis:[ip=127.0.0.1,port=6379]
[2017-07-12 09:24:45]--[src_cgi/login_cgi.c:185]--tmp = kevin60488664168
[2017-07-12 09:24:45]--[src_cgi/login_cgi.c:201]--base64 = CqpEd4w3zuymG9cfgdwK8C0ZxLNK7pNJ
[2017-07-12 09:24:45]--[src_cgi/login_cgi.c:303]--token = e92f3fcda5604cd5d6a13c784f1c848c
[2017-07-12 09:24:45]--[src_cgi/login_cgi.c:288]--buf = {
    "pwd": "e10adc3949ba59abbe56e057f20f883e",
    "user": "kevin"
}

[2017-07-12 09:24:45]--[src_cgi/login_cgi.c:294]--user = kevin, pwd = e10adc3949ba59abbe56e057f20f883e
[2017-07-12 09:24:45]--[src_cgi/login_cgi.c:101]--mysql_user = root, mysql_pwd = root, mysql_db = cloud_disk
[2017-07-12 09:24:45]--[src_cgi/login_cgi.c:161]--redis:[ip=127.0.0.1,port=6379]
[2017-07-12 09:24:45]--[src_cgi/login_cgi.c:185]--tmp = kevin60488664168
[2017-07-12 09:24:45]--[src_cgi/login_cgi.c:201]--base64 = CqpEd4w3zuymG9cfgdwK8C0ZxLNK7pNJ
[2017-07-12 09:24:45]--[src_cgi/login_cgi.c:303]--token = e92f3fcda5604cd5d6a13c784f1c848c
[2017-07-12 20:14:12]--[src_cgi/login_cgi.c:288]--buf = {
    "pwd": "e10adc3949ba59abbe56e057f20f883e",
    "user": "kevin"
}

[2017-07-12 20:14:12]--[src_cgi/login_cgi.c:294]--user = kevin, pwd = e10adc3949ba59abbe56e057f20f883e
[2017-07-12 20:14:12]--[src_cgi/login_cgi.c:101]--mysql_user = root, mysql_pwd = root, mysql_db = cloud_disk
[2017-07-12 20:14:12]--[src_cgi/login_cgi.c:161]--redis:[ip=127.0.0.1,port=6379]
[2017-07-12 20:14:12]--[src_cgi/login_cgi.c:185]--tmp = kevin312643576484
[2017-07-12 20:14:12]--[src_cgi/login_cgi.c:201]--base64 = vyLcirPhcFBnByqXUXNrY5+HwxKUAZ0k
[2017-07-12 20:14:12]--[src_cgi/login_cgi.c:303]--token = 7862d03365b91370583884b28f6eb44b
