[2017-07-23 03:45:09]--[src_cgi/login_cgi.c:288]--buf = {
    "pwd": "e10adc3949ba59abbe56e057f20f883e",
    "user": "kevin"
}

[2017-07-23 03:45:09]--[src_cgi/login_cgi.c:294]--user = kevin, pwd = e10adc3949ba59abbe56e057f20f883e
[2017-07-23 03:45:09]--[src_cgi/login_cgi.c:101]--mysql_user = root, mysql_pwd = root, mysql_db = cloud_disk
[2017-07-23 03:45:09]--[src_cgi/login_cgi.c:161]--redis:[ip=127.0.0.1,port=6379]
[2017-07-23 03:45:09]--[src_cgi/login_cgi.c:185]--tmp = kevin232712401805
[2017-07-23 03:45:09]--[src_cgi/login_cgi.c:201]--base64 = BVgC4/ECCSdvXqPtNxUTFG+Ut+5trQL2
[2017-07-23 03:45:09]--[src_cgi/login_cgi.c:303]--token = 1ce5d3256676ccd0484e8e2e938d1795
[2017-07-23 08:10:26]--[src_cgi/login_cgi.c:288]--buf = {
    "pwd": "e10adc3949ba59abbe56e057f20f883e",
    "user": "kevin"
}

[2017-07-23 08:10:26]--[src_cgi/login_cgi.c:294]--user = kevin, pwd = e10adc3949ba59abbe56e057f20f883e
[2017-07-23 08:10:26]--[src_cgi/login_cgi.c:101]--mysql_user = root, mysql_pwd = root, mysql_db = cloud_disk
[2017-07-23 08:10:26]--[src_cgi/login_cgi.c:161]--redis:[ip=127.0.0.1,port=6379]
[2017-07-23 08:10:26]--[src_cgi/login_cgi.c:185]--tmp = kevin382103720246
[2017-07-23 08:10:26]--[src_cgi/login_cgi.c:201]--base64 = 7FnE6kJpU8uvT3rDI+w+3Owb1egIr+tu
[2017-07-23 08:10:26]--[src_cgi/login_cgi.c:303]--token = 68abe37d9a4bf36f318f86fe9b4cbe2c
[2017-07-23 08:21:18]--[src_cgi/login_cgi.c:288]--buf = {
    "pwd": "e10adc3949ba59abbe56e057f20f883e",
    "user": "kevin"
}

[2017-07-23 08:21:18]--[src_cgi/login_cgi.c:294]--user = kevin, pwd = e10adc3949ba59abbe56e057f20f883e
[2017-07-23 08:21:18]--[src_cgi/login_cgi.c:101]--mysql_user = root, mysql_pwd = root, mysql_db = cloud_disk
[2017-07-23 08:21:18]--[src_cgi/login_cgi.c:161]--redis:[ip=127.0.0.1,port=6379]
[2017-07-23 08:21:18]--[src_cgi/login_cgi.c:185]--tmp = kevin185806539834
[2017-07-23 08:21:18]--[src_cgi/login_cgi.c:201]--base64 = Ksn2cOLdkUjsuyC5sfRkwJ+HwxKUAZ0k
[2017-07-23 08:21:18]--[src_cgi/login_cgi.c:303]--token = 9d3c337e02465cdbac3eac0b4c2601d3
[2017-07-23 08:34:38]--[src_cgi/login_cgi.c:288]--buf = {
    "pwd": "e10adc3949ba59abbe56e057f20f883e",
    "user": "kevin"
}

[2017-07-23 08:34:38]--[src_cgi/login_cgi.c:294]--user = kevin, pwd = e10adc3949ba59abbe56e057f20f883e
[2017-07-23 08:34:38]--[src_cgi/login_cgi.c:101]--mysql_user = root, mysql_pwd = root, mysql_db = cloud_disk
[2017-07-23 08:34:38]--[src_cgi/login_cgi.c:161]--redis:[ip=127.0.0.1,port=6379]
[2017-07-23 08:34:38]--[src_cgi/login_cgi.c:185]--tmp = kevin96384986401
[2017-07-23 08:34:38]--[src_cgi/login_cgi.c:201]--base64 = DjyiF1a7koAGJTbEaHyHcS0ZxLNK7pNJ
[2017-07-23 08:34:38]--[src_cgi/login_cgi.c:303]--token = d016f3e471807b4bdfdadbcdff4f6069
