[2017-07-11 11:19:02]--[src_cgi/login_cgi.c:288]--buf = {
    "pwd": "e10adc3949ba59abbe56e057f20f883e",
    "user": "kevin"
}

[2017-07-11 11:19:03]--[src_cgi/login_cgi.c:294]--user = kevin, pwd = e10adc3949ba59abbe56e057f20f883e
[2017-07-11 11:19:03]--[src_cgi/login_cgi.c:101]--mysql_user = root, mysql_pwd = root, mysql_db = cloud_disk
[2017-07-11 11:19:03]--[src_cgi/login_cgi.c:161]--redis:[ip=127.0.0.1,port=6379]
[2017-07-11 11:19:03]--[src_cgi/login_cgi.c:185]--tmp = kevin620938315799
[2017-07-11 11:19:03]--[src_cgi/login_cgi.c:201]--base64 = ff5Lmky6vaAyC+XSSSzCvFzqyK7PQug1
[2017-07-11 11:19:03]--[src_cgi/login_cgi.c:303]--token = 3fb05a83de2bddb4ed093c1ac01a2604
[2017-07-11 11:21:54]--[src_cgi/login_cgi.c:288]--buf = {
    "pwd": "e10adc3949ba59abbe56e057f20f883e",
    "user": "kevin"
}

[2017-07-11 11:21:54]--[src_cgi/login_cgi.c:294]--user = kevin, pwd = e10adc3949ba59abbe56e057f20f883e
[2017-07-11 11:21:54]--[src_cgi/login_cgi.c:101]--mysql_user = root, mysql_pwd = root, mysql_db = cloud_disk
[2017-07-11 11:21:54]--[src_cgi/login_cgi.c:161]--redis:[ip=127.0.0.1,port=6379]
[2017-07-11 11:21:54]--[src_cgi/login_cgi.c:185]--tmp = kevin48661104657
[2017-07-11 11:21:54]--[src_cgi/login_cgi.c:201]--base64 = 50zd8uH5d1haBos7lipybC0ZxLNK7pNJ
[2017-07-11 11:21:54]--[src_cgi/login_cgi.c:303]--token = ea941ddd44f73ff0edc8707b72c9a18f
[2017-07-11 11:22:11]--[src_cgi/login_cgi.c:288]--buf = {
    "pwd": "e10adc3949ba59abbe56e057f20f883e",
    "user": "kevin"
}

[2017-07-11 11:22:11]--[src_cgi/login_cgi.c:294]--user = kevin, pwd = e10adc3949ba59abbe56e057f20f883e
[2017-07-11 11:22:11]--[src_cgi/login_cgi.c:101]--mysql_user = root, mysql_pwd = root, mysql_db = cloud_disk
[2017-07-11 11:22:11]--[src_cgi/login_cgi.c:161]--redis:[ip=127.0.0.1,port=6379]
[2017-07-11 11:22:11]--[src_cgi/login_cgi.c:185]--tmp = kevin928499157437
[2017-07-11 11:22:11]--[src_cgi/login_cgi.c:201]--base64 = H5kDIYVEF/utJ03HDYZDwvUujTBmz0dF
[2017-07-11 11:22:11]--[src_cgi/login_cgi.c:303]--token = d2e53abe7be92c4d925ac81c84d5232a
[2017-07-11 11:22:37]--[src_cgi/login_cgi.c:288]--buf = {
    "pwd": "698d51a19d8a121ce581499d7b701668",
    "user": "111"
}

[2017-07-11 11:22:37]--[src_cgi/login_cgi.c:294]--user = 111, pwd = 698d51a19d8a121ce581499d7b701668
[2017-07-11 11:22:37]--[src_cgi/login_cgi.c:101]--mysql_user = root, mysql_pwd = root, mysql_db = cloud_disk
[2017-07-11 11:22:37]--[src_cgi/login_cgi.c:161]--redis:[ip=127.0.0.1,port=6379]
[2017-07-11 11:22:37]--[src_cgi/login_cgi.c:185]--tmp = 111163965139573
[2017-07-11 11:22:37]--[src_cgi/login_cgi.c:201]--base64 = FobxEbTQDXVa+ligbFvUzA==
[2017-07-11 11:22:37]--[src_cgi/login_cgi.c:303]--token = 762d27c499cbe58e07388599f450915a
[2017-07-11 11:23:06]--[src_cgi/login_cgi.c:288]--buf = {
    "pwd": "1f3870be274f6c49b3e31a0c6728957f",
    "user": "apple"
}

[2017-07-11 11:23:06]--[src_cgi/login_cgi.c:294]--user = apple, pwd = 1f3870be274f6c49b3e31a0c6728957f
[2017-07-11 11:23:06]--[src_cgi/login_cgi.c:101]--mysql_user = root, mysql_pwd = root, mysql_db = cloud_disk
[2017-07-11 11:23:06]--[src_cgi/login_cgi.c:161]--redis:[ip=127.0.0.1,port=6379]
[2017-07-11 11:23:06]--[src_cgi/login_cgi.c:185]--tmp = apple450355699962
[2017-07-11 11:23:06]--[src_cgi/login_cgi.c:201]--base64 = D++3FlfCsk6BSgueKslK+Hj7pjZQFtzO
[2017-07-11 11:23:06]--[src_cgi/login_cgi.c:303]--token = bbb258ecdaa87af20641b09b72d905db
[2017-07-11 11:23:31]--[src_cgi/login_cgi.c:288]--buf = {
    "pwd": "bcbe3365e6ac95ea2c0343a2395834dd",
    "user": "222"
}

[2017-07-11 11:23:31]--[src_cgi/login_cgi.c:294]--user = 222, pwd = bcbe3365e6ac95ea2c0343a2395834dd
[2017-07-11 11:23:31]--[src_cgi/login_cgi.c:101]--mysql_user = root, mysql_pwd = root, mysql_db = cloud_disk
[2017-07-11 11:23:31]--[src_cgi/login_cgi.c:161]--redis:[ip=127.0.0.1,port=6379]
[2017-07-11 11:23:31]--[src_cgi/login_cgi.c:185]--tmp = 2225641592940
[2017-07-11 11:23:31]--[src_cgi/login_cgi.c:201]--base64 = DcV3fWyzUexjxfKeT55Oew==
[2017-07-11 11:23:31]--[src_cgi/login_cgi.c:303]--token = 16401dbc0e8bd7cd94c01faa4b8ccc2c
[2017-07-11 11:28:03]--[src_cgi/login_cgi.c:288]--buf = {
    "pwd": "bcbe3365e6ac95ea2c0343a2395834dd",
    "user": "222"
}

[2017-07-11 11:28:03]--[src_cgi/login_cgi.c:294]--user = 222, pwd = bcbe3365e6ac95ea2c0343a2395834dd
[2017-07-11 11:28:03]--[src_cgi/login_cgi.c:101]--mysql_user = root, mysql_pwd = root, mysql_db = cloud_disk
[2017-07-11 11:28:03]--[src_cgi/login_cgi.c:161]--redis:[ip=127.0.0.1,port=6379]
[2017-07-11 11:28:03]--[src_cgi/login_cgi.c:185]--tmp = 222403143280635
[2017-07-11 11:28:03]--[src_cgi/login_cgi.c:201]--base64 = BlZzQgUn8VMPjPDm7bSWXw==
[2017-07-11 11:28:03]--[src_cgi/login_cgi.c:303]--token = 0950125f6e8883cb401c32574a93ce50
[2017-07-11 11:28:25]--[src_cgi/login_cgi.c:288]--buf = {
    "pwd": "e10adc3949ba59abbe56e057f20f883e",
    "user": "kevin"
}

[2017-07-11 11:28:25]--[src_cgi/login_cgi.c:294]--user = kevin, pwd = e10adc3949ba59abbe56e057f20f883e
[2017-07-11 11:28:25]--[src_cgi/login_cgi.c:101]--mysql_user = root, mysql_pwd = root, mysql_db = cloud_disk
[2017-07-11 11:28:25]--[src_cgi/login_cgi.c:161]--redis:[ip=127.0.0.1,port=6379]
[2017-07-11 11:28:25]--[src_cgi/login_cgi.c:185]--tmp = kevin517965313331
[2017-07-11 11:28:25]--[src_cgi/login_cgi.c:201]--base64 = hQlNkJIs6Wulzmq8BJvQKPlvnLKu4lWq
[2017-07-11 11:28:25]--[src_cgi/login_cgi.c:303]--token = 5de7644d64d332fc17a14c720bd2d9fc
[2017-07-11 16:51:07]--[src_cgi/login_cgi.c:288]--buf = {
    "pwd": "e10adc3949ba59abbe56e057f20f883e",
    "user": "kevin"
}

[2017-07-11 16:51:07]--[src_cgi/login_cgi.c:294]--user = kevin, pwd = e10adc3949ba59abbe56e057f20f883e
[2017-07-11 16:51:07]--[src_cgi/login_cgi.c:101]--mysql_user = root, mysql_pwd = root, mysql_db = cloud_disk
[2017-07-11 16:51:07]--[src_cgi/login_cgi.c:161]--redis:[ip=127.0.0.1,port=6379]
[2017-07-11 16:51:07]--[src_cgi/login_cgi.c:185]--tmp = kevin780633244188
[2017-07-11 16:51:07]--[src_cgi/login_cgi.c:201]--base64 = 0D6SvtdJtdNU1RioMsCholSLR+LwC1FL
[2017-07-11 16:51:07]--[src_cgi/login_cgi.c:303]--token = c350fd2304e112b07f7307d1a92bfaa0
[2017-07-11 17:00:24]--[src_cgi/login_cgi.c:288]--buf = {
    "pwd": "bcbe3365e6ac95ea2c0343a2395834dd",
    "user": "222"
}

[2017-07-11 17:00:24]--[src_cgi/login_cgi.c:294]--user = 222, pwd = bcbe3365e6ac95ea2c0343a2395834dd
[2017-07-11 17:00:24]--[src_cgi/login_cgi.c:101]--mysql_user = root, mysql_pwd = root, mysql_db = cloud_disk
[2017-07-11 17:00:24]--[src_cgi/login_cgi.c:161]--redis:[ip=127.0.0.1,port=6379]
[2017-07-11 17:00:24]--[src_cgi/login_cgi.c:185]--tmp = 222798366111867
[2017-07-11 17:00:24]--[src_cgi/login_cgi.c:201]--base64 = wrozQdKtLpq5QOeg3+Zb0w==
[2017-07-11 17:00:24]--[src_cgi/login_cgi.c:303]--token = 0be64f0b6faed1e32553638db9c1bf29
[2017-07-11 17:08:24]--[src_cgi/login_cgi.c:288]--buf = {
    "pwd": "bcbe3365e6ac95ea2c0343a2395834dd",
    "user": "222"
}

[2017-07-11 17:08:24]--[src_cgi/login_cgi.c:294]--user = 222, pwd = bcbe3365e6ac95ea2c0343a2395834dd
[2017-07-11 17:08:24]--[src_cgi/login_cgi.c:101]--mysql_user = root, mysql_pwd = root, mysql_db = cloud_disk
[2017-07-11 17:08:24]--[src_cgi/login_cgi.c:161]--redis:[ip=127.0.0.1,port=6379]
[2017-07-11 17:08:24]--[src_cgi/login_cgi.c:185]--tmp = 222504921284495
[2017-07-11 17:08:24]--[src_cgi/login_cgi.c:201]--base64 = jJPPlbkRle5/r1bqnbkFBA==
[2017-07-11 17:08:24]--[src_cgi/login_cgi.c:303]--token = 543ceca993216f9896a3bdf68e617046
[2017-07-11 17:23:38]--[src_cgi/login_cgi.c:288]--buf = {
    "pwd": "e10adc3949ba59abbe56e057f20f883e",
    "user": "kevin"
}

[2017-07-11 17:23:38]--[src_cgi/login_cgi.c:294]--user = kevin, pwd = e10adc3949ba59abbe56e057f20f883e
[2017-07-11 17:23:38]--[src_cgi/login_cgi.c:101]--mysql_user = root, mysql_pwd = root, mysql_db = cloud_disk
[2017-07-11 17:23:38]--[src_cgi/login_cgi.c:161]--redis:[ip=127.0.0.1,port=6379]
[2017-07-11 17:23:38]--[src_cgi/login_cgi.c:185]--tmp = kevin52936118844
[2017-07-11 17:23:38]--[src_cgi/login_cgi.c:201]--base64 = cVvQaJN1WFdusPP2yPi5ky0ZxLNK7pNJ
[2017-07-11 17:23:38]--[src_cgi/login_cgi.c:303]--token = 8c4d2297b3d63b78798df2d9095199c6
