[2017-07-13 02:41:48]--[src_cgi/login_cgi.c:288]--buf = {
    "pwd": "e10adc3949ba59abbe56e057f20f883e",
    "user": "kevin"
}

[2017-07-13 02:41:48]--[src_cgi/login_cgi.c:294]--user = kevin, pwd = e10adc3949ba59abbe56e057f20f883e
[2017-07-13 02:41:48]--[src_cgi/login_cgi.c:101]--mysql_user = root, mysql_pwd = root, mysql_db = cloud_disk
[2017-07-13 02:41:48]--[src_cgi/login_cgi.c:161]--redis:[ip=127.0.0.1,port=6379]
[2017-07-13 02:41:48]--[src_cgi/login_cgi.c:185]--tmp = kevin208779652471
[2017-07-13 02:41:48]--[src_cgi/login_cgi.c:201]--base64 = Mn8/JYcVXXdzW55GgAxqLvlvnLKu4lWq
[2017-07-13 02:41:48]--[src_cgi/login_cgi.c:303]--token = cda1f3f9482ad2c67c3428dacb91a18f
[2017-07-13 02:45:04]--[src_cgi/login_cgi.c:288]--buf = {
    "pwd": "e10adc3949ba59abbe56e057f20f883e",
    "user": "kevin"
}

[2017-07-13 02:45:04]--[src_cgi/login_cgi.c:294]--user = kevin, pwd = e10adc3949ba59abbe56e057f20f883e
[2017-07-13 02:45:04]--[src_cgi/login_cgi.c:101]--mysql_user = root, mysql_pwd = root, mysql_db = cloud_disk
[2017-07-13 02:45:04]--[src_cgi/login_cgi.c:161]--redis:[ip=127.0.0.1,port=6379]
[2017-07-13 02:45:04]--[src_cgi/login_cgi.c:185]--tmp = kevin71609578448
[2017-07-13 02:45:04]--[src_cgi/login_cgi.c:201]--base64 = 3VDayKr8pEDzWr8rrSxKrS0ZxLNK7pNJ
[2017-07-13 02:45:04]--[src_cgi/login_cgi.c:303]--token = 82424b310f80cea0f1e1670e6ecac9a8
[2017-07-13 02:49:15]--[src_cgi/login_cgi.c:288]--buf = {
    "pwd": "e10adc3949ba59abbe56e057f20f883e",
    "user": "kevin"
}

[2017-07-13 02:49:15]--[src_cgi/login_cgi.c:294]--user = kevin, pwd = e10adc3949ba59abbe56e057f20f883e
[2017-07-13 02:49:15]--[src_cgi/login_cgi.c:101]--mysql_user = root, mysql_pwd = root, mysql_db = cloud_disk
[2017-07-13 02:49:15]--[src_cgi/login_cgi.c:161]--redis:[ip=127.0.0.1,port=6379]
[2017-07-13 02:49:15]--[src_cgi/login_cgi.c:185]--tmp = kevin885548221617
[2017-07-13 02:49:15]--[src_cgi/login_cgi.c:201]--base64 = K3syIOaQ299XVEGso+34WfUujTBmz0dF
[2017-07-13 02:49:15]--[src_cgi/login_cgi.c:303]--token = ab956060af85ced0f48cfa3502b172e9
[2017-07-13 03:00:36]--[src_cgi/login_cgi.c:288]--buf = {
    "pwd": "e10adc3949ba59abbe56e057f20f883e",
    "user": "kevin"
}

[2017-07-13 03:00:36]--[src_cgi/login_cgi.c:294]--user = kevin, pwd = e10adc3949ba59abbe56e057f20f883e
[2017-07-13 03:00:36]--[src_cgi/login_cgi.c:101]--mysql_user = root, mysql_pwd = root, mysql_db = cloud_disk
[2017-07-13 03:00:36]--[src_cgi/login_cgi.c:161]--redis:[ip=127.0.0.1,port=6379]
[2017-07-13 03:00:36]--[src_cgi/login_cgi.c:185]--tmp = kevin305157791525
[2017-07-13 03:00:36]--[src_cgi/login_cgi.c:201]--base64 = JIJi+6CrtrGxNZFX+vUAZG+Ut+5trQL2
[2017-07-13 03:00:36]--[src_cgi/login_cgi.c:303]--token = ab6e961eacf4f5c98a5e4956fa61aa6f
[2017-07-13 03:03:08]--[src_cgi/login_cgi.c:288]--buf = {
    "pwd": "e10adc3949ba59abbe56e057f20f883e",
    "user": "kevin"
}

[2017-07-13 03:03:08]--[src_cgi/login_cgi.c:294]--user = kevin, pwd = e10adc3949ba59abbe56e057f20f883e
[2017-07-13 03:03:08]--[src_cgi/login_cgi.c:101]--mysql_user = root, mysql_pwd = root, mysql_db = cloud_disk
[2017-07-13 03:03:08]--[src_cgi/login_cgi.c:161]--redis:[ip=127.0.0.1,port=6379]
[2017-07-13 03:03:08]--[src_cgi/login_cgi.c:185]--tmp = kevin894531559537
[2017-07-13 03:03:08]--[src_cgi/login_cgi.c:201]--base64 = Cjb9/z4BaV3xeenFjmTuFvUujTBmz0dF
[2017-07-13 03:03:08]--[src_cgi/login_cgi.c:303]--token = 0a6a9619a20f91dc8c8f3b0521e7dad7
[2017-07-13 03:08:27]--[src_cgi/login_cgi.c:288]--buf = {
    "pwd": "e10adc3949ba59abbe56e057f20f883e",
    "user": "kevin"
}

[2017-07-13 03:08:27]--[src_cgi/login_cgi.c:294]--user = kevin, pwd = e10adc3949ba59abbe56e057f20f883e
[2017-07-13 03:08:27]--[src_cgi/login_cgi.c:101]--mysql_user = root, mysql_pwd = root, mysql_db = cloud_disk
[2017-07-13 03:08:27]--[src_cgi/login_cgi.c:161]--redis:[ip=127.0.0.1,port=6379]
[2017-07-13 03:08:27]--[src_cgi/login_cgi.c:185]--tmp = kevin221797228797
[2017-07-13 03:08:27]--[src_cgi/login_cgi.c:201]--base64 = 3BvzACY4FvZo9HI64AkhJ/UujTBmz0dF
[2017-07-13 03:08:27]--[src_cgi/login_cgi.c:303]--token = f68bff90ce11cf169a3e26bfab5a3b70
[2017-07-13 03:09:22]--[src_cgi/login_cgi.c:288]--buf = {
    "pwd": "e10adc3949ba59abbe56e057f20f883e",
    "user": "kevin"
}

[2017-07-13 03:09:22]--[src_cgi/login_cgi.c:294]--user = kevin, pwd = e10adc3949ba59abbe56e057f20f883e
[2017-07-13 03:09:22]--[src_cgi/login_cgi.c:101]--mysql_user = root, mysql_pwd = root, mysql_db = cloud_disk
[2017-07-13 03:09:22]--[src_cgi/login_cgi.c:161]--redis:[ip=127.0.0.1,port=6379]
[2017-07-13 03:09:22]--[src_cgi/login_cgi.c:185]--tmp = kevin519381403796
[2017-07-13 03:09:22]--[src_cgi/login_cgi.c:201]--base64 = Vf702tzazr72Rbu2kkN/uewb1egIr+tu
[2017-07-13 03:09:22]--[src_cgi/login_cgi.c:303]--token = a00eea011e72931bcec860126831a28a
[2017-07-13 03:10:09]--[src_cgi/login_cgi.c:288]--buf = {
    "pwd": "e10adc3949ba59abbe56e057f20f883e",
    "user": "kevin"
}

[2017-07-13 03:10:09]--[src_cgi/login_cgi.c:294]--user = kevin, pwd = e10adc3949ba59abbe56e057f20f883e
[2017-07-13 03:10:09]--[src_cgi/login_cgi.c:101]--mysql_user = root, mysql_pwd = root, mysql_db = cloud_disk
[2017-07-13 03:10:09]--[src_cgi/login_cgi.c:161]--redis:[ip=127.0.0.1,port=6379]
[2017-07-13 03:10:09]--[src_cgi/login_cgi.c:185]--tmp = kevin755631823899
[2017-07-13 03:10:09]--[src_cgi/login_cgi.c:201]--base64 = OIr7vNpP8ejxJw9qUu2MTVzqyK7PQug1
[2017-07-13 03:10:09]--[src_cgi/login_cgi.c:303]--token = 648a271e656e84e2877905e44335f7d9
[2017-07-13 03:22:10]--[src_cgi/login_cgi.c:288]--buf = {
    "pwd": "e10adc3949ba59abbe56e057f20f883e",
    "user": "kevin"
}

[2017-07-13 03:22:10]--[src_cgi/login_cgi.c:294]--user = kevin, pwd = e10adc3949ba59abbe56e057f20f883e
[2017-07-13 03:22:10]--[src_cgi/login_cgi.c:101]--mysql_user = root, mysql_pwd = root, mysql_db = cloud_disk
[2017-07-13 03:22:10]--[src_cgi/login_cgi.c:161]--redis:[ip=127.0.0.1,port=6379]
[2017-07-13 03:22:10]--[src_cgi/login_cgi.c:185]--tmp = kevin972120250829
[2017-07-13 03:22:10]--[src_cgi/login_cgi.c:201]--base64 = y12xWCShjKv+R9wkQf6TLVzqyK7PQug1
[2017-07-13 03:22:10]--[src_cgi/login_cgi.c:303]--token = b9cca13cc3dcc9b3ba21952733c77d22
[2017-07-13 06:25:46]--[src_cgi/login_cgi.c:288]--buf = {
    "pwd": "e10adc3949ba59abbe56e057f20f883e",
    "user": "kevin"
}

[2017-07-13 06:25:46]--[src_cgi/login_cgi.c:294]--user = kevin, pwd = e10adc3949ba59abbe56e057f20f883e
[2017-07-13 06:25:46]--[src_cgi/login_cgi.c:101]--mysql_user = root, mysql_pwd = root, mysql_db = cloud_disk
[2017-07-13 06:25:46]--[src_cgi/login_cgi.c:161]--redis:[ip=127.0.0.1,port=6379]
[2017-07-13 06:25:46]--[src_cgi/login_cgi.c:185]--tmp = kevin377594115278
[2017-07-13 06:25:46]--[src_cgi/login_cgi.c:201]--base64 = RcNCjO+2SlCVEOa+zQCo2VSLR+LwC1FL
[2017-07-13 06:25:46]--[src_cgi/login_cgi.c:303]--token = 314814056490efe39917c6a6a904624d
[2017-07-13 06:26:02]--[src_cgi/login_cgi.c:288]--buf = {
    "pwd": "e10adc3949ba59abbe56e057f20f883e",
    "user": "kevin"
}

[2017-07-13 06:26:02]--[src_cgi/login_cgi.c:294]--user = kevin, pwd = e10adc3949ba59abbe56e057f20f883e
[2017-07-13 06:26:02]--[src_cgi/login_cgi.c:101]--mysql_user = root, mysql_pwd = root, mysql_db = cloud_disk
[2017-07-13 06:26:02]--[src_cgi/login_cgi.c:161]--redis:[ip=127.0.0.1,port=6379]
[2017-07-13 06:26:02]--[src_cgi/login_cgi.c:185]--tmp = kevin84843274974
[2017-07-13 06:26:02]--[src_cgi/login_cgi.c:201]--base64 = HEJzxuNhi5gI2Do3dOJhXy0ZxLNK7pNJ
[2017-07-13 06:26:02]--[src_cgi/login_cgi.c:303]--token = 2b8237e327a6a0e62b2b1686f1513f80
[2017-07-13 06:27:17]--[src_cgi/login_cgi.c:288]--buf = {
    "pwd": "bcbe3365e6ac95ea2c0343a2395834dd",
    "user": "222"
}

[2017-07-13 06:27:17]--[src_cgi/login_cgi.c:294]--user = 222, pwd = bcbe3365e6ac95ea2c0343a2395834dd
[2017-07-13 06:27:17]--[src_cgi/login_cgi.c:101]--mysql_user = root, mysql_pwd = root, mysql_db = cloud_disk
[2017-07-13 06:27:17]--[src_cgi/login_cgi.c:161]--redis:[ip=127.0.0.1,port=6379]
[2017-07-13 06:27:17]--[src_cgi/login_cgi.c:185]--tmp = 222922278267918
[2017-07-13 06:27:17]--[src_cgi/login_cgi.c:201]--base64 = FW7Uyc+k1xko7ycF3FQE+w==
[2017-07-13 06:27:17]--[src_cgi/login_cgi.c:303]--token = 0bbd08be56615aa8b61d3cb35611ef8d
[2017-07-13 08:57:44]--[src_cgi/login_cgi.c:288]--buf = {
    "pwd": "e10adc3949ba59abbe56e057f20f883e",
    "user": "kevin"
}

[2017-07-13 08:57:44]--[src_cgi/login_cgi.c:294]--user = kevin, pwd = e10adc3949ba59abbe56e057f20f883e
[2017-07-13 08:57:44]--[src_cgi/login_cgi.c:101]--mysql_user = root, mysql_pwd = root, mysql_db = cloud_disk
[2017-07-13 08:57:44]--[src_cgi/login_cgi.c:161]--redis:[ip=127.0.0.1,port=6379]
[2017-07-13 08:57:44]--[src_cgi/login_cgi.c:185]--tmp = kevin219327155256
[2017-07-13 08:57:44]--[src_cgi/login_cgi.c:201]--base64 = 4XlVypsKZL9BVxtdUtmGzuwb1egIr+tu
[2017-07-13 08:57:44]--[src_cgi/login_cgi.c:303]--token = 8a5365806f8a573dc60c91dca04d7ee6
[2017-07-13 09:19:40]--[src_cgi/login_cgi.c:288]--buf = {
    "pwd": "e10adc3949ba59abbe56e057f20f883e",
    "user": "kevin"
}

[2017-07-13 09:19:40]--[src_cgi/login_cgi.c:294]--user = kevin, pwd = e10adc3949ba59abbe56e057f20f883e
[2017-07-13 09:19:40]--[src_cgi/login_cgi.c:101]--mysql_user = root, mysql_pwd = root, mysql_db = cloud_disk
[2017-07-13 09:19:40]--[src_cgi/login_cgi.c:161]--redis:[ip=127.0.0.1,port=6379]
[2017-07-13 09:19:40]--[src_cgi/login_cgi.c:185]--tmp = kevin29780758227
[2017-07-13 09:19:40]--[src_cgi/login_cgi.c:201]--base64 = mc/W6mJ/90jjQNEfTylaFC0ZxLNK7pNJ
[2017-07-13 09:19:40]--[src_cgi/login_cgi.c:303]--token = c6c2535394651cafd37ba3f6aeac5d40
[2017-07-13 09:35:43]--[src_cgi/login_cgi.c:288]--buf = {
    "pwd": "e10adc3949ba59abbe56e057f20f883e",
    "user": "kevin"
}

[2017-07-13 09:35:43]--[src_cgi/login_cgi.c:294]--user = kevin, pwd = e10adc3949ba59abbe56e057f20f883e
[2017-07-13 09:35:43]--[src_cgi/login_cgi.c:101]--mysql_user = root, mysql_pwd = root, mysql_db = cloud_disk
[2017-07-13 09:35:43]--[src_cgi/login_cgi.c:161]--redis:[ip=127.0.0.1,port=6379]
[2017-07-13 09:35:43]--[src_cgi/login_cgi.c:185]--tmp = kevin156806032
[2017-07-13 09:35:43]--[src_cgi/login_cgi.c:201]--base64 = v9joSK+Dx1ScOoYw1sI46g==
[2017-07-13 09:35:43]--[src_cgi/login_cgi.c:303]--token = 5adaa20ec5bd77b777a566578589ae98
[2017-07-13 09:43:36]--[src_cgi/login_cgi.c:288]--buf = {
    "pwd": "e10adc3949ba59abbe56e057f20f883e",
    "user": "kevin"
}

[2017-07-13 09:43:36]--[src_cgi/login_cgi.c:294]--user = kevin, pwd = e10adc3949ba59abbe56e057f20f883e
[2017-07-13 09:43:36]--[src_cgi/login_cgi.c:101]--mysql_user = root, mysql_pwd = root, mysql_db = cloud_disk
[2017-07-13 09:43:36]--[src_cgi/login_cgi.c:161]--redis:[ip=127.0.0.1,port=6379]
[2017-07-13 09:43:36]--[src_cgi/login_cgi.c:185]--tmp = kevin987809355
[2017-07-13 09:43:36]--[src_cgi/login_cgi.c:201]--base64 = KwzTV1yMcv6RZw3SKYU7bg==
[2017-07-13 09:43:36]--[src_cgi/login_cgi.c:303]--token = 568f516a3e09a75e7c5f0abf7b88564b
[2017-07-13 09:47:18]--[src_cgi/login_cgi.c:288]--buf = {
    "pwd": "e10adc3949ba59abbe56e057f20f883e",
    "user": "kevin"
}

[2017-07-13 09:47:18]--[src_cgi/login_cgi.c:294]--user = kevin, pwd = e10adc3949ba59abbe56e057f20f883e
[2017-07-13 09:47:18]--[src_cgi/login_cgi.c:101]--mysql_user = root, mysql_pwd = root, mysql_db = cloud_disk
[2017-07-13 09:47:18]--[src_cgi/login_cgi.c:161]--redis:[ip=127.0.0.1,port=6379]
[2017-07-13 09:47:18]--[src_cgi/login_cgi.c:185]--tmp = kevin954951882888
[2017-07-13 09:47:18]--[src_cgi/login_cgi.c:201]--base64 = YkE6gCUWxhElGBSwFAAmdFSLR+LwC1FL
[2017-07-13 09:47:18]--[src_cgi/login_cgi.c:303]--token = 17729aac12f1c7d9236c5fae195e83ac
[2017-07-13 09:48:02]--[src_cgi/login_cgi.c:288]--buf = {
    "pwd": "e10adc3949ba59abbe56e057f20f883e",
    "user": "kevin"
}

[2017-07-13 09:48:02]--[src_cgi/login_cgi.c:294]--user = kevin, pwd = e10adc3949ba59abbe56e057f20f883e
[2017-07-13 09:48:02]--[src_cgi/login_cgi.c:101]--mysql_user = root, mysql_pwd = root, mysql_db = cloud_disk
[2017-07-13 09:48:02]--[src_cgi/login_cgi.c:161]--redis:[ip=127.0.0.1,port=6379]
[2017-07-13 09:48:02]--[src_cgi/login_cgi.c:185]--tmp = kevin400995925795
[2017-07-13 09:48:02]--[src_cgi/login_cgi.c:201]--base64 = SXLXeypGDKAxAKjrtOlnuG+Ut+5trQL2
[2017-07-13 09:48:02]--[src_cgi/login_cgi.c:303]--token = 237d0619bdc3db778a47b1a37cc9fd8c
[2017-07-13 09:48:54]--[src_cgi/login_cgi.c:288]--buf = {
    "pwd": "e10adc3949ba59abbe56e057f20f883e",
    "user": "kevin"
}

[2017-07-13 09:48:54]--[src_cgi/login_cgi.c:294]--user = kevin, pwd = e10adc3949ba59abbe56e057f20f883e
[2017-07-13 09:48:54]--[src_cgi/login_cgi.c:101]--mysql_user = root, mysql_pwd = root, mysql_db = cloud_disk
[2017-07-13 09:48:54]--[src_cgi/login_cgi.c:161]--redis:[ip=127.0.0.1,port=6379]
[2017-07-13 09:48:54]--[src_cgi/login_cgi.c:185]--tmp = kevin667372277378
[2017-07-13 09:48:54]--[src_cgi/login_cgi.c:201]--base64 = lRDs9tLok08Nj8MTny2splSLR+LwC1FL
[2017-07-13 09:48:54]--[src_cgi/login_cgi.c:303]--token = d827003fa8c0c6e21868ca5d61cabc10
[2017-07-13 09:49:45]--[src_cgi/login_cgi.c:288]--buf = {
    "pwd": "e10adc3949ba59abbe56e057f20f883e",
    "user": "kevin"
}

[2017-07-13 09:49:45]--[src_cgi/login_cgi.c:294]--user = kevin, pwd = e10adc3949ba59abbe56e057f20f883e
[2017-07-13 09:49:45]--[src_cgi/login_cgi.c:101]--mysql_user = root, mysql_pwd = root, mysql_db = cloud_disk
[2017-07-13 09:49:45]--[src_cgi/login_cgi.c:161]--redis:[ip=127.0.0.1,port=6379]
[2017-07-13 09:49:45]--[src_cgi/login_cgi.c:185]--tmp = kevin18366669187
[2017-07-13 09:49:45]--[src_cgi/login_cgi.c:201]--base64 = xnGwZ2MSGB5y33z3pSTaFS0ZxLNK7pNJ
[2017-07-13 09:49:45]--[src_cgi/login_cgi.c:303]--token = c2161c28f639f02ced11530b978281ed
[2017-07-13 09:52:08]--[src_cgi/login_cgi.c:288]--buf = {
    "pwd": "e10adc3949ba59abbe56e057f20f883e",
    "user": "kevin"
}

[2017-07-13 09:52:08]--[src_cgi/login_cgi.c:294]--user = kevin, pwd = e10adc3949ba59abbe56e057f20f883e
[2017-07-13 09:52:08]--[src_cgi/login_cgi.c:101]--mysql_user = root, mysql_pwd = root, mysql_db = cloud_disk
[2017-07-13 09:52:08]--[src_cgi/login_cgi.c:161]--redis:[ip=127.0.0.1,port=6379]
[2017-07-13 09:52:08]--[src_cgi/login_cgi.c:185]--tmp = kevin39529215602
[2017-07-13 09:52:08]--[src_cgi/login_cgi.c:201]--base64 = DoFH0jpOyZfr//pEChUZmS0ZxLNK7pNJ
[2017-07-13 09:52:08]--[src_cgi/login_cgi.c:303]--token = ed7156e6a2410d2bc776a5c3a1d41332
[2017-07-13 09:56:00]--[src_cgi/login_cgi.c:288]--buf = {
    "pwd": "e10adc3949ba59abbe56e057f20f883e",
    "user": "kevin"
}

[2017-07-13 09:56:00]--[src_cgi/login_cgi.c:294]--user = kevin, pwd = e10adc3949ba59abbe56e057f20f883e
[2017-07-13 09:56:00]--[src_cgi/login_cgi.c:101]--mysql_user = root, mysql_pwd = root, mysql_db = cloud_disk
[2017-07-13 09:56:00]--[src_cgi/login_cgi.c:161]--redis:[ip=127.0.0.1,port=6379]
[2017-07-13 09:56:00]--[src_cgi/login_cgi.c:185]--tmp = kevin823467865874
[2017-07-13 09:56:00]--[src_cgi/login_cgi.c:201]--base64 = K6yeM+CpTbOy32aQVQ8Jm5+HwxKUAZ0k
[2017-07-13 09:56:00]--[src_cgi/login_cgi.c:303]--token = 7e7d480b3aa81aadc90757e588f014fa
[2017-07-13 10:00:52]--[src_cgi/login_cgi.c:288]--buf = {
    "pwd": "e10adc3949ba59abbe56e057f20f883e",
    "user": "kevin"
}

[2017-07-13 10:00:52]--[src_cgi/login_cgi.c:294]--user = kevin, pwd = e10adc3949ba59abbe56e057f20f883e
[2017-07-13 10:00:52]--[src_cgi/login_cgi.c:101]--mysql_user = root, mysql_pwd = root, mysql_db = cloud_disk
[2017-07-13 10:00:52]--[src_cgi/login_cgi.c:161]--redis:[ip=127.0.0.1,port=6379]
[2017-07-13 10:00:52]--[src_cgi/login_cgi.c:185]--tmp = kevin919442800334
[2017-07-13 10:00:52]--[src_cgi/login_cgi.c:201]--base64 = j7t47ctfX/0sTJ5O/CVH2J+HwxKUAZ0k
[2017-07-13 10:00:52]--[src_cgi/login_cgi.c:303]--token = 5245586728531eef3b1d463c5423cbc1
[2017-07-13 10:13:14]--[src_cgi/login_cgi.c:288]--buf = {
    "pwd": "e10adc3949ba59abbe56e057f20f883e",
    "user": "kevin"
}

[2017-07-13 10:13:14]--[src_cgi/login_cgi.c:294]--user = kevin, pwd = e10adc3949ba59abbe56e057f20f883e
[2017-07-13 10:13:14]--[src_cgi/login_cgi.c:101]--mysql_user = root, mysql_pwd = root, mysql_db = cloud_disk
[2017-07-13 10:13:14]--[src_cgi/login_cgi.c:161]--redis:[ip=127.0.0.1,port=6379]
[2017-07-13 10:13:14]--[src_cgi/login_cgi.c:185]--tmp = kevin10672969631
[2017-07-13 10:13:14]--[src_cgi/login_cgi.c:201]--base64 = jd+0uWWftHLn7dmqWfZZFi0ZxLNK7pNJ
[2017-07-13 10:13:14]--[src_cgi/login_cgi.c:303]--token = 02a7d0cf7a70eaf9af8f43a1b67dbeb2
[2017-07-13 10:17:38]--[src_cgi/login_cgi.c:288]--buf = {
    "pwd": "e10adc3949ba59abbe56e057f20f883e",
    "user": "kevin"
}

[2017-07-13 10:17:38]--[src_cgi/login_cgi.c:294]--user = kevin, pwd = e10adc3949ba59abbe56e057f20f883e
[2017-07-13 10:17:38]--[src_cgi/login_cgi.c:101]--mysql_user = root, mysql_pwd = root, mysql_db = cloud_disk
[2017-07-13 10:17:39]--[src_cgi/login_cgi.c:161]--redis:[ip=127.0.0.1,port=6379]
[2017-07-13 10:17:39]--[src_cgi/login_cgi.c:185]--tmp = kevin467932145902
[2017-07-13 10:17:39]--[src_cgi/login_cgi.c:201]--base64 = 8B/aFvN5Up9ENKXqWtLsw3j7pjZQFtzO
[2017-07-13 10:17:39]--[src_cgi/login_cgi.c:303]--token = 4aaaf433214c921d17e9bd06075474a8
[2017-07-13 10:17:54]--[src_cgi/login_cgi.c:288]--buf = {
    "pwd": "e10adc3949ba59abbe56e057f20f883e",
    "user": "kevin"
}

[2017-07-13 10:17:54]--[src_cgi/login_cgi.c:294]--user = kevin, pwd = e10adc3949ba59abbe56e057f20f883e
[2017-07-13 10:17:54]--[src_cgi/login_cgi.c:101]--mysql_user = root, mysql_pwd = root, mysql_db = cloud_disk
[2017-07-13 10:17:54]--[src_cgi/login_cgi.c:161]--redis:[ip=127.0.0.1,port=6379]
[2017-07-13 10:17:54]--[src_cgi/login_cgi.c:185]--tmp = kevin366807903725
[2017-07-13 10:17:54]--[src_cgi/login_cgi.c:201]--base64 = Hi0gC3yWpRJ7+ymAJ5tvWW+Ut+5trQL2
[2017-07-13 10:17:54]--[src_cgi/login_cgi.c:303]--token = 4d0768938af17e638bf9832d5add0427
[2017-07-13 10:18:31]--[src_cgi/login_cgi.c:288]--buf = {
    "pwd": "e10adc3949ba59abbe56e057f20f883e",
    "user": "kevin"
}

[2017-07-13 10:18:31]--[src_cgi/login_cgi.c:294]--user = kevin, pwd = e10adc3949ba59abbe56e057f20f883e
[2017-07-13 10:18:31]--[src_cgi/login_cgi.c:101]--mysql_user = root, mysql_pwd = root, mysql_db = cloud_disk
[2017-07-13 10:18:31]--[src_cgi/login_cgi.c:161]--redis:[ip=127.0.0.1,port=6379]
[2017-07-13 10:18:31]--[src_cgi/login_cgi.c:185]--tmp = kevin18592647646
[2017-07-13 10:18:31]--[src_cgi/login_cgi.c:201]--base64 = Ksn2cOLdkUgRNAycOZOLjy0ZxLNK7pNJ
[2017-07-13 10:18:31]--[src_cgi/login_cgi.c:303]--token = 15796069c81fb05319640d9ae7438ac6
[2017-07-13 10:18:37]--[src_cgi/login_cgi.c:288]--buf = {
    "pwd": "e10adc3949ba59abbe56e057f20f883e",
    "user": "kevin"
}

[2017-07-13 10:18:37]--[src_cgi/login_cgi.c:294]--user = kevin, pwd = e10adc3949ba59abbe56e057f20f883e
[2017-07-13 10:18:37]--[src_cgi/login_cgi.c:101]--mysql_user = root, mysql_pwd = root, mysql_db = cloud_disk
[2017-07-13 10:18:37]--[src_cgi/login_cgi.c:161]--redis:[ip=127.0.0.1,port=6379]
[2017-07-13 10:18:37]--[src_cgi/login_cgi.c:185]--tmp = kevin335415534139
[2017-07-13 10:18:37]--[src_cgi/login_cgi.c:201]--base64 = 8AV+bEKj4flAp4HN0QzsoFzqyK7PQug1
[2017-07-13 10:18:37]--[src_cgi/login_cgi.c:303]--token = 7c6c19676d2f8f8b22d7e1fc15a7012d
[2017-07-13 10:20:27]--[src_cgi/login_cgi.c:288]--buf = {
    "pwd": "e10adc3949ba59abbe56e057f20f883e",
    "user": "kevin"
}

[2017-07-13 10:20:27]--[src_cgi/login_cgi.c:294]--user = kevin, pwd = e10adc3949ba59abbe56e057f20f883e
[2017-07-13 10:20:27]--[src_cgi/login_cgi.c:101]--mysql_user = root, mysql_pwd = root, mysql_db = cloud_disk
[2017-07-13 10:20:27]--[src_cgi/login_cgi.c:161]--redis:[ip=127.0.0.1,port=6379]
[2017-07-13 10:20:27]--[src_cgi/login_cgi.c:185]--tmp = kevin474987705874
[2017-07-13 10:20:27]--[src_cgi/login_cgi.c:201]--base64 = 5VeD7etWpKTzcLATftdK+5+HwxKUAZ0k
[2017-07-13 10:20:27]--[src_cgi/login_cgi.c:303]--token = 6bfcb5ad3aca1b2fdb677cee76d1a0d6
[2017-07-13 10:20:31]--[src_cgi/login_cgi.c:288]--buf = {
    "pwd": "e10adc3949ba59abbe56e057f20f883e",
    "user": "kevin"
}

[2017-07-13 10:20:31]--[src_cgi/login_cgi.c:294]--user = kevin, pwd = e10adc3949ba59abbe56e057f20f883e
[2017-07-13 10:20:31]--[src_cgi/login_cgi.c:101]--mysql_user = root, mysql_pwd = root, mysql_db = cloud_disk
[2017-07-13 10:20:31]--[src_cgi/login_cgi.c:161]--redis:[ip=127.0.0.1,port=6379]
[2017-07-13 10:20:31]--[src_cgi/login_cgi.c:185]--tmp = kevin615416615312
[2017-07-13 10:20:31]--[src_cgi/login_cgi.c:201]--base64 = 7DRyQUA11N8dN7lHkc/tn3j7pjZQFtzO
[2017-07-13 10:20:31]--[src_cgi/login_cgi.c:303]--token = 2f342754ede29901d7644bbfd692e1ce
[2017-07-13 10:20:34]--[src_cgi/login_cgi.c:288]--buf = {
    "pwd": "e10adc3949ba59abbe56e057f20f883e",
    "user": "kevin"
}

[2017-07-13 10:20:34]--[src_cgi/login_cgi.c:294]--user = kevin, pwd = e10adc3949ba59abbe56e057f20f883e
[2017-07-13 10:20:34]--[src_cgi/login_cgi.c:101]--mysql_user = root, mysql_pwd = root, mysql_db = cloud_disk
[2017-07-13 10:20:34]--[src_cgi/login_cgi.c:161]--redis:[ip=127.0.0.1,port=6379]
[2017-07-13 10:20:34]--[src_cgi/login_cgi.c:185]--tmp = kevin19585135958
[2017-07-13 10:20:34]--[src_cgi/login_cgi.c:201]--base64 = poUyH2O+A8NdZdfvk9Llfy0ZxLNK7pNJ
[2017-07-13 10:20:34]--[src_cgi/login_cgi.c:303]--token = f82cb79eb0ebefdeb76c188144f5865b
[2017-07-13 10:20:39]--[src_cgi/login_cgi.c:288]--buf = {
    "pwd": "e10adc3949ba59abbe56e057f20f883e",
    "user": "kevin"
}

[2017-07-13 10:20:39]--[src_cgi/login_cgi.c:294]--user = kevin, pwd = e10adc3949ba59abbe56e057f20f883e
[2017-07-13 10:20:39]--[src_cgi/login_cgi.c:101]--mysql_user = root, mysql_pwd = root, mysql_db = cloud_disk
[2017-07-13 10:20:40]--[src_cgi/login_cgi.c:161]--redis:[ip=127.0.0.1,port=6379]
[2017-07-13 10:20:40]--[src_cgi/login_cgi.c:185]--tmp = kevin287281775363
[2017-07-13 10:20:40]--[src_cgi/login_cgi.c:201]--base64 = +hhWhIt+A/bIJV6NQdmeT67DEUAkWTSv
[2017-07-13 10:20:40]--[src_cgi/login_cgi.c:303]--token = 07f70638108e84ab384782d246b3a45a
[2017-07-13 10:21:38]--[src_cgi/login_cgi.c:288]--buf = {
    "pwd": "e10adc3949ba59abbe56e057f20f883e",
    "user": "kevin"
}

[2017-07-13 10:21:38]--[src_cgi/login_cgi.c:294]--user = kevin, pwd = e10adc3949ba59abbe56e057f20f883e
[2017-07-13 10:21:38]--[src_cgi/login_cgi.c:101]--mysql_user = root, mysql_pwd = root, mysql_db = cloud_disk
[2017-07-13 10:21:38]--[src_cgi/login_cgi.c:161]--redis:[ip=127.0.0.1,port=6379]
[2017-07-13 10:21:38]--[src_cgi/login_cgi.c:185]--tmp = kevin185926152931
[2017-07-13 10:21:38]--[src_cgi/login_cgi.c:201]--base64 = Ksn2cOLdkUj4s1NbKV0tVPlvnLKu4lWq
[2017-07-13 10:21:38]--[src_cgi/login_cgi.c:303]--token = 9f3e72f8032b187592c90648da4be2d7
[2017-07-13 10:24:08]--[src_cgi/login_cgi.c:288]--buf = {
    "pwd": "e10adc3949ba59abbe56e057f20f883e",
    "user": "kevin"
}

[2017-07-13 10:24:08]--[src_cgi/login_cgi.c:294]--user = kevin, pwd = e10adc3949ba59abbe56e057f20f883e
[2017-07-13 10:24:08]--[src_cgi/login_cgi.c:101]--mysql_user = root, mysql_pwd = root, mysql_db = cloud_disk
[2017-07-13 10:24:08]--[src_cgi/login_cgi.c:161]--redis:[ip=127.0.0.1,port=6379]
[2017-07-13 10:24:08]--[src_cgi/login_cgi.c:185]--tmp = kevin376705641457
[2017-07-13 10:24:08]--[src_cgi/login_cgi.c:201]--base64 = s+qnX1ZNsB4gSAOdHws+PPUujTBmz0dF
[2017-07-13 10:24:08]--[src_cgi/login_cgi.c:303]--token = 724eb1b6d9731c39ce6d60b94a4d78ed
[2017-07-13 10:24:50]--[src_cgi/login_cgi.c:288]--buf = {
    "pwd": "bcbe3365e6ac95ea2c0343a2395834dd",
    "user": "222"
}

[2017-07-13 10:24:50]--[src_cgi/login_cgi.c:294]--user = 222, pwd = bcbe3365e6ac95ea2c0343a2395834dd
[2017-07-13 10:24:50]--[src_cgi/login_cgi.c:101]--mysql_user = root, mysql_pwd = root, mysql_db = cloud_disk
[2017-07-13 10:24:50]--[src_cgi/login_cgi.c:161]--redis:[ip=127.0.0.1,port=6379]
[2017-07-13 10:24:50]--[src_cgi/login_cgi.c:185]--tmp = 222118299715867
[2017-07-13 10:24:50]--[src_cgi/login_cgi.c:201]--base64 = IF+UA1kjdGFGNeWPVU2OJw==
[2017-07-13 10:24:50]--[src_cgi/login_cgi.c:303]--token = 6ab831ed791058f86e425fc23d854dfc
[2017-07-13 10:27:56]--[src_cgi/login_cgi.c:288]--buf = {
    "pwd": "e10adc3949ba59abbe56e057f20f883e",
    "user": "kevin"
}

[2017-07-13 10:27:56]--[src_cgi/login_cgi.c:294]--user = kevin, pwd = e10adc3949ba59abbe56e057f20f883e
[2017-07-13 10:27:56]--[src_cgi/login_cgi.c:101]--mysql_user = root, mysql_pwd = root, mysql_db = cloud_disk
[2017-07-13 10:27:56]--[src_cgi/login_cgi.c:161]--redis:[ip=127.0.0.1,port=6379]
[2017-07-13 10:27:56]--[src_cgi/login_cgi.c:185]--tmp = kevin81839733322
[2017-07-13 10:27:56]--[src_cgi/login_cgi.c:201]--base64 = lT/eOSnxyc3dhogU9x3ONC0ZxLNK7pNJ
[2017-07-13 10:27:56]--[src_cgi/login_cgi.c:303]--token = fa11abb85ee708317d6638fa3720a7be
[2017-07-13 10:30:15]--[src_cgi/login_cgi.c:288]--buf = {
    "pwd": "e10adc3949ba59abbe56e057f20f883e",
    "user": "kevin"
}

[2017-07-13 10:30:15]--[src_cgi/login_cgi.c:294]--user = kevin, pwd = e10adc3949ba59abbe56e057f20f883e
[2017-07-13 10:30:15]--[src_cgi/login_cgi.c:101]--mysql_user = root, mysql_pwd = root, mysql_db = cloud_disk
[2017-07-13 10:30:15]--[src_cgi/login_cgi.c:161]--redis:[ip=127.0.0.1,port=6379]
[2017-07-13 10:30:15]--[src_cgi/login_cgi.c:185]--tmp = kevin457817110478
[2017-07-13 10:30:15]--[src_cgi/login_cgi.c:201]--base64 = 3zGZwPBSokQz1+dIT0tBx1SLR+LwC1FL
[2017-07-13 10:30:15]--[src_cgi/login_cgi.c:303]--token = 64a8f90965f4f598a251089dd9bc492a
[2017-07-13 10:31:08]--[src_cgi/login_cgi.c:288]--buf = {
    "pwd": "bcbe3365e6ac95ea2c0343a2395834dd",
    "user": "222"
}

[2017-07-13 10:31:08]--[src_cgi/login_cgi.c:294]--user = 222, pwd = bcbe3365e6ac95ea2c0343a2395834dd
[2017-07-13 10:31:08]--[src_cgi/login_cgi.c:101]--mysql_user = root, mysql_pwd = root, mysql_db = cloud_disk
[2017-07-13 10:31:08]--[src_cgi/login_cgi.c:161]--redis:[ip=127.0.0.1,port=6379]
[2017-07-13 10:31:08]--[src_cgi/login_cgi.c:185]--tmp = 22260259508184
[2017-07-13 10:31:08]--[src_cgi/login_cgi.c:201]--base64 = ep6OHdA16GYh/z+ys9KcXg==
[2017-07-13 10:31:08]--[src_cgi/login_cgi.c:303]--token = 93adae7f6caabba0700fe91e79a94f27
[2017-07-13 10:39:44]--[src_cgi/login_cgi.c:288]--buf = {
    "pwd": "e10adc3949ba59abbe56e057f20f883e",
    "user": "kevin"
}

[2017-07-13 10:39:44]--[src_cgi/login_cgi.c:294]--user = kevin, pwd = e10adc3949ba59abbe56e057f20f883e
[2017-07-13 10:39:44]--[src_cgi/login_cgi.c:101]--mysql_user = root, mysql_pwd = root, mysql_db = cloud_disk
[2017-07-13 10:39:44]--[src_cgi/login_cgi.c:161]--redis:[ip=127.0.0.1,port=6379]
[2017-07-13 10:39:44]--[src_cgi/login_cgi.c:185]--tmp = kevin752481227288
[2017-07-13 10:39:44]--[src_cgi/login_cgi.c:201]--base64 = vq+m+lylOO9/tv52YV47nlSLR+LwC1FL
[2017-07-13 10:39:44]--[src_cgi/login_cgi.c:303]--token = c5a6e69a25c21f2af8c7031a775d9035
[2017-07-13 10:46:41]--[src_cgi/login_cgi.c:288]--buf = {
    "pwd": "bcbe3365e6ac95ea2c0343a2395834dd",
    "user": "222"
}

[2017-07-13 10:46:41]--[src_cgi/login_cgi.c:294]--user = 222, pwd = bcbe3365e6ac95ea2c0343a2395834dd
[2017-07-13 10:46:41]--[src_cgi/login_cgi.c:101]--mysql_user = root, mysql_pwd = root, mysql_db = cloud_disk
[2017-07-13 10:46:41]--[src_cgi/login_cgi.c:161]--redis:[ip=127.0.0.1,port=6379]
[2017-07-13 10:46:41]--[src_cgi/login_cgi.c:185]--tmp = 222586386966235
[2017-07-13 10:46:41]--[src_cgi/login_cgi.c:201]--base64 = cthwCu0xBma4LO8OM0JSmw==
[2017-07-13 10:46:41]--[src_cgi/login_cgi.c:303]--token = 2e6617c6ec3d4d8ef55ecffd6d72161e
[2017-07-13 10:54:49]--[src_cgi/login_cgi.c:288]--buf = {
    "pwd": "e10adc3949ba59abbe56e057f20f883e",
    "user": "kevin"
}

[2017-07-13 10:54:49]--[src_cgi/login_cgi.c:294]--user = kevin, pwd = e10adc3949ba59abbe56e057f20f883e
[2017-07-13 10:54:49]--[src_cgi/login_cgi.c:101]--mysql_user = root, mysql_pwd = root, mysql_db = cloud_disk
[2017-07-13 10:54:49]--[src_cgi/login_cgi.c:161]--redis:[ip=127.0.0.1,port=6379]
[2017-07-13 10:54:49]--[src_cgi/login_cgi.c:185]--tmp = kevin419215536283
[2017-07-13 10:54:49]--[src_cgi/login_cgi.c:201]--base64 = gl6mxmnUp//QRx7/I9q7cK7DEUAkWTSv
[2017-07-13 10:54:49]--[src_cgi/login_cgi.c:303]--token = b86484d98f8aeece159bf60e938d4363
[2017-07-13 10:56:49]--[src_cgi/login_cgi.c:288]--buf = {
    "pwd": "e10adc3949ba59abbe56e057f20f883e",
    "user": "kevin"
}

[2017-07-13 10:56:49]--[src_cgi/login_cgi.c:294]--user = kevin, pwd = e10adc3949ba59abbe56e057f20f883e
[2017-07-13 10:56:49]--[src_cgi/login_cgi.c:101]--mysql_user = root, mysql_pwd = root, mysql_db = cloud_disk
[2017-07-13 10:56:49]--[src_cgi/login_cgi.c:161]--redis:[ip=127.0.0.1,port=6379]
[2017-07-13 10:56:49]--[src_cgi/login_cgi.c:185]--tmp = kevin914253552448
[2017-07-13 10:56:49]--[src_cgi/login_cgi.c:201]--base64 = RiM6yqvF7y/OXjXY1TT9nVSLR+LwC1FL
[2017-07-13 10:56:49]--[src_cgi/login_cgi.c:303]--token = bc3f5fceeb252c1f9b7535fcf61a9e26
[2017-07-13 19:08:03]--[src_cgi/login_cgi.c:288]--buf = {
    "pwd": "e10adc3949ba59abbe56e057f20f883e",
    "user": "kevin"
}

[2017-07-13 19:08:03]--[src_cgi/login_cgi.c:294]--user = kevin, pwd = e10adc3949ba59abbe56e057f20f883e
[2017-07-13 19:08:03]--[src_cgi/login_cgi.c:101]--mysql_user = root, mysql_pwd = root, mysql_db = cloud_disk
[2017-07-13 19:08:03]--[src_cgi/login_cgi.c:161]--redis:[ip=127.0.0.1,port=6379]
[2017-07-13 19:08:03]--[src_cgi/login_cgi.c:185]--tmp = kevin712428644850
[2017-07-13 19:08:03]--[src_cgi/login_cgi.c:201]--base64 = 8i+zxKPWDetUEfOOQbcwPrN71Jkkp7xg
[2017-07-13 19:08:03]--[src_cgi/login_cgi.c:303]--token = 0965846754ee502784d3055d1fad8393
[2017-07-13 19:14:30]--[src_cgi/login_cgi.c:288]--buf = {
    "pwd": "e10adc3949ba59abbe56e057f20f883e",
    "user": "kevin"
}

[2017-07-13 19:14:30]--[src_cgi/login_cgi.c:294]--user = kevin, pwd = e10adc3949ba59abbe56e057f20f883e
[2017-07-13 19:14:30]--[src_cgi/login_cgi.c:101]--mysql_user = root, mysql_pwd = root, mysql_db = cloud_disk
[2017-07-13 19:14:30]--[src_cgi/login_cgi.c:161]--redis:[ip=127.0.0.1,port=6379]
[2017-07-13 19:14:30]--[src_cgi/login_cgi.c:185]--tmp = kevin80185274489
[2017-07-13 19:14:30]--[src_cgi/login_cgi.c:201]--base64 = 8foML9VSSAQ3qUuk3aA7lS0ZxLNK7pNJ
[2017-07-13 19:14:30]--[src_cgi/login_cgi.c:303]--token = e784d76c741a07bb76bbe4ba6433f2ad
[2017-07-13 19:34:46]--[src_cgi/login_cgi.c:288]--buf = {
    "pwd": "e10adc3949ba59abbe56e057f20f883e",
    "user": "kevin"
}

[2017-07-13 19:34:46]--[src_cgi/login_cgi.c:294]--user = kevin, pwd = e10adc3949ba59abbe56e057f20f883e
[2017-07-13 19:34:46]--[src_cgi/login_cgi.c:101]--mysql_user = root, mysql_pwd = root, mysql_db = cloud_disk
[2017-07-13 19:34:46]--[src_cgi/login_cgi.c:161]--redis:[ip=127.0.0.1,port=6379]
[2017-07-13 19:34:46]--[src_cgi/login_cgi.c:185]--tmp = kevin47383017988
[2017-07-13 19:34:46]--[src_cgi/login_cgi.c:201]--base64 = epe5n4RH9yfuCsylelr9XC0ZxLNK7pNJ
[2017-07-13 19:34:46]--[src_cgi/login_cgi.c:303]--token = 4fb0bab9c72238f0fc1de1098c559ee5
[2017-07-13 19:51:17]--[src_cgi/login_cgi.c:288]--buf = {
    "pwd": "e10adc3949ba59abbe56e057f20f883e",
    "user": "kevin"
}

[2017-07-13 19:51:17]--[src_cgi/login_cgi.c:294]--user = kevin, pwd = e10adc3949ba59abbe56e057f20f883e
[2017-07-13 19:51:17]--[src_cgi/login_cgi.c:101]--mysql_user = root, mysql_pwd = root, mysql_db = cloud_disk
[2017-07-13 19:51:17]--[src_cgi/login_cgi.c:161]--redis:[ip=127.0.0.1,port=6379]
[2017-07-13 19:51:17]--[src_cgi/login_cgi.c:185]--tmp = kevin701883119916
[2017-07-13 19:51:17]--[src_cgi/login_cgi.c:201]--base64 = x3S2wItz/Uwxh7Ij9E0q8ewb1egIr+tu
[2017-07-13 19:51:17]--[src_cgi/login_cgi.c:303]--token = c1cbad4b2e738ce7f911a11679f27056
[2017-07-13 19:51:21]--[src_cgi/login_cgi.c:288]--buf = {
    "pwd": "e10adc3949ba59abbe56e057f20f883e",
    "user": "kevin"
}

[2017-07-13 19:51:21]--[src_cgi/login_cgi.c:294]--user = kevin, pwd = e10adc3949ba59abbe56e057f20f883e
[2017-07-13 19:51:21]--[src_cgi/login_cgi.c:101]--mysql_user = root, mysql_pwd = root, mysql_db = cloud_disk
[2017-07-13 19:51:21]--[src_cgi/login_cgi.c:161]--redis:[ip=127.0.0.1,port=6379]
[2017-07-13 19:51:21]--[src_cgi/login_cgi.c:185]--tmp = kevin229236759617
[2017-07-13 19:51:21]--[src_cgi/login_cgi.c:201]--base64 = qRx78GtFtkwEREDIGeWfdvUujTBmz0dF
[2017-07-13 19:51:21]--[src_cgi/login_cgi.c:303]--token = 389ac65b40bed40e6f8a8c704c4ec1f8
[2017-07-13 19:53:44]--[src_cgi/login_cgi.c:288]--buf = {
    "pwd": "e10adc3949ba59abbe56e057f20f883e",
    "user": "kevin"
}

[2017-07-13 19:53:44]--[src_cgi/login_cgi.c:294]--user = kevin, pwd = e10adc3949ba59abbe56e057f20f883e
[2017-07-13 19:53:44]--[src_cgi/login_cgi.c:101]--mysql_user = root, mysql_pwd = root, mysql_db = cloud_disk
[2017-07-13 19:53:44]--[src_cgi/login_cgi.c:161]--redis:[ip=127.0.0.1,port=6379]
[2017-07-13 19:53:44]--[src_cgi/login_cgi.c:185]--tmp = kevin298992591621
[2017-07-13 19:53:44]--[src_cgi/login_cgi.c:201]--base64 = 04mU641CHYNr8veHLvsYPvlvnLKu4lWq
[2017-07-13 19:53:44]--[src_cgi/login_cgi.c:303]--token = 192442595e12d9d649f4e4958c8caada
[2017-07-13 20:00:27]--[src_cgi/login_cgi.c:288]--buf = {
    "pwd": "e10adc3949ba59abbe56e057f20f883e",
    "user": "kevin"
}

[2017-07-13 20:00:27]--[src_cgi/login_cgi.c:294]--user = kevin, pwd = e10adc3949ba59abbe56e057f20f883e
[2017-07-13 20:00:27]--[src_cgi/login_cgi.c:101]--mysql_user = root, mysql_pwd = root, mysql_db = cloud_disk
[2017-07-13 20:00:27]--[src_cgi/login_cgi.c:161]--redis:[ip=127.0.0.1,port=6379]
[2017-07-13 20:00:27]--[src_cgi/login_cgi.c:185]--tmp = kevin346530429809
[2017-07-13 20:00:27]--[src_cgi/login_cgi.c:201]--base64 = KT7K2+NvSsT2rbP59q3JhVzqyK7PQug1
[2017-07-13 20:00:27]--[src_cgi/login_cgi.c:303]--token = 47a565b7f2f17c164b0760ef7a084412
[2017-07-13 20:02:40]--[src_cgi/login_cgi.c:288]--buf = {
    "pwd": "e10adc3949ba59abbe56e057f20f883e",
    "user": "kevin"
}

[2017-07-13 20:02:40]--[src_cgi/login_cgi.c:294]--user = kevin, pwd = e10adc3949ba59abbe56e057f20f883e
[2017-07-13 20:02:40]--[src_cgi/login_cgi.c:101]--mysql_user = root, mysql_pwd = root, mysql_db = cloud_disk
[2017-07-13 20:02:40]--[src_cgi/login_cgi.c:161]--redis:[ip=127.0.0.1,port=6379]
[2017-07-13 20:02:40]--[src_cgi/login_cgi.c:185]--tmp = kevin69389697759
[2017-07-13 20:02:40]--[src_cgi/login_cgi.c:201]--base64 = LcTcXeCeXnwG1OC7ArSi/y0ZxLNK7pNJ
[2017-07-13 20:02:40]--[src_cgi/login_cgi.c:303]--token = b23e5b004d5a1435a0b0bf6851483e0c
[2017-07-13 20:03:34]--[src_cgi/login_cgi.c:288]--buf = {
    "pwd": "e10adc3949ba59abbe56e057f20f883e",
    "user": "kevin"
}

[2017-07-13 20:03:34]--[src_cgi/login_cgi.c:294]--user = kevin, pwd = e10adc3949ba59abbe56e057f20f883e
[2017-07-13 20:03:34]--[src_cgi/login_cgi.c:101]--mysql_user = root, mysql_pwd = root, mysql_db = cloud_disk
[2017-07-13 20:03:34]--[src_cgi/login_cgi.c:161]--redis:[ip=127.0.0.1,port=6379]
[2017-07-13 20:03:34]--[src_cgi/login_cgi.c:185]--tmp = kevin945784638879
[2017-07-13 20:03:34]--[src_cgi/login_cgi.c:201]--base64 = m0WVYV8spYgSEtmedY/t71zqyK7PQug1
[2017-07-13 20:03:34]--[src_cgi/login_cgi.c:303]--token = 3e150c2371da8ec853656391fd2d6188
[2017-07-13 20:18:51]--[src_cgi/login_cgi.c:288]--buf = {
    "pwd": "e10adc3949ba59abbe56e057f20f883e",
    "user": "kevin"
}

[2017-07-13 20:18:51]--[src_cgi/login_cgi.c:294]--user = kevin, pwd = e10adc3949ba59abbe56e057f20f883e
[2017-07-13 20:18:51]--[src_cgi/login_cgi.c:101]--mysql_user = root, mysql_pwd = root, mysql_db = cloud_disk
[2017-07-13 20:18:51]--[src_cgi/login_cgi.c:161]--redis:[ip=127.0.0.1,port=6379]
[2017-07-13 20:18:51]--[src_cgi/login_cgi.c:185]--tmp = kevin647158501795
[2017-07-13 20:18:51]--[src_cgi/login_cgi.c:201]--base64 = K18vEFKTMPxc5NCvWn9LLW+Ut+5trQL2
[2017-07-13 20:18:51]--[src_cgi/login_cgi.c:303]--token = 178b79bfca085c20de40b79cfb56faca
[2017-07-13 20:26:26]--[src_cgi/login_cgi.c:288]--buf = {
    "pwd": "e10adc3949ba59abbe56e057f20f883e",
    "user": "kevin"
}

[2017-07-13 20:26:26]--[src_cgi/login_cgi.c:294]--user = kevin, pwd = e10adc3949ba59abbe56e057f20f883e
[2017-07-13 20:26:26]--[src_cgi/login_cgi.c:101]--mysql_user = root, mysql_pwd = root, mysql_db = cloud_disk
[2017-07-13 20:26:26]--[src_cgi/login_cgi.c:161]--redis:[ip=127.0.0.1,port=6379]
[2017-07-13 20:26:26]--[src_cgi/login_cgi.c:185]--tmp = kevin8869615213
[2017-07-13 20:26:26]--[src_cgi/login_cgi.c:201]--base64 = a0V8VpKseIGf1Pcp1rje9A==
[2017-07-13 20:26:26]--[src_cgi/login_cgi.c:303]--token = 13a95e3827e9d921b8a4764c941d11cc
[2017-07-13 20:32:26]--[src_cgi/login_cgi.c:288]--buf = {
    "pwd": "e10adc3949ba59abbe56e057f20f883e",
    "user": "kevin"
}

[2017-07-13 20:32:26]--[src_cgi/login_cgi.c:294]--user = kevin, pwd = e10adc3949ba59abbe56e057f20f883e
[2017-07-13 20:32:26]--[src_cgi/login_cgi.c:101]--mysql_user = root, mysql_pwd = root, mysql_db = cloud_disk
[2017-07-13 20:32:26]--[src_cgi/login_cgi.c:161]--redis:[ip=127.0.0.1,port=6379]
[2017-07-13 20:32:26]--[src_cgi/login_cgi.c:185]--tmp = kevin24866493558
[2017-07-13 20:32:26]--[src_cgi/login_cgi.c:201]--base64 = 8W3WgbSSgZIPsBn6DjHIVy0ZxLNK7pNJ
[2017-07-13 20:32:26]--[src_cgi/login_cgi.c:303]--token = 402447bff88afd7bba5f92851cceb7b0
[2017-07-13 21:00:51]--[src_cgi/login_cgi.c:288]--buf = {
    "pwd": "e10adc3949ba59abbe56e057f20f883e",
    "user": "kevin"
}

[2017-07-13 21:00:51]--[src_cgi/login_cgi.c:294]--user = kevin, pwd = e10adc3949ba59abbe56e057f20f883e
[2017-07-13 21:00:51]--[src_cgi/login_cgi.c:101]--mysql_user = root, mysql_pwd = root, mysql_db = cloud_disk
[2017-07-13 21:00:51]--[src_cgi/login_cgi.c:161]--redis:[ip=127.0.0.1,port=6379]
[2017-07-13 21:00:51]--[src_cgi/login_cgi.c:185]--tmp = kevin394601709859
[2017-07-13 21:00:51]--[src_cgi/login_cgi.c:201]--base64 = eT7zEU/+LoHfEJ3ujz8M2FzqyK7PQug1
[2017-07-13 21:00:51]--[src_cgi/login_cgi.c:303]--token = 556a0ba3ec93cfa62601f19e43d7a9d9
[2017-07-13 21:02:31]--[src_cgi/login_cgi.c:288]--buf = {
    "pwd": "e10adc3949ba59abbe56e057f20f883e",
    "user": "kevin"
}

[2017-07-13 21:02:31]--[src_cgi/login_cgi.c:294]--user = kevin, pwd = e10adc3949ba59abbe56e057f20f883e
[2017-07-13 21:02:31]--[src_cgi/login_cgi.c:101]--mysql_user = root, mysql_pwd = root, mysql_db = cloud_disk
[2017-07-13 21:02:31]--[src_cgi/login_cgi.c:161]--redis:[ip=127.0.0.1,port=6379]
[2017-07-13 21:02:31]--[src_cgi/login_cgi.c:185]--tmp = kevin115756674992
[2017-07-13 21:02:31]--[src_cgi/login_cgi.c:201]--base64 = 5KIwudTjsFcO0nRwmbwn5Xj7pjZQFtzO
[2017-07-13 21:02:31]--[src_cgi/login_cgi.c:303]--token = ac6ab3b7716b7d09b6eca7a22753ed85
[2017-07-13 21:22:15]--[src_cgi/login_cgi.c:288]--buf = {
    "pwd": "e10adc3949ba59abbe56e057f20f883e",
    "user": "kevin"
}

[2017-07-13 21:22:15]--[src_cgi/login_cgi.c:294]--user = kevin, pwd = e10adc3949ba59abbe56e057f20f883e
[2017-07-13 21:22:15]--[src_cgi/login_cgi.c:101]--mysql_user = root, mysql_pwd = root, mysql_db = cloud_disk
[2017-07-13 21:22:15]--[src_cgi/login_cgi.c:161]--redis:[ip=127.0.0.1,port=6379]
[2017-07-13 21:22:15]--[src_cgi/login_cgi.c:185]--tmp = kevin910507381401
[2017-07-13 21:22:15]--[src_cgi/login_cgi.c:201]--base64 = zN5lLl6kv4eCB3RouJr6sflvnLKu4lWq
[2017-07-13 21:22:15]--[src_cgi/login_cgi.c:303]--token = c1b508eeb63b48d72444655bf1a604e0
[2017-07-13 21:24:26]--[src_cgi/login_cgi.c:288]--buf = {
    "pwd": "e10adc3949ba59abbe56e057f20f883e",
    "user": "kevin"
}

[2017-07-13 21:24:26]--[src_cgi/login_cgi.c:294]--user = kevin, pwd = e10adc3949ba59abbe56e057f20f883e
[2017-07-13 21:24:26]--[src_cgi/login_cgi.c:101]--mysql_user = root, mysql_pwd = root, mysql_db = cloud_disk
[2017-07-13 21:24:26]--[src_cgi/login_cgi.c:161]--redis:[ip=127.0.0.1,port=6379]
[2017-07-13 21:24:26]--[src_cgi/login_cgi.c:185]--tmp = kevin912324278595
[2017-07-13 21:24:26]--[src_cgi/login_cgi.c:201]--base64 = TOpbrX2RGCNAiIPHT2979m+Ut+5trQL2
[2017-07-13 21:24:26]--[src_cgi/login_cgi.c:303]--token = 07dd3cb9f03b1fd491766bb978f8e12a
[2017-07-13 21:27:29]--[src_cgi/login_cgi.c:288]--buf = {
    "pwd": "e10adc3949ba59abbe56e057f20f883e",
    "user": "kevin"
}

[2017-07-13 21:27:29]--[src_cgi/login_cgi.c:294]--user = kevin, pwd = e10adc3949ba59abbe56e057f20f883e
[2017-07-13 21:27:29]--[src_cgi/login_cgi.c:101]--mysql_user = root, mysql_pwd = root, mysql_db = cloud_disk
[2017-07-13 21:27:29]--[src_cgi/login_cgi.c:161]--redis:[ip=127.0.0.1,port=6379]
[2017-07-13 21:27:29]--[src_cgi/login_cgi.c:185]--tmp = kevin745942974544
[2017-07-13 21:27:29]--[src_cgi/login_cgi.c:201]--base64 = KAoDl51y2CxQJyf2byVZNp+HwxKUAZ0k
[2017-07-13 21:27:29]--[src_cgi/login_cgi.c:303]--token = 04d176d996cab96e247f3591cd7ff9db
[2017-07-13 21:31:10]--[src_cgi/login_cgi.c:288]--buf = {
    "pwd": "e10adc3949ba59abbe56e057f20f883e",
    "user": "kevin"
}

[2017-07-13 21:31:10]--[src_cgi/login_cgi.c:294]--user = kevin, pwd = e10adc3949ba59abbe56e057f20f883e
[2017-07-13 21:31:10]--[src_cgi/login_cgi.c:101]--mysql_user = root, mysql_pwd = root, mysql_db = cloud_disk
[2017-07-13 21:31:10]--[src_cgi/login_cgi.c:161]--redis:[ip=127.0.0.1,port=6379]
[2017-07-13 21:31:10]--[src_cgi/login_cgi.c:185]--tmp = kevin591306808804
[2017-07-13 21:31:10]--[src_cgi/login_cgi.c:201]--base64 = O2qDdoOzD+eApdBvsLiKTZ+HwxKUAZ0k
[2017-07-13 21:31:10]--[src_cgi/login_cgi.c:303]--token = e6c6415b33cfe18e3cf4fbbd3fb59671
[2017-07-13 21:34:11]--[src_cgi/login_cgi.c:288]--buf = {
    "pwd": "e10adc3949ba59abbe56e057f20f883e",
    "user": "kevin"
}

[2017-07-13 21:34:11]--[src_cgi/login_cgi.c:294]--user = kevin, pwd = e10adc3949ba59abbe56e057f20f883e
[2017-07-13 21:34:11]--[src_cgi/login_cgi.c:101]--mysql_user = root, mysql_pwd = root, mysql_db = cloud_disk
[2017-07-13 21:34:11]--[src_cgi/login_cgi.c:161]--redis:[ip=127.0.0.1,port=6379]
[2017-07-13 21:34:11]--[src_cgi/login_cgi.c:185]--tmp = kevin48897910545
[2017-07-13 21:34:11]--[src_cgi/login_cgi.c:201]--base64 = Qa/pt5tp9FaRlLgZ48hgPC0ZxLNK7pNJ
[2017-07-13 21:34:11]--[src_cgi/login_cgi.c:303]--token = 2152cfe84b3398ccdcb867acdf807181
[2017-07-13 21:34:13]--[src_cgi/login_cgi.c:288]--buf = {
    "pwd": "e10adc3949ba59abbe56e057f20f883e",
    "user": "kevin"
}

[2017-07-13 21:34:13]--[src_cgi/login_cgi.c:294]--user = kevin, pwd = e10adc3949ba59abbe56e057f20f883e
[2017-07-13 21:34:13]--[src_cgi/login_cgi.c:101]--mysql_user = root, mysql_pwd = root, mysql_db = cloud_disk
[2017-07-13 21:34:13]--[src_cgi/login_cgi.c:161]--redis:[ip=127.0.0.1,port=6379]
[2017-07-13 21:34:13]--[src_cgi/login_cgi.c:185]--tmp = kevin867802507290
[2017-07-13 21:34:13]--[src_cgi/login_cgi.c:201]--base64 = YqzfJsChflHW9yhMrROODLN71Jkkp7xg
[2017-07-13 21:34:13]--[src_cgi/login_cgi.c:303]--token = a7a4f9ce8b8b0246942db83df3008237
[2017-07-13 21:37:07]--[src_cgi/login_cgi.c:288]--buf = {
    "pwd": "e10adc3949ba59abbe56e057f20f883e",
    "user": "kevin"
}

[2017-07-13 21:37:07]--[src_cgi/login_cgi.c:294]--user = kevin, pwd = e10adc3949ba59abbe56e057f20f883e
[2017-07-13 21:37:07]--[src_cgi/login_cgi.c:101]--mysql_user = root, mysql_pwd = root, mysql_db = cloud_disk
[2017-07-13 21:37:07]--[src_cgi/login_cgi.c:161]--redis:[ip=127.0.0.1,port=6379]
[2017-07-13 21:37:07]--[src_cgi/login_cgi.c:185]--tmp = kevin6925274804
[2017-07-13 21:37:07]--[src_cgi/login_cgi.c:201]--base64 = e/KPQUozsd0oMz3Cbze/gQ==
[2017-07-13 21:37:07]--[src_cgi/login_cgi.c:303]--token = 4c6b8012319029b998f93b29dd61d163
[2017-07-13 21:37:07]--[src_cgi/login_cgi.c:288]--buf = {
    "pwd": "e10adc3949ba59abbe56e057f20f883e",
    "user": "kevin"
}

[2017-07-13 21:37:07]--[src_cgi/login_cgi.c:294]--user = kevin, pwd = e10adc3949ba59abbe56e057f20f883e
[2017-07-13 21:37:07]--[src_cgi/login_cgi.c:101]--mysql_user = root, mysql_pwd = root, mysql_db = cloud_disk
[2017-07-13 21:37:07]--[src_cgi/login_cgi.c:161]--redis:[ip=127.0.0.1,port=6379]
[2017-07-13 21:37:07]--[src_cgi/login_cgi.c:185]--tmp = kevin6925274804
[2017-07-13 21:37:07]--[src_cgi/login_cgi.c:201]--base64 = e/KPQUozsd0oMz3Cbze/gQ==
[2017-07-13 21:37:07]--[src_cgi/login_cgi.c:303]--token = 4c6b8012319029b998f93b29dd61d163
[2017-07-13 21:37:21]--[src_cgi/login_cgi.c:288]--buf = {
    "pwd": "e10adc3949ba59abbe56e057f20f883e",
    "user": "kevin"
}

[2017-07-13 21:37:21]--[src_cgi/login_cgi.c:294]--user = kevin, pwd = e10adc3949ba59abbe56e057f20f883e
[2017-07-13 21:37:21]--[src_cgi/login_cgi.c:101]--mysql_user = root, mysql_pwd = root, mysql_db = cloud_disk
[2017-07-13 21:37:21]--[src_cgi/login_cgi.c:161]--redis:[ip=127.0.0.1,port=6379]
[2017-07-13 21:37:21]--[src_cgi/login_cgi.c:185]--tmp = kevin24809507868
[2017-07-13 21:37:21]--[src_cgi/login_cgi.c:201]--base64 = 8W3WgbSSgZK9rHAFZ8ydPC0ZxLNK7pNJ
[2017-07-13 21:37:21]--[src_cgi/login_cgi.c:303]--token = 15e2e79228b1b8c63c3734c7d70d5585
[2017-07-13 21:38:00]--[src_cgi/login_cgi.c:288]--buf = {
    "pwd": "bcbe3365e6ac95ea2c0343a2395834dd",
    "user": "222"
}

[2017-07-13 21:38:00]--[src_cgi/login_cgi.c:294]--user = 222, pwd = bcbe3365e6ac95ea2c0343a2395834dd
[2017-07-13 21:38:00]--[src_cgi/login_cgi.c:101]--mysql_user = root, mysql_pwd = root, mysql_db = cloud_disk
[2017-07-13 21:38:00]--[src_cgi/login_cgi.c:161]--redis:[ip=127.0.0.1,port=6379]
[2017-07-13 21:38:00]--[src_cgi/login_cgi.c:185]--tmp = 222403630391442
[2017-07-13 21:38:00]--[src_cgi/login_cgi.c:201]--base64 = X53GUjeD7BMN1txOwxxFgQ==
[2017-07-13 21:38:00]--[src_cgi/login_cgi.c:303]--token = d4a8d6780e90e69df8b32b8d1db81cf2
[2017-07-13 21:39:08]--[src_cgi/login_cgi.c:288]--buf = {
    "pwd": "e10adc3949ba59abbe56e057f20f883e",
    "user": "kevin"
}

[2017-07-13 21:39:08]--[src_cgi/login_cgi.c:294]--user = kevin, pwd = e10adc3949ba59abbe56e057f20f883e
[2017-07-13 21:39:08]--[src_cgi/login_cgi.c:101]--mysql_user = root, mysql_pwd = root, mysql_db = cloud_disk
[2017-07-13 21:39:08]--[src_cgi/login_cgi.c:161]--redis:[ip=127.0.0.1,port=6379]
[2017-07-13 21:39:08]--[src_cgi/login_cgi.c:185]--tmp = kevin8681812182
[2017-07-13 21:39:08]--[src_cgi/login_cgi.c:201]--base64 = GFVnOSBkSPN92hv3ZpCV9g==
[2017-07-13 21:39:08]--[src_cgi/login_cgi.c:303]--token = c16684bebbdd55506dbdbd87c01ae31f
[2017-07-13 21:39:22]--[src_cgi/login_cgi.c:288]--buf = {
    "pwd": "e10adc3949ba59abbe56e057f20f883e",
    "user": "kevin"
}

[2017-07-13 21:39:22]--[src_cgi/login_cgi.c:294]--user = kevin, pwd = e10adc3949ba59abbe56e057f20f883e
[2017-07-13 21:39:22]--[src_cgi/login_cgi.c:101]--mysql_user = root, mysql_pwd = root, mysql_db = cloud_disk
[2017-07-13 21:39:22]--[src_cgi/login_cgi.c:161]--redis:[ip=127.0.0.1,port=6379]
[2017-07-13 21:39:22]--[src_cgi/login_cgi.c:185]--tmp = kevin157522767446
[2017-07-13 21:39:22]--[src_cgi/login_cgi.c:201]--base64 = Pze7Lvz/4JrCWvzCmBwZ5ewb1egIr+tu
[2017-07-13 21:39:22]--[src_cgi/login_cgi.c:303]--token = 0a13e0b09444f440b131705b8290f365
