[2017-07-16 00:43:17]--[src_cgi/login_cgi.c:288]--buf = {
    "pwd": "e10adc3949ba59abbe56e057f20f883e",
    "user": "kevin"
}

[2017-07-16 00:43:17]--[src_cgi/login_cgi.c:294]--user = kevin, pwd = e10adc3949ba59abbe56e057f20f883e
[2017-07-16 00:43:17]--[src_cgi/login_cgi.c:101]--mysql_user = root, mysql_pwd = root, mysql_db = cloud_disk
[2017-07-16 00:43:17]--[src_cgi/login_cgi.c:161]--redis:[ip=127.0.0.1,port=6379]
[2017-07-16 00:43:17]--[src_cgi/login_cgi.c:185]--tmp = kevin624262803858
[2017-07-16 00:43:17]--[src_cgi/login_cgi.c:201]--base64 = IwnCTNp206UCDitTEJulw1SLR+LwC1FL
[2017-07-16 00:43:17]--[src_cgi/login_cgi.c:303]--token = 066e775242d542d0e8bbd010ce7e8ffe
[2017-07-16 00:44:12]--[src_cgi/login_cgi.c:288]--buf = {
    "pwd": "e10adc3949ba59abbe56e057f20f883e",
    "user": "kevin"
}

[2017-07-16 00:44:12]--[src_cgi/login_cgi.c:294]--user = kevin, pwd = e10adc3949ba59abbe56e057f20f883e
[2017-07-16 00:44:12]--[src_cgi/login_cgi.c:101]--mysql_user = root, mysql_pwd = root, mysql_db = cloud_disk
[2017-07-16 00:44:12]--[src_cgi/login_cgi.c:161]--redis:[ip=127.0.0.1,port=6379]
[2017-07-16 00:44:12]--[src_cgi/login_cgi.c:185]--tmp = kevin7273190431
[2017-07-16 00:44:12]--[src_cgi/login_cgi.c:201]--base64 = FvbfujqSmLFI0mmEUHze/w==
[2017-07-16 00:44:12]--[src_cgi/login_cgi.c:303]--token = 017cafc28bddf7d20b43a319d5b88d6f
[2017-07-16 00:44:18]--[src_cgi/login_cgi.c:288]--buf = {
    "pwd": "e10adc3949ba59abbe56e057f20f883e",
    "user": "kevin"
}

[2017-07-16 00:44:18]--[src_cgi/login_cgi.c:294]--user = kevin, pwd = e10adc3949ba59abbe56e057f20f883e
[2017-07-16 00:44:18]--[src_cgi/login_cgi.c:101]--mysql_user = root, mysql_pwd = root, mysql_db = cloud_disk
[2017-07-16 00:44:18]--[src_cgi/login_cgi.c:161]--redis:[ip=127.0.0.1,port=6379]
[2017-07-16 00:44:18]--[src_cgi/login_cgi.c:185]--tmp = kevin16814668569
[2017-07-16 00:44:18]--[src_cgi/login_cgi.c:201]--base64 = OuwfUGSh71CkggFiSkZ3LS0ZxLNK7pNJ
[2017-07-16 00:44:18]--[src_cgi/login_cgi.c:303]--token = fb21ba585fcdfda89c395b58f9cd0dcf
[2017-07-16 23:33:06]--[src_cgi/login_cgi.c:288]--buf = {
    "pwd": "e10adc3949ba59abbe56e057f20f883e",
    "user": "kevin"
}

[2017-07-16 23:33:06]--[src_cgi/login_cgi.c:294]--user = kevin, pwd = e10adc3949ba59abbe56e057f20f883e
[2017-07-16 23:33:06]--[src_cgi/login_cgi.c:101]--mysql_user = root, mysql_pwd = root, mysql_db = cloud_disk
[2017-07-16 23:33:06]--[src_cgi/login_cgi.c:161]--redis:[ip=127.0.0.1,port=6379]
[2017-07-16 23:33:06]--[src_cgi/login_cgi.c:185]--tmp = kevin573606173450
[2017-07-16 23:33:06]--[src_cgi/login_cgi.c:201]--base64 = xY7fSbORMi0HHNJw0X2HmbN71Jkkp7xg
[2017-07-16 23:33:06]--[src_cgi/login_cgi.c:303]--token = 64822d422a387b61e9afe662def86b99
[2017-07-16 23:35:59]--[src_cgi/login_cgi.c:288]--buf = {
    "pwd": "e10adc3949ba59abbe56e057f20f883e",
    "user": "kevin"
}

[2017-07-16 23:35:59]--[src_cgi/login_cgi.c:294]--user = kevin, pwd = e10adc3949ba59abbe56e057f20f883e
[2017-07-16 23:35:59]--[src_cgi/login_cgi.c:101]--mysql_user = root, mysql_pwd = root, mysql_db = cloud_disk
[2017-07-16 23:35:59]--[src_cgi/login_cgi.c:161]--redis:[ip=127.0.0.1,port=6379]
[2017-07-16 23:35:59]--[src_cgi/login_cgi.c:185]--tmp = kevin826918578432
[2017-07-16 23:35:59]--[src_cgi/login_cgi.c:201]--base64 = kLTPHyzKcHOpqwkVU4r9Knj7pjZQFtzO
[2017-07-16 23:35:59]--[src_cgi/login_cgi.c:303]--token = 8d9e1e3ff87c6b7a823811add8cadb00
[2017-07-16 23:37:33]--[src_cgi/login_cgi.c:288]--buf = {
    "pwd": "e10adc3949ba59abbe56e057f20f883e",
    "user": "kevin"
}

[2017-07-16 23:37:33]--[src_cgi/login_cgi.c:294]--user = kevin, pwd = e10adc3949ba59abbe56e057f20f883e
[2017-07-16 23:37:33]--[src_cgi/login_cgi.c:101]--mysql_user = root, mysql_pwd = root, mysql_db = cloud_disk
[2017-07-16 23:37:33]--[src_cgi/login_cgi.c:161]--redis:[ip=127.0.0.1,port=6379]
[2017-07-16 23:37:33]--[src_cgi/login_cgi.c:185]--tmp = kevin733419165745
[2017-07-16 23:37:33]--[src_cgi/login_cgi.c:201]--base64 = qmGCHSjX4PHLFCIQY7XxL2+Ut+5trQL2
[2017-07-16 23:37:33]--[src_cgi/login_cgi.c:303]--token = 332f13c28c713b2e56034e4f811da21e
[2017-07-16 23:38:17]--[src_cgi/login_cgi.c:288]--buf = {
    "pwd": "e10adc3949ba59abbe56e057f20f883e",
    "user": "kevin"
}

[2017-07-16 23:38:17]--[src_cgi/login_cgi.c:294]--user = kevin, pwd = e10adc3949ba59abbe56e057f20f883e
[2017-07-16 23:38:17]--[src_cgi/login_cgi.c:101]--mysql_user = root, mysql_pwd = root, mysql_db = cloud_disk
[2017-07-16 23:38:17]--[src_cgi/login_cgi.c:161]--redis:[ip=127.0.0.1,port=6379]
[2017-07-16 23:38:17]--[src_cgi/login_cgi.c:185]--tmp = kevin859574839152
[2017-07-16 23:38:17]--[src_cgi/login_cgi.c:201]--base64 = YWz43vbgMcr0vXbRQQAfQ3j7pjZQFtzO
[2017-07-16 23:38:17]--[src_cgi/login_cgi.c:303]--token = a6cd2423b671e5d5f1faacf91146eb31
[2017-07-16 23:43:53]--[src_cgi/login_cgi.c:288]--buf = {
    "pwd": "e10adc3949ba59abbe56e057f20f883e",
    "user": "kevin"
}

[2017-07-16 23:43:53]--[src_cgi/login_cgi.c:294]--user = kevin, pwd = e10adc3949ba59abbe56e057f20f883e
[2017-07-16 23:43:53]--[src_cgi/login_cgi.c:101]--mysql_user = root, mysql_pwd = root, mysql_db = cloud_disk
[2017-07-16 23:43:53]--[src_cgi/login_cgi.c:161]--redis:[ip=127.0.0.1,port=6379]
[2017-07-16 23:43:53]--[src_cgi/login_cgi.c:185]--tmp = kevin743158972662
[2017-07-16 23:43:53]--[src_cgi/login_cgi.c:201]--base64 = 76gVpI2kTjRGKFBDLRLSJ3j7pjZQFtzO
[2017-07-16 23:43:53]--[src_cgi/login_cgi.c:303]--token = 023fe99fbd778113077805620ac3dc37
[2017-07-16 23:48:16]--[src_cgi/login_cgi.c:288]--buf = {
    "pwd": "e10adc3949ba59abbe56e057f20f883e",
    "user": "kevin"
}

[2017-07-16 23:48:16]--[src_cgi/login_cgi.c:294]--user = kevin, pwd = e10adc3949ba59abbe56e057f20f883e
[2017-07-16 23:48:16]--[src_cgi/login_cgi.c:101]--mysql_user = root, mysql_pwd = root, mysql_db = cloud_disk
[2017-07-16 23:48:16]--[src_cgi/login_cgi.c:161]--redis:[ip=127.0.0.1,port=6379]
[2017-07-16 23:48:16]--[src_cgi/login_cgi.c:185]--tmp = kevin428235442946
[2017-07-16 23:48:16]--[src_cgi/login_cgi.c:201]--base64 = oEcqHk+IvMbWtZr93nibq+wb1egIr+tu
[2017-07-16 23:48:16]--[src_cgi/login_cgi.c:303]--token = 4166b10101cfa51c55bd0eae8b595525
