[2017-07-14 02:42:43]--[src_cgi/login_cgi.c:288]--buf = {
    "pwd": "e10adc3949ba59abbe56e057f20f883e",
    "user": "kevin"
}

[2017-07-14 02:42:43]--[src_cgi/login_cgi.c:294]--user = kevin, pwd = e10adc3949ba59abbe56e057f20f883e
[2017-07-14 02:42:43]--[src_cgi/login_cgi.c:101]--mysql_user = root, mysql_pwd = root, mysql_db = cloud_disk
[2017-07-14 02:42:43]--[src_cgi/login_cgi.c:161]--redis:[ip=127.0.0.1,port=6379]
[2017-07-14 02:42:43]--[src_cgi/login_cgi.c:185]--tmp = kevin933863832204
[2017-07-14 02:42:43]--[src_cgi/login_cgi.c:201]--base64 = EhaUF+B6ViFfOl4qmLwMXp+HwxKUAZ0k
[2017-07-14 02:42:43]--[src_cgi/login_cgi.c:303]--token = 71a277545d3d3b6a3d9846fb9968d587
[2017-07-14 02:46:50]--[src_cgi/login_cgi.c:288]--buf = {
    "pwd": "e10adc3949ba59abbe56e057f20f883e",
    "user": "kevin"
}

[2017-07-14 02:46:50]--[src_cgi/login_cgi.c:294]--user = kevin, pwd = e10adc3949ba59abbe56e057f20f883e
[2017-07-14 02:46:50]--[src_cgi/login_cgi.c:101]--mysql_user = root, mysql_pwd = root, mysql_db = cloud_disk
[2017-07-14 02:46:50]--[src_cgi/login_cgi.c:161]--redis:[ip=127.0.0.1,port=6379]
[2017-07-14 02:46:50]--[src_cgi/login_cgi.c:185]--tmp = kevin310380583846
[2017-07-14 02:46:50]--[src_cgi/login_cgi.c:201]--base64 = Z4s+sQ5Mikm+fDUyzJDr5uwb1egIr+tu
[2017-07-14 02:46:50]--[src_cgi/login_cgi.c:303]--token = bbbb0ccda25b7166385520998b38a45b
[2017-07-14 06:41:01]--[src_cgi/login_cgi.c:288]--buf = {
    "pwd": "e10adc3949ba59abbe56e057f20f883e",
    "user": "kevin"
}

[2017-07-14 06:41:01]--[src_cgi/login_cgi.c:294]--user = kevin, pwd = e10adc3949ba59abbe56e057f20f883e
[2017-07-14 06:41:01]--[src_cgi/login_cgi.c:101]--mysql_user = root, mysql_pwd = root, mysql_db = cloud_disk
[2017-07-14 06:41:01]--[src_cgi/login_cgi.c:161]--redis:[ip=127.0.0.1,port=6379]
[2017-07-14 06:41:01]--[src_cgi/login_cgi.c:185]--tmp = kevin957902226628
[2017-07-14 06:41:01]--[src_cgi/login_cgi.c:201]--base64 = /lukqyr34r0FV4izezfTOFSLR+LwC1FL
[2017-07-14 06:41:01]--[src_cgi/login_cgi.c:303]--token = de3a92b50d40f3a99058669cabad62c4
[2017-07-14 07:50:22]--[src_cgi/login_cgi.c:288]--buf = {
    "pwd": "e10adc3949ba59abbe56e057f20f883e",
    "user": "kevin"
}

[2017-07-14 07:50:22]--[src_cgi/login_cgi.c:294]--user = kevin, pwd = e10adc3949ba59abbe56e057f20f883e
[2017-07-14 07:50:22]--[src_cgi/login_cgi.c:101]--mysql_user = root, mysql_pwd = root, mysql_db = cloud_disk
[2017-07-14 07:50:22]--[src_cgi/login_cgi.c:161]--redis:[ip=127.0.0.1,port=6379]
[2017-07-14 07:50:22]--[src_cgi/login_cgi.c:185]--tmp = kevin66611923456
[2017-07-14 07:50:22]--[src_cgi/login_cgi.c:201]--base64 = 7lsSVoyCDgyRJSiWRT3SUi0ZxLNK7pNJ
[2017-07-14 07:50:22]--[src_cgi/login_cgi.c:303]--token = c0aa433ac788d6011b53707f8553fbae
[2017-07-14 08:31:10]--[src_cgi/login_cgi.c:288]--buf = {
    "pwd": "e10adc3949ba59abbe56e057f20f883e",
    "user": "kevin"
}

[2017-07-14 08:31:10]--[src_cgi/login_cgi.c:294]--user = kevin, pwd = e10adc3949ba59abbe56e057f20f883e
[2017-07-14 08:31:10]--[src_cgi/login_cgi.c:101]--mysql_user = root, mysql_pwd = root, mysql_db = cloud_disk
[2017-07-14 08:31:10]--[src_cgi/login_cgi.c:161]--redis:[ip=127.0.0.1,port=6379]
[2017-07-14 08:31:10]--[src_cgi/login_cgi.c:185]--tmp = kevin17340190753
[2017-07-14 08:31:10]--[src_cgi/login_cgi.c:201]--base64 = Np5SnHDeDqGNITctEkdXOC0ZxLNK7pNJ
[2017-07-14 08:31:10]--[src_cgi/login_cgi.c:303]--token = 9fcd6ea8ad1035eaa5ea5ced74ee8d48
[2017-07-14 08:42:31]--[src_cgi/login_cgi.c:288]--buf = {
    "pwd": "e10adc3949ba59abbe56e057f20f883e",
    "user": "kevin"
}

[2017-07-14 08:42:31]--[src_cgi/login_cgi.c:294]--user = kevin, pwd = e10adc3949ba59abbe56e057f20f883e
[2017-07-14 08:42:31]--[src_cgi/login_cgi.c:101]--mysql_user = root, mysql_pwd = root, mysql_db = cloud_disk
[2017-07-14 08:42:31]--[src_cgi/login_cgi.c:161]--redis:[ip=127.0.0.1,port=6379]
[2017-07-14 08:42:31]--[src_cgi/login_cgi.c:185]--tmp = kevin847821802472
[2017-07-14 08:42:31]--[src_cgi/login_cgi.c:201]--base64 = IG8b6hPSvHOhi/XcvPeZgXj7pjZQFtzO
[2017-07-14 08:42:31]--[src_cgi/login_cgi.c:303]--token = 4436c675f9e117cb0e15df47772238dc
