[2017-07-22 21:12:41]--[src_cgi/login_cgi.c:288]--buf = {
    "pwd": "e10adc3949ba59abbe56e057f20f883e",
    "user": "kevin"
}

[2017-07-22 21:12:41]--[src_cgi/login_cgi.c:294]--user = kevin, pwd = e10adc3949ba59abbe56e057f20f883e
[2017-07-22 21:12:41]--[src_cgi/login_cgi.c:101]--mysql_user = root, mysql_pwd = root, mysql_db = cloud_disk
[2017-07-22 21:13:54]--[src_cgi/login_cgi.c:288]--buf = {
    "pwd": "e10adc3949ba59abbe56e057f20f883e",
    "user": "kevin"
}

[2017-07-22 21:13:54]--[src_cgi/login_cgi.c:294]--user = kevin, pwd = e10adc3949ba59abbe56e057f20f883e
[2017-07-22 21:13:54]--[src_cgi/login_cgi.c:101]--mysql_user = root, mysql_pwd = root, mysql_db = cloud_disk
[2017-07-22 21:13:54]--[src_cgi/login_cgi.c:161]--redis:[ip=127.0.0.1,port=6379]
[2017-07-22 21:13:54]--[src_cgi/login_cgi.c:185]--tmp = kevin36155252710
[2017-07-22 21:13:54]--[src_cgi/login_cgi.c:201]--base64 = dtUiJBrqHlnqCzVZiYKEhC0ZxLNK7pNJ
[2017-07-22 21:13:54]--[src_cgi/login_cgi.c:303]--token = 4d0578b63ca5cef681459ee414b3e611
[2017-07-22 21:17:51]--[src_cgi/login_cgi.c:288]--buf = {
    "pwd": "e10adc3949ba59abbe56e057f20f883e",
    "user": "kevin"
}

[2017-07-22 21:17:51]--[src_cgi/login_cgi.c:294]--user = kevin, pwd = e10adc3949ba59abbe56e057f20f883e
[2017-07-22 21:17:51]--[src_cgi/login_cgi.c:101]--mysql_user = root, mysql_pwd = root, mysql_db = cloud_disk
[2017-07-22 21:17:51]--[src_cgi/login_cgi.c:161]--redis:[ip=127.0.0.1,port=6379]
[2017-07-22 21:17:51]--[src_cgi/login_cgi.c:185]--tmp = kevin79959887044
[2017-07-22 21:17:51]--[src_cgi/login_cgi.c:201]--base64 = dSNiUibBsm+d1k+HuIVLty0ZxLNK7pNJ
[2017-07-22 21:17:51]--[src_cgi/login_cgi.c:303]--token = 8c0347094a4d657fe5cae8c3da8104f0
[2017-07-22 21:19:08]--[src_cgi/login_cgi.c:288]--buf = {
    "pwd": "e10adc3949ba59abbe56e057f20f883e",
    "user": "kevin"
}

[2017-07-22 21:19:08]--[src_cgi/login_cgi.c:294]--user = kevin, pwd = e10adc3949ba59abbe56e057f20f883e
[2017-07-22 21:19:08]--[src_cgi/login_cgi.c:101]--mysql_user = root, mysql_pwd = root, mysql_db = cloud_disk
[2017-07-22 21:19:08]--[src_cgi/login_cgi.c:161]--redis:[ip=127.0.0.1,port=6379]
[2017-07-22 21:19:08]--[src_cgi/login_cgi.c:185]--tmp = kevin113975664787
[2017-07-22 21:19:08]--[src_cgi/login_cgi.c:201]--base64 = AU/xmDZSbkhzQPzL1NtFoPUujTBmz0dF
[2017-07-22 21:19:08]--[src_cgi/login_cgi.c:303]--token = b4b779e4c98298d71cf0e88220328946
[2017-07-22 21:25:11]--[src_cgi/login_cgi.c:288]--buf = {
    "pwd": "e10adc3949ba59abbe56e057f20f883e",
    "user": "kevin"
}

[2017-07-22 21:25:11]--[src_cgi/login_cgi.c:294]--user = kevin, pwd = e10adc3949ba59abbe56e057f20f883e
[2017-07-22 21:25:11]--[src_cgi/login_cgi.c:101]--mysql_user = root, mysql_pwd = root, mysql_db = cloud_disk
[2017-07-22 21:25:11]--[src_cgi/login_cgi.c:161]--redis:[ip=127.0.0.1,port=6379]
[2017-07-22 21:25:11]--[src_cgi/login_cgi.c:185]--tmp = kevin604311211877
[2017-07-22 21:25:11]--[src_cgi/login_cgi.c:201]--base64 = CqpEd4w3zuyOJmSB3wZBv/UujTBmz0dF
[2017-07-22 21:25:11]--[src_cgi/login_cgi.c:303]--token = 7e081ca07dd9252df266fd78b677ae92
[2017-07-22 21:27:10]--[src_cgi/login_cgi.c:288]--buf = {
    "pwd": "e10adc3949ba59abbe56e057f20f883e",
    "user": "kevin"
}

[2017-07-22 21:27:10]--[src_cgi/login_cgi.c:294]--user = kevin, pwd = e10adc3949ba59abbe56e057f20f883e
[2017-07-22 21:27:10]--[src_cgi/login_cgi.c:101]--mysql_user = root, mysql_pwd = root, mysql_db = cloud_disk
[2017-07-22 21:27:10]--[src_cgi/login_cgi.c:161]--redis:[ip=127.0.0.1,port=6379]
[2017-07-22 21:27:10]--[src_cgi/login_cgi.c:185]--tmp = kevin64131428408
[2017-07-22 21:27:10]--[src_cgi/login_cgi.c:201]--base64 = XpeTsO1qzuHcBNeauUdJDC0ZxLNK7pNJ
[2017-07-22 21:27:10]--[src_cgi/login_cgi.c:303]--token = 41dc80dd6cfe88a28e0aa553c403e3dc
[2017-07-22 21:42:42]--[src_cgi/login_cgi.c:288]--buf = {
    "pwd": "e10adc3949ba59abbe56e057f20f883e",
    "user": "kevin"
}

[2017-07-22 21:42:42]--[src_cgi/login_cgi.c:294]--user = kevin, pwd = e10adc3949ba59abbe56e057f20f883e
[2017-07-22 21:42:42]--[src_cgi/login_cgi.c:101]--mysql_user = root, mysql_pwd = root, mysql_db = cloud_disk
[2017-07-22 21:42:42]--[src_cgi/login_cgi.c:161]--redis:[ip=127.0.0.1,port=6379]
[2017-07-22 21:42:42]--[src_cgi/login_cgi.c:185]--tmp = kevin579385383369
[2017-07-22 21:42:42]--[src_cgi/login_cgi.c:201]--base64 = TiJjHGf+2j/B4r3fQkcdDVzqyK7PQug1
[2017-07-22 21:42:42]--[src_cgi/login_cgi.c:303]--token = 666d18eee225fd78f4b70fb192f5beba
[2017-07-22 21:47:05]--[src_cgi/login_cgi.c:288]--buf = {
    "pwd": "e10adc3949ba59abbe56e057f20f883e",
    "user": "kevin"
}

[2017-07-22 21:47:05]--[src_cgi/login_cgi.c:294]--user = kevin, pwd = e10adc3949ba59abbe56e057f20f883e
[2017-07-22 21:47:05]--[src_cgi/login_cgi.c:101]--mysql_user = root, mysql_pwd = root, mysql_db = cloud_disk
[2017-07-22 21:47:05]--[src_cgi/login_cgi.c:161]--redis:[ip=127.0.0.1,port=6379]
[2017-07-22 21:47:05]--[src_cgi/login_cgi.c:185]--tmp = kevin846255963274
[2017-07-22 21:47:05]--[src_cgi/login_cgi.c:201]--base64 = o2Rodu6xRqx4d3NJmNhTQ5+HwxKUAZ0k
[2017-07-22 21:47:05]--[src_cgi/login_cgi.c:303]--token = 96ff7c301228bebbea57fa2dc1ce0490
[2017-07-22 22:03:57]--[src_cgi/login_cgi.c:288]--buf = {
    "pwd": "e10adc3949ba59abbe56e057f20f883e",
    "user": "kevin"
}

[2017-07-22 22:03:57]--[src_cgi/login_cgi.c:294]--user = kevin, pwd = e10adc3949ba59abbe56e057f20f883e
[2017-07-22 22:03:57]--[src_cgi/login_cgi.c:101]--mysql_user = root, mysql_pwd = root, mysql_db = cloud_disk
[2017-07-22 22:03:57]--[src_cgi/login_cgi.c:161]--redis:[ip=127.0.0.1,port=6379]
[2017-07-22 22:03:57]--[src_cgi/login_cgi.c:185]--tmp = kevin290864402832
[2017-07-22 22:03:57]--[src_cgi/login_cgi.c:201]--base64 = ruCrlgM3MoaWPVdc20YT3nj7pjZQFtzO
[2017-07-22 22:03:57]--[src_cgi/login_cgi.c:303]--token = 23dc8b1b215cbff6446de71a52e9d8b9
