[2017-07-22 21:14:15]--[src_cgi/md5_cgi.c:339]--buf = {
    "fileName": "Chrysanthemum.jpg",
    "md5": "076e3caed758a1c18c91a0e9cae3368f",
    "token": "4d0578b63ca5cef681459ee414b3e611",
    "user": "kevin"
}

[2017-07-22 21:14:15]--[src_cgi/md5_cgi.c:361]--user = kevin, token = 4d0578b63ca5cef681459ee414b3e611, md5 = 076e3caed758a1c18c91a0e9cae3368f, filename = Chrysanthemum.jpg
[2017-07-22 21:14:46]--[src_cgi/md5_cgi.c:339]--buf = {
    "fileName": "Desert.jpg",
    "md5": "ba45c8f60456a672e003a875e469d0eb",
    "token": "4d0578b63ca5cef681459ee414b3e611",
    "user": "kevin"
}

[2017-07-22 21:14:46]--[src_cgi/md5_cgi.c:361]--user = kevin, token = 4d0578b63ca5cef681459ee414b3e611, md5 = ba45c8f60456a672e003a875e469d0eb, filename = Desert.jpg
[2017-07-22 21:15:17]--[src_cgi/md5_cgi.c:339]--buf = {
    "fileName": "Hydrangeas.jpg",
    "md5": "bdf3bf1da3405725be763540d6601144",
    "token": "4d0578b63ca5cef681459ee414b3e611",
    "user": "kevin"
}

[2017-07-22 21:15:17]--[src_cgi/md5_cgi.c:361]--user = kevin, token = 4d0578b63ca5cef681459ee414b3e611, md5 = bdf3bf1da3405725be763540d6601144, filename = Hydrangeas.jpg
[2017-07-22 21:15:48]--[src_cgi/md5_cgi.c:339]--buf = {
    "fileName": "Jellyfish.jpg",
    "md5": "5a44c7ba5bbe4ec867233d67e4806848",
    "token": "4d0578b63ca5cef681459ee414b3e611",
    "user": "kevin"
}

[2017-07-22 21:15:48]--[src_cgi/md5_cgi.c:361]--user = kevin, token = 4d0578b63ca5cef681459ee414b3e611, md5 = 5a44c7ba5bbe4ec867233d67e4806848, filename = Jellyfish.jpg
[2017-07-22 21:16:19]--[src_cgi/md5_cgi.c:339]--buf = {
    "fileName": "Koala.jpg",
    "md5": "2b04df3ecc1d94afddff082d139c6f15",
    "token": "4d0578b63ca5cef681459ee414b3e611",
    "user": "kevin"
}

[2017-07-22 21:16:19]--[src_cgi/md5_cgi.c:361]--user = kevin, token = 4d0578b63ca5cef681459ee414b3e611, md5 = 2b04df3ecc1d94afddff082d139c6f15, filename = Koala.jpg
[2017-07-22 21:16:50]--[src_cgi/md5_cgi.c:339]--buf = {
    "fileName": "Lighthouse.jpg",
    "md5": "8969288f4245120e7c3870287cce0ff3",
    "token": "4d0578b63ca5cef681459ee414b3e611",
    "user": "kevin"
}

[2017-07-22 21:16:50]--[src_cgi/md5_cgi.c:361]--user = kevin, token = 4d0578b63ca5cef681459ee414b3e611, md5 = 8969288f4245120e7c3870287cce0ff3, filename = Lighthouse.jpg
[2017-07-22 21:17:21]--[src_cgi/md5_cgi.c:339]--buf = {
    "fileName": "Penguins.jpg",
    "md5": "9d377b10ce778c4938b3c7e2c63a229a",
    "token": "4d0578b63ca5cef681459ee414b3e611",
    "user": "kevin"
}

[2017-07-22 21:17:21]--[src_cgi/md5_cgi.c:361]--user = kevin, token = 4d0578b63ca5cef681459ee414b3e611, md5 = 9d377b10ce778c4938b3c7e2c63a229a, filename = Penguins.jpg
[2017-07-22 21:21:42]--[src_cgi/md5_cgi.c:339]--buf = {
    "fileName": "Chrysanthemum.jpg",
    "md5": "076e3caed758a1c18c91a0e9cae3368f",
    "token": "b4b779e4c98298d71cf0e88220328946",
    "user": "kevin"
}

[2017-07-22 21:21:42]--[src_cgi/md5_cgi.c:361]--user = kevin, token = b4b779e4c98298d71cf0e88220328946, md5 = 076e3caed758a1c18c91a0e9cae3368f, filename = Chrysanthemum.jpg
[2017-07-22 21:25:18]--[src_cgi/md5_cgi.c:339]--buf = {
    "fileName": "Chrysanthemum.jpg",
    "md5": "076e3caed758a1c18c91a0e9cae3368f",
    "token": "7e081ca07dd9252df266fd78b677ae92",
    "user": "kevin"
}

[2017-07-22 21:25:18]--[src_cgi/md5_cgi.c:361]--user = kevin, token = 7e081ca07dd9252df266fd78b677ae92, md5 = 076e3caed758a1c18c91a0e9cae3368f, filename = Chrysanthemum.jpg
[2017-07-22 21:27:19]--[src_cgi/md5_cgi.c:339]--buf = {
    "fileName": "Desert.jpg",
    "md5": "ba45c8f60456a672e003a875e469d0eb",
    "token": "41dc80dd6cfe88a28e0aa553c403e3dc",
    "user": "kevin"
}

[2017-07-22 21:27:19]--[src_cgi/md5_cgi.c:361]--user = kevin, token = 41dc80dd6cfe88a28e0aa553c403e3dc, md5 = ba45c8f60456a672e003a875e469d0eb, filename = Desert.jpg
[2017-07-22 21:30:42]--[src_cgi/md5_cgi.c:339]--buf = {
    "fileName": "Hydrangeas.jpg",
    "md5": "bdf3bf1da3405725be763540d6601144",
    "token": "41dc80dd6cfe88a28e0aa553c403e3dc",
    "user": "kevin"
}

[2017-07-22 21:30:42]--[src_cgi/md5_cgi.c:361]--user = kevin, token = 41dc80dd6cfe88a28e0aa553c403e3dc, md5 = bdf3bf1da3405725be763540d6601144, filename = Hydrangeas.jpg
[2017-07-22 21:32:02]--[src_cgi/md5_cgi.c:339]--buf = {
    "fileName": "苏丙榅.jpg",
    "md5": "bdf3bf1da3405725be763540d6601144",
    "token": "41dc80dd6cfe88a28e0aa553c403e3dc",
    "user": "kevin"
}

[2017-07-22 21:32:02]--[src_cgi/md5_cgi.c:361]--user = kevin, token = 41dc80dd6cfe88a28e0aa553c403e3dc, md5 = bdf3bf1da3405725be763540d6601144, filename = 苏丙榅.jpg
[2017-07-22 21:38:21]--[src_cgi/md5_cgi.c:339]--buf = {
    "fileName": "heart.png",
    "md5": "833e4e47bde2c682be3fbfef5655d8ba",
    "token": "41dc80dd6cfe88a28e0aa553c403e3dc",
    "user": "kevin"
}

[2017-07-22 21:38:21]--[src_cgi/md5_cgi.c:361]--user = kevin, token = 41dc80dd6cfe88a28e0aa553c403e3dc, md5 = 833e4e47bde2c682be3fbfef5655d8ba, filename = heart.png
[2017-07-22 21:38:22]--[src_cgi/md5_cgi.c:339]--buf = {
    "fileName": "loveLian.jpg",
    "md5": "066aadc61cf843932c81a4b71d112ee0",
    "token": "41dc80dd6cfe88a28e0aa553c403e3dc",
    "user": "kevin"
}

[2017-07-22 21:38:22]--[src_cgi/md5_cgi.c:361]--user = kevin, token = 41dc80dd6cfe88a28e0aa553c403e3dc, md5 = 066aadc61cf843932c81a4b71d112ee0, filename = loveLian.jpg
[2017-07-22 21:38:23]--[src_cgi/md5_cgi.c:339]--buf = {
    "fileName": "Luffy.png",
    "md5": "ab14bc510d2b3d3d9bf793a2ba87b279",
    "token": "41dc80dd6cfe88a28e0aa553c403e3dc",
    "user": "kevin"
}

[2017-07-22 21:38:23]--[src_cgi/md5_cgi.c:361]--user = kevin, token = 41dc80dd6cfe88a28e0aa553c403e3dc, md5 = ab14bc510d2b3d3d9bf793a2ba87b279, filename = Luffy.png
[2017-07-22 21:38:24]--[src_cgi/md5_cgi.c:339]--buf = {
    "fileName": "LuffyQ.png",
    "md5": "5488627bbaf0e7fadac1283b8b52967a",
    "token": "41dc80dd6cfe88a28e0aa553c403e3dc",
    "user": "kevin"
}

[2017-07-22 21:38:24]--[src_cgi/md5_cgi.c:361]--user = kevin, token = 41dc80dd6cfe88a28e0aa553c403e3dc, md5 = 5488627bbaf0e7fadac1283b8b52967a, filename = LuffyQ.png
[2017-07-22 21:38:25]--[src_cgi/md5_cgi.c:339]--buf = {
    "fileName": "mario.gif",
    "md5": "b80a1a34f1f1379d4ccc4531731e2590",
    "token": "41dc80dd6cfe88a28e0aa553c403e3dc",
    "user": "kevin"
}

[2017-07-22 21:38:25]--[src_cgi/md5_cgi.c:361]--user = kevin, token = 41dc80dd6cfe88a28e0aa553c403e3dc, md5 = b80a1a34f1f1379d4ccc4531731e2590, filename = mario.gif
[2017-07-22 21:43:02]--[src_cgi/md5_cgi.c:339]--buf = {
    "fileName": "mario.gif",
    "md5": "b80a1a34f1f1379d4ccc4531731e2590",
    "token": "666d18eee225fd78f4b70fb192f5beba",
    "user": "kevin"
}

[2017-07-22 21:43:02]--[src_cgi/md5_cgi.c:361]--user = kevin, token = 666d18eee225fd78f4b70fb192f5beba, md5 = b80a1a34f1f1379d4ccc4531731e2590, filename = mario.gif
[2017-07-22 21:47:14]--[src_cgi/md5_cgi.c:339]--buf = {
    "fileName": "Penguins.jpg",
    "md5": "9d377b10ce778c4938b3c7e2c63a229a",
    "token": "96ff7c301228bebbea57fa2dc1ce0490",
    "user": "kevin"
}

[2017-07-22 21:47:14]--[src_cgi/md5_cgi.c:361]--user = kevin, token = 96ff7c301228bebbea57fa2dc1ce0490, md5 = 9d377b10ce778c4938b3c7e2c63a229a, filename = Penguins.jpg
[2017-07-22 21:47:25]--[src_cgi/md5_cgi.c:339]--buf = {
    "fileName": "mario.gif",
    "md5": "b80a1a34f1f1379d4ccc4531731e2590",
    "token": "96ff7c301228bebbea57fa2dc1ce0490",
    "user": "kevin"
}

[2017-07-22 21:47:25]--[src_cgi/md5_cgi.c:361]--user = kevin, token = 96ff7c301228bebbea57fa2dc1ce0490, md5 = b80a1a34f1f1379d4ccc4531731e2590, filename = mario.gif
[2017-07-22 22:04:17]--[src_cgi/md5_cgi.c:339]--buf = {
    "fileName": "报告龙王，敌人来了.jpg",
    "md5": "0b63aa35e4db05646d5b4495ba1ada6e",
    "token": "23dc8b1b215cbff6446de71a52e9d8b9",
    "user": "kevin"
}

[2017-07-22 22:04:17]--[src_cgi/md5_cgi.c:361]--user = kevin, token = 23dc8b1b215cbff6446de71a52e9d8b9, md5 = 0b63aa35e4db05646d5b4495ba1ada6e, filename = 报告龙王，敌人来了.jpg
[2017-07-22 22:04:29]--[src_cgi/md5_cgi.c:339]--buf = {
    "fileName": "骑着老虎闯天下.jpg",
    "md5": "1cf3787de8bd2c0c03b641d7f112a861",
    "token": "23dc8b1b215cbff6446de71a52e9d8b9",
    "user": "kevin"
}

[2017-07-22 22:04:29]--[src_cgi/md5_cgi.c:361]--user = kevin, token = 23dc8b1b215cbff6446de71a52e9d8b9, md5 = 1cf3787de8bd2c0c03b641d7f112a861, filename = 骑着老虎闯天下.jpg
