[2017-07-12 02:47:14]--[src_cgi/md5_cgi.c:339]--buf = {
    "fileName": "vs 快捷键.png",
    "md5": "da5fa64de97a497502281513d7230d8d",
    "token": "325c97970a20181e53e9727e2633542b",
    "user": "222"
}

[2017-07-12 02:47:14]--[src_cgi/md5_cgi.c:361]--user = 222, token = 325c97970a20181e53e9727e2633542b, md5 = da5fa64de97a497502281513d7230d8d, filename = vs 快捷键.png
[2017-07-12 03:00:13]--[src_cgi/md5_cgi.c:339]--buf = {
    "fileName": "con_and_par.jpg",
    "md5": "674f0d37fca4fac1bd2df28a2b78e633",
    "token": "e9471fde65bd8a7e35537874578fad75",
    "user": "kevin"
}

[2017-07-12 03:00:13]--[src_cgi/md5_cgi.c:361]--user = kevin, token = e9471fde65bd8a7e35537874578fad75, md5 = 674f0d37fca4fac1bd2df28a2b78e633, filename = con_and_par.jpg
[2017-07-12 03:08:38]--[src_cgi/md5_cgi.c:339]--buf = {
    "fileName": "system-image.png",
    "md5": "25a547f3d8a384e60c1ab4e9ee3f9e46",
    "token": "cd9ba4f3aedbe246526d3dc3a972fa1c",
    "user": "kevin"
}

[2017-07-12 03:08:38]--[src_cgi/md5_cgi.c:361]--user = kevin, token = cd9ba4f3aedbe246526d3dc3a972fa1c, md5 = 25a547f3d8a384e60c1ab4e9ee3f9e46, filename = system-image.png
[2017-07-12 03:10:29]--[src_cgi/md5_cgi.c:339]--buf = {
    "fileName": "捕获.PNG",
    "md5": "203da119e80c78f4516ace477c54d985",
    "token": "b009c234b9dc135298781d844b368afa",
    "user": "kevin"
}

[2017-07-12 03:10:29]--[src_cgi/md5_cgi.c:361]--user = kevin, token = b009c234b9dc135298781d844b368afa, md5 = 203da119e80c78f4516ace477c54d985, filename = 捕获.PNG
[2017-07-12 08:20:16]--[src_cgi/md5_cgi.c:339]--buf = {
    "fileName": "捕获.PNG",
    "md5": "203da119e80c78f4516ace477c54d985",
    "token": "318f180da81900fe5c6d039515c72722",
    "user": "kevin"
}

[2017-07-12 08:20:16]--[src_cgi/md5_cgi.c:361]--user = kevin, token = 318f180da81900fe5c6d039515c72722, md5 = 203da119e80c78f4516ace477c54d985, filename = 捕获.PNG
[2017-07-12 08:20:16]--[src_cgi/md5_cgi.c:184]--kevin[filename:捕获.PNG, md5:203da119e80c78f4516ace477c54d985]已存在
[2017-07-12 08:20:49]--[src_cgi/md5_cgi.c:339]--buf = {
    "fileName": "a.png",
    "md5": "e5c452a06e06da6edbdd9c0e27f9fe8a",
    "token": "318f180da81900fe5c6d039515c72722",
    "user": "kevin"
}

[2017-07-12 08:20:49]--[src_cgi/md5_cgi.c:361]--user = kevin, token = 318f180da81900fe5c6d039515c72722, md5 = e5c452a06e06da6edbdd9c0e27f9fe8a, filename = a.png
[2017-07-12 08:34:10]--[src_cgi/md5_cgi.c:339]--buf = {
    "fileName": "mmexport1480438987249.jpg",
    "md5": "1a7b4c1bab2a5b52ae8a507600c4c399",
    "token": "9198292c814ee30e1282a5659e9459a2",
    "user": "kevin"
}

[2017-07-12 08:34:10]--[src_cgi/md5_cgi.c:361]--user = kevin, token = 9198292c814ee30e1282a5659e9459a2, md5 = 1a7b4c1bab2a5b52ae8a507600c4c399, filename = mmexport1480438987249.jpg
[2017-07-12 08:39:05]--[src_cgi/md5_cgi.c:339]--buf = {
    "fileName": "a.png",
    "md5": "e5c452a06e06da6edbdd9c0e27f9fe8a",
    "token": "6210aec6ba944334d77fa9873cc634f6",
    "user": "kevin"
}

[2017-07-12 08:39:05]--[src_cgi/md5_cgi.c:361]--user = kevin, token = 6210aec6ba944334d77fa9873cc634f6, md5 = e5c452a06e06da6edbdd9c0e27f9fe8a, filename = a.png
