[2017-07-13 17:35:51]--[src_cgi/md5_cgi.c:40]--mysql:[user=root,pwd=root,database=cloud_disk][2017-07-13 17:41:00]--[src_cgi/md5_cgi.c:40]--mysql:[user=root,pwd=root,database=cloud_disk][2017-07-13 02:42:14]--[src_cgi/md5_cgi.c:339]--buf = {
    "fileName": "Penguins.jpg",
    "md5": "9d377b10ce778c4938b3c7e2c63a229a",
    "token": "cda1f3f9482ad2c67c3428dacb91a18f",
    "user": "kevin"
}

[2017-07-13 02:42:14]--[src_cgi/md5_cgi.c:361]--user = kevin, token = cda1f3f9482ad2c67c3428dacb91a18f, md5 = 9d377b10ce778c4938b3c7e2c63a229a, filename = Penguins.jpg
[2017-07-13 10:25:55]--[src_cgi/md5_cgi.c:339]--buf = {
    "fileName": "ui_loginwidget.h",
    "md5": "1a96ac5456b0d8e07c1880b27ad8b969",
    "token": "6ab831ed791058f86e425fc23d854dfc",
    "user": "222"
}

[2017-07-13 10:25:55]--[src_cgi/md5_cgi.c:361]--user = 222, token = 6ab831ed791058f86e425fc23d854dfc, md5 = 1a96ac5456b0d8e07c1880b27ad8b969, filename = ui_loginwidget.h
[2017-07-13 10:25:55]--[src_cgi/md5_cgi.c:339]--buf = {
    "fileName": "ui_mainwidget.h",
    "md5": "be940536b120f2f05bef74389042ff13",
    "token": "6ab831ed791058f86e425fc23d854dfc",
    "user": "222"
}

[2017-07-13 10:25:55]--[src_cgi/md5_cgi.c:361]--user = 222, token = 6ab831ed791058f86e425fc23d854dfc, md5 = be940536b120f2f05bef74389042ff13, filename = ui_mainwidget.h
[2017-07-13 10:25:56]--[src_cgi/md5_cgi.c:339]--buf = {
    "fileName": "ui_mainwidgetbutton.h",
    "md5": "a0b8519bf29b46be7eed1b0163a13dbc",
    "token": "6ab831ed791058f86e425fc23d854dfc",
    "user": "222"
}

[2017-07-13 10:25:56]--[src_cgi/md5_cgi.c:361]--user = 222, token = 6ab831ed791058f86e425fc23d854dfc, md5 = a0b8519bf29b46be7eed1b0163a13dbc, filename = ui_mainwidgetbutton.h
[2017-07-13 10:26:26]--[src_cgi/md5_cgi.c:339]--buf = {
    "fileName": "Hydrangeas.jpg",
    "md5": "bdf3bf1da3405725be763540d6601144",
    "token": "6ab831ed791058f86e425fc23d854dfc",
    "user": "222"
}

[2017-07-13 10:26:26]--[src_cgi/md5_cgi.c:361]--user = 222, token = 6ab831ed791058f86e425fc23d854dfc, md5 = bdf3bf1da3405725be763540d6601144, filename = Hydrangeas.jpg
[2017-07-13 10:40:01]--[src_cgi/md5_cgi.c:339]--buf = {
    "fileName": "Desert.jpg",
    "md5": "ba45c8f60456a672e003a875e469d0eb",
    "token": "c5a6e69a25c21f2af8c7031a775d9035",
    "user": "kevin"
}

[2017-07-13 10:40:01]--[src_cgi/md5_cgi.c:361]--user = kevin, token = c5a6e69a25c21f2af8c7031a775d9035, md5 = ba45c8f60456a672e003a875e469d0eb, filename = Desert.jpg
[2017-07-13 10:40:58]--[src_cgi/md5_cgi.c:339]--buf = {
    "fileName": "Chrysanthemum.jpg",
    "md5": "076e3caed758a1c18c91a0e9cae3368f",
    "token": "c5a6e69a25c21f2af8c7031a775d9035",
    "user": "kevin"
}

[2017-07-13 10:40:58]--[src_cgi/md5_cgi.c:361]--user = kevin, token = c5a6e69a25c21f2af8c7031a775d9035, md5 = 076e3caed758a1c18c91a0e9cae3368f, filename = Chrysanthemum.jpg
[2017-07-13 10:55:12]--[src_cgi/md5_cgi.c:339]--buf = {
    "fileName": "Tulips.jpg",
    "md5": "fafa5efeaf3cbe3b23b2748d13e629a1",
    "token": "b86484d98f8aeece159bf60e938d4363",
    "user": "kevin"
}

[2017-07-13 10:55:12]--[src_cgi/md5_cgi.c:361]--user = kevin, token = b86484d98f8aeece159bf60e938d4363, md5 = fafa5efeaf3cbe3b23b2748d13e629a1, filename = Tulips.jpg
[2017-07-13 19:15:37]--[src_cgi/md5_cgi.c:339]--buf = {
    "fileName": "Jellyfish.jpg",
    "md5": "5a44c7ba5bbe4ec867233d67e4806848",
    "token": "e784d76c741a07bb76bbe4ba6433f2ad",
    "user": "kevin"
}

[2017-07-13 19:15:37]--[src_cgi/md5_cgi.c:361]--user = kevin, token = e784d76c741a07bb76bbe4ba6433f2ad, md5 = 5a44c7ba5bbe4ec867233d67e4806848, filename = Jellyfish.jpg
[2017-07-13 19:34:58]--[src_cgi/md5_cgi.c:339]--buf = {
    "fileName": "Lighthouse.jpg",
    "md5": "8969288f4245120e7c3870287cce0ff3",
    "token": "4fb0bab9c72238f0fc1de1098c559ee5",
    "user": "kevin"
}

[2017-07-13 19:34:58]--[src_cgi/md5_cgi.c:361]--user = kevin, token = 4fb0bab9c72238f0fc1de1098c559ee5, md5 = 8969288f4245120e7c3870287cce0ff3, filename = Lighthouse.jpg
