[2017-07-22 21:13:54]--[src_cgi/myfiles_cgi.c:496]--cmd = count
[2017-07-22 21:13:54]--[src_cgi/myfiles_cgi.c:528]--buf = {
    "token": "4d0578b63ca5cef681459ee414b3e611",
    "user": "kevin"
}

[2017-07-22 21:13:54]--[src_cgi/myfiles_cgi.c:164]--select count from user_file_count where user="kevin" 操作失败
[2017-07-22 21:13:54]--[src_cgi/myfiles_cgi.c:176]--line = 0
[2017-07-22 21:17:52]--[src_cgi/myfiles_cgi.c:496]--cmd = count
[2017-07-22 21:17:52]--[src_cgi/myfiles_cgi.c:528]--buf = {
    "token": "8c0347094a4d657fe5cae8c3da8104f0",
    "user": "kevin"
}

[2017-07-22 21:17:52]--[src_cgi/myfiles_cgi.c:164]--select count from user_file_count where user="kevin" 操作失败
[2017-07-22 21:17:52]--[src_cgi/myfiles_cgi.c:176]--line = 0
[2017-07-22 21:19:08]--[src_cgi/myfiles_cgi.c:496]--cmd = count
[2017-07-22 21:19:08]--[src_cgi/myfiles_cgi.c:528]--buf = {
    "token": "b4b779e4c98298d71cf0e88220328946",
    "user": "kevin"
}

[2017-07-22 21:19:08]--[src_cgi/myfiles_cgi.c:164]--select count from user_file_count where user="kevin" 操作失败
[2017-07-22 21:19:08]--[src_cgi/myfiles_cgi.c:176]--line = 0
[2017-07-22 21:21:51]--[src_cgi/myfiles_cgi.c:496]--cmd = count
[2017-07-22 21:21:51]--[src_cgi/myfiles_cgi.c:528]--buf = {
    "token": "b4b779e4c98298d71cf0e88220328946",
    "user": "kevin"
}

[2017-07-22 21:21:51]--[src_cgi/myfiles_cgi.c:164]--select count from user_file_count where user="kevin" 操作失败
[2017-07-22 21:21:51]--[src_cgi/myfiles_cgi.c:176]--line = 0
[2017-07-22 21:21:55]--[src_cgi/myfiles_cgi.c:496]--cmd = count
[2017-07-22 21:21:55]--[src_cgi/myfiles_cgi.c:528]--buf = {
    "token": "b4b779e4c98298d71cf0e88220328946",
    "user": "kevin"
}

[2017-07-22 21:21:55]--[src_cgi/myfiles_cgi.c:164]--select count from user_file_count where user="kevin" 操作失败
[2017-07-22 21:21:55]--[src_cgi/myfiles_cgi.c:176]--line = 0
[2017-07-22 21:25:12]--[src_cgi/myfiles_cgi.c:496]--cmd = count
[2017-07-22 21:25:12]--[src_cgi/myfiles_cgi.c:528]--buf = {
    "token": "7e081ca07dd9252df266fd78b677ae92",
    "user": "kevin"
}

[2017-07-22 21:25:12]--[src_cgi/myfiles_cgi.c:164]--select count from user_file_count where user="kevin" 操作失败
[2017-07-22 21:25:12]--[src_cgi/myfiles_cgi.c:176]--line = 0
[2017-07-22 21:27:11]--[src_cgi/myfiles_cgi.c:496]--cmd = count
[2017-07-22 21:27:11]--[src_cgi/myfiles_cgi.c:528]--buf = {
    "token": "41dc80dd6cfe88a28e0aa553c403e3dc",
    "user": "kevin"
}

[2017-07-22 21:27:11]--[src_cgi/myfiles_cgi.c:164]--select count from user_file_count where user="kevin" 操作失败
[2017-07-22 21:27:11]--[src_cgi/myfiles_cgi.c:176]--line = 0
[2017-07-22 21:30:40]--[src_cgi/myfiles_cgi.c:496]--cmd = count
[2017-07-22 21:30:40]--[src_cgi/myfiles_cgi.c:528]--buf = {
    "token": "41dc80dd6cfe88a28e0aa553c403e3dc",
    "user": "kevin"
}

[2017-07-22 21:30:40]--[src_cgi/myfiles_cgi.c:164]--select count from user_file_count where user="kevin" 操作失败
[2017-07-22 21:30:40]--[src_cgi/myfiles_cgi.c:176]--line = 0
[2017-07-22 21:30:47]--[src_cgi/myfiles_cgi.c:496]--cmd = count
[2017-07-22 21:30:47]--[src_cgi/myfiles_cgi.c:528]--buf = {
    "token": "41dc80dd6cfe88a28e0aa553c403e3dc",
    "user": "kevin"
}

[2017-07-22 21:30:47]--[src_cgi/myfiles_cgi.c:176]--line = 1
[2017-07-22 21:30:47]--[src_cgi/myfiles_cgi.c:496]--cmd = normal
[2017-07-22 21:30:47]--[src_cgi/myfiles_cgi.c:528]--buf = {
    "count": 1,
    "start": 0,
    "token": "41dc80dd6cfe88a28e0aa553c403e3dc",
    "user": "kevin"
}

[2017-07-22 21:30:47]--[src_cgi/myfiles_cgi.c:548]--user = kevin, token = 41dc80dd6cfe88a28e0aa553c403e3dc, start = 0, count = 1
[2017-07-22 21:30:47]--[src_cgi/myfiles_cgi.c:306]--select user_file_list.*, file_info.url, file_info.size, file_info.type from file_info, user_file_list where user = 'kevin' and file_info.md5 = user_file_list.md5 limit 0, 1 在操作
[2017-07-22 21:30:48]--[src_cgi/myfiles_cgi.c:428]--{
	"files":	[{
			"user":	"kevin",
			"md5":	"bdf3bf1da3405725be763540d6601144",
			"time":	"2017-07-22 21:30:43",
			"filename":	"Hydrangeas.jpg",
			"share_status":	0,
			"pv":	0,
			"url":	"http://192.168.1.25:80/group1/M00/00/00/wKgBGVl0JnOARuMeAAkVVGMybN8679.jpg",
			"size":	595284,
			"type":	"jpg"
		}]
}
[2017-07-22 21:31:56]--[src_cgi/myfiles_cgi.c:496]--cmd = count
[2017-07-22 21:31:56]--[src_cgi/myfiles_cgi.c:528]--buf = {
    "token": "41dc80dd6cfe88a28e0aa553c403e3dc",
    "user": "kevin"
}

[2017-07-22 21:31:56]--[src_cgi/myfiles_cgi.c:176]--line = 1
[2017-07-22 21:31:57]--[src_cgi/myfiles_cgi.c:496]--cmd = normal
[2017-07-22 21:31:57]--[src_cgi/myfiles_cgi.c:528]--buf = {
    "count": 1,
    "start": 0,
    "token": "41dc80dd6cfe88a28e0aa553c403e3dc",
    "user": "kevin"
}

[2017-07-22 21:31:57]--[src_cgi/myfiles_cgi.c:548]--user = kevin, token = 41dc80dd6cfe88a28e0aa553c403e3dc, start = 0, count = 1
[2017-07-22 21:31:57]--[src_cgi/myfiles_cgi.c:306]--select user_file_list.*, file_info.url, file_info.size, file_info.type from file_info, user_file_list where user = 'kevin' and file_info.md5 = user_file_list.md5 limit 0, 1 在操作
[2017-07-22 21:31:57]--[src_cgi/myfiles_cgi.c:428]--{
	"files":	[{
			"user":	"kevin",
			"md5":	"bdf3bf1da3405725be763540d6601144",
			"time":	"2017-07-22 21:30:43",
			"filename":	"Hydrangeas.jpg",
			"share_status":	0,
			"pv":	1,
			"url":	"http://192.168.1.25:80/group1/M00/00/00/wKgBGVl0JnOARuMeAAkVVGMybN8679.jpg",
			"size":	595284,
			"type":	"jpg"
		}]
}
[2017-07-22 21:32:07]--[src_cgi/myfiles_cgi.c:496]--cmd = count
[2017-07-22 21:32:07]--[src_cgi/myfiles_cgi.c:528]--buf = {
    "token": "41dc80dd6cfe88a28e0aa553c403e3dc",
    "user": "kevin"
}

[2017-07-22 21:32:07]--[src_cgi/myfiles_cgi.c:176]--line = 2
[2017-07-22 21:32:07]--[src_cgi/myfiles_cgi.c:496]--cmd = normal
[2017-07-22 21:32:07]--[src_cgi/myfiles_cgi.c:528]--buf = {
    "count": 2,
    "start": 0,
    "token": "41dc80dd6cfe88a28e0aa553c403e3dc",
    "user": "kevin"
}

[2017-07-22 21:32:07]--[src_cgi/myfiles_cgi.c:548]--user = kevin, token = 41dc80dd6cfe88a28e0aa553c403e3dc, start = 0, count = 2
[2017-07-22 21:32:07]--[src_cgi/myfiles_cgi.c:306]--select user_file_list.*, file_info.url, file_info.size, file_info.type from file_info, user_file_list where user = 'kevin' and file_info.md5 = user_file_list.md5 limit 0, 2 在操作
[2017-07-22 21:32:07]--[src_cgi/myfiles_cgi.c:428]--{
	"files":	[{
			"user":	"kevin",
			"md5":	"bdf3bf1da3405725be763540d6601144",
			"time":	"2017-07-22 21:30:43",
			"filename":	"Hydrangeas.jpg",
			"share_status":	0,
			"pv":	1,
			"url":	"http://192.168.1.25:80/group1/M00/00/00/wKgBGVl0JnOARuMeAAkVVGMybN8679.jpg",
			"size":	595284,
			"type":	"jpg"
		}, {
			"user":	"kevin",
			"md5":	"bdf3bf1da3405725be763540d6601144",
			"time":	"2017-07-22 21:32:02",
			"filename":	"苏丙榅.jpg",
			"share_status":	0,
			"pv":	0,
			"url":	"http://192.168.1.25:80/group1/M00/00/00/wKgBGVl0JnOARuMeAAkVVGMybN8679.jpg",
			"size":	595284,
			"type":	"jpg"
		}]
}
[2017-07-22 21:39:37]--[src_cgi/myfiles_cgi.c:496]--cmd = count
[2017-07-22 21:39:37]--[src_cgi/myfiles_cgi.c:528]--buf = {
    "token": "41dc80dd6cfe88a28e0aa553c403e3dc",
    "user": "kevin"
}

[2017-07-22 21:39:37]--[src_cgi/myfiles_cgi.c:176]--line = 6
[2017-07-22 21:39:37]--[src_cgi/myfiles_cgi.c:496]--cmd = normal
[2017-07-22 21:39:37]--[src_cgi/myfiles_cgi.c:528]--buf = {
    "count": 6,
    "start": 0,
    "token": "41dc80dd6cfe88a28e0aa553c403e3dc",
    "user": "kevin"
}

[2017-07-22 21:39:37]--[src_cgi/myfiles_cgi.c:548]--user = kevin, token = 41dc80dd6cfe88a28e0aa553c403e3dc, start = 0, count = 6
[2017-07-22 21:39:37]--[src_cgi/myfiles_cgi.c:306]--select user_file_list.*, file_info.url, file_info.size, file_info.type from file_info, user_file_list where user = 'kevin' and file_info.md5 = user_file_list.md5 limit 0, 6 在操作
[2017-07-22 21:39:37]--[src_cgi/myfiles_cgi.c:428]--{
	"files":	[{
			"user":	"kevin",
			"md5":	"bdf3bf1da3405725be763540d6601144",
			"time":	"2017-07-22 21:30:43",
			"filename":	"Hydrangeas.jpg",
			"share_status":	0,
			"pv":	1,
			"url":	"http://192.168.1.25:80/group1/M00/00/00/wKgBGVl0JnOARuMeAAkVVGMybN8679.jpg",
			"size":	595284,
			"type":	"jpg"
		}, {
			"user":	"kevin",
			"md5":	"bdf3bf1da3405725be763540d6601144",
			"time":	"2017-07-22 21:32:02",
			"filename":	"苏丙榅.jpg",
			"share_status":	0,
			"pv":	0,
			"url":	"http://192.168.1.25:80/group1/M00/00/00/wKgBGVl0JnOARuMeAAkVVGMybN8679.jpg",
			"size":	595284,
			"type":	"jpg"
		}, {
			"user":	"kevin",
			"md5":	"833e4e47bde2c682be3fbfef5655d8ba",
			"time":	"2017-07-22 21:38:21",
			"filename":	"heart.png",
			"share_status":	0,
			"pv":	0,
			"url":	"http://192.168.1.25:80/group1/M00/00/00/wKgBGVl0KD2AS-HnAACdx3VQYOM670.png",
			"size":	40391,
			"type":	"png"
		}, {
			"user":	"kevin",
			"md5":	"066aadc61cf843932c81a4b71d112ee0",
			"time":	"2017-07-22 21:38:22",
			"filename":	"loveLian.jpg",
			"share_status":	0,
			"pv":	0,
			"url":	"http://192.168.1.25:80/group1/M00/00/00/wKgBGVl0KD6AfWzOAAGWaAy0O0g421.jpg",
			"size":	104040,
			"type":	"jpg"
		}, {
			"user":	"kevin",
			"md5":	"ab14bc510d2b3d3d9bf793a2ba87b279",
			"time":	"2017-07-22 21:38:23",
			"filename":	"Luffy.png",
			"share_status":	0,
			"pv":	0,
			"url":	"http://192.168.1.25:80/group1/M00/00/00/wKgBGVl0KD-AHTIuAADPFapmvGY606.png",
			"size":	53013,
			"type":	"png"
		}, {
			"user":	"kevin",
			"md5":	"5488627bbaf0e7fadac1283b8b52967a",
			"time":	"2017-07-22 21:38:24",
			"filename":	"LuffyQ.png",
			"share_status":	0,
			"pv":	0,
			"url":	"http://192.168.1.25:80/group1/M00/00/00/wKgBGVl0KECAf999AABB715331M774.png",
			"size":	16879,
			"type":	"png"
		}]
}
[2017-07-22 21:42:42]--[src_cgi/myfiles_cgi.c:496]--cmd = count
[2017-07-22 21:42:42]--[src_cgi/myfiles_cgi.c:528]--buf = {
    "token": "666d18eee225fd78f4b70fb192f5beba",
    "user": "kevin"
}

[2017-07-22 21:42:42]--[src_cgi/myfiles_cgi.c:176]--line = 6
[2017-07-22 21:42:42]--[src_cgi/myfiles_cgi.c:496]--cmd = normal
[2017-07-22 21:42:42]--[src_cgi/myfiles_cgi.c:528]--buf = {
    "count": 6,
    "start": 0,
    "token": "666d18eee225fd78f4b70fb192f5beba",
    "user": "kevin"
}

[2017-07-22 21:42:42]--[src_cgi/myfiles_cgi.c:548]--user = kevin, token = 666d18eee225fd78f4b70fb192f5beba, start = 0, count = 6
[2017-07-22 21:42:42]--[src_cgi/myfiles_cgi.c:306]--select user_file_list.*, file_info.url, file_info.size, file_info.type from file_info, user_file_list where user = 'kevin' and file_info.md5 = user_file_list.md5 limit 0, 6 在操作
[2017-07-22 21:42:42]--[src_cgi/myfiles_cgi.c:428]--{
	"files":	[{
			"user":	"kevin",
			"md5":	"bdf3bf1da3405725be763540d6601144",
			"time":	"2017-07-22 21:30:43",
			"filename":	"Hydrangeas.jpg",
			"share_status":	0,
			"pv":	1,
			"url":	"http://192.168.1.25:80/group1/M00/00/00/wKgBGVl0JnOARuMeAAkVVGMybN8679.jpg",
			"size":	595284,
			"type":	"jpg"
		}, {
			"user":	"kevin",
			"md5":	"bdf3bf1da3405725be763540d6601144",
			"time":	"2017-07-22 21:32:02",
			"filename":	"苏丙榅.jpg",
			"share_status":	0,
			"pv":	0,
			"url":	"http://192.168.1.25:80/group1/M00/00/00/wKgBGVl0JnOARuMeAAkVVGMybN8679.jpg",
			"size":	595284,
			"type":	"jpg"
		}, {
			"user":	"kevin",
			"md5":	"833e4e47bde2c682be3fbfef5655d8ba",
			"time":	"2017-07-22 21:38:21",
			"filename":	"heart.png",
			"share_status":	0,
			"pv":	0,
			"url":	"http://192.168.1.25:80/group1/M00/00/00/wKgBGVl0KD2AS-HnAACdx3VQYOM670.png",
			"size":	40391,
			"type":	"png"
		}, {
			"user":	"kevin",
			"md5":	"066aadc61cf843932c81a4b71d112ee0",
			"time":	"2017-07-22 21:38:22",
			"filename":	"loveLian.jpg",
			"share_status":	0,
			"pv":	0,
			"url":	"http://192.168.1.25:80/group1/M00/00/00/wKgBGVl0KD6AfWzOAAGWaAy0O0g421.jpg",
			"size":	104040,
			"type":	"jpg"
		}, {
			"user":	"kevin",
			"md5":	"ab14bc510d2b3d3d9bf793a2ba87b279",
			"time":	"2017-07-22 21:38:23",
			"filename":	"Luffy.png",
			"share_status":	0,
			"pv":	0,
			"url":	"http://192.168.1.25:80/group1/M00/00/00/wKgBGVl0KD-AHTIuAADPFapmvGY606.png",
			"size":	53013,
			"type":	"png"
		}, {
			"user":	"kevin",
			"md5":	"5488627bbaf0e7fadac1283b8b52967a",
			"time":	"2017-07-22 21:38:24",
			"filename":	"LuffyQ.png",
			"share_status":	0,
			"pv":	0,
			"url":	"http://192.168.1.25:80/group1/M00/00/00/wKgBGVl0KECAf999AABB715331M774.png",
			"size":	16879,
			"type":	"png"
		}]
}
[2017-07-22 21:47:05]--[src_cgi/myfiles_cgi.c:496]--cmd = count
[2017-07-22 21:47:05]--[src_cgi/myfiles_cgi.c:528]--buf = {
    "token": "96ff7c301228bebbea57fa2dc1ce0490",
    "user": "kevin"
}

[2017-07-22 21:47:05]--[src_cgi/myfiles_cgi.c:176]--line = 6
[2017-07-22 21:47:05]--[src_cgi/myfiles_cgi.c:496]--cmd = normal
[2017-07-22 21:47:05]--[src_cgi/myfiles_cgi.c:528]--buf = {
    "count": 6,
    "start": 0,
    "token": "96ff7c301228bebbea57fa2dc1ce0490",
    "user": "kevin"
}

[2017-07-22 21:47:05]--[src_cgi/myfiles_cgi.c:548]--user = kevin, token = 96ff7c301228bebbea57fa2dc1ce0490, start = 0, count = 6
[2017-07-22 21:47:05]--[src_cgi/myfiles_cgi.c:306]--select user_file_list.*, file_info.url, file_info.size, file_info.type from file_info, user_file_list where user = 'kevin' and file_info.md5 = user_file_list.md5 limit 0, 6 在操作
[2017-07-22 21:47:05]--[src_cgi/myfiles_cgi.c:428]--{
	"files":	[{
			"user":	"kevin",
			"md5":	"bdf3bf1da3405725be763540d6601144",
			"time":	"2017-07-22 21:30:43",
			"filename":	"Hydrangeas.jpg",
			"share_status":	0,
			"pv":	1,
			"url":	"http://192.168.1.25:80/group1/M00/00/00/wKgBGVl0JnOARuMeAAkVVGMybN8679.jpg",
			"size":	595284,
			"type":	"jpg"
		}, {
			"user":	"kevin",
			"md5":	"bdf3bf1da3405725be763540d6601144",
			"time":	"2017-07-22 21:32:02",
			"filename":	"苏丙榅.jpg",
			"share_status":	0,
			"pv":	0,
			"url":	"http://192.168.1.25:80/group1/M00/00/00/wKgBGVl0JnOARuMeAAkVVGMybN8679.jpg",
			"size":	595284,
			"type":	"jpg"
		}, {
			"user":	"kevin",
			"md5":	"833e4e47bde2c682be3fbfef5655d8ba",
			"time":	"2017-07-22 21:38:21",
			"filename":	"heart.png",
			"share_status":	0,
			"pv":	0,
			"url":	"http://192.168.1.25:80/group1/M00/00/00/wKgBGVl0KD2AS-HnAACdx3VQYOM670.png",
			"size":	40391,
			"type":	"png"
		}, {
			"user":	"kevin",
			"md5":	"066aadc61cf843932c81a4b71d112ee0",
			"time":	"2017-07-22 21:38:22",
			"filename":	"loveLian.jpg",
			"share_status":	0,
			"pv":	0,
			"url":	"http://192.168.1.25:80/group1/M00/00/00/wKgBGVl0KD6AfWzOAAGWaAy0O0g421.jpg",
			"size":	104040,
			"type":	"jpg"
		}, {
			"user":	"kevin",
			"md5":	"ab14bc510d2b3d3d9bf793a2ba87b279",
			"time":	"2017-07-22 21:38:23",
			"filename":	"Luffy.png",
			"share_status":	0,
			"pv":	0,
			"url":	"http://192.168.1.25:80/group1/M00/00/00/wKgBGVl0KD-AHTIuAADPFapmvGY606.png",
			"size":	53013,
			"type":	"png"
		}, {
			"user":	"kevin",
			"md5":	"5488627bbaf0e7fadac1283b8b52967a",
			"time":	"2017-07-22 21:38:24",
			"filename":	"LuffyQ.png",
			"share_status":	0,
			"pv":	0,
			"url":	"http://192.168.1.25:80/group1/M00/00/00/wKgBGVl0KECAf999AABB715331M774.png",
			"size":	16879,
			"type":	"png"
		}]
}
[2017-07-22 21:47:18]--[src_cgi/myfiles_cgi.c:496]--cmd = count
[2017-07-22 21:47:18]--[src_cgi/myfiles_cgi.c:528]--buf = {
    "token": "96ff7c301228bebbea57fa2dc1ce0490",
    "user": "kevin"
}

[2017-07-22 21:47:18]--[src_cgi/myfiles_cgi.c:176]--line = 7
[2017-07-22 21:47:18]--[src_cgi/myfiles_cgi.c:496]--cmd = normal
[2017-07-22 21:47:18]--[src_cgi/myfiles_cgi.c:528]--buf = {
    "count": 7,
    "start": 0,
    "token": "96ff7c301228bebbea57fa2dc1ce0490",
    "user": "kevin"
}

[2017-07-22 21:47:18]--[src_cgi/myfiles_cgi.c:548]--user = kevin, token = 96ff7c301228bebbea57fa2dc1ce0490, start = 0, count = 7
[2017-07-22 21:47:18]--[src_cgi/myfiles_cgi.c:306]--select user_file_list.*, file_info.url, file_info.size, file_info.type from file_info, user_file_list where user = 'kevin' and file_info.md5 = user_file_list.md5 limit 0, 7 在操作
[2017-07-22 21:47:18]--[src_cgi/myfiles_cgi.c:428]--{
	"files":	[{
			"user":	"kevin",
			"md5":	"bdf3bf1da3405725be763540d6601144",
			"time":	"2017-07-22 21:30:43",
			"filename":	"Hydrangeas.jpg",
			"share_status":	0,
			"pv":	1,
			"url":	"http://192.168.1.25:80/group1/M00/00/00/wKgBGVl0JnOARuMeAAkVVGMybN8679.jpg",
			"size":	595284,
			"type":	"jpg"
		}, {
			"user":	"kevin",
			"md5":	"bdf3bf1da3405725be763540d6601144",
			"time":	"2017-07-22 21:32:02",
			"filename":	"苏丙榅.jpg",
			"share_status":	0,
			"pv":	0,
			"url":	"http://192.168.1.25:80/group1/M00/00/00/wKgBGVl0JnOARuMeAAkVVGMybN8679.jpg",
			"size":	595284,
			"type":	"jpg"
		}, {
			"user":	"kevin",
			"md5":	"833e4e47bde2c682be3fbfef5655d8ba",
			"time":	"2017-07-22 21:38:21",
			"filename":	"heart.png",
			"share_status":	0,
			"pv":	0,
			"url":	"http://192.168.1.25:80/group1/M00/00/00/wKgBGVl0KD2AS-HnAACdx3VQYOM670.png",
			"size":	40391,
			"type":	"png"
		}, {
			"user":	"kevin",
			"md5":	"066aadc61cf843932c81a4b71d112ee0",
			"time":	"2017-07-22 21:38:22",
			"filename":	"loveLian.jpg",
			"share_status":	0,
			"pv":	0,
			"url":	"http://192.168.1.25:80/group1/M00/00/00/wKgBGVl0KD6AfWzOAAGWaAy0O0g421.jpg",
			"size":	104040,
			"type":	"jpg"
		}, {
			"user":	"kevin",
			"md5":	"ab14bc510d2b3d3d9bf793a2ba87b279",
			"time":	"2017-07-22 21:38:23",
			"filename":	"Luffy.png",
			"share_status":	0,
			"pv":	0,
			"url":	"http://192.168.1.25:80/group1/M00/00/00/wKgBGVl0KD-AHTIuAADPFapmvGY606.png",
			"size":	53013,
			"type":	"png"
		}, {
			"user":	"kevin",
			"md5":	"5488627bbaf0e7fadac1283b8b52967a",
			"time":	"2017-07-22 21:38:24",
			"filename":	"LuffyQ.png",
			"share_status":	0,
			"pv":	0,
			"url":	"http://192.168.1.25:80/group1/M00/00/00/wKgBGVl0KECAf999AABB715331M774.png",
			"size":	16879,
			"type":	"png"
		}, {
			"user":	"kevin",
			"md5":	"9d377b10ce778c4938b3c7e2c63a229a",
			"time":	"2017-07-22 21:47:14",
			"filename":	"Penguins.jpg",
			"share_status":	0,
			"pv":	0,
			"url":	"http://192.168.1.25:80/group1/M00/00/00/wKgBGVl0KlKAByWJAAvea_OGt2M935.jpg",
			"size":	777835,
			"type":	"jpg"
		}]
}
[2017-07-22 22:03:57]--[src_cgi/myfiles_cgi.c:496]--cmd = count
[2017-07-22 22:03:57]--[src_cgi/myfiles_cgi.c:528]--buf = {
    "token": "23dc8b1b215cbff6446de71a52e9d8b9",
    "user": "kevin"
}

[2017-07-22 22:03:57]--[src_cgi/myfiles_cgi.c:176]--line = 8
[2017-07-22 22:03:58]--[src_cgi/myfiles_cgi.c:496]--cmd = normal
[2017-07-22 22:03:58]--[src_cgi/myfiles_cgi.c:528]--buf = {
    "count": 8,
    "start": 0,
    "token": "23dc8b1b215cbff6446de71a52e9d8b9",
    "user": "kevin"
}

[2017-07-22 22:03:58]--[src_cgi/myfiles_cgi.c:548]--user = kevin, token = 23dc8b1b215cbff6446de71a52e9d8b9, start = 0, count = 8
[2017-07-22 22:03:58]--[src_cgi/myfiles_cgi.c:306]--select user_file_list.*, file_info.url, file_info.size, file_info.type from file_info, user_file_list where user = 'kevin' and file_info.md5 = user_file_list.md5 limit 0, 8 在操作
[2017-07-22 22:03:58]--[src_cgi/myfiles_cgi.c:428]--{
	"files":	[{
			"user":	"kevin",
			"md5":	"bdf3bf1da3405725be763540d6601144",
			"time":	"2017-07-22 21:30:43",
			"filename":	"Hydrangeas.jpg",
			"share_status":	0,
			"pv":	1,
			"url":	"http://192.168.1.25:80/group1/M00/00/00/wKgBGVl0JnOARuMeAAkVVGMybN8679.jpg",
			"size":	595284,
			"type":	"jpg"
		}, {
			"user":	"kevin",
			"md5":	"bdf3bf1da3405725be763540d6601144",
			"time":	"2017-07-22 21:32:02",
			"filename":	"苏丙榅.jpg",
			"share_status":	0,
			"pv":	0,
			"url":	"http://192.168.1.25:80/group1/M00/00/00/wKgBGVl0JnOARuMeAAkVVGMybN8679.jpg",
			"size":	595284,
			"type":	"jpg"
		}, {
			"user":	"kevin",
			"md5":	"833e4e47bde2c682be3fbfef5655d8ba",
			"time":	"2017-07-22 21:38:21",
			"filename":	"heart.png",
			"share_status":	0,
			"pv":	0,
			"url":	"http://192.168.1.25:80/group1/M00/00/00/wKgBGVl0KD2AS-HnAACdx3VQYOM670.png",
			"size":	40391,
			"type":	"png"
		}, {
			"user":	"kevin",
			"md5":	"066aadc61cf843932c81a4b71d112ee0",
			"time":	"2017-07-22 21:38:22",
			"filename":	"loveLian.jpg",
			"share_status":	0,
			"pv":	0,
			"url":	"http://192.168.1.25:80/group1/M00/00/00/wKgBGVl0KD6AfWzOAAGWaAy0O0g421.jpg",
			"size":	104040,
			"type":	"jpg"
		}, {
			"user":	"kevin",
			"md5":	"ab14bc510d2b3d3d9bf793a2ba87b279",
			"time":	"2017-07-22 21:38:23",
			"filename":	"Luffy.png",
			"share_status":	0,
			"pv":	0,
			"url":	"http://192.168.1.25:80/group1/M00/00/00/wKgBGVl0KD-AHTIuAADPFapmvGY606.png",
			"size":	53013,
			"type":	"png"
		}, {
			"user":	"kevin",
			"md5":	"5488627bbaf0e7fadac1283b8b52967a",
			"time":	"2017-07-22 21:38:24",
			"filename":	"LuffyQ.png",
			"share_status":	0,
			"pv":	0,
			"url":	"http://192.168.1.25:80/group1/M00/00/00/wKgBGVl0KECAf999AABB715331M774.png",
			"size":	16879,
			"type":	"png"
		}, {
			"user":	"kevin",
			"md5":	"9d377b10ce778c4938b3c7e2c63a229a",
			"time":	"2017-07-22 21:47:14",
			"filename":	"Penguins.jpg",
			"share_status":	0,
			"pv":	0,
			"url":	"http://192.168.1.25:80/group1/M00/00/00/wKgBGVl0KlKAByWJAAvea_OGt2M935.jpg",
			"size":	777835,
			"type":	"jpg"
		}, {
			"user":	"kevin",
			"md5":	"b80a1a34f1f1379d4ccc4531731e2590",
			"time":	"2017-07-22 21:47:26",
			"filename":	"mario.gif",
			"share_status":	0,
			"pv":	0,
			"url":	"http://192.168.1.25:80/group1/M00/00/00/wKgBGVl0Kl6AXrmhABYEYqc6WgA774.gif",
			"size":	1442914,
			"type":	"gif"
		}]
}
[2017-07-22 22:04:23]--[src_cgi/myfiles_cgi.c:496]--cmd = count
[2017-07-22 22:04:23]--[src_cgi/myfiles_cgi.c:528]--buf = {
    "token": "23dc8b1b215cbff6446de71a52e9d8b9",
    "user": "kevin"
}

[2017-07-22 22:04:23]--[src_cgi/myfiles_cgi.c:176]--line = 9
[2017-07-22 22:04:23]--[src_cgi/myfiles_cgi.c:496]--cmd = normal
[2017-07-22 22:04:23]--[src_cgi/myfiles_cgi.c:528]--buf = {
    "count": 9,
    "start": 0,
    "token": "23dc8b1b215cbff6446de71a52e9d8b9",
    "user": "kevin"
}

[2017-07-22 22:04:23]--[src_cgi/myfiles_cgi.c:548]--user = kevin, token = 23dc8b1b215cbff6446de71a52e9d8b9, start = 0, count = 9
[2017-07-22 22:04:23]--[src_cgi/myfiles_cgi.c:306]--select user_file_list.*, file_info.url, file_info.size, file_info.type from file_info, user_file_list where user = 'kevin' and file_info.md5 = user_file_list.md5 limit 0, 9 在操作
[2017-07-22 22:04:23]--[src_cgi/myfiles_cgi.c:428]--{
	"files":	[{
			"user":	"kevin",
			"md5":	"bdf3bf1da3405725be763540d6601144",
			"time":	"2017-07-22 21:30:43",
			"filename":	"Hydrangeas.jpg",
			"share_status":	0,
			"pv":	1,
			"url":	"http://192.168.1.25:80/group1/M00/00/00/wKgBGVl0JnOARuMeAAkVVGMybN8679.jpg",
			"size":	595284,
			"type":	"jpg"
		}, {
			"user":	"kevin",
			"md5":	"bdf3bf1da3405725be763540d6601144",
			"time":	"2017-07-22 21:32:02",
			"filename":	"苏丙榅.jpg",
			"share_status":	0,
			"pv":	0,
			"url":	"http://192.168.1.25:80/group1/M00/00/00/wKgBGVl0JnOARuMeAAkVVGMybN8679.jpg",
			"size":	595284,
			"type":	"jpg"
		}, {
			"user":	"kevin",
			"md5":	"833e4e47bde2c682be3fbfef5655d8ba",
			"time":	"2017-07-22 21:38:21",
			"filename":	"heart.png",
			"share_status":	0,
			"pv":	0,
			"url":	"http://192.168.1.25:80/group1/M00/00/00/wKgBGVl0KD2AS-HnAACdx3VQYOM670.png",
			"size":	40391,
			"type":	"png"
		}, {
			"user":	"kevin",
			"md5":	"066aadc61cf843932c81a4b71d112ee0",
			"time":	"2017-07-22 21:38:22",
			"filename":	"loveLian.jpg",
			"share_status":	0,
			"pv":	0,
			"url":	"http://192.168.1.25:80/group1/M00/00/00/wKgBGVl0KD6AfWzOAAGWaAy0O0g421.jpg",
			"size":	104040,
			"type":	"jpg"
		}, {
			"user":	"kevin",
			"md5":	"ab14bc510d2b3d3d9bf793a2ba87b279",
			"time":	"2017-07-22 21:38:23",
			"filename":	"Luffy.png",
			"share_status":	0,
			"pv":	0,
			"url":	"http://192.168.1.25:80/group1/M00/00/00/wKgBGVl0KD-AHTIuAADPFapmvGY606.png",
			"size":	53013,
			"type":	"png"
		}, {
			"user":	"kevin",
			"md5":	"5488627bbaf0e7fadac1283b8b52967a",
			"time":	"2017-07-22 21:38:24",
			"filename":	"LuffyQ.png",
			"share_status":	0,
			"pv":	0,
			"url":	"http://192.168.1.25:80/group1/M00/00/00/wKgBGVl0KECAf999AABB715331M774.png",
			"size":	16879,
			"type":	"png"
		}, {
			"user":	"kevin",
			"md5":	"9d377b10ce778c4938b3c7e2c63a229a",
			"time":	"2017-07-22 21:47:14",
			"filename":	"Penguins.jpg",
			"share_status":	0,
			"pv":	0,
			"url":	"http://192.168.1.25:80/group1/M00/00/00/wKgBGVl0KlKAByWJAAvea_OGt2M935.jpg",
			"size":	777835,
			"type":	"jpg"
		}, {
			"user":	"kevin",
			"md5":	"b80a1a34f1f1379d4ccc4531731e2590",
			"time":	"2017-07-22 21:47:26",
			"filename":	"mario.gif",
			"share_status":	0,
			"pv":	0,
			"url":	"http://192.168.1.25:80/group1/M00/00/00/wKgBGVl0Kl6AXrmhABYEYqc6WgA774.gif",
			"size":	1442914,
			"type":	"gif"
		}, {
			"user":	"kevin",
			"md5":	"0b63aa35e4db05646d5b4495ba1ada6e",
			"time":	"2017-07-22 22:04:17",
			"filename":	"报告龙王，敌人来了.jpg",
			"share_status":	0,
			"pv":	0,
			"url":	"http://192.168.1.25:80/group1/M00/00/00/wKgBGVl0LlGAdklHAAR9Bw2MgLQ595.jpg",
			"size":	294151,
			"type":	"jpg"
		}]
}
