[2017-07-16 09:59:12]--[src_cgi/myfiles_cgi.c:40]--mysql:[user=root,pwd=root,database=cloud_disk][2017-07-16 10:00:36]--[src_cgi/myfiles_cgi.c:40]--mysql:[user=root,pwd=root,database=cloud_disk][2017-07-16 10:08:28]--[src_cgi/myfiles_cgi.c:40]--mysql:[user=root,pwd=root,database=cloud_disk][2017-07-16 10:59:30]--[src_cgi/myfiles_cgi.c:40]--mysql:[user=root,pwd=root,database=cloud_disk][2017-07-16 14:29:43]--[src_cgi/myfiles_cgi.c:40]--mysql:[user=root,pwd=root,database=cloud_disk][2017-07-16 15:42:37]--[src_cgi/myfiles_cgi.c:40]--mysql:[user=root,pwd=root,database=cloud_disk][2017-07-16 00:43:17]--[src_cgi/myfiles_cgi.c:496]--cmd = count
[2017-07-16 00:43:17]--[src_cgi/myfiles_cgi.c:528]--buf = {
    "token": "066e775242d542d0e8bbd010ce7e8ffe",
    "user": "kevin"
}

[2017-07-16 00:43:17]--[src_cgi/myfiles_cgi.c:176]--line = 9
[2017-07-16 00:43:17]--[src_cgi/myfiles_cgi.c:496]--cmd = normal
[2017-07-16 00:43:17]--[src_cgi/myfiles_cgi.c:528]--buf = {
    "count": 9,
    "start": 0,
    "token": "066e775242d542d0e8bbd010ce7e8ffe",
    "user": "kevin"
}

[2017-07-16 00:43:17]--[src_cgi/myfiles_cgi.c:548]--user = kevin, token = 066e775242d542d0e8bbd010ce7e8ffe, start = 0, count = 9
[2017-07-16 00:43:17]--[src_cgi/myfiles_cgi.c:306]--select user_file_list.*, file_info.url, file_info.size, file_info.type from file_info, user_file_list where user = 'kevin' and file_info.md5 = user_file_list.md5 limit 0, 9 在操作
[2017-07-16 00:43:17]--[src_cgi/myfiles_cgi.c:428]--{
	"files":	[{
			"user":	"kevin",
			"md5":	"e5c452a06e06da6edbdd9c0e27f9fe8a",
			"time":	"2017-07-12 08:39:05",
			"filename":	"a.png",
			"share_status":	0,
			"pv":	1,
			"url":	"http://192.168.1.22:80/group1/M00/00/00/wKgBFllmQpmAWvTYAADOHLnjxXg240.png",
			"size":	52764,
			"type":	"png"
		}, {
			"user":	"kevin",
			"md5":	"9d377b10ce778c4938b3c7e2c63a229a",
			"time":	"2017-07-13 02:42:14",
			"filename":	"Penguins.jpg",
			"share_status":	1,
			"pv":	4,
			"url":	"http://192.168.1.22:80/group1/M00/00/00/wKgBFllnQHaAfkYpAAvea_OGt2M232.jpg",
			"size":	777835,
			"type":	"jpg"
		}, {
			"user":	"kevin",
			"md5":	"ba45c8f60456a672e003a875e469d0eb",
			"time":	"2017-07-13 10:40:01",
			"filename":	"Desert.jpg",
			"share_status":	1,
			"pv":	1,
			"url":	"http://192.168.1.22:80/group1/M00/00/00/wKgBFllnsHGAG7NzAAzodQCbVVc189.jpg",
			"size":	845941,
			"type":	"jpg"
		}, {
			"user":	"kevin",
			"md5":	"076e3caed758a1c18c91a0e9cae3368f",
			"time":	"2017-07-13 10:40:58",
			"filename":	"Chrysanthemum.jpg",
			"share_status":	0,
			"pv":	1,
			"url":	"http://192.168.1.22:80/group1/M00/00/00/wKgBFllnsKqAETniAA1rIuRd3Es197.jpg",
			"size":	879394,
			"type":	"jpg"
		}, {
			"user":	"kevin",
			"md5":	"fafa5efeaf3cbe3b23b2748d13e629a1",
			"time":	"2017-07-13 10:55:12",
			"filename":	"Tulips.jpg",
			"share_status":	0,
			"pv":	0,
			"url":	"http://192.168.1.22:80/group1/M00/00/00/wKgBFllntACAMf2gAAl5WLU-YRY627.jpg",
			"size":	620888,
			"type":	"jpg"
		}, {
			"user":	"kevin",
			"md5":	"5a44c7ba5bbe4ec867233d67e4806848",
			"time":	"2017-07-13 19:15:37",
			"filename":	"Jellyfish.jpg",
			"share_status":	0,
			"pv":	2,
			"url":	"http://192.168.1.22:80/group1/M00/00/00/wKgBFlloKUmAMTuEAAvWFkcZHjA991.jpg",
			"size":	775702,
			"type":	"jpg"
		}, {
			"user":	"kevin",
			"md5":	"8969288f4245120e7c3870287cce0ff3",
			"time":	"2017-07-13 19:34:59",
			"filename":	"Lighthouse.jpg",
			"share_status":	0,
			"pv":	0,
			"url":	"http://192.168.1.22:80/group1/M00/00/00/wKgBFlloLdOAflK_AAiQfKHDaaQ133.jpg",
			"size":	561276,
			"type":	"jpg"
		}, {
			"user":	"kevin",
			"md5":	"bdf3bf1da3405725be763540d6601144",
			"time":	"2017-07-14 06:41:50",
			"filename":	"Hydrangeas.jpg",
			"share_status":	0,
			"pv":	0,
			"url":	"http://192.168.1.22:80/group1/M00/00/00/wKgBFllnrUKAQ2gMAAkVVGMybN8017.jpg",
			"size":	595284,
			"type":	"jpg"
		}, {
			"user":	"kevin",
			"md5":	"2b04df3ecc1d94afddff082d139c6f15",
			"time":	"2017-07-14 06:41:52",
			"filename":	"Koala.jpg",
			"share_status":	0,
			"pv":	0,
			"url":	"http://192.168.1.22:80/group1/M00/00/00/wKgBFlloyiCAG7KuAAvqH_kipG8977.jpg",
			"size":	780831,
			"type":	"jpg"
		}]
}
[2017-07-16 00:44:12]--[src_cgi/myfiles_cgi.c:496]--cmd = count
[2017-07-16 00:44:12]--[src_cgi/myfiles_cgi.c:528]--buf = {
    "token": "017cafc28bddf7d20b43a319d5b88d6f",
    "user": "kevin"
}

[2017-07-16 00:44:12]--[src_cgi/myfiles_cgi.c:176]--line = 9
[2017-07-16 00:44:12]--[src_cgi/myfiles_cgi.c:496]--cmd = normal
[2017-07-16 00:44:12]--[src_cgi/myfiles_cgi.c:528]--buf = {
    "count": 9,
    "start": 0,
    "token": "017cafc28bddf7d20b43a319d5b88d6f",
    "user": "kevin"
}

[2017-07-16 00:44:12]--[src_cgi/myfiles_cgi.c:548]--user = kevin, token = 017cafc28bddf7d20b43a319d5b88d6f, start = 0, count = 9
[2017-07-16 00:44:12]--[src_cgi/myfiles_cgi.c:306]--select user_file_list.*, file_info.url, file_info.size, file_info.type from file_info, user_file_list where user = 'kevin' and file_info.md5 = user_file_list.md5 limit 0, 9 在操作
[2017-07-16 00:44:12]--[src_cgi/myfiles_cgi.c:428]--{
	"files":	[{
			"user":	"kevin",
			"md5":	"e5c452a06e06da6edbdd9c0e27f9fe8a",
			"time":	"2017-07-12 08:39:05",
			"filename":	"a.png",
			"share_status":	0,
			"pv":	1,
			"url":	"http://192.168.1.22:80/group1/M00/00/00/wKgBFllmQpmAWvTYAADOHLnjxXg240.png",
			"size":	52764,
			"type":	"png"
		}, {
			"user":	"kevin",
			"md5":	"9d377b10ce778c4938b3c7e2c63a229a",
			"time":	"2017-07-13 02:42:14",
			"filename":	"Penguins.jpg",
			"share_status":	1,
			"pv":	4,
			"url":	"http://192.168.1.22:80/group1/M00/00/00/wKgBFllnQHaAfkYpAAvea_OGt2M232.jpg",
			"size":	777835,
			"type":	"jpg"
		}, {
			"user":	"kevin",
			"md5":	"ba45c8f60456a672e003a875e469d0eb",
			"time":	"2017-07-13 10:40:01",
			"filename":	"Desert.jpg",
			"share_status":	1,
			"pv":	1,
			"url":	"http://192.168.1.22:80/group1/M00/00/00/wKgBFllnsHGAG7NzAAzodQCbVVc189.jpg",
			"size":	845941,
			"type":	"jpg"
		}, {
			"user":	"kevin",
			"md5":	"076e3caed758a1c18c91a0e9cae3368f",
			"time":	"2017-07-13 10:40:58",
			"filename":	"Chrysanthemum.jpg",
			"share_status":	0,
			"pv":	1,
			"url":	"http://192.168.1.22:80/group1/M00/00/00/wKgBFllnsKqAETniAA1rIuRd3Es197.jpg",
			"size":	879394,
			"type":	"jpg"
		}, {
			"user":	"kevin",
			"md5":	"fafa5efeaf3cbe3b23b2748d13e629a1",
			"time":	"2017-07-13 10:55:12",
			"filename":	"Tulips.jpg",
			"share_status":	0,
			"pv":	0,
			"url":	"http://192.168.1.22:80/group1/M00/00/00/wKgBFllntACAMf2gAAl5WLU-YRY627.jpg",
			"size":	620888,
			"type":	"jpg"
		}, {
			"user":	"kevin",
			"md5":	"5a44c7ba5bbe4ec867233d67e4806848",
			"time":	"2017-07-13 19:15:37",
			"filename":	"Jellyfish.jpg",
			"share_status":	0,
			"pv":	2,
			"url":	"http://192.168.1.22:80/group1/M00/00/00/wKgBFlloKUmAMTuEAAvWFkcZHjA991.jpg",
			"size":	775702,
			"type":	"jpg"
		}, {
			"user":	"kevin",
			"md5":	"8969288f4245120e7c3870287cce0ff3",
			"time":	"2017-07-13 19:34:59",
			"filename":	"Lighthouse.jpg",
			"share_status":	0,
			"pv":	0,
			"url":	"http://192.168.1.22:80/group1/M00/00/00/wKgBFlloLdOAflK_AAiQfKHDaaQ133.jpg",
			"size":	561276,
			"type":	"jpg"
		}, {
			"user":	"kevin",
			"md5":	"bdf3bf1da3405725be763540d6601144",
			"time":	"2017-07-14 06:41:50",
			"filename":	"Hydrangeas.jpg",
			"share_status":	0,
			"pv":	0,
			"url":	"http://192.168.1.22:80/group1/M00/00/00/wKgBFllnrUKAQ2gMAAkVVGMybN8017.jpg",
			"size":	595284,
			"type":	"jpg"
		}, {
			"user":	"kevin",
			"md5":	"2b04df3ecc1d94afddff082d139c6f15",
			"time":	"2017-07-14 06:41:52",
			"filename":	"Koala.jpg",
			"share_status":	0,
			"pv":	0,
			"url":	"http://192.168.1.22:80/group1/M00/00/00/wKgBFlloyiCAG7KuAAvqH_kipG8977.jpg",
			"size":	780831,
			"type":	"jpg"
		}]
}
[2017-07-16 00:44:18]--[src_cgi/myfiles_cgi.c:496]--cmd = count
[2017-07-16 00:44:18]--[src_cgi/myfiles_cgi.c:528]--buf = {
    "token": "fb21ba585fcdfda89c395b58f9cd0dcf",
    "user": "kevin"
}

[2017-07-16 00:44:18]--[src_cgi/myfiles_cgi.c:176]--line = 9
[2017-07-16 00:44:18]--[src_cgi/myfiles_cgi.c:496]--cmd = normal
[2017-07-16 00:44:18]--[src_cgi/myfiles_cgi.c:528]--buf = {
    "count": 9,
    "start": 0,
    "token": "fb21ba585fcdfda89c395b58f9cd0dcf",
    "user": "kevin"
}

[2017-07-16 00:44:18]--[src_cgi/myfiles_cgi.c:548]--user = kevin, token = fb21ba585fcdfda89c395b58f9cd0dcf, start = 0, count = 9
[2017-07-16 00:44:18]--[src_cgi/myfiles_cgi.c:306]--select user_file_list.*, file_info.url, file_info.size, file_info.type from file_info, user_file_list where user = 'kevin' and file_info.md5 = user_file_list.md5 limit 0, 9 在操作
[2017-07-16 00:44:18]--[src_cgi/myfiles_cgi.c:428]--{
	"files":	[{
			"user":	"kevin",
			"md5":	"e5c452a06e06da6edbdd9c0e27f9fe8a",
			"time":	"2017-07-12 08:39:05",
			"filename":	"a.png",
			"share_status":	0,
			"pv":	1,
			"url":	"http://192.168.1.22:80/group1/M00/00/00/wKgBFllmQpmAWvTYAADOHLnjxXg240.png",
			"size":	52764,
			"type":	"png"
		}, {
			"user":	"kevin",
			"md5":	"9d377b10ce778c4938b3c7e2c63a229a",
			"time":	"2017-07-13 02:42:14",
			"filename":	"Penguins.jpg",
			"share_status":	1,
			"pv":	4,
			"url":	"http://192.168.1.22:80/group1/M00/00/00/wKgBFllnQHaAfkYpAAvea_OGt2M232.jpg",
			"size":	777835,
			"type":	"jpg"
		}, {
			"user":	"kevin",
			"md5":	"ba45c8f60456a672e003a875e469d0eb",
			"time":	"2017-07-13 10:40:01",
			"filename":	"Desert.jpg",
			"share_status":	1,
			"pv":	1,
			"url":	"http://192.168.1.22:80/group1/M00/00/00/wKgBFllnsHGAG7NzAAzodQCbVVc189.jpg",
			"size":	845941,
			"type":	"jpg"
		}, {
			"user":	"kevin",
			"md5":	"076e3caed758a1c18c91a0e9cae3368f",
			"time":	"2017-07-13 10:40:58",
			"filename":	"Chrysanthemum.jpg",
			"share_status":	0,
			"pv":	1,
			"url":	"http://192.168.1.22:80/group1/M00/00/00/wKgBFllnsKqAETniAA1rIuRd3Es197.jpg",
			"size":	879394,
			"type":	"jpg"
		}, {
			"user":	"kevin",
			"md5":	"fafa5efeaf3cbe3b23b2748d13e629a1",
			"time":	"2017-07-13 10:55:12",
			"filename":	"Tulips.jpg",
			"share_status":	0,
			"pv":	0,
			"url":	"http://192.168.1.22:80/group1/M00/00/00/wKgBFllntACAMf2gAAl5WLU-YRY627.jpg",
			"size":	620888,
			"type":	"jpg"
		}, {
			"user":	"kevin",
			"md5":	"5a44c7ba5bbe4ec867233d67e4806848",
			"time":	"2017-07-13 19:15:37",
			"filename":	"Jellyfish.jpg",
			"share_status":	0,
			"pv":	2,
			"url":	"http://192.168.1.22:80/group1/M00/00/00/wKgBFlloKUmAMTuEAAvWFkcZHjA991.jpg",
			"size":	775702,
			"type":	"jpg"
		}, {
			"user":	"kevin",
			"md5":	"8969288f4245120e7c3870287cce0ff3",
			"time":	"2017-07-13 19:34:59",
			"filename":	"Lighthouse.jpg",
			"share_status":	0,
			"pv":	0,
			"url":	"http://192.168.1.22:80/group1/M00/00/00/wKgBFlloLdOAflK_AAiQfKHDaaQ133.jpg",
			"size":	561276,
			"type":	"jpg"
		}, {
			"user":	"kevin",
			"md5":	"bdf3bf1da3405725be763540d6601144",
			"time":	"2017-07-14 06:41:50",
			"filename":	"Hydrangeas.jpg",
			"share_status":	0,
			"pv":	0,
			"url":	"http://192.168.1.22:80/group1/M00/00/00/wKgBFllnrUKAQ2gMAAkVVGMybN8017.jpg",
			"size":	595284,
			"type":	"jpg"
		}, {
			"user":	"kevin",
			"md5":	"2b04df3ecc1d94afddff082d139c6f15",
			"time":	"2017-07-14 06:41:52",
			"filename":	"Koala.jpg",
			"share_status":	0,
			"pv":	0,
			"url":	"http://192.168.1.22:80/group1/M00/00/00/wKgBFlloyiCAG7KuAAvqH_kipG8977.jpg",
			"size":	780831,
			"type":	"jpg"
		}]
}
[2017-07-16 23:33:06]--[src_cgi/myfiles_cgi.c:496]--cmd = count
[2017-07-16 23:33:06]--[src_cgi/myfiles_cgi.c:528]--buf = {
    "token": "64822d422a387b61e9afe662def86b99",
    "user": "kevin"
}

[2017-07-16 23:33:06]--[src_cgi/myfiles_cgi.c:176]--line = 9
[2017-07-16 23:33:06]--[src_cgi/myfiles_cgi.c:496]--cmd = normal
[2017-07-16 23:33:06]--[src_cgi/myfiles_cgi.c:528]--buf = {
    "count": 9,
    "start": 0,
    "token": "64822d422a387b61e9afe662def86b99",
    "user": "kevin"
}

[2017-07-16 23:33:06]--[src_cgi/myfiles_cgi.c:548]--user = kevin, token = 64822d422a387b61e9afe662def86b99, start = 0, count = 9
[2017-07-16 23:33:06]--[src_cgi/myfiles_cgi.c:306]--select user_file_list.*, file_info.url, file_info.size, file_info.type from file_info, user_file_list where user = 'kevin' and file_info.md5 = user_file_list.md5 limit 0, 9 在操作
[2017-07-16 23:33:06]--[src_cgi/myfiles_cgi.c:428]--{
	"files":	[{
			"user":	"kevin",
			"md5":	"e5c452a06e06da6edbdd9c0e27f9fe8a",
			"time":	"2017-07-12 08:39:05",
			"filename":	"a.png",
			"share_status":	0,
			"pv":	1,
			"url":	"http://192.168.1.22:80/group1/M00/00/00/wKgBFllmQpmAWvTYAADOHLnjxXg240.png",
			"size":	52764,
			"type":	"png"
		}, {
			"user":	"kevin",
			"md5":	"9d377b10ce778c4938b3c7e2c63a229a",
			"time":	"2017-07-13 02:42:14",
			"filename":	"Penguins.jpg",
			"share_status":	1,
			"pv":	4,
			"url":	"http://192.168.1.22:80/group1/M00/00/00/wKgBFllnQHaAfkYpAAvea_OGt2M232.jpg",
			"size":	777835,
			"type":	"jpg"
		}, {
			"user":	"kevin",
			"md5":	"ba45c8f60456a672e003a875e469d0eb",
			"time":	"2017-07-13 10:40:01",
			"filename":	"Desert.jpg",
			"share_status":	1,
			"pv":	1,
			"url":	"http://192.168.1.22:80/group1/M00/00/00/wKgBFllnsHGAG7NzAAzodQCbVVc189.jpg",
			"size":	845941,
			"type":	"jpg"
		}, {
			"user":	"kevin",
			"md5":	"076e3caed758a1c18c91a0e9cae3368f",
			"time":	"2017-07-13 10:40:58",
			"filename":	"Chrysanthemum.jpg",
			"share_status":	0,
			"pv":	1,
			"url":	"http://192.168.1.22:80/group1/M00/00/00/wKgBFllnsKqAETniAA1rIuRd3Es197.jpg",
			"size":	879394,
			"type":	"jpg"
		}, {
			"user":	"kevin",
			"md5":	"fafa5efeaf3cbe3b23b2748d13e629a1",
			"time":	"2017-07-13 10:55:12",
			"filename":	"Tulips.jpg",
			"share_status":	0,
			"pv":	0,
			"url":	"http://192.168.1.22:80/group1/M00/00/00/wKgBFllntACAMf2gAAl5WLU-YRY627.jpg",
			"size":	620888,
			"type":	"jpg"
		}, {
			"user":	"kevin",
			"md5":	"5a44c7ba5bbe4ec867233d67e4806848",
			"time":	"2017-07-13 19:15:37",
			"filename":	"Jellyfish.jpg",
			"share_status":	0,
			"pv":	2,
			"url":	"http://192.168.1.22:80/group1/M00/00/00/wKgBFlloKUmAMTuEAAvWFkcZHjA991.jpg",
			"size":	775702,
			"type":	"jpg"
		}, {
			"user":	"kevin",
			"md5":	"8969288f4245120e7c3870287cce0ff3",
			"time":	"2017-07-13 19:34:59",
			"filename":	"Lighthouse.jpg",
			"share_status":	0,
			"pv":	0,
			"url":	"http://192.168.1.22:80/group1/M00/00/00/wKgBFlloLdOAflK_AAiQfKHDaaQ133.jpg",
			"size":	561276,
			"type":	"jpg"
		}, {
			"user":	"kevin",
			"md5":	"bdf3bf1da3405725be763540d6601144",
			"time":	"2017-07-14 06:41:50",
			"filename":	"Hydrangeas.jpg",
			"share_status":	0,
			"pv":	0,
			"url":	"http://192.168.1.22:80/group1/M00/00/00/wKgBFllnrUKAQ2gMAAkVVGMybN8017.jpg",
			"size":	595284,
			"type":	"jpg"
		}, {
			"user":	"kevin",
			"md5":	"2b04df3ecc1d94afddff082d139c6f15",
			"time":	"2017-07-14 06:41:52",
			"filename":	"Koala.jpg",
			"share_status":	0,
			"pv":	0,
			"url":	"http://192.168.1.22:80/group1/M00/00/00/wKgBFlloyiCAG7KuAAvqH_kipG8977.jpg",
			"size":	780831,
			"type":	"jpg"
		}]
}
[2017-07-16 23:35:59]--[src_cgi/myfiles_cgi.c:496]--cmd = count
[2017-07-16 23:35:59]--[src_cgi/myfiles_cgi.c:528]--buf = {
    "token": "8d9e1e3ff87c6b7a823811add8cadb00",
    "user": "kevin"
}

[2017-07-16 23:35:59]--[src_cgi/myfiles_cgi.c:176]--line = 9
[2017-07-16 23:35:59]--[src_cgi/myfiles_cgi.c:496]--cmd = normal
[2017-07-16 23:35:59]--[src_cgi/myfiles_cgi.c:528]--buf = {
    "count": 9,
    "start": 0,
    "token": "8d9e1e3ff87c6b7a823811add8cadb00",
    "user": "kevin"
}

[2017-07-16 23:35:59]--[src_cgi/myfiles_cgi.c:548]--user = kevin, token = 8d9e1e3ff87c6b7a823811add8cadb00, start = 0, count = 9
[2017-07-16 23:35:59]--[src_cgi/myfiles_cgi.c:306]--select user_file_list.*, file_info.url, file_info.size, file_info.type from file_info, user_file_list where user = 'kevin' and file_info.md5 = user_file_list.md5 limit 0, 9 在操作
[2017-07-16 23:35:59]--[src_cgi/myfiles_cgi.c:428]--{
	"files":	[{
			"user":	"kevin",
			"md5":	"e5c452a06e06da6edbdd9c0e27f9fe8a",
			"time":	"2017-07-12 08:39:05",
			"filename":	"a.png",
			"share_status":	0,
			"pv":	1,
			"url":	"http://192.168.1.22:80/group1/M00/00/00/wKgBFllmQpmAWvTYAADOHLnjxXg240.png",
			"size":	52764,
			"type":	"png"
		}, {
			"user":	"kevin",
			"md5":	"9d377b10ce778c4938b3c7e2c63a229a",
			"time":	"2017-07-13 02:42:14",
			"filename":	"Penguins.jpg",
			"share_status":	1,
			"pv":	4,
			"url":	"http://192.168.1.22:80/group1/M00/00/00/wKgBFllnQHaAfkYpAAvea_OGt2M232.jpg",
			"size":	777835,
			"type":	"jpg"
		}, {
			"user":	"kevin",
			"md5":	"ba45c8f60456a672e003a875e469d0eb",
			"time":	"2017-07-13 10:40:01",
			"filename":	"Desert.jpg",
			"share_status":	1,
			"pv":	1,
			"url":	"http://192.168.1.22:80/group1/M00/00/00/wKgBFllnsHGAG7NzAAzodQCbVVc189.jpg",
			"size":	845941,
			"type":	"jpg"
		}, {
			"user":	"kevin",
			"md5":	"076e3caed758a1c18c91a0e9cae3368f",
			"time":	"2017-07-13 10:40:58",
			"filename":	"Chrysanthemum.jpg",
			"share_status":	0,
			"pv":	1,
			"url":	"http://192.168.1.22:80/group1/M00/00/00/wKgBFllnsKqAETniAA1rIuRd3Es197.jpg",
			"size":	879394,
			"type":	"jpg"
		}, {
			"user":	"kevin",
			"md5":	"fafa5efeaf3cbe3b23b2748d13e629a1",
			"time":	"2017-07-13 10:55:12",
			"filename":	"Tulips.jpg",
			"share_status":	0,
			"pv":	0,
			"url":	"http://192.168.1.22:80/group1/M00/00/00/wKgBFllntACAMf2gAAl5WLU-YRY627.jpg",
			"size":	620888,
			"type":	"jpg"
		}, {
			"user":	"kevin",
			"md5":	"5a44c7ba5bbe4ec867233d67e4806848",
			"time":	"2017-07-13 19:15:37",
			"filename":	"Jellyfish.jpg",
			"share_status":	0,
			"pv":	2,
			"url":	"http://192.168.1.22:80/group1/M00/00/00/wKgBFlloKUmAMTuEAAvWFkcZHjA991.jpg",
			"size":	775702,
			"type":	"jpg"
		}, {
			"user":	"kevin",
			"md5":	"8969288f4245120e7c3870287cce0ff3",
			"time":	"2017-07-13 19:34:59",
			"filename":	"Lighthouse.jpg",
			"share_status":	0,
			"pv":	0,
			"url":	"http://192.168.1.22:80/group1/M00/00/00/wKgBFlloLdOAflK_AAiQfKHDaaQ133.jpg",
			"size":	561276,
			"type":	"jpg"
		}, {
			"user":	"kevin",
			"md5":	"bdf3bf1da3405725be763540d6601144",
			"time":	"2017-07-14 06:41:50",
			"filename":	"Hydrangeas.jpg",
			"share_status":	0,
			"pv":	0,
			"url":	"http://192.168.1.22:80/group1/M00/00/00/wKgBFllnrUKAQ2gMAAkVVGMybN8017.jpg",
			"size":	595284,
			"type":	"jpg"
		}, {
			"user":	"kevin",
			"md5":	"2b04df3ecc1d94afddff082d139c6f15",
			"time":	"2017-07-14 06:41:52",
			"filename":	"Koala.jpg",
			"share_status":	0,
			"pv":	0,
			"url":	"http://192.168.1.22:80/group1/M00/00/00/wKgBFlloyiCAG7KuAAvqH_kipG8977.jpg",
			"size":	780831,
			"type":	"jpg"
		}]
}
[2017-07-16 23:37:33]--[src_cgi/myfiles_cgi.c:496]--cmd = count
[2017-07-16 23:37:33]--[src_cgi/myfiles_cgi.c:528]--buf = {
    "token": "332f13c28c713b2e56034e4f811da21e",
    "user": "kevin"
}

[2017-07-16 23:37:33]--[src_cgi/myfiles_cgi.c:176]--line = 9
[2017-07-16 23:37:33]--[src_cgi/myfiles_cgi.c:496]--cmd = normal
[2017-07-16 23:37:33]--[src_cgi/myfiles_cgi.c:528]--buf = {
    "count": 9,
    "start": 0,
    "token": "332f13c28c713b2e56034e4f811da21e",
    "user": "kevin"
}

[2017-07-16 23:37:33]--[src_cgi/myfiles_cgi.c:548]--user = kevin, token = 332f13c28c713b2e56034e4f811da21e, start = 0, count = 9
[2017-07-16 23:37:33]--[src_cgi/myfiles_cgi.c:306]--select user_file_list.*, file_info.url, file_info.size, file_info.type from file_info, user_file_list where user = 'kevin' and file_info.md5 = user_file_list.md5 limit 0, 9 在操作
[2017-07-16 23:37:33]--[src_cgi/myfiles_cgi.c:428]--{
	"files":	[{
			"user":	"kevin",
			"md5":	"e5c452a06e06da6edbdd9c0e27f9fe8a",
			"time":	"2017-07-12 08:39:05",
			"filename":	"a.png",
			"share_status":	0,
			"pv":	1,
			"url":	"http://192.168.1.22:80/group1/M00/00/00/wKgBFllmQpmAWvTYAADOHLnjxXg240.png",
			"size":	52764,
			"type":	"png"
		}, {
			"user":	"kevin",
			"md5":	"9d377b10ce778c4938b3c7e2c63a229a",
			"time":	"2017-07-13 02:42:14",
			"filename":	"Penguins.jpg",
			"share_status":	1,
			"pv":	4,
			"url":	"http://192.168.1.22:80/group1/M00/00/00/wKgBFllnQHaAfkYpAAvea_OGt2M232.jpg",
			"size":	777835,
			"type":	"jpg"
		}, {
			"user":	"kevin",
			"md5":	"ba45c8f60456a672e003a875e469d0eb",
			"time":	"2017-07-13 10:40:01",
			"filename":	"Desert.jpg",
			"share_status":	1,
			"pv":	1,
			"url":	"http://192.168.1.22:80/group1/M00/00/00/wKgBFllnsHGAG7NzAAzodQCbVVc189.jpg",
			"size":	845941,
			"type":	"jpg"
		}, {
			"user":	"kevin",
			"md5":	"076e3caed758a1c18c91a0e9cae3368f",
			"time":	"2017-07-13 10:40:58",
			"filename":	"Chrysanthemum.jpg",
			"share_status":	0,
			"pv":	1,
			"url":	"http://192.168.1.22:80/group1/M00/00/00/wKgBFllnsKqAETniAA1rIuRd3Es197.jpg",
			"size":	879394,
			"type":	"jpg"
		}, {
			"user":	"kevin",
			"md5":	"fafa5efeaf3cbe3b23b2748d13e629a1",
			"time":	"2017-07-13 10:55:12",
			"filename":	"Tulips.jpg",
			"share_status":	0,
			"pv":	0,
			"url":	"http://192.168.1.22:80/group1/M00/00/00/wKgBFllntACAMf2gAAl5WLU-YRY627.jpg",
			"size":	620888,
			"type":	"jpg"
		}, {
			"user":	"kevin",
			"md5":	"5a44c7ba5bbe4ec867233d67e4806848",
			"time":	"2017-07-13 19:15:37",
			"filename":	"Jellyfish.jpg",
			"share_status":	0,
			"pv":	2,
			"url":	"http://192.168.1.22:80/group1/M00/00/00/wKgBFlloKUmAMTuEAAvWFkcZHjA991.jpg",
			"size":	775702,
			"type":	"jpg"
		}, {
			"user":	"kevin",
			"md5":	"8969288f4245120e7c3870287cce0ff3",
			"time":	"2017-07-13 19:34:59",
			"filename":	"Lighthouse.jpg",
			"share_status":	0,
			"pv":	0,
			"url":	"http://192.168.1.22:80/group1/M00/00/00/wKgBFlloLdOAflK_AAiQfKHDaaQ133.jpg",
			"size":	561276,
			"type":	"jpg"
		}, {
			"user":	"kevin",
			"md5":	"bdf3bf1da3405725be763540d6601144",
			"time":	"2017-07-14 06:41:50",
			"filename":	"Hydrangeas.jpg",
			"share_status":	0,
			"pv":	0,
			"url":	"http://192.168.1.22:80/group1/M00/00/00/wKgBFllnrUKAQ2gMAAkVVGMybN8017.jpg",
			"size":	595284,
			"type":	"jpg"
		}, {
			"user":	"kevin",
			"md5":	"2b04df3ecc1d94afddff082d139c6f15",
			"time":	"2017-07-14 06:41:52",
			"filename":	"Koala.jpg",
			"share_status":	0,
			"pv":	0,
			"url":	"http://192.168.1.22:80/group1/M00/00/00/wKgBFlloyiCAG7KuAAvqH_kipG8977.jpg",
			"size":	780831,
			"type":	"jpg"
		}]
}
[2017-07-16 23:37:36]--[src_cgi/myfiles_cgi.c:496]--cmd = count
[2017-07-16 23:37:36]--[src_cgi/myfiles_cgi.c:528]--buf = {
    "token": "332f13c28c713b2e56034e4f811da21e",
    "user": "kevin"
}

[2017-07-16 23:37:36]--[src_cgi/myfiles_cgi.c:176]--line = 9
[2017-07-16 23:37:36]--[src_cgi/myfiles_cgi.c:496]--cmd = normal
[2017-07-16 23:37:36]--[src_cgi/myfiles_cgi.c:528]--buf = {
    "count": 9,
    "start": 0,
    "token": "332f13c28c713b2e56034e4f811da21e",
    "user": "kevin"
}

[2017-07-16 23:37:36]--[src_cgi/myfiles_cgi.c:548]--user = kevin, token = 332f13c28c713b2e56034e4f811da21e, start = 0, count = 9
[2017-07-16 23:37:36]--[src_cgi/myfiles_cgi.c:306]--select user_file_list.*, file_info.url, file_info.size, file_info.type from file_info, user_file_list where user = 'kevin' and file_info.md5 = user_file_list.md5 limit 0, 9 在操作
[2017-07-16 23:37:36]--[src_cgi/myfiles_cgi.c:428]--{
	"files":	[{
			"user":	"kevin",
			"md5":	"e5c452a06e06da6edbdd9c0e27f9fe8a",
			"time":	"2017-07-12 08:39:05",
			"filename":	"a.png",
			"share_status":	0,
			"pv":	1,
			"url":	"http://192.168.1.22:80/group1/M00/00/00/wKgBFllmQpmAWvTYAADOHLnjxXg240.png",
			"size":	52764,
			"type":	"png"
		}, {
			"user":	"kevin",
			"md5":	"9d377b10ce778c4938b3c7e2c63a229a",
			"time":	"2017-07-13 02:42:14",
			"filename":	"Penguins.jpg",
			"share_status":	1,
			"pv":	4,
			"url":	"http://192.168.1.22:80/group1/M00/00/00/wKgBFllnQHaAfkYpAAvea_OGt2M232.jpg",
			"size":	777835,
			"type":	"jpg"
		}, {
			"user":	"kevin",
			"md5":	"ba45c8f60456a672e003a875e469d0eb",
			"time":	"2017-07-13 10:40:01",
			"filename":	"Desert.jpg",
			"share_status":	1,
			"pv":	1,
			"url":	"http://192.168.1.22:80/group1/M00/00/00/wKgBFllnsHGAG7NzAAzodQCbVVc189.jpg",
			"size":	845941,
			"type":	"jpg"
		}, {
			"user":	"kevin",
			"md5":	"076e3caed758a1c18c91a0e9cae3368f",
			"time":	"2017-07-13 10:40:58",
			"filename":	"Chrysanthemum.jpg",
			"share_status":	0,
			"pv":	1,
			"url":	"http://192.168.1.22:80/group1/M00/00/00/wKgBFllnsKqAETniAA1rIuRd3Es197.jpg",
			"size":	879394,
			"type":	"jpg"
		}, {
			"user":	"kevin",
			"md5":	"fafa5efeaf3cbe3b23b2748d13e629a1",
			"time":	"2017-07-13 10:55:12",
			"filename":	"Tulips.jpg",
			"share_status":	0,
			"pv":	0,
			"url":	"http://192.168.1.22:80/group1/M00/00/00/wKgBFllntACAMf2gAAl5WLU-YRY627.jpg",
			"size":	620888,
			"type":	"jpg"
		}, {
			"user":	"kevin",
			"md5":	"5a44c7ba5bbe4ec867233d67e4806848",
			"time":	"2017-07-13 19:15:37",
			"filename":	"Jellyfish.jpg",
			"share_status":	0,
			"pv":	2,
			"url":	"http://192.168.1.22:80/group1/M00/00/00/wKgBFlloKUmAMTuEAAvWFkcZHjA991.jpg",
			"size":	775702,
			"type":	"jpg"
		}, {
			"user":	"kevin",
			"md5":	"8969288f4245120e7c3870287cce0ff3",
			"time":	"2017-07-13 19:34:59",
			"filename":	"Lighthouse.jpg",
			"share_status":	0,
			"pv":	0,
			"url":	"http://192.168.1.22:80/group1/M00/00/00/wKgBFlloLdOAflK_AAiQfKHDaaQ133.jpg",
			"size":	561276,
			"type":	"jpg"
		}, {
			"user":	"kevin",
			"md5":	"bdf3bf1da3405725be763540d6601144",
			"time":	"2017-07-14 06:41:50",
			"filename":	"Hydrangeas.jpg",
			"share_status":	0,
			"pv":	0,
			"url":	"http://192.168.1.22:80/group1/M00/00/00/wKgBFllnrUKAQ2gMAAkVVGMybN8017.jpg",
			"size":	595284,
			"type":	"jpg"
		}, {
			"user":	"kevin",
			"md5":	"2b04df3ecc1d94afddff082d139c6f15",
			"time":	"2017-07-14 06:41:52",
			"filename":	"Koala.jpg",
			"share_status":	0,
			"pv":	0,
			"url":	"http://192.168.1.22:80/group1/M00/00/00/wKgBFlloyiCAG7KuAAvqH_kipG8977.jpg",
			"size":	780831,
			"type":	"jpg"
		}]
}
[2017-07-16 23:37:38]--[src_cgi/myfiles_cgi.c:496]--cmd = count
[2017-07-16 23:37:38]--[src_cgi/myfiles_cgi.c:528]--buf = {
    "token": "332f13c28c713b2e56034e4f811da21e",
    "user": "kevin"
}

[2017-07-16 23:37:38]--[src_cgi/myfiles_cgi.c:176]--line = 9
[2017-07-16 23:37:38]--[src_cgi/myfiles_cgi.c:496]--cmd = normal
[2017-07-16 23:37:38]--[src_cgi/myfiles_cgi.c:528]--buf = {
    "count": 9,
    "start": 0,
    "token": "332f13c28c713b2e56034e4f811da21e",
    "user": "kevin"
}

[2017-07-16 23:37:38]--[src_cgi/myfiles_cgi.c:548]--user = kevin, token = 332f13c28c713b2e56034e4f811da21e, start = 0, count = 9
[2017-07-16 23:37:38]--[src_cgi/myfiles_cgi.c:306]--select user_file_list.*, file_info.url, file_info.size, file_info.type from file_info, user_file_list where user = 'kevin' and file_info.md5 = user_file_list.md5 limit 0, 9 在操作
[2017-07-16 23:37:38]--[src_cgi/myfiles_cgi.c:428]--{
	"files":	[{
			"user":	"kevin",
			"md5":	"e5c452a06e06da6edbdd9c0e27f9fe8a",
			"time":	"2017-07-12 08:39:05",
			"filename":	"a.png",
			"share_status":	0,
			"pv":	1,
			"url":	"http://192.168.1.22:80/group1/M00/00/00/wKgBFllmQpmAWvTYAADOHLnjxXg240.png",
			"size":	52764,
			"type":	"png"
		}, {
			"user":	"kevin",
			"md5":	"9d377b10ce778c4938b3c7e2c63a229a",
			"time":	"2017-07-13 02:42:14",
			"filename":	"Penguins.jpg",
			"share_status":	1,
			"pv":	4,
			"url":	"http://192.168.1.22:80/group1/M00/00/00/wKgBFllnQHaAfkYpAAvea_OGt2M232.jpg",
			"size":	777835,
			"type":	"jpg"
		}, {
			"user":	"kevin",
			"md5":	"ba45c8f60456a672e003a875e469d0eb",
			"time":	"2017-07-13 10:40:01",
			"filename":	"Desert.jpg",
			"share_status":	1,
			"pv":	1,
			"url":	"http://192.168.1.22:80/group1/M00/00/00/wKgBFllnsHGAG7NzAAzodQCbVVc189.jpg",
			"size":	845941,
			"type":	"jpg"
		}, {
			"user":	"kevin",
			"md5":	"076e3caed758a1c18c91a0e9cae3368f",
			"time":	"2017-07-13 10:40:58",
			"filename":	"Chrysanthemum.jpg",
			"share_status":	0,
			"pv":	1,
			"url":	"http://192.168.1.22:80/group1/M00/00/00/wKgBFllnsKqAETniAA1rIuRd3Es197.jpg",
			"size":	879394,
			"type":	"jpg"
		}, {
			"user":	"kevin",
			"md5":	"fafa5efeaf3cbe3b23b2748d13e629a1",
			"time":	"2017-07-13 10:55:12",
			"filename":	"Tulips.jpg",
			"share_status":	0,
			"pv":	0,
			"url":	"http://192.168.1.22:80/group1/M00/00/00/wKgBFllntACAMf2gAAl5WLU-YRY627.jpg",
			"size":	620888,
			"type":	"jpg"
		}, {
			"user":	"kevin",
			"md5":	"5a44c7ba5bbe4ec867233d67e4806848",
			"time":	"2017-07-13 19:15:37",
			"filename":	"Jellyfish.jpg",
			"share_status":	0,
			"pv":	2,
			"url":	"http://192.168.1.22:80/group1/M00/00/00/wKgBFlloKUmAMTuEAAvWFkcZHjA991.jpg",
			"size":	775702,
			"type":	"jpg"
		}, {
			"user":	"kevin",
			"md5":	"8969288f4245120e7c3870287cce0ff3",
			"time":	"2017-07-13 19:34:59",
			"filename":	"Lighthouse.jpg",
			"share_status":	0,
			"pv":	0,
			"url":	"http://192.168.1.22:80/group1/M00/00/00/wKgBFlloLdOAflK_AAiQfKHDaaQ133.jpg",
			"size":	561276,
			"type":	"jpg"
		}, {
			"user":	"kevin",
			"md5":	"bdf3bf1da3405725be763540d6601144",
			"time":	"2017-07-14 06:41:50",
			"filename":	"Hydrangeas.jpg",
			"share_status":	0,
			"pv":	0,
			"url":	"http://192.168.1.22:80/group1/M00/00/00/wKgBFllnrUKAQ2gMAAkVVGMybN8017.jpg",
			"size":	595284,
			"type":	"jpg"
		}, {
			"user":	"kevin",
			"md5":	"2b04df3ecc1d94afddff082d139c6f15",
			"time":	"2017-07-14 06:41:52",
			"filename":	"Koala.jpg",
			"share_status":	0,
			"pv":	0,
			"url":	"http://192.168.1.22:80/group1/M00/00/00/wKgBFlloyiCAG7KuAAvqH_kipG8977.jpg",
			"size":	780831,
			"type":	"jpg"
		}]
}
[2017-07-16 23:38:17]--[src_cgi/myfiles_cgi.c:496]--cmd = count
[2017-07-16 23:38:17]--[src_cgi/myfiles_cgi.c:528]--buf = {
    "token": "a6cd2423b671e5d5f1faacf91146eb31",
    "user": "kevin"
}

[2017-07-16 23:38:17]--[src_cgi/myfiles_cgi.c:176]--line = 9
[2017-07-16 23:38:17]--[src_cgi/myfiles_cgi.c:496]--cmd = normal
[2017-07-16 23:38:17]--[src_cgi/myfiles_cgi.c:528]--buf = {
    "count": 9,
    "start": 0,
    "token": "a6cd2423b671e5d5f1faacf91146eb31",
    "user": "kevin"
}

[2017-07-16 23:38:17]--[src_cgi/myfiles_cgi.c:548]--user = kevin, token = a6cd2423b671e5d5f1faacf91146eb31, start = 0, count = 9
[2017-07-16 23:38:17]--[src_cgi/myfiles_cgi.c:306]--select user_file_list.*, file_info.url, file_info.size, file_info.type from file_info, user_file_list where user = 'kevin' and file_info.md5 = user_file_list.md5 limit 0, 9 在操作
[2017-07-16 23:38:17]--[src_cgi/myfiles_cgi.c:428]--{
	"files":	[{
			"user":	"kevin",
			"md5":	"e5c452a06e06da6edbdd9c0e27f9fe8a",
			"time":	"2017-07-12 08:39:05",
			"filename":	"a.png",
			"share_status":	0,
			"pv":	1,
			"url":	"http://192.168.1.22:80/group1/M00/00/00/wKgBFllmQpmAWvTYAADOHLnjxXg240.png",
			"size":	52764,
			"type":	"png"
		}, {
			"user":	"kevin",
			"md5":	"9d377b10ce778c4938b3c7e2c63a229a",
			"time":	"2017-07-13 02:42:14",
			"filename":	"Penguins.jpg",
			"share_status":	1,
			"pv":	4,
			"url":	"http://192.168.1.22:80/group1/M00/00/00/wKgBFllnQHaAfkYpAAvea_OGt2M232.jpg",
			"size":	777835,
			"type":	"jpg"
		}, {
			"user":	"kevin",
			"md5":	"ba45c8f60456a672e003a875e469d0eb",
			"time":	"2017-07-13 10:40:01",
			"filename":	"Desert.jpg",
			"share_status":	1,
			"pv":	1,
			"url":	"http://192.168.1.22:80/group1/M00/00/00/wKgBFllnsHGAG7NzAAzodQCbVVc189.jpg",
			"size":	845941,
			"type":	"jpg"
		}, {
			"user":	"kevin",
			"md5":	"076e3caed758a1c18c91a0e9cae3368f",
			"time":	"2017-07-13 10:40:58",
			"filename":	"Chrysanthemum.jpg",
			"share_status":	0,
			"pv":	1,
			"url":	"http://192.168.1.22:80/group1/M00/00/00/wKgBFllnsKqAETniAA1rIuRd3Es197.jpg",
			"size":	879394,
			"type":	"jpg"
		}, {
			"user":	"kevin",
			"md5":	"fafa5efeaf3cbe3b23b2748d13e629a1",
			"time":	"2017-07-13 10:55:12",
			"filename":	"Tulips.jpg",
			"share_status":	0,
			"pv":	0,
			"url":	"http://192.168.1.22:80/group1/M00/00/00/wKgBFllntACAMf2gAAl5WLU-YRY627.jpg",
			"size":	620888,
			"type":	"jpg"
		}, {
			"user":	"kevin",
			"md5":	"5a44c7ba5bbe4ec867233d67e4806848",
			"time":	"2017-07-13 19:15:37",
			"filename":	"Jellyfish.jpg",
			"share_status":	0,
			"pv":	2,
			"url":	"http://192.168.1.22:80/group1/M00/00/00/wKgBFlloKUmAMTuEAAvWFkcZHjA991.jpg",
			"size":	775702,
			"type":	"jpg"
		}, {
			"user":	"kevin",
			"md5":	"8969288f4245120e7c3870287cce0ff3",
			"time":	"2017-07-13 19:34:59",
			"filename":	"Lighthouse.jpg",
			"share_status":	0,
			"pv":	0,
			"url":	"http://192.168.1.22:80/group1/M00/00/00/wKgBFlloLdOAflK_AAiQfKHDaaQ133.jpg",
			"size":	561276,
			"type":	"jpg"
		}, {
			"user":	"kevin",
			"md5":	"bdf3bf1da3405725be763540d6601144",
			"time":	"2017-07-14 06:41:50",
			"filename":	"Hydrangeas.jpg",
			"share_status":	0,
			"pv":	0,
			"url":	"http://192.168.1.22:80/group1/M00/00/00/wKgBFllnrUKAQ2gMAAkVVGMybN8017.jpg",
			"size":	595284,
			"type":	"jpg"
		}, {
			"user":	"kevin",
			"md5":	"2b04df3ecc1d94afddff082d139c6f15",
			"time":	"2017-07-14 06:41:52",
			"filename":	"Koala.jpg",
			"share_status":	0,
			"pv":	0,
			"url":	"http://192.168.1.22:80/group1/M00/00/00/wKgBFlloyiCAG7KuAAvqH_kipG8977.jpg",
			"size":	780831,
			"type":	"jpg"
		}]
}
[2017-07-16 23:42:43]--[src_cgi/myfiles_cgi.c:496]--cmd = count
[2017-07-16 23:42:43]--[src_cgi/myfiles_cgi.c:528]--buf = {
    "token": "a6cd2423b671e5d5f1faacf91146eb31",
    "user": "kevin"
}

[2017-07-16 23:42:43]--[src_cgi/myfiles_cgi.c:176]--line = 9
[2017-07-16 23:42:43]--[src_cgi/myfiles_cgi.c:496]--cmd = normal
[2017-07-16 23:42:43]--[src_cgi/myfiles_cgi.c:528]--buf = {
    "count": 9,
    "start": 0,
    "token": "a6cd2423b671e5d5f1faacf91146eb31",
    "user": "kevin"
}

[2017-07-16 23:42:43]--[src_cgi/myfiles_cgi.c:548]--user = kevin, token = a6cd2423b671e5d5f1faacf91146eb31, start = 0, count = 9
[2017-07-16 23:42:43]--[src_cgi/myfiles_cgi.c:306]--select user_file_list.*, file_info.url, file_info.size, file_info.type from file_info, user_file_list where user = 'kevin' and file_info.md5 = user_file_list.md5 limit 0, 9 在操作
[2017-07-16 23:42:43]--[src_cgi/myfiles_cgi.c:428]--{
	"files":	[{
			"user":	"kevin",
			"md5":	"e5c452a06e06da6edbdd9c0e27f9fe8a",
			"time":	"2017-07-12 08:39:05",
			"filename":	"a.png",
			"share_status":	0,
			"pv":	1,
			"url":	"http://192.168.1.22:80/group1/M00/00/00/wKgBFllmQpmAWvTYAADOHLnjxXg240.png",
			"size":	52764,
			"type":	"png"
		}, {
			"user":	"kevin",
			"md5":	"9d377b10ce778c4938b3c7e2c63a229a",
			"time":	"2017-07-13 02:42:14",
			"filename":	"Penguins.jpg",
			"share_status":	1,
			"pv":	4,
			"url":	"http://192.168.1.22:80/group1/M00/00/00/wKgBFllnQHaAfkYpAAvea_OGt2M232.jpg",
			"size":	777835,
			"type":	"jpg"
		}, {
			"user":	"kevin",
			"md5":	"ba45c8f60456a672e003a875e469d0eb",
			"time":	"2017-07-13 10:40:01",
			"filename":	"Desert.jpg",
			"share_status":	1,
			"pv":	1,
			"url":	"http://192.168.1.22:80/group1/M00/00/00/wKgBFllnsHGAG7NzAAzodQCbVVc189.jpg",
			"size":	845941,
			"type":	"jpg"
		}, {
			"user":	"kevin",
			"md5":	"076e3caed758a1c18c91a0e9cae3368f",
			"time":	"2017-07-13 10:40:58",
			"filename":	"Chrysanthemum.jpg",
			"share_status":	0,
			"pv":	1,
			"url":	"http://192.168.1.22:80/group1/M00/00/00/wKgBFllnsKqAETniAA1rIuRd3Es197.jpg",
			"size":	879394,
			"type":	"jpg"
		}, {
			"user":	"kevin",
			"md5":	"fafa5efeaf3cbe3b23b2748d13e629a1",
			"time":	"2017-07-13 10:55:12",
			"filename":	"Tulips.jpg",
			"share_status":	0,
			"pv":	0,
			"url":	"http://192.168.1.22:80/group1/M00/00/00/wKgBFllntACAMf2gAAl5WLU-YRY627.jpg",
			"size":	620888,
			"type":	"jpg"
		}, {
			"user":	"kevin",
			"md5":	"5a44c7ba5bbe4ec867233d67e4806848",
			"time":	"2017-07-13 19:15:37",
			"filename":	"Jellyfish.jpg",
			"share_status":	0,
			"pv":	2,
			"url":	"http://192.168.1.22:80/group1/M00/00/00/wKgBFlloKUmAMTuEAAvWFkcZHjA991.jpg",
			"size":	775702,
			"type":	"jpg"
		}, {
			"user":	"kevin",
			"md5":	"8969288f4245120e7c3870287cce0ff3",
			"time":	"2017-07-13 19:34:59",
			"filename":	"Lighthouse.jpg",
			"share_status":	0,
			"pv":	0,
			"url":	"http://192.168.1.22:80/group1/M00/00/00/wKgBFlloLdOAflK_AAiQfKHDaaQ133.jpg",
			"size":	561276,
			"type":	"jpg"
		}, {
			"user":	"kevin",
			"md5":	"bdf3bf1da3405725be763540d6601144",
			"time":	"2017-07-14 06:41:50",
			"filename":	"Hydrangeas.jpg",
			"share_status":	0,
			"pv":	0,
			"url":	"http://192.168.1.22:80/group1/M00/00/00/wKgBFllnrUKAQ2gMAAkVVGMybN8017.jpg",
			"size":	595284,
			"type":	"jpg"
		}, {
			"user":	"kevin",
			"md5":	"2b04df3ecc1d94afddff082d139c6f15",
			"time":	"2017-07-14 06:41:52",
			"filename":	"Koala.jpg",
			"share_status":	0,
			"pv":	0,
			"url":	"http://192.168.1.22:80/group1/M00/00/00/wKgBFlloyiCAG7KuAAvqH_kipG8977.jpg",
			"size":	780831,
			"type":	"jpg"
		}]
}
[2017-07-16 23:43:08]--[src_cgi/myfiles_cgi.c:496]--cmd = count
[2017-07-16 23:43:08]--[src_cgi/myfiles_cgi.c:528]--buf = {
    "token": "a6cd2423b671e5d5f1faacf91146eb31",
    "user": "kevin"
}

[2017-07-16 23:43:08]--[src_cgi/myfiles_cgi.c:176]--line = 9
[2017-07-16 23:43:08]--[src_cgi/myfiles_cgi.c:496]--cmd = normal
[2017-07-16 23:43:08]--[src_cgi/myfiles_cgi.c:528]--buf = {
    "count": 9,
    "start": 0,
    "token": "a6cd2423b671e5d5f1faacf91146eb31",
    "user": "kevin"
}

[2017-07-16 23:43:08]--[src_cgi/myfiles_cgi.c:548]--user = kevin, token = a6cd2423b671e5d5f1faacf91146eb31, start = 0, count = 9
[2017-07-16 23:43:08]--[src_cgi/myfiles_cgi.c:306]--select user_file_list.*, file_info.url, file_info.size, file_info.type from file_info, user_file_list where user = 'kevin' and file_info.md5 = user_file_list.md5 limit 0, 9 在操作
[2017-07-16 23:43:08]--[src_cgi/myfiles_cgi.c:428]--{
	"files":	[{
			"user":	"kevin",
			"md5":	"e5c452a06e06da6edbdd9c0e27f9fe8a",
			"time":	"2017-07-12 08:39:05",
			"filename":	"a.png",
			"share_status":	0,
			"pv":	1,
			"url":	"http://192.168.1.22:80/group1/M00/00/00/wKgBFllmQpmAWvTYAADOHLnjxXg240.png",
			"size":	52764,
			"type":	"png"
		}, {
			"user":	"kevin",
			"md5":	"9d377b10ce778c4938b3c7e2c63a229a",
			"time":	"2017-07-13 02:42:14",
			"filename":	"Penguins.jpg",
			"share_status":	1,
			"pv":	4,
			"url":	"http://192.168.1.22:80/group1/M00/00/00/wKgBFllnQHaAfkYpAAvea_OGt2M232.jpg",
			"size":	777835,
			"type":	"jpg"
		}, {
			"user":	"kevin",
			"md5":	"ba45c8f60456a672e003a875e469d0eb",
			"time":	"2017-07-13 10:40:01",
			"filename":	"Desert.jpg",
			"share_status":	1,
			"pv":	1,
			"url":	"http://192.168.1.22:80/group1/M00/00/00/wKgBFllnsHGAG7NzAAzodQCbVVc189.jpg",
			"size":	845941,
			"type":	"jpg"
		}, {
			"user":	"kevin",
			"md5":	"076e3caed758a1c18c91a0e9cae3368f",
			"time":	"2017-07-13 10:40:58",
			"filename":	"Chrysanthemum.jpg",
			"share_status":	0,
			"pv":	1,
			"url":	"http://192.168.1.22:80/group1/M00/00/00/wKgBFllnsKqAETniAA1rIuRd3Es197.jpg",
			"size":	879394,
			"type":	"jpg"
		}, {
			"user":	"kevin",
			"md5":	"fafa5efeaf3cbe3b23b2748d13e629a1",
			"time":	"2017-07-13 10:55:12",
			"filename":	"Tulips.jpg",
			"share_status":	0,
			"pv":	0,
			"url":	"http://192.168.1.22:80/group1/M00/00/00/wKgBFllntACAMf2gAAl5WLU-YRY627.jpg",
			"size":	620888,
			"type":	"jpg"
		}, {
			"user":	"kevin",
			"md5":	"5a44c7ba5bbe4ec867233d67e4806848",
			"time":	"2017-07-13 19:15:37",
			"filename":	"Jellyfish.jpg",
			"share_status":	0,
			"pv":	2,
			"url":	"http://192.168.1.22:80/group1/M00/00/00/wKgBFlloKUmAMTuEAAvWFkcZHjA991.jpg",
			"size":	775702,
			"type":	"jpg"
		}, {
			"user":	"kevin",
			"md5":	"8969288f4245120e7c3870287cce0ff3",
			"time":	"2017-07-13 19:34:59",
			"filename":	"Lighthouse.jpg",
			"share_status":	0,
			"pv":	0,
			"url":	"http://192.168.1.22:80/group1/M00/00/00/wKgBFlloLdOAflK_AAiQfKHDaaQ133.jpg",
			"size":	561276,
			"type":	"jpg"
		}, {
			"user":	"kevin",
			"md5":	"bdf3bf1da3405725be763540d6601144",
			"time":	"2017-07-14 06:41:50",
			"filename":	"Hydrangeas.jpg",
			"share_status":	0,
			"pv":	0,
			"url":	"http://192.168.1.22:80/group1/M00/00/00/wKgBFllnrUKAQ2gMAAkVVGMybN8017.jpg",
			"size":	595284,
			"type":	"jpg"
		}, {
			"user":	"kevin",
			"md5":	"2b04df3ecc1d94afddff082d139c6f15",
			"time":	"2017-07-14 06:41:52",
			"filename":	"Koala.jpg",
			"share_status":	0,
			"pv":	0,
			"url":	"http://192.168.1.22:80/group1/M00/00/00/wKgBFlloyiCAG7KuAAvqH_kipG8977.jpg",
			"size":	780831,
			"type":	"jpg"
		}]
}
[2017-07-16 23:43:53]--[src_cgi/myfiles_cgi.c:496]--cmd = count
[2017-07-16 23:43:53]--[src_cgi/myfiles_cgi.c:528]--buf = {
    "token": "023fe99fbd778113077805620ac3dc37",
    "user": "kevin"
}

[2017-07-16 23:43:53]--[src_cgi/myfiles_cgi.c:176]--line = 9
[2017-07-16 23:43:53]--[src_cgi/myfiles_cgi.c:496]--cmd = normal
[2017-07-16 23:43:53]--[src_cgi/myfiles_cgi.c:528]--buf = {
    "count": 9,
    "start": 0,
    "token": "023fe99fbd778113077805620ac3dc37",
    "user": "kevin"
}

[2017-07-16 23:43:53]--[src_cgi/myfiles_cgi.c:548]--user = kevin, token = 023fe99fbd778113077805620ac3dc37, start = 0, count = 9
[2017-07-16 23:43:53]--[src_cgi/myfiles_cgi.c:306]--select user_file_list.*, file_info.url, file_info.size, file_info.type from file_info, user_file_list where user = 'kevin' and file_info.md5 = user_file_list.md5 limit 0, 9 在操作
[2017-07-16 23:43:53]--[src_cgi/myfiles_cgi.c:428]--{
	"files":	[{
			"user":	"kevin",
			"md5":	"e5c452a06e06da6edbdd9c0e27f9fe8a",
			"time":	"2017-07-12 08:39:05",
			"filename":	"a.png",
			"share_status":	0,
			"pv":	1,
			"url":	"http://192.168.1.22:80/group1/M00/00/00/wKgBFllmQpmAWvTYAADOHLnjxXg240.png",
			"size":	52764,
			"type":	"png"
		}, {
			"user":	"kevin",
			"md5":	"9d377b10ce778c4938b3c7e2c63a229a",
			"time":	"2017-07-13 02:42:14",
			"filename":	"Penguins.jpg",
			"share_status":	1,
			"pv":	4,
			"url":	"http://192.168.1.22:80/group1/M00/00/00/wKgBFllnQHaAfkYpAAvea_OGt2M232.jpg",
			"size":	777835,
			"type":	"jpg"
		}, {
			"user":	"kevin",
			"md5":	"ba45c8f60456a672e003a875e469d0eb",
			"time":	"2017-07-13 10:40:01",
			"filename":	"Desert.jpg",
			"share_status":	1,
			"pv":	1,
			"url":	"http://192.168.1.22:80/group1/M00/00/00/wKgBFllnsHGAG7NzAAzodQCbVVc189.jpg",
			"size":	845941,
			"type":	"jpg"
		}, {
			"user":	"kevin",
			"md5":	"076e3caed758a1c18c91a0e9cae3368f",
			"time":	"2017-07-13 10:40:58",
			"filename":	"Chrysanthemum.jpg",
			"share_status":	0,
			"pv":	1,
			"url":	"http://192.168.1.22:80/group1/M00/00/00/wKgBFllnsKqAETniAA1rIuRd3Es197.jpg",
			"size":	879394,
			"type":	"jpg"
		}, {
			"user":	"kevin",
			"md5":	"fafa5efeaf3cbe3b23b2748d13e629a1",
			"time":	"2017-07-13 10:55:12",
			"filename":	"Tulips.jpg",
			"share_status":	0,
			"pv":	0,
			"url":	"http://192.168.1.22:80/group1/M00/00/00/wKgBFllntACAMf2gAAl5WLU-YRY627.jpg",
			"size":	620888,
			"type":	"jpg"
		}, {
			"user":	"kevin",
			"md5":	"5a44c7ba5bbe4ec867233d67e4806848",
			"time":	"2017-07-13 19:15:37",
			"filename":	"Jellyfish.jpg",
			"share_status":	0,
			"pv":	2,
			"url":	"http://192.168.1.22:80/group1/M00/00/00/wKgBFlloKUmAMTuEAAvWFkcZHjA991.jpg",
			"size":	775702,
			"type":	"jpg"
		}, {
			"user":	"kevin",
			"md5":	"8969288f4245120e7c3870287cce0ff3",
			"time":	"2017-07-13 19:34:59",
			"filename":	"Lighthouse.jpg",
			"share_status":	0,
			"pv":	0,
			"url":	"http://192.168.1.22:80/group1/M00/00/00/wKgBFlloLdOAflK_AAiQfKHDaaQ133.jpg",
			"size":	561276,
			"type":	"jpg"
		}, {
			"user":	"kevin",
			"md5":	"bdf3bf1da3405725be763540d6601144",
			"time":	"2017-07-14 06:41:50",
			"filename":	"Hydrangeas.jpg",
			"share_status":	0,
			"pv":	0,
			"url":	"http://192.168.1.22:80/group1/M00/00/00/wKgBFllnrUKAQ2gMAAkVVGMybN8017.jpg",
			"size":	595284,
			"type":	"jpg"
		}, {
			"user":	"kevin",
			"md5":	"2b04df3ecc1d94afddff082d139c6f15",
			"time":	"2017-07-14 06:41:52",
			"filename":	"Koala.jpg",
			"share_status":	1,
			"pv":	0,
			"url":	"http://192.168.1.22:80/group1/M00/00/00/wKgBFlloyiCAG7KuAAvqH_kipG8977.jpg",
			"size":	780831,
			"type":	"jpg"
		}]
}
[2017-07-16 23:44:31]--[src_cgi/myfiles_cgi.c:496]--cmd = count
[2017-07-16 23:44:31]--[src_cgi/myfiles_cgi.c:528]--buf = {
    "token": "023fe99fbd778113077805620ac3dc37",
    "user": "kevin"
}

[2017-07-16 23:44:31]--[src_cgi/myfiles_cgi.c:176]--line = 9
[2017-07-16 23:44:31]--[src_cgi/myfiles_cgi.c:496]--cmd = normal
[2017-07-16 23:44:31]--[src_cgi/myfiles_cgi.c:528]--buf = {
    "count": 9,
    "start": 0,
    "token": "023fe99fbd778113077805620ac3dc37",
    "user": "kevin"
}

[2017-07-16 23:44:31]--[src_cgi/myfiles_cgi.c:548]--user = kevin, token = 023fe99fbd778113077805620ac3dc37, start = 0, count = 9
[2017-07-16 23:44:31]--[src_cgi/myfiles_cgi.c:306]--select user_file_list.*, file_info.url, file_info.size, file_info.type from file_info, user_file_list where user = 'kevin' and file_info.md5 = user_file_list.md5 limit 0, 9 在操作
[2017-07-16 23:44:31]--[src_cgi/myfiles_cgi.c:428]--{
	"files":	[{
			"user":	"kevin",
			"md5":	"e5c452a06e06da6edbdd9c0e27f9fe8a",
			"time":	"2017-07-12 08:39:05",
			"filename":	"a.png",
			"share_status":	0,
			"pv":	1,
			"url":	"http://192.168.1.22:80/group1/M00/00/00/wKgBFllmQpmAWvTYAADOHLnjxXg240.png",
			"size":	52764,
			"type":	"png"
		}, {
			"user":	"kevin",
			"md5":	"9d377b10ce778c4938b3c7e2c63a229a",
			"time":	"2017-07-13 02:42:14",
			"filename":	"Penguins.jpg",
			"share_status":	1,
			"pv":	4,
			"url":	"http://192.168.1.22:80/group1/M00/00/00/wKgBFllnQHaAfkYpAAvea_OGt2M232.jpg",
			"size":	777835,
			"type":	"jpg"
		}, {
			"user":	"kevin",
			"md5":	"ba45c8f60456a672e003a875e469d0eb",
			"time":	"2017-07-13 10:40:01",
			"filename":	"Desert.jpg",
			"share_status":	1,
			"pv":	1,
			"url":	"http://192.168.1.22:80/group1/M00/00/00/wKgBFllnsHGAG7NzAAzodQCbVVc189.jpg",
			"size":	845941,
			"type":	"jpg"
		}, {
			"user":	"kevin",
			"md5":	"076e3caed758a1c18c91a0e9cae3368f",
			"time":	"2017-07-13 10:40:58",
			"filename":	"Chrysanthemum.jpg",
			"share_status":	0,
			"pv":	1,
			"url":	"http://192.168.1.22:80/group1/M00/00/00/wKgBFllnsKqAETniAA1rIuRd3Es197.jpg",
			"size":	879394,
			"type":	"jpg"
		}, {
			"user":	"kevin",
			"md5":	"fafa5efeaf3cbe3b23b2748d13e629a1",
			"time":	"2017-07-13 10:55:12",
			"filename":	"Tulips.jpg",
			"share_status":	0,
			"pv":	0,
			"url":	"http://192.168.1.22:80/group1/M00/00/00/wKgBFllntACAMf2gAAl5WLU-YRY627.jpg",
			"size":	620888,
			"type":	"jpg"
		}, {
			"user":	"kevin",
			"md5":	"5a44c7ba5bbe4ec867233d67e4806848",
			"time":	"2017-07-13 19:15:37",
			"filename":	"Jellyfish.jpg",
			"share_status":	0,
			"pv":	2,
			"url":	"http://192.168.1.22:80/group1/M00/00/00/wKgBFlloKUmAMTuEAAvWFkcZHjA991.jpg",
			"size":	775702,
			"type":	"jpg"
		}, {
			"user":	"kevin",
			"md5":	"8969288f4245120e7c3870287cce0ff3",
			"time":	"2017-07-13 19:34:59",
			"filename":	"Lighthouse.jpg",
			"share_status":	0,
			"pv":	0,
			"url":	"http://192.168.1.22:80/group1/M00/00/00/wKgBFlloLdOAflK_AAiQfKHDaaQ133.jpg",
			"size":	561276,
			"type":	"jpg"
		}, {
			"user":	"kevin",
			"md5":	"bdf3bf1da3405725be763540d6601144",
			"time":	"2017-07-14 06:41:50",
			"filename":	"Hydrangeas.jpg",
			"share_status":	0,
			"pv":	0,
			"url":	"http://192.168.1.22:80/group1/M00/00/00/wKgBFllnrUKAQ2gMAAkVVGMybN8017.jpg",
			"size":	595284,
			"type":	"jpg"
		}, {
			"user":	"kevin",
			"md5":	"2b04df3ecc1d94afddff082d139c6f15",
			"time":	"2017-07-14 06:41:52",
			"filename":	"Koala.jpg",
			"share_status":	1,
			"pv":	0,
			"url":	"http://192.168.1.22:80/group1/M00/00/00/wKgBFlloyiCAG7KuAAvqH_kipG8977.jpg",
			"size":	780831,
			"type":	"jpg"
		}]
}
[2017-07-16 23:44:55]--[src_cgi/myfiles_cgi.c:496]--cmd = count
[2017-07-16 23:44:55]--[src_cgi/myfiles_cgi.c:528]--buf = {
    "token": "023fe99fbd778113077805620ac3dc37",
    "user": "kevin"
}

[2017-07-16 23:44:55]--[src_cgi/myfiles_cgi.c:176]--line = 9
[2017-07-16 23:44:55]--[src_cgi/myfiles_cgi.c:496]--cmd = normal
[2017-07-16 23:44:55]--[src_cgi/myfiles_cgi.c:528]--buf = {
    "count": 9,
    "start": 0,
    "token": "023fe99fbd778113077805620ac3dc37",
    "user": "kevin"
}

[2017-07-16 23:44:55]--[src_cgi/myfiles_cgi.c:548]--user = kevin, token = 023fe99fbd778113077805620ac3dc37, start = 0, count = 9
[2017-07-16 23:44:55]--[src_cgi/myfiles_cgi.c:306]--select user_file_list.*, file_info.url, file_info.size, file_info.type from file_info, user_file_list where user = 'kevin' and file_info.md5 = user_file_list.md5 limit 0, 9 在操作
[2017-07-16 23:44:55]--[src_cgi/myfiles_cgi.c:428]--{
	"files":	[{
			"user":	"kevin",
			"md5":	"e5c452a06e06da6edbdd9c0e27f9fe8a",
			"time":	"2017-07-12 08:39:05",
			"filename":	"a.png",
			"share_status":	0,
			"pv":	1,
			"url":	"http://192.168.1.22:80/group1/M00/00/00/wKgBFllmQpmAWvTYAADOHLnjxXg240.png",
			"size":	52764,
			"type":	"png"
		}, {
			"user":	"kevin",
			"md5":	"9d377b10ce778c4938b3c7e2c63a229a",
			"time":	"2017-07-13 02:42:14",
			"filename":	"Penguins.jpg",
			"share_status":	1,
			"pv":	4,
			"url":	"http://192.168.1.22:80/group1/M00/00/00/wKgBFllnQHaAfkYpAAvea_OGt2M232.jpg",
			"size":	777835,
			"type":	"jpg"
		}, {
			"user":	"kevin",
			"md5":	"ba45c8f60456a672e003a875e469d0eb",
			"time":	"2017-07-13 10:40:01",
			"filename":	"Desert.jpg",
			"share_status":	1,
			"pv":	1,
			"url":	"http://192.168.1.22:80/group1/M00/00/00/wKgBFllnsHGAG7NzAAzodQCbVVc189.jpg",
			"size":	845941,
			"type":	"jpg"
		}, {
			"user":	"kevin",
			"md5":	"076e3caed758a1c18c91a0e9cae3368f",
			"time":	"2017-07-13 10:40:58",
			"filename":	"Chrysanthemum.jpg",
			"share_status":	0,
			"pv":	1,
			"url":	"http://192.168.1.22:80/group1/M00/00/00/wKgBFllnsKqAETniAA1rIuRd3Es197.jpg",
			"size":	879394,
			"type":	"jpg"
		}, {
			"user":	"kevin",
			"md5":	"fafa5efeaf3cbe3b23b2748d13e629a1",
			"time":	"2017-07-13 10:55:12",
			"filename":	"Tulips.jpg",
			"share_status":	0,
			"pv":	0,
			"url":	"http://192.168.1.22:80/group1/M00/00/00/wKgBFllntACAMf2gAAl5WLU-YRY627.jpg",
			"size":	620888,
			"type":	"jpg"
		}, {
			"user":	"kevin",
			"md5":	"5a44c7ba5bbe4ec867233d67e4806848",
			"time":	"2017-07-13 19:15:37",
			"filename":	"Jellyfish.jpg",
			"share_status":	0,
			"pv":	2,
			"url":	"http://192.168.1.22:80/group1/M00/00/00/wKgBFlloKUmAMTuEAAvWFkcZHjA991.jpg",
			"size":	775702,
			"type":	"jpg"
		}, {
			"user":	"kevin",
			"md5":	"8969288f4245120e7c3870287cce0ff3",
			"time":	"2017-07-13 19:34:59",
			"filename":	"Lighthouse.jpg",
			"share_status":	0,
			"pv":	0,
			"url":	"http://192.168.1.22:80/group1/M00/00/00/wKgBFlloLdOAflK_AAiQfKHDaaQ133.jpg",
			"size":	561276,
			"type":	"jpg"
		}, {
			"user":	"kevin",
			"md5":	"bdf3bf1da3405725be763540d6601144",
			"time":	"2017-07-14 06:41:50",
			"filename":	"Hydrangeas.jpg",
			"share_status":	0,
			"pv":	0,
			"url":	"http://192.168.1.22:80/group1/M00/00/00/wKgBFllnrUKAQ2gMAAkVVGMybN8017.jpg",
			"size":	595284,
			"type":	"jpg"
		}, {
			"user":	"kevin",
			"md5":	"2b04df3ecc1d94afddff082d139c6f15",
			"time":	"2017-07-14 06:41:52",
			"filename":	"Koala.jpg",
			"share_status":	1,
			"pv":	0,
			"url":	"http://192.168.1.22:80/group1/M00/00/00/wKgBFlloyiCAG7KuAAvqH_kipG8977.jpg",
			"size":	780831,
			"type":	"jpg"
		}]
}
[2017-07-16 23:45:14]--[src_cgi/myfiles_cgi.c:496]--cmd = count
[2017-07-16 23:45:14]--[src_cgi/myfiles_cgi.c:528]--buf = {
    "token": "023fe99fbd778113077805620ac3dc37",
    "user": "kevin"
}

[2017-07-16 23:45:14]--[src_cgi/myfiles_cgi.c:176]--line = 9
[2017-07-16 23:45:14]--[src_cgi/myfiles_cgi.c:496]--cmd = normal
[2017-07-16 23:45:14]--[src_cgi/myfiles_cgi.c:528]--buf = {
    "count": 9,
    "start": 0,
    "token": "023fe99fbd778113077805620ac3dc37",
    "user": "kevin"
}

[2017-07-16 23:45:14]--[src_cgi/myfiles_cgi.c:548]--user = kevin, token = 023fe99fbd778113077805620ac3dc37, start = 0, count = 9
[2017-07-16 23:45:14]--[src_cgi/myfiles_cgi.c:306]--select user_file_list.*, file_info.url, file_info.size, file_info.type from file_info, user_file_list where user = 'kevin' and file_info.md5 = user_file_list.md5 limit 0, 9 在操作
[2017-07-16 23:45:14]--[src_cgi/myfiles_cgi.c:428]--{
	"files":	[{
			"user":	"kevin",
			"md5":	"e5c452a06e06da6edbdd9c0e27f9fe8a",
			"time":	"2017-07-12 08:39:05",
			"filename":	"a.png",
			"share_status":	0,
			"pv":	1,
			"url":	"http://192.168.1.22:80/group1/M00/00/00/wKgBFllmQpmAWvTYAADOHLnjxXg240.png",
			"size":	52764,
			"type":	"png"
		}, {
			"user":	"kevin",
			"md5":	"9d377b10ce778c4938b3c7e2c63a229a",
			"time":	"2017-07-13 02:42:14",
			"filename":	"Penguins.jpg",
			"share_status":	1,
			"pv":	4,
			"url":	"http://192.168.1.22:80/group1/M00/00/00/wKgBFllnQHaAfkYpAAvea_OGt2M232.jpg",
			"size":	777835,
			"type":	"jpg"
		}, {
			"user":	"kevin",
			"md5":	"ba45c8f60456a672e003a875e469d0eb",
			"time":	"2017-07-13 10:40:01",
			"filename":	"Desert.jpg",
			"share_status":	1,
			"pv":	1,
			"url":	"http://192.168.1.22:80/group1/M00/00/00/wKgBFllnsHGAG7NzAAzodQCbVVc189.jpg",
			"size":	845941,
			"type":	"jpg"
		}, {
			"user":	"kevin",
			"md5":	"076e3caed758a1c18c91a0e9cae3368f",
			"time":	"2017-07-13 10:40:58",
			"filename":	"Chrysanthemum.jpg",
			"share_status":	0,
			"pv":	1,
			"url":	"http://192.168.1.22:80/group1/M00/00/00/wKgBFllnsKqAETniAA1rIuRd3Es197.jpg",
			"size":	879394,
			"type":	"jpg"
		}, {
			"user":	"kevin",
			"md5":	"fafa5efeaf3cbe3b23b2748d13e629a1",
			"time":	"2017-07-13 10:55:12",
			"filename":	"Tulips.jpg",
			"share_status":	0,
			"pv":	0,
			"url":	"http://192.168.1.22:80/group1/M00/00/00/wKgBFllntACAMf2gAAl5WLU-YRY627.jpg",
			"size":	620888,
			"type":	"jpg"
		}, {
			"user":	"kevin",
			"md5":	"5a44c7ba5bbe4ec867233d67e4806848",
			"time":	"2017-07-13 19:15:37",
			"filename":	"Jellyfish.jpg",
			"share_status":	0,
			"pv":	2,
			"url":	"http://192.168.1.22:80/group1/M00/00/00/wKgBFlloKUmAMTuEAAvWFkcZHjA991.jpg",
			"size":	775702,
			"type":	"jpg"
		}, {
			"user":	"kevin",
			"md5":	"8969288f4245120e7c3870287cce0ff3",
			"time":	"2017-07-13 19:34:59",
			"filename":	"Lighthouse.jpg",
			"share_status":	0,
			"pv":	0,
			"url":	"http://192.168.1.22:80/group1/M00/00/00/wKgBFlloLdOAflK_AAiQfKHDaaQ133.jpg",
			"size":	561276,
			"type":	"jpg"
		}, {
			"user":	"kevin",
			"md5":	"bdf3bf1da3405725be763540d6601144",
			"time":	"2017-07-14 06:41:50",
			"filename":	"Hydrangeas.jpg",
			"share_status":	0,
			"pv":	0,
			"url":	"http://192.168.1.22:80/group1/M00/00/00/wKgBFllnrUKAQ2gMAAkVVGMybN8017.jpg",
			"size":	595284,
			"type":	"jpg"
		}, {
			"user":	"kevin",
			"md5":	"2b04df3ecc1d94afddff082d139c6f15",
			"time":	"2017-07-14 06:41:52",
			"filename":	"Koala.jpg",
			"share_status":	1,
			"pv":	0,
			"url":	"http://192.168.1.22:80/group1/M00/00/00/wKgBFlloyiCAG7KuAAvqH_kipG8977.jpg",
			"size":	780831,
			"type":	"jpg"
		}]
}
[2017-07-16 23:45:22]--[src_cgi/myfiles_cgi.c:496]--cmd = count
[2017-07-16 23:45:22]--[src_cgi/myfiles_cgi.c:528]--buf = {
    "token": "023fe99fbd778113077805620ac3dc37",
    "user": "kevin"
}

[2017-07-16 23:45:22]--[src_cgi/myfiles_cgi.c:176]--line = 9
[2017-07-16 23:45:22]--[src_cgi/myfiles_cgi.c:496]--cmd = normal
[2017-07-16 23:45:22]--[src_cgi/myfiles_cgi.c:528]--buf = {
    "count": 9,
    "start": 0,
    "token": "023fe99fbd778113077805620ac3dc37",
    "user": "kevin"
}

[2017-07-16 23:45:22]--[src_cgi/myfiles_cgi.c:548]--user = kevin, token = 023fe99fbd778113077805620ac3dc37, start = 0, count = 9
[2017-07-16 23:45:22]--[src_cgi/myfiles_cgi.c:306]--select user_file_list.*, file_info.url, file_info.size, file_info.type from file_info, user_file_list where user = 'kevin' and file_info.md5 = user_file_list.md5 limit 0, 9 在操作
[2017-07-16 23:45:22]--[src_cgi/myfiles_cgi.c:428]--{
	"files":	[{
			"user":	"kevin",
			"md5":	"e5c452a06e06da6edbdd9c0e27f9fe8a",
			"time":	"2017-07-12 08:39:05",
			"filename":	"a.png",
			"share_status":	0,
			"pv":	1,
			"url":	"http://192.168.1.22:80/group1/M00/00/00/wKgBFllmQpmAWvTYAADOHLnjxXg240.png",
			"size":	52764,
			"type":	"png"
		}, {
			"user":	"kevin",
			"md5":	"9d377b10ce778c4938b3c7e2c63a229a",
			"time":	"2017-07-13 02:42:14",
			"filename":	"Penguins.jpg",
			"share_status":	1,
			"pv":	4,
			"url":	"http://192.168.1.22:80/group1/M00/00/00/wKgBFllnQHaAfkYpAAvea_OGt2M232.jpg",
			"size":	777835,
			"type":	"jpg"
		}, {
			"user":	"kevin",
			"md5":	"ba45c8f60456a672e003a875e469d0eb",
			"time":	"2017-07-13 10:40:01",
			"filename":	"Desert.jpg",
			"share_status":	1,
			"pv":	1,
			"url":	"http://192.168.1.22:80/group1/M00/00/00/wKgBFllnsHGAG7NzAAzodQCbVVc189.jpg",
			"size":	845941,
			"type":	"jpg"
		}, {
			"user":	"kevin",
			"md5":	"076e3caed758a1c18c91a0e9cae3368f",
			"time":	"2017-07-13 10:40:58",
			"filename":	"Chrysanthemum.jpg",
			"share_status":	0,
			"pv":	1,
			"url":	"http://192.168.1.22:80/group1/M00/00/00/wKgBFllnsKqAETniAA1rIuRd3Es197.jpg",
			"size":	879394,
			"type":	"jpg"
		}, {
			"user":	"kevin",
			"md5":	"fafa5efeaf3cbe3b23b2748d13e629a1",
			"time":	"2017-07-13 10:55:12",
			"filename":	"Tulips.jpg",
			"share_status":	0,
			"pv":	0,
			"url":	"http://192.168.1.22:80/group1/M00/00/00/wKgBFllntACAMf2gAAl5WLU-YRY627.jpg",
			"size":	620888,
			"type":	"jpg"
		}, {
			"user":	"kevin",
			"md5":	"5a44c7ba5bbe4ec867233d67e4806848",
			"time":	"2017-07-13 19:15:37",
			"filename":	"Jellyfish.jpg",
			"share_status":	0,
			"pv":	2,
			"url":	"http://192.168.1.22:80/group1/M00/00/00/wKgBFlloKUmAMTuEAAvWFkcZHjA991.jpg",
			"size":	775702,
			"type":	"jpg"
		}, {
			"user":	"kevin",
			"md5":	"8969288f4245120e7c3870287cce0ff3",
			"time":	"2017-07-13 19:34:59",
			"filename":	"Lighthouse.jpg",
			"share_status":	0,
			"pv":	0,
			"url":	"http://192.168.1.22:80/group1/M00/00/00/wKgBFlloLdOAflK_AAiQfKHDaaQ133.jpg",
			"size":	561276,
			"type":	"jpg"
		}, {
			"user":	"kevin",
			"md5":	"bdf3bf1da3405725be763540d6601144",
			"time":	"2017-07-14 06:41:50",
			"filename":	"Hydrangeas.jpg",
			"share_status":	0,
			"pv":	0,
			"url":	"http://192.168.1.22:80/group1/M00/00/00/wKgBFllnrUKAQ2gMAAkVVGMybN8017.jpg",
			"size":	595284,
			"type":	"jpg"
		}, {
			"user":	"kevin",
			"md5":	"2b04df3ecc1d94afddff082d139c6f15",
			"time":	"2017-07-14 06:41:52",
			"filename":	"Koala.jpg",
			"share_status":	1,
			"pv":	0,
			"url":	"http://192.168.1.22:80/group1/M00/00/00/wKgBFlloyiCAG7KuAAvqH_kipG8977.jpg",
			"size":	780831,
			"type":	"jpg"
		}]
}
[2017-07-16 23:48:16]--[src_cgi/myfiles_cgi.c:496]--cmd = count
[2017-07-16 23:48:16]--[src_cgi/myfiles_cgi.c:528]--buf = {
    "token": "4166b10101cfa51c55bd0eae8b595525",
    "user": "kevin"
}

[2017-07-16 23:48:16]--[src_cgi/myfiles_cgi.c:176]--line = 9
[2017-07-16 23:48:16]--[src_cgi/myfiles_cgi.c:496]--cmd = normal
[2017-07-16 23:48:16]--[src_cgi/myfiles_cgi.c:528]--buf = {
    "count": 9,
    "start": 0,
    "token": "4166b10101cfa51c55bd0eae8b595525",
    "user": "kevin"
}

[2017-07-16 23:48:16]--[src_cgi/myfiles_cgi.c:548]--user = kevin, token = 4166b10101cfa51c55bd0eae8b595525, start = 0, count = 9
[2017-07-16 23:48:16]--[src_cgi/myfiles_cgi.c:306]--select user_file_list.*, file_info.url, file_info.size, file_info.type from file_info, user_file_list where user = 'kevin' and file_info.md5 = user_file_list.md5 limit 0, 9 在操作
[2017-07-16 23:48:16]--[src_cgi/myfiles_cgi.c:428]--{
	"files":	[{
			"user":	"kevin",
			"md5":	"e5c452a06e06da6edbdd9c0e27f9fe8a",
			"time":	"2017-07-12 08:39:05",
			"filename":	"a.png",
			"share_status":	0,
			"pv":	1,
			"url":	"http://192.168.1.22:80/group1/M00/00/00/wKgBFllmQpmAWvTYAADOHLnjxXg240.png",
			"size":	52764,
			"type":	"png"
		}, {
			"user":	"kevin",
			"md5":	"9d377b10ce778c4938b3c7e2c63a229a",
			"time":	"2017-07-13 02:42:14",
			"filename":	"Penguins.jpg",
			"share_status":	1,
			"pv":	4,
			"url":	"http://192.168.1.22:80/group1/M00/00/00/wKgBFllnQHaAfkYpAAvea_OGt2M232.jpg",
			"size":	777835,
			"type":	"jpg"
		}, {
			"user":	"kevin",
			"md5":	"ba45c8f60456a672e003a875e469d0eb",
			"time":	"2017-07-13 10:40:01",
			"filename":	"Desert.jpg",
			"share_status":	1,
			"pv":	1,
			"url":	"http://192.168.1.22:80/group1/M00/00/00/wKgBFllnsHGAG7NzAAzodQCbVVc189.jpg",
			"size":	845941,
			"type":	"jpg"
		}, {
			"user":	"kevin",
			"md5":	"076e3caed758a1c18c91a0e9cae3368f",
			"time":	"2017-07-13 10:40:58",
			"filename":	"Chrysanthemum.jpg",
			"share_status":	0,
			"pv":	1,
			"url":	"http://192.168.1.22:80/group1/M00/00/00/wKgBFllnsKqAETniAA1rIuRd3Es197.jpg",
			"size":	879394,
			"type":	"jpg"
		}, {
			"user":	"kevin",
			"md5":	"fafa5efeaf3cbe3b23b2748d13e629a1",
			"time":	"2017-07-13 10:55:12",
			"filename":	"Tulips.jpg",
			"share_status":	0,
			"pv":	1,
			"url":	"http://192.168.1.22:80/group1/M00/00/00/wKgBFllntACAMf2gAAl5WLU-YRY627.jpg",
			"size":	620888,
			"type":	"jpg"
		}, {
			"user":	"kevin",
			"md5":	"5a44c7ba5bbe4ec867233d67e4806848",
			"time":	"2017-07-13 19:15:37",
			"filename":	"Jellyfish.jpg",
			"share_status":	0,
			"pv":	2,
			"url":	"http://192.168.1.22:80/group1/M00/00/00/wKgBFlloKUmAMTuEAAvWFkcZHjA991.jpg",
			"size":	775702,
			"type":	"jpg"
		}, {
			"user":	"kevin",
			"md5":	"8969288f4245120e7c3870287cce0ff3",
			"time":	"2017-07-13 19:34:59",
			"filename":	"Lighthouse.jpg",
			"share_status":	0,
			"pv":	0,
			"url":	"http://192.168.1.22:80/group1/M00/00/00/wKgBFlloLdOAflK_AAiQfKHDaaQ133.jpg",
			"size":	561276,
			"type":	"jpg"
		}, {
			"user":	"kevin",
			"md5":	"bdf3bf1da3405725be763540d6601144",
			"time":	"2017-07-14 06:41:50",
			"filename":	"Hydrangeas.jpg",
			"share_status":	0,
			"pv":	0,
			"url":	"http://192.168.1.22:80/group1/M00/00/00/wKgBFllnrUKAQ2gMAAkVVGMybN8017.jpg",
			"size":	595284,
			"type":	"jpg"
		}, {
			"user":	"kevin",
			"md5":	"2b04df3ecc1d94afddff082d139c6f15",
			"time":	"2017-07-14 06:41:52",
			"filename":	"Koala.jpg",
			"share_status":	1,
			"pv":	0,
			"url":	"http://192.168.1.22:80/group1/M00/00/00/wKgBFlloyiCAG7KuAAvqH_kipG8977.jpg",
			"size":	780831,
			"type":	"jpg"
		}]
}
