[2017-07-23 12:10:51]--[src_cgi/myfiles_cgi.c:40]--mysql:[user=root,pwd=root,database=cloud_disk][2017-07-23 00:56:49]--[src_cgi/myfiles_cgi.c:496]--cmd = count
[2017-07-23 00:56:49]--[src_cgi/myfiles_cgi.c:528]--buf = {
    "token": "23dc8b1b215cbff6446de71a52e9d8b9",
    "user": "kevin"
}

[2017-07-23 00:56:49]--[src_cgi/myfiles_cgi.c:176]--line = 10
[2017-07-23 00:56:49]--[src_cgi/myfiles_cgi.c:496]--cmd = normal
[2017-07-23 00:56:49]--[src_cgi/myfiles_cgi.c:528]--buf = {
    "count": 10,
    "start": 0,
    "token": "23dc8b1b215cbff6446de71a52e9d8b9",
    "user": "kevin"
}

[2017-07-23 00:56:49]--[src_cgi/myfiles_cgi.c:548]--user = kevin, token = 23dc8b1b215cbff6446de71a52e9d8b9, start = 0, count = 10
[2017-07-23 00:56:49]--[src_cgi/myfiles_cgi.c:306]--select user_file_list.*, file_info.url, file_info.size, file_info.type from file_info, user_file_list where user = 'kevin' and file_info.md5 = user_file_list.md5 limit 0, 10 在操作
[2017-07-23 00:56:49]--[src_cgi/myfiles_cgi.c:428]--{
	"files":	[{
			"user":	"kevin",
			"md5":	"bdf3bf1da3405725be763540d6601144",
			"time":	"2017-07-22 21:30:43",
			"filename":	"Hydrangeas.jpg",
			"share_status":	0,
			"pv":	1,
			"url":	"http://192.168.1.25:80/group1/M00/00/00/wKgBGVl0JnOARuMeAAkVVGMybN8679.jpg",
			"size":	595284,
			"type":	"jpg"
		}, {
			"user":	"kevin",
			"md5":	"bdf3bf1da3405725be763540d6601144",
			"time":	"2017-07-22 21:32:02",
			"filename":	"苏丙榅.jpg",
			"share_status":	0,
			"pv":	0,
			"url":	"http://192.168.1.25:80/group1/M00/00/00/wKgBGVl0JnOARuMeAAkVVGMybN8679.jpg",
			"size":	595284,
			"type":	"jpg"
		}, {
			"user":	"kevin",
			"md5":	"833e4e47bde2c682be3fbfef5655d8ba",
			"time":	"2017-07-22 21:38:21",
			"filename":	"heart.png",
			"share_status":	0,
			"pv":	0,
			"url":	"http://192.168.1.25:80/group1/M00/00/00/wKgBGVl0KD2AS-HnAACdx3VQYOM670.png",
			"size":	40391,
			"type":	"png"
		}, {
			"user":	"kevin",
			"md5":	"066aadc61cf843932c81a4b71d112ee0",
			"time":	"2017-07-22 21:38:22",
			"filename":	"loveLian.jpg",
			"share_status":	0,
			"pv":	0,
			"url":	"http://192.168.1.25:80/group1/M00/00/00/wKgBGVl0KD6AfWzOAAGWaAy0O0g421.jpg",
			"size":	104040,
			"type":	"jpg"
		}, {
			"user":	"kevin",
			"md5":	"ab14bc510d2b3d3d9bf793a2ba87b279",
			"time":	"2017-07-22 21:38:23",
			"filename":	"Luffy.png",
			"share_status":	0,
			"pv":	0,
			"url":	"http://192.168.1.25:80/group1/M00/00/00/wKgBGVl0KD-AHTIuAADPFapmvGY606.png",
			"size":	53013,
			"type":	"png"
		}, {
			"user":	"kevin",
			"md5":	"5488627bbaf0e7fadac1283b8b52967a",
			"time":	"2017-07-22 21:38:24",
			"filename":	"LuffyQ.png",
			"share_status":	0,
			"pv":	0,
			"url":	"http://192.168.1.25:80/group1/M00/00/00/wKgBGVl0KECAf999AABB715331M774.png",
			"size":	16879,
			"type":	"png"
		}, {
			"user":	"kevin",
			"md5":	"9d377b10ce778c4938b3c7e2c63a229a",
			"time":	"2017-07-22 21:47:14",
			"filename":	"Penguins.jpg",
			"share_status":	0,
			"pv":	0,
			"url":	"http://192.168.1.25:80/group1/M00/00/00/wKgBGVl0KlKAByWJAAvea_OGt2M935.jpg",
			"size":	777835,
			"type":	"jpg"
		}, {
			"user":	"kevin",
			"md5":	"b80a1a34f1f1379d4ccc4531731e2590",
			"time":	"2017-07-22 21:47:26",
			"filename":	"mario.gif",
			"share_status":	0,
			"pv":	0,
			"url":	"http://192.168.1.25:80/group1/M00/00/00/wKgBGVl0Kl6AXrmhABYEYqc6WgA774.gif",
			"size":	1442914,
			"type":	"gif"
		}, {
			"user":	"kevin",
			"md5":	"0b63aa35e4db05646d5b4495ba1ada6e",
			"time":	"2017-07-22 22:04:17",
			"filename":	"报告龙王，敌人来了.jpg",
			"share_status":	0,
			"pv":	0,
			"url":	"http://192.168.1.25:80/group1/M00/00/00/wKgBGVl0LlGAdklHAAR9Bw2MgLQ595.jpg",
			"size":	294151,
			"type":	"jpg"
		}, {
			"user":	"kevin",
			"md5":	"1cf3787de8bd2c0c03b641d7f112a861",
			"time":	"2017-07-22 22:04:29",
			"filename":	"骑着老虎闯天下.jpg",
			"share_status":	0,
			"pv":	0,
			"url":	"http://192.168.1.25:80/group1/M00/00/00/wKgBGVl0Ll2AWbW_AAWVWU7roOk197.jpg",
			"size":	365913,
			"type":	"jpg"
		}]
}
[2017-07-23 00:57:10]--[src_cgi/myfiles_cgi.c:496]--cmd = count
[2017-07-23 00:57:10]--[src_cgi/myfiles_cgi.c:528]--buf = {
    "token": "23dc8b1b215cbff6446de71a52e9d8b9",
    "user": "kevin"
}

[2017-07-23 00:57:10]--[src_cgi/myfiles_cgi.c:176]--line = 9
[2017-07-23 00:57:10]--[src_cgi/myfiles_cgi.c:496]--cmd = normal
[2017-07-23 00:57:10]--[src_cgi/myfiles_cgi.c:528]--buf = {
    "count": 9,
    "start": 0,
    "token": "23dc8b1b215cbff6446de71a52e9d8b9",
    "user": "kevin"
}

[2017-07-23 00:57:10]--[src_cgi/myfiles_cgi.c:548]--user = kevin, token = 23dc8b1b215cbff6446de71a52e9d8b9, start = 0, count = 9
[2017-07-23 00:57:10]--[src_cgi/myfiles_cgi.c:306]--select user_file_list.*, file_info.url, file_info.size, file_info.type from file_info, user_file_list where user = 'kevin' and file_info.md5 = user_file_list.md5 limit 0, 9 在操作
[2017-07-23 00:57:10]--[src_cgi/myfiles_cgi.c:428]--{
	"files":	[{
			"user":	"kevin",
			"md5":	"bdf3bf1da3405725be763540d6601144",
			"time":	"2017-07-22 21:30:43",
			"filename":	"Hydrangeas.jpg",
			"share_status":	0,
			"pv":	1,
			"url":	"http://192.168.1.25:80/group1/M00/00/00/wKgBGVl0JnOARuMeAAkVVGMybN8679.jpg",
			"size":	595284,
			"type":	"jpg"
		}, {
			"user":	"kevin",
			"md5":	"bdf3bf1da3405725be763540d6601144",
			"time":	"2017-07-22 21:32:02",
			"filename":	"苏丙榅.jpg",
			"share_status":	0,
			"pv":	0,
			"url":	"http://192.168.1.25:80/group1/M00/00/00/wKgBGVl0JnOARuMeAAkVVGMybN8679.jpg",
			"size":	595284,
			"type":	"jpg"
		}, {
			"user":	"kevin",
			"md5":	"833e4e47bde2c682be3fbfef5655d8ba",
			"time":	"2017-07-22 21:38:21",
			"filename":	"heart.png",
			"share_status":	0,
			"pv":	0,
			"url":	"http://192.168.1.25:80/group1/M00/00/00/wKgBGVl0KD2AS-HnAACdx3VQYOM670.png",
			"size":	40391,
			"type":	"png"
		}, {
			"user":	"kevin",
			"md5":	"066aadc61cf843932c81a4b71d112ee0",
			"time":	"2017-07-22 21:38:22",
			"filename":	"loveLian.jpg",
			"share_status":	0,
			"pv":	0,
			"url":	"http://192.168.1.25:80/group1/M00/00/00/wKgBGVl0KD6AfWzOAAGWaAy0O0g421.jpg",
			"size":	104040,
			"type":	"jpg"
		}, {
			"user":	"kevin",
			"md5":	"ab14bc510d2b3d3d9bf793a2ba87b279",
			"time":	"2017-07-22 21:38:23",
			"filename":	"Luffy.png",
			"share_status":	0,
			"pv":	0,
			"url":	"http://192.168.1.25:80/group1/M00/00/00/wKgBGVl0KD-AHTIuAADPFapmvGY606.png",
			"size":	53013,
			"type":	"png"
		}, {
			"user":	"kevin",
			"md5":	"5488627bbaf0e7fadac1283b8b52967a",
			"time":	"2017-07-22 21:38:24",
			"filename":	"LuffyQ.png",
			"share_status":	0,
			"pv":	0,
			"url":	"http://192.168.1.25:80/group1/M00/00/00/wKgBGVl0KECAf999AABB715331M774.png",
			"size":	16879,
			"type":	"png"
		}, {
			"user":	"kevin",
			"md5":	"9d377b10ce778c4938b3c7e2c63a229a",
			"time":	"2017-07-22 21:47:14",
			"filename":	"Penguins.jpg",
			"share_status":	0,
			"pv":	0,
			"url":	"http://192.168.1.25:80/group1/M00/00/00/wKgBGVl0KlKAByWJAAvea_OGt2M935.jpg",
			"size":	777835,
			"type":	"jpg"
		}, {
			"user":	"kevin",
			"md5":	"0b63aa35e4db05646d5b4495ba1ada6e",
			"time":	"2017-07-22 22:04:17",
			"filename":	"报告龙王，敌人来了.jpg",
			"share_status":	0,
			"pv":	0,
			"url":	"http://192.168.1.25:80/group1/M00/00/00/wKgBGVl0LlGAdklHAAR9Bw2MgLQ595.jpg",
			"size":	294151,
			"type":	"jpg"
		}, {
			"user":	"kevin",
			"md5":	"1cf3787de8bd2c0c03b641d7f112a861",
			"time":	"2017-07-22 22:04:29",
			"filename":	"骑着老虎闯天下.jpg",
			"share_status":	0,
			"pv":	0,
			"url":	"http://192.168.1.25:80/group1/M00/00/00/wKgBGVl0Ll2AWbW_AAWVWU7roOk197.jpg",
			"size":	365913,
			"type":	"jpg"
		}]
}
[2017-07-23 00:58:27]--[src_cgi/myfiles_cgi.c:496]--cmd = count
[2017-07-23 00:58:27]--[src_cgi/myfiles_cgi.c:528]--buf = {
    "token": "23dc8b1b215cbff6446de71a52e9d8b9",
    "user": "kevin"
}

[2017-07-23 00:58:27]--[src_cgi/myfiles_cgi.c:176]--line = 9
[2017-07-23 00:58:27]--[src_cgi/myfiles_cgi.c:496]--cmd = normal
[2017-07-23 00:58:27]--[src_cgi/myfiles_cgi.c:528]--buf = {
    "count": 9,
    "start": 0,
    "token": "23dc8b1b215cbff6446de71a52e9d8b9",
    "user": "kevin"
}

[2017-07-23 00:58:27]--[src_cgi/myfiles_cgi.c:548]--user = kevin, token = 23dc8b1b215cbff6446de71a52e9d8b9, start = 0, count = 9
[2017-07-23 00:58:27]--[src_cgi/myfiles_cgi.c:306]--select user_file_list.*, file_info.url, file_info.size, file_info.type from file_info, user_file_list where user = 'kevin' and file_info.md5 = user_file_list.md5 limit 0, 9 在操作
[2017-07-23 00:58:27]--[src_cgi/myfiles_cgi.c:428]--{
	"files":	[{
			"user":	"kevin",
			"md5":	"bdf3bf1da3405725be763540d6601144",
			"time":	"2017-07-22 21:30:43",
			"filename":	"Hydrangeas.jpg",
			"share_status":	0,
			"pv":	1,
			"url":	"http://192.168.1.25:80/group1/M00/00/00/wKgBGVl0JnOARuMeAAkVVGMybN8679.jpg",
			"size":	595284,
			"type":	"jpg"
		}, {
			"user":	"kevin",
			"md5":	"bdf3bf1da3405725be763540d6601144",
			"time":	"2017-07-22 21:32:02",
			"filename":	"苏丙榅.jpg",
			"share_status":	0,
			"pv":	0,
			"url":	"http://192.168.1.25:80/group1/M00/00/00/wKgBGVl0JnOARuMeAAkVVGMybN8679.jpg",
			"size":	595284,
			"type":	"jpg"
		}, {
			"user":	"kevin",
			"md5":	"833e4e47bde2c682be3fbfef5655d8ba",
			"time":	"2017-07-22 21:38:21",
			"filename":	"heart.png",
			"share_status":	0,
			"pv":	0,
			"url":	"http://192.168.1.25:80/group1/M00/00/00/wKgBGVl0KD2AS-HnAACdx3VQYOM670.png",
			"size":	40391,
			"type":	"png"
		}, {
			"user":	"kevin",
			"md5":	"066aadc61cf843932c81a4b71d112ee0",
			"time":	"2017-07-22 21:38:22",
			"filename":	"loveLian.jpg",
			"share_status":	0,
			"pv":	0,
			"url":	"http://192.168.1.25:80/group1/M00/00/00/wKgBGVl0KD6AfWzOAAGWaAy0O0g421.jpg",
			"size":	104040,
			"type":	"jpg"
		}, {
			"user":	"kevin",
			"md5":	"ab14bc510d2b3d3d9bf793a2ba87b279",
			"time":	"2017-07-22 21:38:23",
			"filename":	"Luffy.png",
			"share_status":	0,
			"pv":	0,
			"url":	"http://192.168.1.25:80/group1/M00/00/00/wKgBGVl0KD-AHTIuAADPFapmvGY606.png",
			"size":	53013,
			"type":	"png"
		}, {
			"user":	"kevin",
			"md5":	"5488627bbaf0e7fadac1283b8b52967a",
			"time":	"2017-07-22 21:38:24",
			"filename":	"LuffyQ.png",
			"share_status":	0,
			"pv":	0,
			"url":	"http://192.168.1.25:80/group1/M00/00/00/wKgBGVl0KECAf999AABB715331M774.png",
			"size":	16879,
			"type":	"png"
		}, {
			"user":	"kevin",
			"md5":	"9d377b10ce778c4938b3c7e2c63a229a",
			"time":	"2017-07-22 21:47:14",
			"filename":	"Penguins.jpg",
			"share_status":	0,
			"pv":	0,
			"url":	"http://192.168.1.25:80/group1/M00/00/00/wKgBGVl0KlKAByWJAAvea_OGt2M935.jpg",
			"size":	777835,
			"type":	"jpg"
		}, {
			"user":	"kevin",
			"md5":	"0b63aa35e4db05646d5b4495ba1ada6e",
			"time":	"2017-07-22 22:04:17",
			"filename":	"报告龙王，敌人来了.jpg",
			"share_status":	0,
			"pv":	0,
			"url":	"http://192.168.1.25:80/group1/M00/00/00/wKgBGVl0LlGAdklHAAR9Bw2MgLQ595.jpg",
			"size":	294151,
			"type":	"jpg"
		}, {
			"user":	"kevin",
			"md5":	"1cf3787de8bd2c0c03b641d7f112a861",
			"time":	"2017-07-22 22:04:29",
			"filename":	"骑着老虎闯天下.jpg",
			"share_status":	0,
			"pv":	0,
			"url":	"http://192.168.1.25:80/group1/M00/00/00/wKgBGVl0Ll2AWbW_AAWVWU7roOk197.jpg",
			"size":	365913,
			"type":	"jpg"
		}]
}
[2017-07-23 00:58:46]--[src_cgi/myfiles_cgi.c:496]--cmd = count
[2017-07-23 00:58:46]--[src_cgi/myfiles_cgi.c:528]--buf = {
    "token": "23dc8b1b215cbff6446de71a52e9d8b9",
    "user": "kevin"
}

[2017-07-23 00:58:46]--[src_cgi/myfiles_cgi.c:176]--line = 9
[2017-07-23 00:58:46]--[src_cgi/myfiles_cgi.c:496]--cmd = normal
[2017-07-23 00:58:46]--[src_cgi/myfiles_cgi.c:528]--buf = {
    "count": 9,
    "start": 0,
    "token": "23dc8b1b215cbff6446de71a52e9d8b9",
    "user": "kevin"
}

[2017-07-23 00:58:46]--[src_cgi/myfiles_cgi.c:548]--user = kevin, token = 23dc8b1b215cbff6446de71a52e9d8b9, start = 0, count = 9
[2017-07-23 00:58:46]--[src_cgi/myfiles_cgi.c:306]--select user_file_list.*, file_info.url, file_info.size, file_info.type from file_info, user_file_list where user = 'kevin' and file_info.md5 = user_file_list.md5 limit 0, 9 在操作
[2017-07-23 00:58:46]--[src_cgi/myfiles_cgi.c:428]--{
	"files":	[{
			"user":	"kevin",
			"md5":	"bdf3bf1da3405725be763540d6601144",
			"time":	"2017-07-22 21:30:43",
			"filename":	"Hydrangeas.jpg",
			"share_status":	0,
			"pv":	1,
			"url":	"http://192.168.1.25:80/group1/M00/00/00/wKgBGVl0JnOARuMeAAkVVGMybN8679.jpg",
			"size":	595284,
			"type":	"jpg"
		}, {
			"user":	"kevin",
			"md5":	"bdf3bf1da3405725be763540d6601144",
			"time":	"2017-07-22 21:32:02",
			"filename":	"苏丙榅.jpg",
			"share_status":	0,
			"pv":	0,
			"url":	"http://192.168.1.25:80/group1/M00/00/00/wKgBGVl0JnOARuMeAAkVVGMybN8679.jpg",
			"size":	595284,
			"type":	"jpg"
		}, {
			"user":	"kevin",
			"md5":	"833e4e47bde2c682be3fbfef5655d8ba",
			"time":	"2017-07-22 21:38:21",
			"filename":	"heart.png",
			"share_status":	0,
			"pv":	0,
			"url":	"http://192.168.1.25:80/group1/M00/00/00/wKgBGVl0KD2AS-HnAACdx3VQYOM670.png",
			"size":	40391,
			"type":	"png"
		}, {
			"user":	"kevin",
			"md5":	"066aadc61cf843932c81a4b71d112ee0",
			"time":	"2017-07-22 21:38:22",
			"filename":	"loveLian.jpg",
			"share_status":	0,
			"pv":	0,
			"url":	"http://192.168.1.25:80/group1/M00/00/00/wKgBGVl0KD6AfWzOAAGWaAy0O0g421.jpg",
			"size":	104040,
			"type":	"jpg"
		}, {
			"user":	"kevin",
			"md5":	"ab14bc510d2b3d3d9bf793a2ba87b279",
			"time":	"2017-07-22 21:38:23",
			"filename":	"Luffy.png",
			"share_status":	0,
			"pv":	0,
			"url":	"http://192.168.1.25:80/group1/M00/00/00/wKgBGVl0KD-AHTIuAADPFapmvGY606.png",
			"size":	53013,
			"type":	"png"
		}, {
			"user":	"kevin",
			"md5":	"5488627bbaf0e7fadac1283b8b52967a",
			"time":	"2017-07-22 21:38:24",
			"filename":	"LuffyQ.png",
			"share_status":	0,
			"pv":	0,
			"url":	"http://192.168.1.25:80/group1/M00/00/00/wKgBGVl0KECAf999AABB715331M774.png",
			"size":	16879,
			"type":	"png"
		}, {
			"user":	"kevin",
			"md5":	"9d377b10ce778c4938b3c7e2c63a229a",
			"time":	"2017-07-22 21:47:14",
			"filename":	"Penguins.jpg",
			"share_status":	0,
			"pv":	0,
			"url":	"http://192.168.1.25:80/group1/M00/00/00/wKgBGVl0KlKAByWJAAvea_OGt2M935.jpg",
			"size":	777835,
			"type":	"jpg"
		}, {
			"user":	"kevin",
			"md5":	"0b63aa35e4db05646d5b4495ba1ada6e",
			"time":	"2017-07-22 22:04:17",
			"filename":	"报告龙王，敌人来了.jpg",
			"share_status":	0,
			"pv":	0,
			"url":	"http://192.168.1.25:80/group1/M00/00/00/wKgBGVl0LlGAdklHAAR9Bw2MgLQ595.jpg",
			"size":	294151,
			"type":	"jpg"
		}, {
			"user":	"kevin",
			"md5":	"1cf3787de8bd2c0c03b641d7f112a861",
			"time":	"2017-07-22 22:04:29",
			"filename":	"骑着老虎闯天下.jpg",
			"share_status":	0,
			"pv":	0,
			"url":	"http://192.168.1.25:80/group1/M00/00/00/wKgBGVl0Ll2AWbW_AAWVWU7roOk197.jpg",
			"size":	365913,
			"type":	"jpg"
		}]
}
[2017-07-23 03:45:09]--[src_cgi/myfiles_cgi.c:496]--cmd = count
[2017-07-23 03:45:09]--[src_cgi/myfiles_cgi.c:528]--buf = {
    "token": "1ce5d3256676ccd0484e8e2e938d1795",
    "user": "kevin"
}

[2017-07-23 03:45:09]--[src_cgi/myfiles_cgi.c:176]--line = 9
[2017-07-23 03:45:09]--[src_cgi/myfiles_cgi.c:496]--cmd = normal
[2017-07-23 03:45:09]--[src_cgi/myfiles_cgi.c:528]--buf = {
    "count": 9,
    "start": 0,
    "token": "1ce5d3256676ccd0484e8e2e938d1795",
    "user": "kevin"
}

[2017-07-23 03:45:09]--[src_cgi/myfiles_cgi.c:548]--user = kevin, token = 1ce5d3256676ccd0484e8e2e938d1795, start = 0, count = 9
[2017-07-23 03:45:09]--[src_cgi/myfiles_cgi.c:306]--select user_file_list.*, file_info.url, file_info.size, file_info.type from file_info, user_file_list where user = 'kevin' and file_info.md5 = user_file_list.md5 limit 0, 9 在操作
[2017-07-23 03:45:09]--[src_cgi/myfiles_cgi.c:428]--{
	"files":	[{
			"user":	"kevin",
			"md5":	"bdf3bf1da3405725be763540d6601144",
			"time":	"2017-07-22 21:30:43",
			"filename":	"Hydrangeas.jpg",
			"share_status":	0,
			"pv":	1,
			"url":	"http://192.168.1.25:80/group1/M00/00/00/wKgBGVl0JnOARuMeAAkVVGMybN8679.jpg",
			"size":	595284,
			"type":	"jpg"
		}, {
			"user":	"kevin",
			"md5":	"bdf3bf1da3405725be763540d6601144",
			"time":	"2017-07-22 21:32:02",
			"filename":	"苏丙榅.jpg",
			"share_status":	0,
			"pv":	0,
			"url":	"http://192.168.1.25:80/group1/M00/00/00/wKgBGVl0JnOARuMeAAkVVGMybN8679.jpg",
			"size":	595284,
			"type":	"jpg"
		}, {
			"user":	"kevin",
			"md5":	"833e4e47bde2c682be3fbfef5655d8ba",
			"time":	"2017-07-22 21:38:21",
			"filename":	"heart.png",
			"share_status":	0,
			"pv":	0,
			"url":	"http://192.168.1.25:80/group1/M00/00/00/wKgBGVl0KD2AS-HnAACdx3VQYOM670.png",
			"size":	40391,
			"type":	"png"
		}, {
			"user":	"kevin",
			"md5":	"066aadc61cf843932c81a4b71d112ee0",
			"time":	"2017-07-22 21:38:22",
			"filename":	"loveLian.jpg",
			"share_status":	0,
			"pv":	0,
			"url":	"http://192.168.1.25:80/group1/M00/00/00/wKgBGVl0KD6AfWzOAAGWaAy0O0g421.jpg",
			"size":	104040,
			"type":	"jpg"
		}, {
			"user":	"kevin",
			"md5":	"ab14bc510d2b3d3d9bf793a2ba87b279",
			"time":	"2017-07-22 21:38:23",
			"filename":	"Luffy.png",
			"share_status":	0,
			"pv":	0,
			"url":	"http://192.168.1.25:80/group1/M00/00/00/wKgBGVl0KD-AHTIuAADPFapmvGY606.png",
			"size":	53013,
			"type":	"png"
		}, {
			"user":	"kevin",
			"md5":	"5488627bbaf0e7fadac1283b8b52967a",
			"time":	"2017-07-22 21:38:24",
			"filename":	"LuffyQ.png",
			"share_status":	0,
			"pv":	0,
			"url":	"http://192.168.1.25:80/group1/M00/00/00/wKgBGVl0KECAf999AABB715331M774.png",
			"size":	16879,
			"type":	"png"
		}, {
			"user":	"kevin",
			"md5":	"9d377b10ce778c4938b3c7e2c63a229a",
			"time":	"2017-07-22 21:47:14",
			"filename":	"Penguins.jpg",
			"share_status":	0,
			"pv":	0,
			"url":	"http://192.168.1.25:80/group1/M00/00/00/wKgBGVl0KlKAByWJAAvea_OGt2M935.jpg",
			"size":	777835,
			"type":	"jpg"
		}, {
			"user":	"kevin",
			"md5":	"0b63aa35e4db05646d5b4495ba1ada6e",
			"time":	"2017-07-22 22:04:17",
			"filename":	"报告龙王，敌人来了.jpg",
			"share_status":	0,
			"pv":	0,
			"url":	"http://192.168.1.25:80/group1/M00/00/00/wKgBGVl0LlGAdklHAAR9Bw2MgLQ595.jpg",
			"size":	294151,
			"type":	"jpg"
		}, {
			"user":	"kevin",
			"md5":	"1cf3787de8bd2c0c03b641d7f112a861",
			"time":	"2017-07-22 22:04:29",
			"filename":	"骑着老虎闯天下.jpg",
			"share_status":	0,
			"pv":	1,
			"url":	"http://192.168.1.25:80/group1/M00/00/00/wKgBGVl0Ll2AWbW_AAWVWU7roOk197.jpg",
			"size":	365913,
			"type":	"jpg"
		}]
}
[2017-07-23 07:37:55]--[src_cgi/myfiles_cgi.c:496]--cmd = count
[2017-07-23 07:37:55]--[src_cgi/myfiles_cgi.c:528]--buf = {
    "token": "1ce5d3256676ccd0484e8e2e938d1795",
    "user": "kevin"
}

[2017-07-23 07:37:55]--[src_cgi/myfiles_cgi.c:176]--line = 9
[2017-07-23 07:37:55]--[src_cgi/myfiles_cgi.c:496]--cmd = normal
[2017-07-23 07:37:55]--[src_cgi/myfiles_cgi.c:528]--buf = {
    "count": 9,
    "start": 0,
    "token": "1ce5d3256676ccd0484e8e2e938d1795",
    "user": "kevin"
}

[2017-07-23 07:37:55]--[src_cgi/myfiles_cgi.c:548]--user = kevin, token = 1ce5d3256676ccd0484e8e2e938d1795, start = 0, count = 9
[2017-07-23 07:37:55]--[src_cgi/myfiles_cgi.c:306]--select user_file_list.*, file_info.url, file_info.size, file_info.type from file_info, user_file_list where user = 'kevin' and file_info.md5 = user_file_list.md5 limit 0, 9 在操作
[2017-07-23 07:37:55]--[src_cgi/myfiles_cgi.c:428]--{
	"files":	[{
			"user":	"kevin",
			"md5":	"bdf3bf1da3405725be763540d6601144",
			"time":	"2017-07-22 21:30:43",
			"filename":	"Hydrangeas.jpg",
			"share_status":	0,
			"pv":	1,
			"url":	"http://192.168.1.25:80/group1/M00/00/00/wKgBGVl0JnOARuMeAAkVVGMybN8679.jpg",
			"size":	595284,
			"type":	"jpg"
		}, {
			"user":	"kevin",
			"md5":	"bdf3bf1da3405725be763540d6601144",
			"time":	"2017-07-22 21:32:02",
			"filename":	"苏丙榅.jpg",
			"share_status":	0,
			"pv":	0,
			"url":	"http://192.168.1.25:80/group1/M00/00/00/wKgBGVl0JnOARuMeAAkVVGMybN8679.jpg",
			"size":	595284,
			"type":	"jpg"
		}, {
			"user":	"kevin",
			"md5":	"833e4e47bde2c682be3fbfef5655d8ba",
			"time":	"2017-07-22 21:38:21",
			"filename":	"heart.png",
			"share_status":	0,
			"pv":	0,
			"url":	"http://192.168.1.25:80/group1/M00/00/00/wKgBGVl0KD2AS-HnAACdx3VQYOM670.png",
			"size":	40391,
			"type":	"png"
		}, {
			"user":	"kevin",
			"md5":	"066aadc61cf843932c81a4b71d112ee0",
			"time":	"2017-07-22 21:38:22",
			"filename":	"loveLian.jpg",
			"share_status":	0,
			"pv":	0,
			"url":	"http://192.168.1.25:80/group1/M00/00/00/wKgBGVl0KD6AfWzOAAGWaAy0O0g421.jpg",
			"size":	104040,
			"type":	"jpg"
		}, {
			"user":	"kevin",
			"md5":	"ab14bc510d2b3d3d9bf793a2ba87b279",
			"time":	"2017-07-22 21:38:23",
			"filename":	"Luffy.png",
			"share_status":	0,
			"pv":	0,
			"url":	"http://192.168.1.25:80/group1/M00/00/00/wKgBGVl0KD-AHTIuAADPFapmvGY606.png",
			"size":	53013,
			"type":	"png"
		}, {
			"user":	"kevin",
			"md5":	"5488627bbaf0e7fadac1283b8b52967a",
			"time":	"2017-07-22 21:38:24",
			"filename":	"LuffyQ.png",
			"share_status":	0,
			"pv":	0,
			"url":	"http://192.168.1.25:80/group1/M00/00/00/wKgBGVl0KECAf999AABB715331M774.png",
			"size":	16879,
			"type":	"png"
		}, {
			"user":	"kevin",
			"md5":	"9d377b10ce778c4938b3c7e2c63a229a",
			"time":	"2017-07-22 21:47:14",
			"filename":	"Penguins.jpg",
			"share_status":	0,
			"pv":	0,
			"url":	"http://192.168.1.25:80/group1/M00/00/00/wKgBGVl0KlKAByWJAAvea_OGt2M935.jpg",
			"size":	777835,
			"type":	"jpg"
		}, {
			"user":	"kevin",
			"md5":	"0b63aa35e4db05646d5b4495ba1ada6e",
			"time":	"2017-07-22 22:04:17",
			"filename":	"报告龙王，敌人来了.jpg",
			"share_status":	0,
			"pv":	0,
			"url":	"http://192.168.1.25:80/group1/M00/00/00/wKgBGVl0LlGAdklHAAR9Bw2MgLQ595.jpg",
			"size":	294151,
			"type":	"jpg"
		}, {
			"user":	"kevin",
			"md5":	"1cf3787de8bd2c0c03b641d7f112a861",
			"time":	"2017-07-22 22:04:29",
			"filename":	"骑着老虎闯天下.jpg",
			"share_status":	0,
			"pv":	1,
			"url":	"http://192.168.1.25:80/group1/M00/00/00/wKgBGVl0Ll2AWbW_AAWVWU7roOk197.jpg",
			"size":	365913,
			"type":	"jpg"
		}]
}
[2017-07-23 07:38:26]--[src_cgi/myfiles_cgi.c:496]--cmd = count
[2017-07-23 07:38:26]--[src_cgi/myfiles_cgi.c:528]--buf = {
    "token": "1ce5d3256676ccd0484e8e2e938d1795",
    "user": "kevin"
}

[2017-07-23 07:38:26]--[src_cgi/myfiles_cgi.c:176]--line = 9
[2017-07-23 07:38:26]--[src_cgi/myfiles_cgi.c:496]--cmd = normal
[2017-07-23 07:38:26]--[src_cgi/myfiles_cgi.c:528]--buf = {
    "count": 9,
    "start": 0,
    "token": "1ce5d3256676ccd0484e8e2e938d1795",
    "user": "kevin"
}

[2017-07-23 07:38:26]--[src_cgi/myfiles_cgi.c:548]--user = kevin, token = 1ce5d3256676ccd0484e8e2e938d1795, start = 0, count = 9
[2017-07-23 07:38:26]--[src_cgi/myfiles_cgi.c:306]--select user_file_list.*, file_info.url, file_info.size, file_info.type from file_info, user_file_list where user = 'kevin' and file_info.md5 = user_file_list.md5 limit 0, 9 在操作
[2017-07-23 07:38:26]--[src_cgi/myfiles_cgi.c:428]--{
	"files":	[{
			"user":	"kevin",
			"md5":	"bdf3bf1da3405725be763540d6601144",
			"time":	"2017-07-22 21:30:43",
			"filename":	"Hydrangeas.jpg",
			"share_status":	0,
			"pv":	1,
			"url":	"http://192.168.1.25:80/group1/M00/00/00/wKgBGVl0JnOARuMeAAkVVGMybN8679.jpg",
			"size":	595284,
			"type":	"jpg"
		}, {
			"user":	"kevin",
			"md5":	"bdf3bf1da3405725be763540d6601144",
			"time":	"2017-07-22 21:32:02",
			"filename":	"苏丙榅.jpg",
			"share_status":	0,
			"pv":	0,
			"url":	"http://192.168.1.25:80/group1/M00/00/00/wKgBGVl0JnOARuMeAAkVVGMybN8679.jpg",
			"size":	595284,
			"type":	"jpg"
		}, {
			"user":	"kevin",
			"md5":	"833e4e47bde2c682be3fbfef5655d8ba",
			"time":	"2017-07-22 21:38:21",
			"filename":	"heart.png",
			"share_status":	1,
			"pv":	0,
			"url":	"http://192.168.1.25:80/group1/M00/00/00/wKgBGVl0KD2AS-HnAACdx3VQYOM670.png",
			"size":	40391,
			"type":	"png"
		}, {
			"user":	"kevin",
			"md5":	"066aadc61cf843932c81a4b71d112ee0",
			"time":	"2017-07-22 21:38:22",
			"filename":	"loveLian.jpg",
			"share_status":	0,
			"pv":	0,
			"url":	"http://192.168.1.25:80/group1/M00/00/00/wKgBGVl0KD6AfWzOAAGWaAy0O0g421.jpg",
			"size":	104040,
			"type":	"jpg"
		}, {
			"user":	"kevin",
			"md5":	"ab14bc510d2b3d3d9bf793a2ba87b279",
			"time":	"2017-07-22 21:38:23",
			"filename":	"Luffy.png",
			"share_status":	0,
			"pv":	0,
			"url":	"http://192.168.1.25:80/group1/M00/00/00/wKgBGVl0KD-AHTIuAADPFapmvGY606.png",
			"size":	53013,
			"type":	"png"
		}, {
			"user":	"kevin",
			"md5":	"5488627bbaf0e7fadac1283b8b52967a",
			"time":	"2017-07-22 21:38:24",
			"filename":	"LuffyQ.png",
			"share_status":	0,
			"pv":	0,
			"url":	"http://192.168.1.25:80/group1/M00/00/00/wKgBGVl0KECAf999AABB715331M774.png",
			"size":	16879,
			"type":	"png"
		}, {
			"user":	"kevin",
			"md5":	"9d377b10ce778c4938b3c7e2c63a229a",
			"time":	"2017-07-22 21:47:14",
			"filename":	"Penguins.jpg",
			"share_status":	0,
			"pv":	0,
			"url":	"http://192.168.1.25:80/group1/M00/00/00/wKgBGVl0KlKAByWJAAvea_OGt2M935.jpg",
			"size":	777835,
			"type":	"jpg"
		}, {
			"user":	"kevin",
			"md5":	"0b63aa35e4db05646d5b4495ba1ada6e",
			"time":	"2017-07-22 22:04:17",
			"filename":	"报告龙王，敌人来了.jpg",
			"share_status":	0,
			"pv":	0,
			"url":	"http://192.168.1.25:80/group1/M00/00/00/wKgBGVl0LlGAdklHAAR9Bw2MgLQ595.jpg",
			"size":	294151,
			"type":	"jpg"
		}, {
			"user":	"kevin",
			"md5":	"1cf3787de8bd2c0c03b641d7f112a861",
			"time":	"2017-07-22 22:04:29",
			"filename":	"骑着老虎闯天下.jpg",
			"share_status":	0,
			"pv":	1,
			"url":	"http://192.168.1.25:80/group1/M00/00/00/wKgBGVl0Ll2AWbW_AAWVWU7roOk197.jpg",
			"size":	365913,
			"type":	"jpg"
		}]
}
[2017-07-23 07:38:40]--[src_cgi/myfiles_cgi.c:496]--cmd = count
[2017-07-23 07:38:40]--[src_cgi/myfiles_cgi.c:528]--buf = {
    "token": "1ce5d3256676ccd0484e8e2e938d1795",
    "user": "kevin"
}

[2017-07-23 07:38:40]--[src_cgi/myfiles_cgi.c:176]--line = 9
[2017-07-23 07:38:40]--[src_cgi/myfiles_cgi.c:496]--cmd = normal
[2017-07-23 07:38:40]--[src_cgi/myfiles_cgi.c:528]--buf = {
    "count": 9,
    "start": 0,
    "token": "1ce5d3256676ccd0484e8e2e938d1795",
    "user": "kevin"
}

[2017-07-23 07:38:40]--[src_cgi/myfiles_cgi.c:548]--user = kevin, token = 1ce5d3256676ccd0484e8e2e938d1795, start = 0, count = 9
[2017-07-23 07:38:40]--[src_cgi/myfiles_cgi.c:306]--select user_file_list.*, file_info.url, file_info.size, file_info.type from file_info, user_file_list where user = 'kevin' and file_info.md5 = user_file_list.md5 limit 0, 9 在操作
[2017-07-23 07:38:40]--[src_cgi/myfiles_cgi.c:428]--{
	"files":	[{
			"user":	"kevin",
			"md5":	"bdf3bf1da3405725be763540d6601144",
			"time":	"2017-07-22 21:30:43",
			"filename":	"Hydrangeas.jpg",
			"share_status":	0,
			"pv":	1,
			"url":	"http://192.168.1.25:80/group1/M00/00/00/wKgBGVl0JnOARuMeAAkVVGMybN8679.jpg",
			"size":	595284,
			"type":	"jpg"
		}, {
			"user":	"kevin",
			"md5":	"bdf3bf1da3405725be763540d6601144",
			"time":	"2017-07-22 21:32:02",
			"filename":	"苏丙榅.jpg",
			"share_status":	0,
			"pv":	0,
			"url":	"http://192.168.1.25:80/group1/M00/00/00/wKgBGVl0JnOARuMeAAkVVGMybN8679.jpg",
			"size":	595284,
			"type":	"jpg"
		}, {
			"user":	"kevin",
			"md5":	"833e4e47bde2c682be3fbfef5655d8ba",
			"time":	"2017-07-22 21:38:21",
			"filename":	"heart.png",
			"share_status":	1,
			"pv":	0,
			"url":	"http://192.168.1.25:80/group1/M00/00/00/wKgBGVl0KD2AS-HnAACdx3VQYOM670.png",
			"size":	40391,
			"type":	"png"
		}, {
			"user":	"kevin",
			"md5":	"066aadc61cf843932c81a4b71d112ee0",
			"time":	"2017-07-22 21:38:22",
			"filename":	"loveLian.jpg",
			"share_status":	0,
			"pv":	0,
			"url":	"http://192.168.1.25:80/group1/M00/00/00/wKgBGVl0KD6AfWzOAAGWaAy0O0g421.jpg",
			"size":	104040,
			"type":	"jpg"
		}, {
			"user":	"kevin",
			"md5":	"ab14bc510d2b3d3d9bf793a2ba87b279",
			"time":	"2017-07-22 21:38:23",
			"filename":	"Luffy.png",
			"share_status":	0,
			"pv":	0,
			"url":	"http://192.168.1.25:80/group1/M00/00/00/wKgBGVl0KD-AHTIuAADPFapmvGY606.png",
			"size":	53013,
			"type":	"png"
		}, {
			"user":	"kevin",
			"md5":	"5488627bbaf0e7fadac1283b8b52967a",
			"time":	"2017-07-22 21:38:24",
			"filename":	"LuffyQ.png",
			"share_status":	0,
			"pv":	0,
			"url":	"http://192.168.1.25:80/group1/M00/00/00/wKgBGVl0KECAf999AABB715331M774.png",
			"size":	16879,
			"type":	"png"
		}, {
			"user":	"kevin",
			"md5":	"9d377b10ce778c4938b3c7e2c63a229a",
			"time":	"2017-07-22 21:47:14",
			"filename":	"Penguins.jpg",
			"share_status":	0,
			"pv":	0,
			"url":	"http://192.168.1.25:80/group1/M00/00/00/wKgBGVl0KlKAByWJAAvea_OGt2M935.jpg",
			"size":	777835,
			"type":	"jpg"
		}, {
			"user":	"kevin",
			"md5":	"0b63aa35e4db05646d5b4495ba1ada6e",
			"time":	"2017-07-22 22:04:17",
			"filename":	"报告龙王，敌人来了.jpg",
			"share_status":	0,
			"pv":	0,
			"url":	"http://192.168.1.25:80/group1/M00/00/00/wKgBGVl0LlGAdklHAAR9Bw2MgLQ595.jpg",
			"size":	294151,
			"type":	"jpg"
		}, {
			"user":	"kevin",
			"md5":	"1cf3787de8bd2c0c03b641d7f112a861",
			"time":	"2017-07-22 22:04:29",
			"filename":	"骑着老虎闯天下.jpg",
			"share_status":	0,
			"pv":	1,
			"url":	"http://192.168.1.25:80/group1/M00/00/00/wKgBGVl0Ll2AWbW_AAWVWU7roOk197.jpg",
			"size":	365913,
			"type":	"jpg"
		}]
}
[2017-07-23 07:38:46]--[src_cgi/myfiles_cgi.c:496]--cmd = count
[2017-07-23 07:38:46]--[src_cgi/myfiles_cgi.c:528]--buf = {
    "token": "1ce5d3256676ccd0484e8e2e938d1795",
    "user": "kevin"
}

[2017-07-23 07:38:46]--[src_cgi/myfiles_cgi.c:176]--line = 9
[2017-07-23 07:38:46]--[src_cgi/myfiles_cgi.c:496]--cmd = normal
[2017-07-23 07:38:46]--[src_cgi/myfiles_cgi.c:528]--buf = {
    "count": 9,
    "start": 0,
    "token": "1ce5d3256676ccd0484e8e2e938d1795",
    "user": "kevin"
}

[2017-07-23 07:38:46]--[src_cgi/myfiles_cgi.c:548]--user = kevin, token = 1ce5d3256676ccd0484e8e2e938d1795, start = 0, count = 9
[2017-07-23 07:38:46]--[src_cgi/myfiles_cgi.c:306]--select user_file_list.*, file_info.url, file_info.size, file_info.type from file_info, user_file_list where user = 'kevin' and file_info.md5 = user_file_list.md5 limit 0, 9 在操作
[2017-07-23 07:38:46]--[src_cgi/myfiles_cgi.c:428]--{
	"files":	[{
			"user":	"kevin",
			"md5":	"bdf3bf1da3405725be763540d6601144",
			"time":	"2017-07-22 21:30:43",
			"filename":	"Hydrangeas.jpg",
			"share_status":	0,
			"pv":	1,
			"url":	"http://192.168.1.25:80/group1/M00/00/00/wKgBGVl0JnOARuMeAAkVVGMybN8679.jpg",
			"size":	595284,
			"type":	"jpg"
		}, {
			"user":	"kevin",
			"md5":	"bdf3bf1da3405725be763540d6601144",
			"time":	"2017-07-22 21:32:02",
			"filename":	"苏丙榅.jpg",
			"share_status":	0,
			"pv":	0,
			"url":	"http://192.168.1.25:80/group1/M00/00/00/wKgBGVl0JnOARuMeAAkVVGMybN8679.jpg",
			"size":	595284,
			"type":	"jpg"
		}, {
			"user":	"kevin",
			"md5":	"833e4e47bde2c682be3fbfef5655d8ba",
			"time":	"2017-07-22 21:38:21",
			"filename":	"heart.png",
			"share_status":	1,
			"pv":	0,
			"url":	"http://192.168.1.25:80/group1/M00/00/00/wKgBGVl0KD2AS-HnAACdx3VQYOM670.png",
			"size":	40391,
			"type":	"png"
		}, {
			"user":	"kevin",
			"md5":	"066aadc61cf843932c81a4b71d112ee0",
			"time":	"2017-07-22 21:38:22",
			"filename":	"loveLian.jpg",
			"share_status":	0,
			"pv":	0,
			"url":	"http://192.168.1.25:80/group1/M00/00/00/wKgBGVl0KD6AfWzOAAGWaAy0O0g421.jpg",
			"size":	104040,
			"type":	"jpg"
		}, {
			"user":	"kevin",
			"md5":	"ab14bc510d2b3d3d9bf793a2ba87b279",
			"time":	"2017-07-22 21:38:23",
			"filename":	"Luffy.png",
			"share_status":	0,
			"pv":	0,
			"url":	"http://192.168.1.25:80/group1/M00/00/00/wKgBGVl0KD-AHTIuAADPFapmvGY606.png",
			"size":	53013,
			"type":	"png"
		}, {
			"user":	"kevin",
			"md5":	"5488627bbaf0e7fadac1283b8b52967a",
			"time":	"2017-07-22 21:38:24",
			"filename":	"LuffyQ.png",
			"share_status":	0,
			"pv":	0,
			"url":	"http://192.168.1.25:80/group1/M00/00/00/wKgBGVl0KECAf999AABB715331M774.png",
			"size":	16879,
			"type":	"png"
		}, {
			"user":	"kevin",
			"md5":	"9d377b10ce778c4938b3c7e2c63a229a",
			"time":	"2017-07-22 21:47:14",
			"filename":	"Penguins.jpg",
			"share_status":	0,
			"pv":	0,
			"url":	"http://192.168.1.25:80/group1/M00/00/00/wKgBGVl0KlKAByWJAAvea_OGt2M935.jpg",
			"size":	777835,
			"type":	"jpg"
		}, {
			"user":	"kevin",
			"md5":	"0b63aa35e4db05646d5b4495ba1ada6e",
			"time":	"2017-07-22 22:04:17",
			"filename":	"报告龙王，敌人来了.jpg",
			"share_status":	0,
			"pv":	0,
			"url":	"http://192.168.1.25:80/group1/M00/00/00/wKgBGVl0LlGAdklHAAR9Bw2MgLQ595.jpg",
			"size":	294151,
			"type":	"jpg"
		}, {
			"user":	"kevin",
			"md5":	"1cf3787de8bd2c0c03b641d7f112a861",
			"time":	"2017-07-22 22:04:29",
			"filename":	"骑着老虎闯天下.jpg",
			"share_status":	0,
			"pv":	1,
			"url":	"http://192.168.1.25:80/group1/M00/00/00/wKgBGVl0Ll2AWbW_AAWVWU7roOk197.jpg",
			"size":	365913,
			"type":	"jpg"
		}]
}
[2017-07-23 07:38:54]--[src_cgi/myfiles_cgi.c:496]--cmd = count
[2017-07-23 07:38:54]--[src_cgi/myfiles_cgi.c:528]--buf = {
    "token": "1ce5d3256676ccd0484e8e2e938d1795",
    "user": "kevin"
}

[2017-07-23 07:38:54]--[src_cgi/myfiles_cgi.c:176]--line = 9
[2017-07-23 07:38:54]--[src_cgi/myfiles_cgi.c:496]--cmd = normal
[2017-07-23 07:38:54]--[src_cgi/myfiles_cgi.c:528]--buf = {
    "count": 9,
    "start": 0,
    "token": "1ce5d3256676ccd0484e8e2e938d1795",
    "user": "kevin"
}

[2017-07-23 07:38:54]--[src_cgi/myfiles_cgi.c:548]--user = kevin, token = 1ce5d3256676ccd0484e8e2e938d1795, start = 0, count = 9
[2017-07-23 07:38:54]--[src_cgi/myfiles_cgi.c:306]--select user_file_list.*, file_info.url, file_info.size, file_info.type from file_info, user_file_list where user = 'kevin' and file_info.md5 = user_file_list.md5 limit 0, 9 在操作
[2017-07-23 07:38:54]--[src_cgi/myfiles_cgi.c:428]--{
	"files":	[{
			"user":	"kevin",
			"md5":	"bdf3bf1da3405725be763540d6601144",
			"time":	"2017-07-22 21:30:43",
			"filename":	"Hydrangeas.jpg",
			"share_status":	0,
			"pv":	1,
			"url":	"http://192.168.1.25:80/group1/M00/00/00/wKgBGVl0JnOARuMeAAkVVGMybN8679.jpg",
			"size":	595284,
			"type":	"jpg"
		}, {
			"user":	"kevin",
			"md5":	"bdf3bf1da3405725be763540d6601144",
			"time":	"2017-07-22 21:32:02",
			"filename":	"苏丙榅.jpg",
			"share_status":	0,
			"pv":	0,
			"url":	"http://192.168.1.25:80/group1/M00/00/00/wKgBGVl0JnOARuMeAAkVVGMybN8679.jpg",
			"size":	595284,
			"type":	"jpg"
		}, {
			"user":	"kevin",
			"md5":	"833e4e47bde2c682be3fbfef5655d8ba",
			"time":	"2017-07-22 21:38:21",
			"filename":	"heart.png",
			"share_status":	1,
			"pv":	0,
			"url":	"http://192.168.1.25:80/group1/M00/00/00/wKgBGVl0KD2AS-HnAACdx3VQYOM670.png",
			"size":	40391,
			"type":	"png"
		}, {
			"user":	"kevin",
			"md5":	"066aadc61cf843932c81a4b71d112ee0",
			"time":	"2017-07-22 21:38:22",
			"filename":	"loveLian.jpg",
			"share_status":	0,
			"pv":	0,
			"url":	"http://192.168.1.25:80/group1/M00/00/00/wKgBGVl0KD6AfWzOAAGWaAy0O0g421.jpg",
			"size":	104040,
			"type":	"jpg"
		}, {
			"user":	"kevin",
			"md5":	"ab14bc510d2b3d3d9bf793a2ba87b279",
			"time":	"2017-07-22 21:38:23",
			"filename":	"Luffy.png",
			"share_status":	0,
			"pv":	0,
			"url":	"http://192.168.1.25:80/group1/M00/00/00/wKgBGVl0KD-AHTIuAADPFapmvGY606.png",
			"size":	53013,
			"type":	"png"
		}, {
			"user":	"kevin",
			"md5":	"5488627bbaf0e7fadac1283b8b52967a",
			"time":	"2017-07-22 21:38:24",
			"filename":	"LuffyQ.png",
			"share_status":	0,
			"pv":	0,
			"url":	"http://192.168.1.25:80/group1/M00/00/00/wKgBGVl0KECAf999AABB715331M774.png",
			"size":	16879,
			"type":	"png"
		}, {
			"user":	"kevin",
			"md5":	"9d377b10ce778c4938b3c7e2c63a229a",
			"time":	"2017-07-22 21:47:14",
			"filename":	"Penguins.jpg",
			"share_status":	0,
			"pv":	0,
			"url":	"http://192.168.1.25:80/group1/M00/00/00/wKgBGVl0KlKAByWJAAvea_OGt2M935.jpg",
			"size":	777835,
			"type":	"jpg"
		}, {
			"user":	"kevin",
			"md5":	"0b63aa35e4db05646d5b4495ba1ada6e",
			"time":	"2017-07-22 22:04:17",
			"filename":	"报告龙王，敌人来了.jpg",
			"share_status":	0,
			"pv":	0,
			"url":	"http://192.168.1.25:80/group1/M00/00/00/wKgBGVl0LlGAdklHAAR9Bw2MgLQ595.jpg",
			"size":	294151,
			"type":	"jpg"
		}, {
			"user":	"kevin",
			"md5":	"1cf3787de8bd2c0c03b641d7f112a861",
			"time":	"2017-07-22 22:04:29",
			"filename":	"骑着老虎闯天下.jpg",
			"share_status":	0,
			"pv":	1,
			"url":	"http://192.168.1.25:80/group1/M00/00/00/wKgBGVl0Ll2AWbW_AAWVWU7roOk197.jpg",
			"size":	365913,
			"type":	"jpg"
		}]
}
[2017-07-23 07:38:58]--[src_cgi/myfiles_cgi.c:496]--cmd = count
[2017-07-23 07:38:58]--[src_cgi/myfiles_cgi.c:528]--buf = {
    "token": "1ce5d3256676ccd0484e8e2e938d1795",
    "user": "kevin"
}

[2017-07-23 07:38:58]--[src_cgi/myfiles_cgi.c:176]--line = 9
[2017-07-23 07:38:58]--[src_cgi/myfiles_cgi.c:496]--cmd = normal
[2017-07-23 07:38:58]--[src_cgi/myfiles_cgi.c:528]--buf = {
    "count": 9,
    "start": 0,
    "token": "1ce5d3256676ccd0484e8e2e938d1795",
    "user": "kevin"
}

[2017-07-23 07:38:58]--[src_cgi/myfiles_cgi.c:548]--user = kevin, token = 1ce5d3256676ccd0484e8e2e938d1795, start = 0, count = 9
[2017-07-23 07:38:58]--[src_cgi/myfiles_cgi.c:306]--select user_file_list.*, file_info.url, file_info.size, file_info.type from file_info, user_file_list where user = 'kevin' and file_info.md5 = user_file_list.md5 limit 0, 9 在操作
[2017-07-23 07:38:58]--[src_cgi/myfiles_cgi.c:428]--{
	"files":	[{
			"user":	"kevin",
			"md5":	"bdf3bf1da3405725be763540d6601144",
			"time":	"2017-07-22 21:30:43",
			"filename":	"Hydrangeas.jpg",
			"share_status":	0,
			"pv":	1,
			"url":	"http://192.168.1.25:80/group1/M00/00/00/wKgBGVl0JnOARuMeAAkVVGMybN8679.jpg",
			"size":	595284,
			"type":	"jpg"
		}, {
			"user":	"kevin",
			"md5":	"bdf3bf1da3405725be763540d6601144",
			"time":	"2017-07-22 21:32:02",
			"filename":	"苏丙榅.jpg",
			"share_status":	0,
			"pv":	0,
			"url":	"http://192.168.1.25:80/group1/M00/00/00/wKgBGVl0JnOARuMeAAkVVGMybN8679.jpg",
			"size":	595284,
			"type":	"jpg"
		}, {
			"user":	"kevin",
			"md5":	"833e4e47bde2c682be3fbfef5655d8ba",
			"time":	"2017-07-22 21:38:21",
			"filename":	"heart.png",
			"share_status":	1,
			"pv":	0,
			"url":	"http://192.168.1.25:80/group1/M00/00/00/wKgBGVl0KD2AS-HnAACdx3VQYOM670.png",
			"size":	40391,
			"type":	"png"
		}, {
			"user":	"kevin",
			"md5":	"066aadc61cf843932c81a4b71d112ee0",
			"time":	"2017-07-22 21:38:22",
			"filename":	"loveLian.jpg",
			"share_status":	0,
			"pv":	0,
			"url":	"http://192.168.1.25:80/group1/M00/00/00/wKgBGVl0KD6AfWzOAAGWaAy0O0g421.jpg",
			"size":	104040,
			"type":	"jpg"
		}, {
			"user":	"kevin",
			"md5":	"ab14bc510d2b3d3d9bf793a2ba87b279",
			"time":	"2017-07-22 21:38:23",
			"filename":	"Luffy.png",
			"share_status":	0,
			"pv":	0,
			"url":	"http://192.168.1.25:80/group1/M00/00/00/wKgBGVl0KD-AHTIuAADPFapmvGY606.png",
			"size":	53013,
			"type":	"png"
		}, {
			"user":	"kevin",
			"md5":	"5488627bbaf0e7fadac1283b8b52967a",
			"time":	"2017-07-22 21:38:24",
			"filename":	"LuffyQ.png",
			"share_status":	0,
			"pv":	0,
			"url":	"http://192.168.1.25:80/group1/M00/00/00/wKgBGVl0KECAf999AABB715331M774.png",
			"size":	16879,
			"type":	"png"
		}, {
			"user":	"kevin",
			"md5":	"9d377b10ce778c4938b3c7e2c63a229a",
			"time":	"2017-07-22 21:47:14",
			"filename":	"Penguins.jpg",
			"share_status":	0,
			"pv":	0,
			"url":	"http://192.168.1.25:80/group1/M00/00/00/wKgBGVl0KlKAByWJAAvea_OGt2M935.jpg",
			"size":	777835,
			"type":	"jpg"
		}, {
			"user":	"kevin",
			"md5":	"0b63aa35e4db05646d5b4495ba1ada6e",
			"time":	"2017-07-22 22:04:17",
			"filename":	"报告龙王，敌人来了.jpg",
			"share_status":	0,
			"pv":	0,
			"url":	"http://192.168.1.25:80/group1/M00/00/00/wKgBGVl0LlGAdklHAAR9Bw2MgLQ595.jpg",
			"size":	294151,
			"type":	"jpg"
		}, {
			"user":	"kevin",
			"md5":	"1cf3787de8bd2c0c03b641d7f112a861",
			"time":	"2017-07-22 22:04:29",
			"filename":	"骑着老虎闯天下.jpg",
			"share_status":	0,
			"pv":	1,
			"url":	"http://192.168.1.25:80/group1/M00/00/00/wKgBGVl0Ll2AWbW_AAWVWU7roOk197.jpg",
			"size":	365913,
			"type":	"jpg"
		}]
}
[2017-07-23 07:39:03]--[src_cgi/myfiles_cgi.c:496]--cmd = count
[2017-07-23 07:39:03]--[src_cgi/myfiles_cgi.c:528]--buf = {
    "token": "1ce5d3256676ccd0484e8e2e938d1795",
    "user": "kevin"
}

[2017-07-23 07:39:03]--[src_cgi/myfiles_cgi.c:176]--line = 9
[2017-07-23 07:39:03]--[src_cgi/myfiles_cgi.c:496]--cmd = normal
[2017-07-23 07:39:03]--[src_cgi/myfiles_cgi.c:528]--buf = {
    "count": 9,
    "start": 0,
    "token": "1ce5d3256676ccd0484e8e2e938d1795",
    "user": "kevin"
}

[2017-07-23 07:39:03]--[src_cgi/myfiles_cgi.c:548]--user = kevin, token = 1ce5d3256676ccd0484e8e2e938d1795, start = 0, count = 9
[2017-07-23 07:39:03]--[src_cgi/myfiles_cgi.c:306]--select user_file_list.*, file_info.url, file_info.size, file_info.type from file_info, user_file_list where user = 'kevin' and file_info.md5 = user_file_list.md5 limit 0, 9 在操作
[2017-07-23 07:39:03]--[src_cgi/myfiles_cgi.c:428]--{
	"files":	[{
			"user":	"kevin",
			"md5":	"bdf3bf1da3405725be763540d6601144",
			"time":	"2017-07-22 21:30:43",
			"filename":	"Hydrangeas.jpg",
			"share_status":	0,
			"pv":	1,
			"url":	"http://192.168.1.25:80/group1/M00/00/00/wKgBGVl0JnOARuMeAAkVVGMybN8679.jpg",
			"size":	595284,
			"type":	"jpg"
		}, {
			"user":	"kevin",
			"md5":	"bdf3bf1da3405725be763540d6601144",
			"time":	"2017-07-22 21:32:02",
			"filename":	"苏丙榅.jpg",
			"share_status":	0,
			"pv":	0,
			"url":	"http://192.168.1.25:80/group1/M00/00/00/wKgBGVl0JnOARuMeAAkVVGMybN8679.jpg",
			"size":	595284,
			"type":	"jpg"
		}, {
			"user":	"kevin",
			"md5":	"833e4e47bde2c682be3fbfef5655d8ba",
			"time":	"2017-07-22 21:38:21",
			"filename":	"heart.png",
			"share_status":	1,
			"pv":	0,
			"url":	"http://192.168.1.25:80/group1/M00/00/00/wKgBGVl0KD2AS-HnAACdx3VQYOM670.png",
			"size":	40391,
			"type":	"png"
		}, {
			"user":	"kevin",
			"md5":	"066aadc61cf843932c81a4b71d112ee0",
			"time":	"2017-07-22 21:38:22",
			"filename":	"loveLian.jpg",
			"share_status":	0,
			"pv":	0,
			"url":	"http://192.168.1.25:80/group1/M00/00/00/wKgBGVl0KD6AfWzOAAGWaAy0O0g421.jpg",
			"size":	104040,
			"type":	"jpg"
		}, {
			"user":	"kevin",
			"md5":	"ab14bc510d2b3d3d9bf793a2ba87b279",
			"time":	"2017-07-22 21:38:23",
			"filename":	"Luffy.png",
			"share_status":	0,
			"pv":	0,
			"url":	"http://192.168.1.25:80/group1/M00/00/00/wKgBGVl0KD-AHTIuAADPFapmvGY606.png",
			"size":	53013,
			"type":	"png"
		}, {
			"user":	"kevin",
			"md5":	"5488627bbaf0e7fadac1283b8b52967a",
			"time":	"2017-07-22 21:38:24",
			"filename":	"LuffyQ.png",
			"share_status":	0,
			"pv":	0,
			"url":	"http://192.168.1.25:80/group1/M00/00/00/wKgBGVl0KECAf999AABB715331M774.png",
			"size":	16879,
			"type":	"png"
		}, {
			"user":	"kevin",
			"md5":	"9d377b10ce778c4938b3c7e2c63a229a",
			"time":	"2017-07-22 21:47:14",
			"filename":	"Penguins.jpg",
			"share_status":	0,
			"pv":	0,
			"url":	"http://192.168.1.25:80/group1/M00/00/00/wKgBGVl0KlKAByWJAAvea_OGt2M935.jpg",
			"size":	777835,
			"type":	"jpg"
		}, {
			"user":	"kevin",
			"md5":	"0b63aa35e4db05646d5b4495ba1ada6e",
			"time":	"2017-07-22 22:04:17",
			"filename":	"报告龙王，敌人来了.jpg",
			"share_status":	0,
			"pv":	0,
			"url":	"http://192.168.1.25:80/group1/M00/00/00/wKgBGVl0LlGAdklHAAR9Bw2MgLQ595.jpg",
			"size":	294151,
			"type":	"jpg"
		}, {
			"user":	"kevin",
			"md5":	"1cf3787de8bd2c0c03b641d7f112a861",
			"time":	"2017-07-22 22:04:29",
			"filename":	"骑着老虎闯天下.jpg",
			"share_status":	0,
			"pv":	1,
			"url":	"http://192.168.1.25:80/group1/M00/00/00/wKgBGVl0Ll2AWbW_AAWVWU7roOk197.jpg",
			"size":	365913,
			"type":	"jpg"
		}]
}
[2017-07-23 07:39:17]--[src_cgi/myfiles_cgi.c:496]--cmd = count
[2017-07-23 07:39:17]--[src_cgi/myfiles_cgi.c:528]--buf = {
    "token": "1ce5d3256676ccd0484e8e2e938d1795",
    "user": "kevin"
}

[2017-07-23 07:39:17]--[src_cgi/myfiles_cgi.c:176]--line = 9
[2017-07-23 07:39:18]--[src_cgi/myfiles_cgi.c:496]--cmd = normal
[2017-07-23 07:39:18]--[src_cgi/myfiles_cgi.c:528]--buf = {
    "count": 9,
    "start": 0,
    "token": "1ce5d3256676ccd0484e8e2e938d1795",
    "user": "kevin"
}

[2017-07-23 07:39:18]--[src_cgi/myfiles_cgi.c:548]--user = kevin, token = 1ce5d3256676ccd0484e8e2e938d1795, start = 0, count = 9
[2017-07-23 07:39:18]--[src_cgi/myfiles_cgi.c:306]--select user_file_list.*, file_info.url, file_info.size, file_info.type from file_info, user_file_list where user = 'kevin' and file_info.md5 = user_file_list.md5 limit 0, 9 在操作
[2017-07-23 07:39:18]--[src_cgi/myfiles_cgi.c:428]--{
	"files":	[{
			"user":	"kevin",
			"md5":	"bdf3bf1da3405725be763540d6601144",
			"time":	"2017-07-22 21:30:43",
			"filename":	"Hydrangeas.jpg",
			"share_status":	0,
			"pv":	1,
			"url":	"http://192.168.1.25:80/group1/M00/00/00/wKgBGVl0JnOARuMeAAkVVGMybN8679.jpg",
			"size":	595284,
			"type":	"jpg"
		}, {
			"user":	"kevin",
			"md5":	"bdf3bf1da3405725be763540d6601144",
			"time":	"2017-07-22 21:32:02",
			"filename":	"苏丙榅.jpg",
			"share_status":	0,
			"pv":	0,
			"url":	"http://192.168.1.25:80/group1/M00/00/00/wKgBGVl0JnOARuMeAAkVVGMybN8679.jpg",
			"size":	595284,
			"type":	"jpg"
		}, {
			"user":	"kevin",
			"md5":	"833e4e47bde2c682be3fbfef5655d8ba",
			"time":	"2017-07-22 21:38:21",
			"filename":	"heart.png",
			"share_status":	1,
			"pv":	0,
			"url":	"http://192.168.1.25:80/group1/M00/00/00/wKgBGVl0KD2AS-HnAACdx3VQYOM670.png",
			"size":	40391,
			"type":	"png"
		}, {
			"user":	"kevin",
			"md5":	"066aadc61cf843932c81a4b71d112ee0",
			"time":	"2017-07-22 21:38:22",
			"filename":	"loveLian.jpg",
			"share_status":	0,
			"pv":	0,
			"url":	"http://192.168.1.25:80/group1/M00/00/00/wKgBGVl0KD6AfWzOAAGWaAy0O0g421.jpg",
			"size":	104040,
			"type":	"jpg"
		}, {
			"user":	"kevin",
			"md5":	"ab14bc510d2b3d3d9bf793a2ba87b279",
			"time":	"2017-07-22 21:38:23",
			"filename":	"Luffy.png",
			"share_status":	0,
			"pv":	0,
			"url":	"http://192.168.1.25:80/group1/M00/00/00/wKgBGVl0KD-AHTIuAADPFapmvGY606.png",
			"size":	53013,
			"type":	"png"
		}, {
			"user":	"kevin",
			"md5":	"5488627bbaf0e7fadac1283b8b52967a",
			"time":	"2017-07-22 21:38:24",
			"filename":	"LuffyQ.png",
			"share_status":	0,
			"pv":	0,
			"url":	"http://192.168.1.25:80/group1/M00/00/00/wKgBGVl0KECAf999AABB715331M774.png",
			"size":	16879,
			"type":	"png"
		}, {
			"user":	"kevin",
			"md5":	"9d377b10ce778c4938b3c7e2c63a229a",
			"time":	"2017-07-22 21:47:14",
			"filename":	"Penguins.jpg",
			"share_status":	0,
			"pv":	0,
			"url":	"http://192.168.1.25:80/group1/M00/00/00/wKgBGVl0KlKAByWJAAvea_OGt2M935.jpg",
			"size":	777835,
			"type":	"jpg"
		}, {
			"user":	"kevin",
			"md5":	"0b63aa35e4db05646d5b4495ba1ada6e",
			"time":	"2017-07-22 22:04:17",
			"filename":	"报告龙王，敌人来了.jpg",
			"share_status":	0,
			"pv":	0,
			"url":	"http://192.168.1.25:80/group1/M00/00/00/wKgBGVl0LlGAdklHAAR9Bw2MgLQ595.jpg",
			"size":	294151,
			"type":	"jpg"
		}, {
			"user":	"kevin",
			"md5":	"1cf3787de8bd2c0c03b641d7f112a861",
			"time":	"2017-07-22 22:04:29",
			"filename":	"骑着老虎闯天下.jpg",
			"share_status":	0,
			"pv":	1,
			"url":	"http://192.168.1.25:80/group1/M00/00/00/wKgBGVl0Ll2AWbW_AAWVWU7roOk197.jpg",
			"size":	365913,
			"type":	"jpg"
		}]
}
[2017-07-23 07:39:29]--[src_cgi/myfiles_cgi.c:496]--cmd = count
[2017-07-23 07:39:29]--[src_cgi/myfiles_cgi.c:528]--buf = {
    "token": "1ce5d3256676ccd0484e8e2e938d1795",
    "user": "kevin"
}

[2017-07-23 07:39:29]--[src_cgi/myfiles_cgi.c:176]--line = 9
[2017-07-23 07:39:29]--[src_cgi/myfiles_cgi.c:496]--cmd = normal
[2017-07-23 07:39:29]--[src_cgi/myfiles_cgi.c:528]--buf = {
    "count": 9,
    "start": 0,
    "token": "1ce5d3256676ccd0484e8e2e938d1795",
    "user": "kevin"
}

[2017-07-23 07:39:29]--[src_cgi/myfiles_cgi.c:548]--user = kevin, token = 1ce5d3256676ccd0484e8e2e938d1795, start = 0, count = 9
[2017-07-23 07:39:29]--[src_cgi/myfiles_cgi.c:306]--select user_file_list.*, file_info.url, file_info.size, file_info.type from file_info, user_file_list where user = 'kevin' and file_info.md5 = user_file_list.md5 limit 0, 9 在操作
[2017-07-23 07:39:29]--[src_cgi/myfiles_cgi.c:428]--{
	"files":	[{
			"user":	"kevin",
			"md5":	"bdf3bf1da3405725be763540d6601144",
			"time":	"2017-07-22 21:30:43",
			"filename":	"Hydrangeas.jpg",
			"share_status":	0,
			"pv":	1,
			"url":	"http://192.168.1.25:80/group1/M00/00/00/wKgBGVl0JnOARuMeAAkVVGMybN8679.jpg",
			"size":	595284,
			"type":	"jpg"
		}, {
			"user":	"kevin",
			"md5":	"bdf3bf1da3405725be763540d6601144",
			"time":	"2017-07-22 21:32:02",
			"filename":	"苏丙榅.jpg",
			"share_status":	0,
			"pv":	0,
			"url":	"http://192.168.1.25:80/group1/M00/00/00/wKgBGVl0JnOARuMeAAkVVGMybN8679.jpg",
			"size":	595284,
			"type":	"jpg"
		}, {
			"user":	"kevin",
			"md5":	"833e4e47bde2c682be3fbfef5655d8ba",
			"time":	"2017-07-22 21:38:21",
			"filename":	"heart.png",
			"share_status":	1,
			"pv":	0,
			"url":	"http://192.168.1.25:80/group1/M00/00/00/wKgBGVl0KD2AS-HnAACdx3VQYOM670.png",
			"size":	40391,
			"type":	"png"
		}, {
			"user":	"kevin",
			"md5":	"066aadc61cf843932c81a4b71d112ee0",
			"time":	"2017-07-22 21:38:22",
			"filename":	"loveLian.jpg",
			"share_status":	0,
			"pv":	0,
			"url":	"http://192.168.1.25:80/group1/M00/00/00/wKgBGVl0KD6AfWzOAAGWaAy0O0g421.jpg",
			"size":	104040,
			"type":	"jpg"
		}, {
			"user":	"kevin",
			"md5":	"ab14bc510d2b3d3d9bf793a2ba87b279",
			"time":	"2017-07-22 21:38:23",
			"filename":	"Luffy.png",
			"share_status":	0,
			"pv":	0,
			"url":	"http://192.168.1.25:80/group1/M00/00/00/wKgBGVl0KD-AHTIuAADPFapmvGY606.png",
			"size":	53013,
			"type":	"png"
		}, {
			"user":	"kevin",
			"md5":	"5488627bbaf0e7fadac1283b8b52967a",
			"time":	"2017-07-22 21:38:24",
			"filename":	"LuffyQ.png",
			"share_status":	0,
			"pv":	0,
			"url":	"http://192.168.1.25:80/group1/M00/00/00/wKgBGVl0KECAf999AABB715331M774.png",
			"size":	16879,
			"type":	"png"
		}, {
			"user":	"kevin",
			"md5":	"9d377b10ce778c4938b3c7e2c63a229a",
			"time":	"2017-07-22 21:47:14",
			"filename":	"Penguins.jpg",
			"share_status":	0,
			"pv":	0,
			"url":	"http://192.168.1.25:80/group1/M00/00/00/wKgBGVl0KlKAByWJAAvea_OGt2M935.jpg",
			"size":	777835,
			"type":	"jpg"
		}, {
			"user":	"kevin",
			"md5":	"0b63aa35e4db05646d5b4495ba1ada6e",
			"time":	"2017-07-22 22:04:17",
			"filename":	"报告龙王，敌人来了.jpg",
			"share_status":	0,
			"pv":	0,
			"url":	"http://192.168.1.25:80/group1/M00/00/00/wKgBGVl0LlGAdklHAAR9Bw2MgLQ595.jpg",
			"size":	294151,
			"type":	"jpg"
		}, {
			"user":	"kevin",
			"md5":	"1cf3787de8bd2c0c03b641d7f112a861",
			"time":	"2017-07-22 22:04:29",
			"filename":	"骑着老虎闯天下.jpg",
			"share_status":	0,
			"pv":	1,
			"url":	"http://192.168.1.25:80/group1/M00/00/00/wKgBGVl0Ll2AWbW_AAWVWU7roOk197.jpg",
			"size":	365913,
			"type":	"jpg"
		}]
}
[2017-07-23 08:10:27]--[src_cgi/myfiles_cgi.c:496]--cmd = count
[2017-07-23 08:10:27]--[src_cgi/myfiles_cgi.c:528]--buf = {
    "token": "68abe37d9a4bf36f318f86fe9b4cbe2c",
    "user": "kevin"
}

[2017-07-23 08:10:27]--[src_cgi/myfiles_cgi.c:176]--line = 9
[2017-07-23 08:10:27]--[src_cgi/myfiles_cgi.c:496]--cmd = normal
[2017-07-23 08:10:27]--[src_cgi/myfiles_cgi.c:528]--buf = {
    "count": 9,
    "start": 0,
    "token": "68abe37d9a4bf36f318f86fe9b4cbe2c",
    "user": "kevin"
}

[2017-07-23 08:10:27]--[src_cgi/myfiles_cgi.c:548]--user = kevin, token = 68abe37d9a4bf36f318f86fe9b4cbe2c, start = 0, count = 9
[2017-07-23 08:10:27]--[src_cgi/myfiles_cgi.c:306]--select user_file_list.*, file_info.url, file_info.size, file_info.type from file_info, user_file_list where user = 'kevin' and file_info.md5 = user_file_list.md5 limit 0, 9 在操作
[2017-07-23 08:10:27]--[src_cgi/myfiles_cgi.c:428]--{
	"files":	[{
			"user":	"kevin",
			"md5":	"bdf3bf1da3405725be763540d6601144",
			"time":	"2017-07-22 21:30:43",
			"filename":	"Hydrangeas.jpg",
			"share_status":	0,
			"pv":	1,
			"url":	"http://192.168.1.25:80/group1/M00/00/00/wKgBGVl0JnOARuMeAAkVVGMybN8679.jpg",
			"size":	595284,
			"type":	"jpg"
		}, {
			"user":	"kevin",
			"md5":	"bdf3bf1da3405725be763540d6601144",
			"time":	"2017-07-22 21:32:02",
			"filename":	"苏丙榅.jpg",
			"share_status":	0,
			"pv":	0,
			"url":	"http://192.168.1.25:80/group1/M00/00/00/wKgBGVl0JnOARuMeAAkVVGMybN8679.jpg",
			"size":	595284,
			"type":	"jpg"
		}, {
			"user":	"kevin",
			"md5":	"833e4e47bde2c682be3fbfef5655d8ba",
			"time":	"2017-07-22 21:38:21",
			"filename":	"heart.png",
			"share_status":	1,
			"pv":	0,
			"url":	"http://192.168.1.25:80/group1/M00/00/00/wKgBGVl0KD2AS-HnAACdx3VQYOM670.png",
			"size":	40391,
			"type":	"png"
		}, {
			"user":	"kevin",
			"md5":	"066aadc61cf843932c81a4b71d112ee0",
			"time":	"2017-07-22 21:38:22",
			"filename":	"loveLian.jpg",
			"share_status":	0,
			"pv":	0,
			"url":	"http://192.168.1.25:80/group1/M00/00/00/wKgBGVl0KD6AfWzOAAGWaAy0O0g421.jpg",
			"size":	104040,
			"type":	"jpg"
		}, {
			"user":	"kevin",
			"md5":	"ab14bc510d2b3d3d9bf793a2ba87b279",
			"time":	"2017-07-22 21:38:23",
			"filename":	"Luffy.png",
			"share_status":	0,
			"pv":	0,
			"url":	"http://192.168.1.25:80/group1/M00/00/00/wKgBGVl0KD-AHTIuAADPFapmvGY606.png",
			"size":	53013,
			"type":	"png"
		}, {
			"user":	"kevin",
			"md5":	"5488627bbaf0e7fadac1283b8b52967a",
			"time":	"2017-07-22 21:38:24",
			"filename":	"LuffyQ.png",
			"share_status":	0,
			"pv":	0,
			"url":	"http://192.168.1.25:80/group1/M00/00/00/wKgBGVl0KECAf999AABB715331M774.png",
			"size":	16879,
			"type":	"png"
		}, {
			"user":	"kevin",
			"md5":	"9d377b10ce778c4938b3c7e2c63a229a",
			"time":	"2017-07-22 21:47:14",
			"filename":	"Penguins.jpg",
			"share_status":	0,
			"pv":	0,
			"url":	"http://192.168.1.25:80/group1/M00/00/00/wKgBGVl0KlKAByWJAAvea_OGt2M935.jpg",
			"size":	777835,
			"type":	"jpg"
		}, {
			"user":	"kevin",
			"md5":	"0b63aa35e4db05646d5b4495ba1ada6e",
			"time":	"2017-07-22 22:04:17",
			"filename":	"报告龙王，敌人来了.jpg",
			"share_status":	0,
			"pv":	0,
			"url":	"http://192.168.1.25:80/group1/M00/00/00/wKgBGVl0LlGAdklHAAR9Bw2MgLQ595.jpg",
			"size":	294151,
			"type":	"jpg"
		}, {
			"user":	"kevin",
			"md5":	"1cf3787de8bd2c0c03b641d7f112a861",
			"time":	"2017-07-22 22:04:29",
			"filename":	"骑着老虎闯天下.jpg",
			"share_status":	0,
			"pv":	1,
			"url":	"http://192.168.1.25:80/group1/M00/00/00/wKgBGVl0Ll2AWbW_AAWVWU7roOk197.jpg",
			"size":	365913,
			"type":	"jpg"
		}]
}
[2017-07-23 08:21:19]--[src_cgi/myfiles_cgi.c:496]--cmd = count
[2017-07-23 08:21:19]--[src_cgi/myfiles_cgi.c:528]--buf = {
    "token": "9d3c337e02465cdbac3eac0b4c2601d3",
    "user": "kevin"
}

[2017-07-23 08:21:19]--[src_cgi/myfiles_cgi.c:176]--line = 9
[2017-07-23 08:21:19]--[src_cgi/myfiles_cgi.c:496]--cmd = normal
[2017-07-23 08:21:19]--[src_cgi/myfiles_cgi.c:528]--buf = {
    "count": 9,
    "start": 0,
    "token": "9d3c337e02465cdbac3eac0b4c2601d3",
    "user": "kevin"
}

[2017-07-23 08:21:19]--[src_cgi/myfiles_cgi.c:548]--user = kevin, token = 9d3c337e02465cdbac3eac0b4c2601d3, start = 0, count = 9
[2017-07-23 08:21:19]--[src_cgi/myfiles_cgi.c:306]--select user_file_list.*, file_info.url, file_info.size, file_info.type from file_info, user_file_list where user = 'kevin' and file_info.md5 = user_file_list.md5 limit 0, 9 在操作
[2017-07-23 08:21:19]--[src_cgi/myfiles_cgi.c:428]--{
	"files":	[{
			"user":	"kevin",
			"md5":	"bdf3bf1da3405725be763540d6601144",
			"time":	"2017-07-22 21:30:43",
			"filename":	"Hydrangeas.jpg",
			"share_status":	0,
			"pv":	1,
			"url":	"http://192.168.1.25:80/group1/M00/00/00/wKgBGVl0JnOARuMeAAkVVGMybN8679.jpg",
			"size":	595284,
			"type":	"jpg"
		}, {
			"user":	"kevin",
			"md5":	"bdf3bf1da3405725be763540d6601144",
			"time":	"2017-07-22 21:32:02",
			"filename":	"苏丙榅.jpg",
			"share_status":	0,
			"pv":	0,
			"url":	"http://192.168.1.25:80/group1/M00/00/00/wKgBGVl0JnOARuMeAAkVVGMybN8679.jpg",
			"size":	595284,
			"type":	"jpg"
		}, {
			"user":	"kevin",
			"md5":	"833e4e47bde2c682be3fbfef5655d8ba",
			"time":	"2017-07-22 21:38:21",
			"filename":	"heart.png",
			"share_status":	1,
			"pv":	0,
			"url":	"http://192.168.1.25:80/group1/M00/00/00/wKgBGVl0KD2AS-HnAACdx3VQYOM670.png",
			"size":	40391,
			"type":	"png"
		}, {
			"user":	"kevin",
			"md5":	"066aadc61cf843932c81a4b71d112ee0",
			"time":	"2017-07-22 21:38:22",
			"filename":	"loveLian.jpg",
			"share_status":	0,
			"pv":	0,
			"url":	"http://192.168.1.25:80/group1/M00/00/00/wKgBGVl0KD6AfWzOAAGWaAy0O0g421.jpg",
			"size":	104040,
			"type":	"jpg"
		}, {
			"user":	"kevin",
			"md5":	"ab14bc510d2b3d3d9bf793a2ba87b279",
			"time":	"2017-07-22 21:38:23",
			"filename":	"Luffy.png",
			"share_status":	0,
			"pv":	0,
			"url":	"http://192.168.1.25:80/group1/M00/00/00/wKgBGVl0KD-AHTIuAADPFapmvGY606.png",
			"size":	53013,
			"type":	"png"
		}, {
			"user":	"kevin",
			"md5":	"5488627bbaf0e7fadac1283b8b52967a",
			"time":	"2017-07-22 21:38:24",
			"filename":	"LuffyQ.png",
			"share_status":	0,
			"pv":	0,
			"url":	"http://192.168.1.25:80/group1/M00/00/00/wKgBGVl0KECAf999AABB715331M774.png",
			"size":	16879,
			"type":	"png"
		}, {
			"user":	"kevin",
			"md5":	"9d377b10ce778c4938b3c7e2c63a229a",
			"time":	"2017-07-22 21:47:14",
			"filename":	"Penguins.jpg",
			"share_status":	0,
			"pv":	0,
			"url":	"http://192.168.1.25:80/group1/M00/00/00/wKgBGVl0KlKAByWJAAvea_OGt2M935.jpg",
			"size":	777835,
			"type":	"jpg"
		}, {
			"user":	"kevin",
			"md5":	"0b63aa35e4db05646d5b4495ba1ada6e",
			"time":	"2017-07-22 22:04:17",
			"filename":	"报告龙王，敌人来了.jpg",
			"share_status":	0,
			"pv":	0,
			"url":	"http://192.168.1.25:80/group1/M00/00/00/wKgBGVl0LlGAdklHAAR9Bw2MgLQ595.jpg",
			"size":	294151,
			"type":	"jpg"
		}, {
			"user":	"kevin",
			"md5":	"1cf3787de8bd2c0c03b641d7f112a861",
			"time":	"2017-07-22 22:04:29",
			"filename":	"骑着老虎闯天下.jpg",
			"share_status":	0,
			"pv":	1,
			"url":	"http://192.168.1.25:80/group1/M00/00/00/wKgBGVl0Ll2AWbW_AAWVWU7roOk197.jpg",
			"size":	365913,
			"type":	"jpg"
		}]
}
[2017-07-23 08:34:39]--[src_cgi/myfiles_cgi.c:496]--cmd = count
[2017-07-23 08:34:39]--[src_cgi/myfiles_cgi.c:528]--buf = {
    "token": "d016f3e471807b4bdfdadbcdff4f6069",
    "user": "kevin"
}

[2017-07-23 08:34:39]--[src_cgi/myfiles_cgi.c:176]--line = 9
[2017-07-23 08:34:39]--[src_cgi/myfiles_cgi.c:496]--cmd = normal
[2017-07-23 08:34:39]--[src_cgi/myfiles_cgi.c:528]--buf = {
    "count": 9,
    "start": 0,
    "token": "d016f3e471807b4bdfdadbcdff4f6069",
    "user": "kevin"
}

[2017-07-23 08:34:39]--[src_cgi/myfiles_cgi.c:548]--user = kevin, token = d016f3e471807b4bdfdadbcdff4f6069, start = 0, count = 9
[2017-07-23 08:34:39]--[src_cgi/myfiles_cgi.c:306]--select user_file_list.*, file_info.url, file_info.size, file_info.type from file_info, user_file_list where user = 'kevin' and file_info.md5 = user_file_list.md5 limit 0, 9 在操作
[2017-07-23 08:34:39]--[src_cgi/myfiles_cgi.c:428]--{
	"files":	[{
			"user":	"kevin",
			"md5":	"bdf3bf1da3405725be763540d6601144",
			"time":	"2017-07-22 21:30:43",
			"filename":	"Hydrangeas.jpg",
			"share_status":	0,
			"pv":	1,
			"url":	"http://192.168.1.25:80/group1/M00/00/00/wKgBGVl0JnOARuMeAAkVVGMybN8679.jpg",
			"size":	595284,
			"type":	"jpg"
		}, {
			"user":	"kevin",
			"md5":	"bdf3bf1da3405725be763540d6601144",
			"time":	"2017-07-22 21:32:02",
			"filename":	"苏丙榅.jpg",
			"share_status":	0,
			"pv":	0,
			"url":	"http://192.168.1.25:80/group1/M00/00/00/wKgBGVl0JnOARuMeAAkVVGMybN8679.jpg",
			"size":	595284,
			"type":	"jpg"
		}, {
			"user":	"kevin",
			"md5":	"833e4e47bde2c682be3fbfef5655d8ba",
			"time":	"2017-07-22 21:38:21",
			"filename":	"heart.png",
			"share_status":	1,
			"pv":	0,
			"url":	"http://192.168.1.25:80/group1/M00/00/00/wKgBGVl0KD2AS-HnAACdx3VQYOM670.png",
			"size":	40391,
			"type":	"png"
		}, {
			"user":	"kevin",
			"md5":	"066aadc61cf843932c81a4b71d112ee0",
			"time":	"2017-07-22 21:38:22",
			"filename":	"loveLian.jpg",
			"share_status":	0,
			"pv":	0,
			"url":	"http://192.168.1.25:80/group1/M00/00/00/wKgBGVl0KD6AfWzOAAGWaAy0O0g421.jpg",
			"size":	104040,
			"type":	"jpg"
		}, {
			"user":	"kevin",
			"md5":	"ab14bc510d2b3d3d9bf793a2ba87b279",
			"time":	"2017-07-22 21:38:23",
			"filename":	"Luffy.png",
			"share_status":	0,
			"pv":	0,
			"url":	"http://192.168.1.25:80/group1/M00/00/00/wKgBGVl0KD-AHTIuAADPFapmvGY606.png",
			"size":	53013,
			"type":	"png"
		}, {
			"user":	"kevin",
			"md5":	"5488627bbaf0e7fadac1283b8b52967a",
			"time":	"2017-07-22 21:38:24",
			"filename":	"LuffyQ.png",
			"share_status":	0,
			"pv":	0,
			"url":	"http://192.168.1.25:80/group1/M00/00/00/wKgBGVl0KECAf999AABB715331M774.png",
			"size":	16879,
			"type":	"png"
		}, {
			"user":	"kevin",
			"md5":	"9d377b10ce778c4938b3c7e2c63a229a",
			"time":	"2017-07-22 21:47:14",
			"filename":	"Penguins.jpg",
			"share_status":	0,
			"pv":	0,
			"url":	"http://192.168.1.25:80/group1/M00/00/00/wKgBGVl0KlKAByWJAAvea_OGt2M935.jpg",
			"size":	777835,
			"type":	"jpg"
		}, {
			"user":	"kevin",
			"md5":	"0b63aa35e4db05646d5b4495ba1ada6e",
			"time":	"2017-07-22 22:04:17",
			"filename":	"报告龙王，敌人来了.jpg",
			"share_status":	0,
			"pv":	0,
			"url":	"http://192.168.1.25:80/group1/M00/00/00/wKgBGVl0LlGAdklHAAR9Bw2MgLQ595.jpg",
			"size":	294151,
			"type":	"jpg"
		}, {
			"user":	"kevin",
			"md5":	"1cf3787de8bd2c0c03b641d7f112a861",
			"time":	"2017-07-22 22:04:29",
			"filename":	"骑着老虎闯天下.jpg",
			"share_status":	0,
			"pv":	1,
			"url":	"http://192.168.1.25:80/group1/M00/00/00/wKgBGVl0Ll2AWbW_AAWVWU7roOk197.jpg",
			"size":	365913,
			"type":	"jpg"
		}]
}
