[2017-07-14 02:38:17]--[src_cgi/myfiles_cgi.c:496]--cmd = count
[2017-07-14 02:38:17]--[src_cgi/myfiles_cgi.c:528]--buf = {
    "token": "0a13e0b09444f440b131705b8290f365",
    "user": "kevin"
}

[2017-07-14 02:38:17]--[src_cgi/myfiles_cgi.c:176]--line = 7
[2017-07-14 02:38:17]--[src_cgi/myfiles_cgi.c:496]--cmd = normal
[2017-07-14 02:38:17]--[src_cgi/myfiles_cgi.c:528]--buf = {
    "count": 7,
    "start": 0,
    "token": "0a13e0b09444f440b131705b8290f365",
    "user": "kevin"
}

[2017-07-14 02:38:17]--[src_cgi/myfiles_cgi.c:548]--user = kevin, token = 0a13e0b09444f440b131705b8290f365, start = 0, count = 7
[2017-07-14 02:38:17]--[src_cgi/myfiles_cgi.c:306]--select user_file_list.*, file_info.url, file_info.size, file_info.type from file_info, user_file_list where user = 'kevin' and file_info.md5 = user_file_list.md5 limit 0, 7 在操作
[2017-07-14 02:38:17]--[src_cgi/myfiles_cgi.c:428]--{
	"files":	[{
			"user":	"kevin",
			"md5":	"e5c452a06e06da6edbdd9c0e27f9fe8a",
			"time":	"2017-07-12 08:39:05",
			"filename":	"a.png",
			"share_status":	0,
			"pv":	1,
			"url":	"http://192.168.1.22:80/group1/M00/00/00/wKgBFllmQpmAWvTYAADOHLnjxXg240.png",
			"size":	52764,
			"type":	"png"
		}, {
			"user":	"kevin",
			"md5":	"9d377b10ce778c4938b3c7e2c63a229a",
			"time":	"2017-07-13 02:42:14",
			"filename":	"Penguins.jpg",
			"share_status":	1,
			"pv":	4,
			"url":	"http://192.168.1.22:80/group1/M00/00/00/wKgBFllnQHaAfkYpAAvea_OGt2M232.jpg",
			"size":	777835,
			"type":	"jpg"
		}, {
			"user":	"kevin",
			"md5":	"ba45c8f60456a672e003a875e469d0eb",
			"time":	"2017-07-13 10:40:01",
			"filename":	"Desert.jpg",
			"share_status":	1,
			"pv":	1,
			"url":	"http://192.168.1.22:80/group1/M00/00/00/wKgBFllnsHGAG7NzAAzodQCbVVc189.jpg",
			"size":	845941,
			"type":	"jpg"
		}, {
			"user":	"kevin",
			"md5":	"076e3caed758a1c18c91a0e9cae3368f",
			"time":	"2017-07-13 10:40:58",
			"filename":	"Chrysanthemum.jpg",
			"share_status":	0,
			"pv":	1,
			"url":	"http://192.168.1.22:80/group1/M00/00/00/wKgBFllnsKqAETniAA1rIuRd3Es197.jpg",
			"size":	879394,
			"type":	"jpg"
		}, {
			"user":	"kevin",
			"md5":	"fafa5efeaf3cbe3b23b2748d13e629a1",
			"time":	"2017-07-13 10:55:12",
			"filename":	"Tulips.jpg",
			"share_status":	0,
			"pv":	0,
			"url":	"http://192.168.1.22:80/group1/M00/00/00/wKgBFllntACAMf2gAAl5WLU-YRY627.jpg",
			"size":	620888,
			"type":	"jpg"
		}, {
			"user":	"kevin",
			"md5":	"5a44c7ba5bbe4ec867233d67e4806848",
			"time":	"2017-07-13 19:15:37",
			"filename":	"Jellyfish.jpg",
			"share_status":	0,
			"pv":	2,
			"url":	"http://192.168.1.22:80/group1/M00/00/00/wKgBFlloKUmAMTuEAAvWFkcZHjA991.jpg",
			"size":	775702,
			"type":	"jpg"
		}, {
			"user":	"kevin",
			"md5":	"8969288f4245120e7c3870287cce0ff3",
			"time":	"2017-07-13 19:34:59",
			"filename":	"Lighthouse.jpg",
			"share_status":	0,
			"pv":	0,
			"url":	"http://192.168.1.22:80/group1/M00/00/00/wKgBFlloLdOAflK_AAiQfKHDaaQ133.jpg",
			"size":	561276,
			"type":	"jpg"
		}]
}
[2017-07-14 02:40:03]--[src_cgi/myfiles_cgi.c:496]--cmd = count
[2017-07-14 02:40:03]--[src_cgi/myfiles_cgi.c:528]--buf = {
    "token": "d4a8d6780e90e69df8b32b8d1db81cf2",
    "user": "222"
}

[2017-07-14 02:40:03]--[src_cgi/myfiles_cgi.c:176]--line = 6
[2017-07-14 02:40:03]--[src_cgi/myfiles_cgi.c:496]--cmd = normal
[2017-07-14 02:40:03]--[src_cgi/myfiles_cgi.c:528]--buf = {
    "count": 6,
    "start": 0,
    "token": "d4a8d6780e90e69df8b32b8d1db81cf2",
    "user": "222"
}

[2017-07-14 02:40:03]--[src_cgi/myfiles_cgi.c:548]--user = 222, token = d4a8d6780e90e69df8b32b8d1db81cf2, start = 0, count = 6
[2017-07-14 02:40:03]--[src_cgi/myfiles_cgi.c:306]--select user_file_list.*, file_info.url, file_info.size, file_info.type from file_info, user_file_list where user = '222' and file_info.md5 = user_file_list.md5 limit 0, 6 在操作
[2017-07-14 02:40:03]--[src_cgi/myfiles_cgi.c:428]--{
	"files":	[{
			"user":	"222",
			"md5":	"e7793fd935f9e8f04c5c9e7a59660ec0",
			"time":	"2017-07-11 17:01:10",
			"filename":	"系统架构图.pdf",
			"share_status":	0,
			"pv":	0,
			"url":	"http://192.168.1.22:80/group1/M00/00/00/wKgBFlllZsaALjFfAANFX_2DzMI833.pdf",
			"size":	214367,
			"type":	"pdf"
		}, {
			"user":	"222",
			"md5":	"da5fa64de97a497502281513d7230d8d",
			"time":	"2017-07-12 02:47:14",
			"filename":	"vs 快捷键.png",
			"share_status":	0,
			"pv":	0,
			"url":	"http://192.168.1.22:80/group1/M00/00/00/wKgBFlll8CKACxhwAACaByAjkMg838.png",
			"size":	39431,
			"type":	"png"
		}, {
			"user":	"222",
			"md5":	"1a96ac5456b0d8e07c1880b27ad8b969",
			"time":	"2017-07-13 10:25:55",
			"filename":	"ui_loginwidget.h",
			"share_status":	0,
			"pv":	0,
			"url":	"http://192.168.1.22:80/group1/M00/00/00/wKgBFllnrSOALT-yAABDSVK02_g28167.h",
			"size":	17225,
			"type":	"h"
		}, {
			"user":	"222",
			"md5":	"be940536b120f2f05bef74389042ff13",
			"time":	"2017-07-13 10:25:55",
			"filename":	"ui_mainwidget.h",
			"share_status":	0,
			"pv":	0,
			"url":	"http://192.168.1.22:80/group1/M00/00/00/wKgBFllnrSOAE-txAAAPdvAT9MU86776.h",
			"size":	3958,
			"type":	"h"
		}, {
			"user":	"222",
			"md5":	"a0b8519bf29b46be7eed1b0163a13dbc",
			"time":	"2017-07-13 10:25:56",
			"filename":	"ui_mainwidgetbutton.h",
			"share_status":	0,
			"pv":	0,
			"url":	"http://192.168.1.22:80/group1/M00/00/00/wKgBFllnrSSAUJboAAAjCEWSRrQ18927.h",
			"size":	8968,
			"type":	"h"
		}, {
			"user":	"222",
			"md5":	"bdf3bf1da3405725be763540d6601144",
			"time":	"2017-07-13 10:26:26",
			"filename":	"Hydrangeas.jpg",
			"share_status":	0,
			"pv":	0,
			"url":	"http://192.168.1.22:80/group1/M00/00/00/wKgBFllnrUKAQ2gMAAkVVGMybN8017.jpg",
			"size":	595284,
			"type":	"jpg"
		}]
}
[2017-07-14 02:42:44]--[src_cgi/myfiles_cgi.c:496]--cmd = count
[2017-07-14 02:42:44]--[src_cgi/myfiles_cgi.c:528]--buf = {
    "token": "71a277545d3d3b6a3d9846fb9968d587",
    "user": "kevin"
}

[2017-07-14 02:42:44]--[src_cgi/myfiles_cgi.c:176]--line = 7
[2017-07-14 02:42:44]--[src_cgi/myfiles_cgi.c:496]--cmd = normal
[2017-07-14 02:42:44]--[src_cgi/myfiles_cgi.c:528]--buf = {
    "count": 7,
    "start": 0,
    "token": "71a277545d3d3b6a3d9846fb9968d587",
    "user": "kevin"
}

[2017-07-14 02:42:44]--[src_cgi/myfiles_cgi.c:548]--user = kevin, token = 71a277545d3d3b6a3d9846fb9968d587, start = 0, count = 7
[2017-07-14 02:42:44]--[src_cgi/myfiles_cgi.c:306]--select user_file_list.*, file_info.url, file_info.size, file_info.type from file_info, user_file_list where user = 'kevin' and file_info.md5 = user_file_list.md5 limit 0, 7 在操作
[2017-07-14 02:42:44]--[src_cgi/myfiles_cgi.c:428]--{
	"files":	[{
			"user":	"kevin",
			"md5":	"e5c452a06e06da6edbdd9c0e27f9fe8a",
			"time":	"2017-07-12 08:39:05",
			"filename":	"a.png",
			"share_status":	0,
			"pv":	1,
			"url":	"http://192.168.1.22:80/group1/M00/00/00/wKgBFllmQpmAWvTYAADOHLnjxXg240.png",
			"size":	52764,
			"type":	"png"
		}, {
			"user":	"kevin",
			"md5":	"9d377b10ce778c4938b3c7e2c63a229a",
			"time":	"2017-07-13 02:42:14",
			"filename":	"Penguins.jpg",
			"share_status":	1,
			"pv":	4,
			"url":	"http://192.168.1.22:80/group1/M00/00/00/wKgBFllnQHaAfkYpAAvea_OGt2M232.jpg",
			"size":	777835,
			"type":	"jpg"
		}, {
			"user":	"kevin",
			"md5":	"ba45c8f60456a672e003a875e469d0eb",
			"time":	"2017-07-13 10:40:01",
			"filename":	"Desert.jpg",
			"share_status":	1,
			"pv":	1,
			"url":	"http://192.168.1.22:80/group1/M00/00/00/wKgBFllnsHGAG7NzAAzodQCbVVc189.jpg",
			"size":	845941,
			"type":	"jpg"
		}, {
			"user":	"kevin",
			"md5":	"076e3caed758a1c18c91a0e9cae3368f",
			"time":	"2017-07-13 10:40:58",
			"filename":	"Chrysanthemum.jpg",
			"share_status":	0,
			"pv":	1,
			"url":	"http://192.168.1.22:80/group1/M00/00/00/wKgBFllnsKqAETniAA1rIuRd3Es197.jpg",
			"size":	879394,
			"type":	"jpg"
		}, {
			"user":	"kevin",
			"md5":	"fafa5efeaf3cbe3b23b2748d13e629a1",
			"time":	"2017-07-13 10:55:12",
			"filename":	"Tulips.jpg",
			"share_status":	0,
			"pv":	0,
			"url":	"http://192.168.1.22:80/group1/M00/00/00/wKgBFllntACAMf2gAAl5WLU-YRY627.jpg",
			"size":	620888,
			"type":	"jpg"
		}, {
			"user":	"kevin",
			"md5":	"5a44c7ba5bbe4ec867233d67e4806848",
			"time":	"2017-07-13 19:15:37",
			"filename":	"Jellyfish.jpg",
			"share_status":	0,
			"pv":	2,
			"url":	"http://192.168.1.22:80/group1/M00/00/00/wKgBFlloKUmAMTuEAAvWFkcZHjA991.jpg",
			"size":	775702,
			"type":	"jpg"
		}, {
			"user":	"kevin",
			"md5":	"8969288f4245120e7c3870287cce0ff3",
			"time":	"2017-07-13 19:34:59",
			"filename":	"Lighthouse.jpg",
			"share_status":	0,
			"pv":	0,
			"url":	"http://192.168.1.22:80/group1/M00/00/00/wKgBFlloLdOAflK_AAiQfKHDaaQ133.jpg",
			"size":	561276,
			"type":	"jpg"
		}]
}
[2017-07-14 02:46:50]--[src_cgi/myfiles_cgi.c:496]--cmd = count
[2017-07-14 02:46:50]--[src_cgi/myfiles_cgi.c:528]--buf = {
    "token": "bbbb0ccda25b7166385520998b38a45b",
    "user": "kevin"
}

[2017-07-14 02:46:50]--[src_cgi/myfiles_cgi.c:176]--line = 7
[2017-07-14 02:46:51]--[src_cgi/myfiles_cgi.c:496]--cmd = normal
[2017-07-14 02:46:51]--[src_cgi/myfiles_cgi.c:528]--buf = {
    "count": 7,
    "start": 0,
    "token": "bbbb0ccda25b7166385520998b38a45b",
    "user": "kevin"
}

[2017-07-14 02:46:51]--[src_cgi/myfiles_cgi.c:548]--user = kevin, token = bbbb0ccda25b7166385520998b38a45b, start = 0, count = 7
[2017-07-14 02:46:51]--[src_cgi/myfiles_cgi.c:306]--select user_file_list.*, file_info.url, file_info.size, file_info.type from file_info, user_file_list where user = 'kevin' and file_info.md5 = user_file_list.md5 limit 0, 7 在操作
[2017-07-14 02:46:51]--[src_cgi/myfiles_cgi.c:428]--{
	"files":	[{
			"user":	"kevin",
			"md5":	"e5c452a06e06da6edbdd9c0e27f9fe8a",
			"time":	"2017-07-12 08:39:05",
			"filename":	"a.png",
			"share_status":	0,
			"pv":	1,
			"url":	"http://192.168.1.22:80/group1/M00/00/00/wKgBFllmQpmAWvTYAADOHLnjxXg240.png",
			"size":	52764,
			"type":	"png"
		}, {
			"user":	"kevin",
			"md5":	"9d377b10ce778c4938b3c7e2c63a229a",
			"time":	"2017-07-13 02:42:14",
			"filename":	"Penguins.jpg",
			"share_status":	1,
			"pv":	4,
			"url":	"http://192.168.1.22:80/group1/M00/00/00/wKgBFllnQHaAfkYpAAvea_OGt2M232.jpg",
			"size":	777835,
			"type":	"jpg"
		}, {
			"user":	"kevin",
			"md5":	"ba45c8f60456a672e003a875e469d0eb",
			"time":	"2017-07-13 10:40:01",
			"filename":	"Desert.jpg",
			"share_status":	1,
			"pv":	1,
			"url":	"http://192.168.1.22:80/group1/M00/00/00/wKgBFllnsHGAG7NzAAzodQCbVVc189.jpg",
			"size":	845941,
			"type":	"jpg"
		}, {
			"user":	"kevin",
			"md5":	"076e3caed758a1c18c91a0e9cae3368f",
			"time":	"2017-07-13 10:40:58",
			"filename":	"Chrysanthemum.jpg",
			"share_status":	0,
			"pv":	1,
			"url":	"http://192.168.1.22:80/group1/M00/00/00/wKgBFllnsKqAETniAA1rIuRd3Es197.jpg",
			"size":	879394,
			"type":	"jpg"
		}, {
			"user":	"kevin",
			"md5":	"fafa5efeaf3cbe3b23b2748d13e629a1",
			"time":	"2017-07-13 10:55:12",
			"filename":	"Tulips.jpg",
			"share_status":	0,
			"pv":	0,
			"url":	"http://192.168.1.22:80/group1/M00/00/00/wKgBFllntACAMf2gAAl5WLU-YRY627.jpg",
			"size":	620888,
			"type":	"jpg"
		}, {
			"user":	"kevin",
			"md5":	"5a44c7ba5bbe4ec867233d67e4806848",
			"time":	"2017-07-13 19:15:37",
			"filename":	"Jellyfish.jpg",
			"share_status":	0,
			"pv":	2,
			"url":	"http://192.168.1.22:80/group1/M00/00/00/wKgBFlloKUmAMTuEAAvWFkcZHjA991.jpg",
			"size":	775702,
			"type":	"jpg"
		}, {
			"user":	"kevin",
			"md5":	"8969288f4245120e7c3870287cce0ff3",
			"time":	"2017-07-13 19:34:59",
			"filename":	"Lighthouse.jpg",
			"share_status":	0,
			"pv":	0,
			"url":	"http://192.168.1.22:80/group1/M00/00/00/wKgBFlloLdOAflK_AAiQfKHDaaQ133.jpg",
			"size":	561276,
			"type":	"jpg"
		}]
}
[2017-07-14 02:53:31]--[src_cgi/myfiles_cgi.c:496]--cmd = count
[2017-07-14 02:53:31]--[src_cgi/myfiles_cgi.c:528]--buf = {
    "token": "bbbb0ccda25b7166385520998b38a45b",
    "user": "kevin"
}

[2017-07-14 02:53:31]--[src_cgi/myfiles_cgi.c:176]--line = 7
[2017-07-14 02:53:31]--[src_cgi/myfiles_cgi.c:496]--cmd = normal
[2017-07-14 02:53:31]--[src_cgi/myfiles_cgi.c:528]--buf = {
    "count": 7,
    "start": 0,
    "token": "bbbb0ccda25b7166385520998b38a45b",
    "user": "kevin"
}

[2017-07-14 02:53:31]--[src_cgi/myfiles_cgi.c:548]--user = kevin, token = bbbb0ccda25b7166385520998b38a45b, start = 0, count = 7
[2017-07-14 02:53:31]--[src_cgi/myfiles_cgi.c:306]--select user_file_list.*, file_info.url, file_info.size, file_info.type from file_info, user_file_list where user = 'kevin' and file_info.md5 = user_file_list.md5 limit 0, 7 在操作
[2017-07-14 02:53:31]--[src_cgi/myfiles_cgi.c:428]--{
	"files":	[{
			"user":	"kevin",
			"md5":	"e5c452a06e06da6edbdd9c0e27f9fe8a",
			"time":	"2017-07-12 08:39:05",
			"filename":	"a.png",
			"share_status":	0,
			"pv":	1,
			"url":	"http://192.168.1.22:80/group1/M00/00/00/wKgBFllmQpmAWvTYAADOHLnjxXg240.png",
			"size":	52764,
			"type":	"png"
		}, {
			"user":	"kevin",
			"md5":	"9d377b10ce778c4938b3c7e2c63a229a",
			"time":	"2017-07-13 02:42:14",
			"filename":	"Penguins.jpg",
			"share_status":	1,
			"pv":	4,
			"url":	"http://192.168.1.22:80/group1/M00/00/00/wKgBFllnQHaAfkYpAAvea_OGt2M232.jpg",
			"size":	777835,
			"type":	"jpg"
		}, {
			"user":	"kevin",
			"md5":	"ba45c8f60456a672e003a875e469d0eb",
			"time":	"2017-07-13 10:40:01",
			"filename":	"Desert.jpg",
			"share_status":	1,
			"pv":	1,
			"url":	"http://192.168.1.22:80/group1/M00/00/00/wKgBFllnsHGAG7NzAAzodQCbVVc189.jpg",
			"size":	845941,
			"type":	"jpg"
		}, {
			"user":	"kevin",
			"md5":	"076e3caed758a1c18c91a0e9cae3368f",
			"time":	"2017-07-13 10:40:58",
			"filename":	"Chrysanthemum.jpg",
			"share_status":	0,
			"pv":	1,
			"url":	"http://192.168.1.22:80/group1/M00/00/00/wKgBFllnsKqAETniAA1rIuRd3Es197.jpg",
			"size":	879394,
			"type":	"jpg"
		}, {
			"user":	"kevin",
			"md5":	"fafa5efeaf3cbe3b23b2748d13e629a1",
			"time":	"2017-07-13 10:55:12",
			"filename":	"Tulips.jpg",
			"share_status":	0,
			"pv":	0,
			"url":	"http://192.168.1.22:80/group1/M00/00/00/wKgBFllntACAMf2gAAl5WLU-YRY627.jpg",
			"size":	620888,
			"type":	"jpg"
		}, {
			"user":	"kevin",
			"md5":	"5a44c7ba5bbe4ec867233d67e4806848",
			"time":	"2017-07-13 19:15:37",
			"filename":	"Jellyfish.jpg",
			"share_status":	0,
			"pv":	2,
			"url":	"http://192.168.1.22:80/group1/M00/00/00/wKgBFlloKUmAMTuEAAvWFkcZHjA991.jpg",
			"size":	775702,
			"type":	"jpg"
		}, {
			"user":	"kevin",
			"md5":	"8969288f4245120e7c3870287cce0ff3",
			"time":	"2017-07-13 19:34:59",
			"filename":	"Lighthouse.jpg",
			"share_status":	0,
			"pv":	0,
			"url":	"http://192.168.1.22:80/group1/M00/00/00/wKgBFlloLdOAflK_AAiQfKHDaaQ133.jpg",
			"size":	561276,
			"type":	"jpg"
		}]
}
[2017-07-14 06:41:02]--[src_cgi/myfiles_cgi.c:496]--cmd = count
[2017-07-14 06:41:02]--[src_cgi/myfiles_cgi.c:528]--buf = {
    "token": "de3a92b50d40f3a99058669cabad62c4",
    "user": "kevin"
}

[2017-07-14 06:41:02]--[src_cgi/myfiles_cgi.c:176]--line = 7
[2017-07-14 06:41:02]--[src_cgi/myfiles_cgi.c:496]--cmd = normal
[2017-07-14 06:41:02]--[src_cgi/myfiles_cgi.c:528]--buf = {
    "count": 7,
    "start": 0,
    "token": "de3a92b50d40f3a99058669cabad62c4",
    "user": "kevin"
}

[2017-07-14 06:41:02]--[src_cgi/myfiles_cgi.c:548]--user = kevin, token = de3a92b50d40f3a99058669cabad62c4, start = 0, count = 7
[2017-07-14 06:41:02]--[src_cgi/myfiles_cgi.c:306]--select user_file_list.*, file_info.url, file_info.size, file_info.type from file_info, user_file_list where user = 'kevin' and file_info.md5 = user_file_list.md5 limit 0, 7 在操作
[2017-07-14 06:41:02]--[src_cgi/myfiles_cgi.c:428]--{
	"files":	[{
			"user":	"kevin",
			"md5":	"e5c452a06e06da6edbdd9c0e27f9fe8a",
			"time":	"2017-07-12 08:39:05",
			"filename":	"a.png",
			"share_status":	0,
			"pv":	1,
			"url":	"http://192.168.1.22:80/group1/M00/00/00/wKgBFllmQpmAWvTYAADOHLnjxXg240.png",
			"size":	52764,
			"type":	"png"
		}, {
			"user":	"kevin",
			"md5":	"9d377b10ce778c4938b3c7e2c63a229a",
			"time":	"2017-07-13 02:42:14",
			"filename":	"Penguins.jpg",
			"share_status":	1,
			"pv":	4,
			"url":	"http://192.168.1.22:80/group1/M00/00/00/wKgBFllnQHaAfkYpAAvea_OGt2M232.jpg",
			"size":	777835,
			"type":	"jpg"
		}, {
			"user":	"kevin",
			"md5":	"ba45c8f60456a672e003a875e469d0eb",
			"time":	"2017-07-13 10:40:01",
			"filename":	"Desert.jpg",
			"share_status":	1,
			"pv":	1,
			"url":	"http://192.168.1.22:80/group1/M00/00/00/wKgBFllnsHGAG7NzAAzodQCbVVc189.jpg",
			"size":	845941,
			"type":	"jpg"
		}, {
			"user":	"kevin",
			"md5":	"076e3caed758a1c18c91a0e9cae3368f",
			"time":	"2017-07-13 10:40:58",
			"filename":	"Chrysanthemum.jpg",
			"share_status":	0,
			"pv":	1,
			"url":	"http://192.168.1.22:80/group1/M00/00/00/wKgBFllnsKqAETniAA1rIuRd3Es197.jpg",
			"size":	879394,
			"type":	"jpg"
		}, {
			"user":	"kevin",
			"md5":	"fafa5efeaf3cbe3b23b2748d13e629a1",
			"time":	"2017-07-13 10:55:12",
			"filename":	"Tulips.jpg",
			"share_status":	0,
			"pv":	0,
			"url":	"http://192.168.1.22:80/group1/M00/00/00/wKgBFllntACAMf2gAAl5WLU-YRY627.jpg",
			"size":	620888,
			"type":	"jpg"
		}, {
			"user":	"kevin",
			"md5":	"5a44c7ba5bbe4ec867233d67e4806848",
			"time":	"2017-07-13 19:15:37",
			"filename":	"Jellyfish.jpg",
			"share_status":	0,
			"pv":	2,
			"url":	"http://192.168.1.22:80/group1/M00/00/00/wKgBFlloKUmAMTuEAAvWFkcZHjA991.jpg",
			"size":	775702,
			"type":	"jpg"
		}, {
			"user":	"kevin",
			"md5":	"8969288f4245120e7c3870287cce0ff3",
			"time":	"2017-07-13 19:34:59",
			"filename":	"Lighthouse.jpg",
			"share_status":	0,
			"pv":	0,
			"url":	"http://192.168.1.22:80/group1/M00/00/00/wKgBFlloLdOAflK_AAiQfKHDaaQ133.jpg",
			"size":	561276,
			"type":	"jpg"
		}]
}
[2017-07-14 06:41:32]--[src_cgi/myfiles_cgi.c:496]--cmd = count
[2017-07-14 06:41:32]--[src_cgi/myfiles_cgi.c:528]--buf = {
    "token": "de3a92b50d40f3a99058669cabad62c4",
    "user": "kevin"
}

[2017-07-14 06:41:32]--[src_cgi/myfiles_cgi.c:176]--line = 7
[2017-07-14 06:41:32]--[src_cgi/myfiles_cgi.c:496]--cmd = normal
[2017-07-14 06:41:32]--[src_cgi/myfiles_cgi.c:528]--buf = {
    "count": 7,
    "start": 0,
    "token": "de3a92b50d40f3a99058669cabad62c4",
    "user": "kevin"
}

[2017-07-14 06:41:32]--[src_cgi/myfiles_cgi.c:548]--user = kevin, token = de3a92b50d40f3a99058669cabad62c4, start = 0, count = 7
[2017-07-14 06:41:32]--[src_cgi/myfiles_cgi.c:306]--select user_file_list.*, file_info.url, file_info.size, file_info.type from file_info, user_file_list where user = 'kevin' and file_info.md5 = user_file_list.md5 limit 0, 7 在操作
[2017-07-14 06:41:32]--[src_cgi/myfiles_cgi.c:428]--{
	"files":	[{
			"user":	"kevin",
			"md5":	"e5c452a06e06da6edbdd9c0e27f9fe8a",
			"time":	"2017-07-12 08:39:05",
			"filename":	"a.png",
			"share_status":	0,
			"pv":	1,
			"url":	"http://192.168.1.22:80/group1/M00/00/00/wKgBFllmQpmAWvTYAADOHLnjxXg240.png",
			"size":	52764,
			"type":	"png"
		}, {
			"user":	"kevin",
			"md5":	"9d377b10ce778c4938b3c7e2c63a229a",
			"time":	"2017-07-13 02:42:14",
			"filename":	"Penguins.jpg",
			"share_status":	1,
			"pv":	4,
			"url":	"http://192.168.1.22:80/group1/M00/00/00/wKgBFllnQHaAfkYpAAvea_OGt2M232.jpg",
			"size":	777835,
			"type":	"jpg"
		}, {
			"user":	"kevin",
			"md5":	"ba45c8f60456a672e003a875e469d0eb",
			"time":	"2017-07-13 10:40:01",
			"filename":	"Desert.jpg",
			"share_status":	1,
			"pv":	1,
			"url":	"http://192.168.1.22:80/group1/M00/00/00/wKgBFllnsHGAG7NzAAzodQCbVVc189.jpg",
			"size":	845941,
			"type":	"jpg"
		}, {
			"user":	"kevin",
			"md5":	"076e3caed758a1c18c91a0e9cae3368f",
			"time":	"2017-07-13 10:40:58",
			"filename":	"Chrysanthemum.jpg",
			"share_status":	0,
			"pv":	1,
			"url":	"http://192.168.1.22:80/group1/M00/00/00/wKgBFllnsKqAETniAA1rIuRd3Es197.jpg",
			"size":	879394,
			"type":	"jpg"
		}, {
			"user":	"kevin",
			"md5":	"fafa5efeaf3cbe3b23b2748d13e629a1",
			"time":	"2017-07-13 10:55:12",
			"filename":	"Tulips.jpg",
			"share_status":	0,
			"pv":	0,
			"url":	"http://192.168.1.22:80/group1/M00/00/00/wKgBFllntACAMf2gAAl5WLU-YRY627.jpg",
			"size":	620888,
			"type":	"jpg"
		}, {
			"user":	"kevin",
			"md5":	"5a44c7ba5bbe4ec867233d67e4806848",
			"time":	"2017-07-13 19:15:37",
			"filename":	"Jellyfish.jpg",
			"share_status":	0,
			"pv":	2,
			"url":	"http://192.168.1.22:80/group1/M00/00/00/wKgBFlloKUmAMTuEAAvWFkcZHjA991.jpg",
			"size":	775702,
			"type":	"jpg"
		}, {
			"user":	"kevin",
			"md5":	"8969288f4245120e7c3870287cce0ff3",
			"time":	"2017-07-13 19:34:59",
			"filename":	"Lighthouse.jpg",
			"share_status":	0,
			"pv":	0,
			"url":	"http://192.168.1.22:80/group1/M00/00/00/wKgBFlloLdOAflK_AAiQfKHDaaQ133.jpg",
			"size":	561276,
			"type":	"jpg"
		}]
}
[2017-07-14 06:41:59]--[src_cgi/myfiles_cgi.c:496]--cmd = count
[2017-07-14 06:41:59]--[src_cgi/myfiles_cgi.c:528]--buf = {
    "token": "de3a92b50d40f3a99058669cabad62c4",
    "user": "kevin"
}

[2017-07-14 06:41:59]--[src_cgi/myfiles_cgi.c:176]--line = 9
[2017-07-14 06:41:59]--[src_cgi/myfiles_cgi.c:496]--cmd = normal
[2017-07-14 06:41:59]--[src_cgi/myfiles_cgi.c:528]--buf = {
    "count": 9,
    "start": 0,
    "token": "de3a92b50d40f3a99058669cabad62c4",
    "user": "kevin"
}

[2017-07-14 06:41:59]--[src_cgi/myfiles_cgi.c:548]--user = kevin, token = de3a92b50d40f3a99058669cabad62c4, start = 0, count = 9
[2017-07-14 06:41:59]--[src_cgi/myfiles_cgi.c:306]--select user_file_list.*, file_info.url, file_info.size, file_info.type from file_info, user_file_list where user = 'kevin' and file_info.md5 = user_file_list.md5 limit 0, 9 在操作
[2017-07-14 06:41:59]--[src_cgi/myfiles_cgi.c:428]--{
	"files":	[{
			"user":	"kevin",
			"md5":	"e5c452a06e06da6edbdd9c0e27f9fe8a",
			"time":	"2017-07-12 08:39:05",
			"filename":	"a.png",
			"share_status":	0,
			"pv":	1,
			"url":	"http://192.168.1.22:80/group1/M00/00/00/wKgBFllmQpmAWvTYAADOHLnjxXg240.png",
			"size":	52764,
			"type":	"png"
		}, {
			"user":	"kevin",
			"md5":	"9d377b10ce778c4938b3c7e2c63a229a",
			"time":	"2017-07-13 02:42:14",
			"filename":	"Penguins.jpg",
			"share_status":	1,
			"pv":	4,
			"url":	"http://192.168.1.22:80/group1/M00/00/00/wKgBFllnQHaAfkYpAAvea_OGt2M232.jpg",
			"size":	777835,
			"type":	"jpg"
		}, {
			"user":	"kevin",
			"md5":	"ba45c8f60456a672e003a875e469d0eb",
			"time":	"2017-07-13 10:40:01",
			"filename":	"Desert.jpg",
			"share_status":	1,
			"pv":	1,
			"url":	"http://192.168.1.22:80/group1/M00/00/00/wKgBFllnsHGAG7NzAAzodQCbVVc189.jpg",
			"size":	845941,
			"type":	"jpg"
		}, {
			"user":	"kevin",
			"md5":	"076e3caed758a1c18c91a0e9cae3368f",
			"time":	"2017-07-13 10:40:58",
			"filename":	"Chrysanthemum.jpg",
			"share_status":	0,
			"pv":	1,
			"url":	"http://192.168.1.22:80/group1/M00/00/00/wKgBFllnsKqAETniAA1rIuRd3Es197.jpg",
			"size":	879394,
			"type":	"jpg"
		}, {
			"user":	"kevin",
			"md5":	"fafa5efeaf3cbe3b23b2748d13e629a1",
			"time":	"2017-07-13 10:55:12",
			"filename":	"Tulips.jpg",
			"share_status":	0,
			"pv":	0,
			"url":	"http://192.168.1.22:80/group1/M00/00/00/wKgBFllntACAMf2gAAl5WLU-YRY627.jpg",
			"size":	620888,
			"type":	"jpg"
		}, {
			"user":	"kevin",
			"md5":	"5a44c7ba5bbe4ec867233d67e4806848",
			"time":	"2017-07-13 19:15:37",
			"filename":	"Jellyfish.jpg",
			"share_status":	0,
			"pv":	2,
			"url":	"http://192.168.1.22:80/group1/M00/00/00/wKgBFlloKUmAMTuEAAvWFkcZHjA991.jpg",
			"size":	775702,
			"type":	"jpg"
		}, {
			"user":	"kevin",
			"md5":	"8969288f4245120e7c3870287cce0ff3",
			"time":	"2017-07-13 19:34:59",
			"filename":	"Lighthouse.jpg",
			"share_status":	0,
			"pv":	0,
			"url":	"http://192.168.1.22:80/group1/M00/00/00/wKgBFlloLdOAflK_AAiQfKHDaaQ133.jpg",
			"size":	561276,
			"type":	"jpg"
		}, {
			"user":	"kevin",
			"md5":	"bdf3bf1da3405725be763540d6601144",
			"time":	"2017-07-14 06:41:50",
			"filename":	"Hydrangeas.jpg",
			"share_status":	0,
			"pv":	0,
			"url":	"http://192.168.1.22:80/group1/M00/00/00/wKgBFllnrUKAQ2gMAAkVVGMybN8017.jpg",
			"size":	595284,
			"type":	"jpg"
		}, {
			"user":	"kevin",
			"md5":	"2b04df3ecc1d94afddff082d139c6f15",
			"time":	"2017-07-14 06:41:52",
			"filename":	"Koala.jpg",
			"share_status":	0,
			"pv":	0,
			"url":	"http://192.168.1.22:80/group1/M00/00/00/wKgBFlloyiCAG7KuAAvqH_kipG8977.jpg",
			"size":	780831,
			"type":	"jpg"
		}]
}
[2017-07-14 06:42:21]--[src_cgi/myfiles_cgi.c:496]--cmd = count
[2017-07-14 06:42:21]--[src_cgi/myfiles_cgi.c:528]--buf = {
    "token": "de3a92b50d40f3a99058669cabad62c4",
    "user": "kevin"
}

[2017-07-14 06:42:21]--[src_cgi/myfiles_cgi.c:176]--line = 9
[2017-07-14 06:42:21]--[src_cgi/myfiles_cgi.c:496]--cmd = normal
[2017-07-14 06:42:21]--[src_cgi/myfiles_cgi.c:528]--buf = {
    "count": 9,
    "start": 0,
    "token": "de3a92b50d40f3a99058669cabad62c4",
    "user": "kevin"
}

[2017-07-14 06:42:21]--[src_cgi/myfiles_cgi.c:548]--user = kevin, token = de3a92b50d40f3a99058669cabad62c4, start = 0, count = 9
[2017-07-14 06:42:21]--[src_cgi/myfiles_cgi.c:306]--select user_file_list.*, file_info.url, file_info.size, file_info.type from file_info, user_file_list where user = 'kevin' and file_info.md5 = user_file_list.md5 limit 0, 9 在操作
[2017-07-14 06:42:21]--[src_cgi/myfiles_cgi.c:428]--{
	"files":	[{
			"user":	"kevin",
			"md5":	"e5c452a06e06da6edbdd9c0e27f9fe8a",
			"time":	"2017-07-12 08:39:05",
			"filename":	"a.png",
			"share_status":	0,
			"pv":	1,
			"url":	"http://192.168.1.22:80/group1/M00/00/00/wKgBFllmQpmAWvTYAADOHLnjxXg240.png",
			"size":	52764,
			"type":	"png"
		}, {
			"user":	"kevin",
			"md5":	"9d377b10ce778c4938b3c7e2c63a229a",
			"time":	"2017-07-13 02:42:14",
			"filename":	"Penguins.jpg",
			"share_status":	1,
			"pv":	4,
			"url":	"http://192.168.1.22:80/group1/M00/00/00/wKgBFllnQHaAfkYpAAvea_OGt2M232.jpg",
			"size":	777835,
			"type":	"jpg"
		}, {
			"user":	"kevin",
			"md5":	"ba45c8f60456a672e003a875e469d0eb",
			"time":	"2017-07-13 10:40:01",
			"filename":	"Desert.jpg",
			"share_status":	1,
			"pv":	1,
			"url":	"http://192.168.1.22:80/group1/M00/00/00/wKgBFllnsHGAG7NzAAzodQCbVVc189.jpg",
			"size":	845941,
			"type":	"jpg"
		}, {
			"user":	"kevin",
			"md5":	"076e3caed758a1c18c91a0e9cae3368f",
			"time":	"2017-07-13 10:40:58",
			"filename":	"Chrysanthemum.jpg",
			"share_status":	0,
			"pv":	1,
			"url":	"http://192.168.1.22:80/group1/M00/00/00/wKgBFllnsKqAETniAA1rIuRd3Es197.jpg",
			"size":	879394,
			"type":	"jpg"
		}, {
			"user":	"kevin",
			"md5":	"fafa5efeaf3cbe3b23b2748d13e629a1",
			"time":	"2017-07-13 10:55:12",
			"filename":	"Tulips.jpg",
			"share_status":	0,
			"pv":	0,
			"url":	"http://192.168.1.22:80/group1/M00/00/00/wKgBFllntACAMf2gAAl5WLU-YRY627.jpg",
			"size":	620888,
			"type":	"jpg"
		}, {
			"user":	"kevin",
			"md5":	"5a44c7ba5bbe4ec867233d67e4806848",
			"time":	"2017-07-13 19:15:37",
			"filename":	"Jellyfish.jpg",
			"share_status":	0,
			"pv":	2,
			"url":	"http://192.168.1.22:80/group1/M00/00/00/wKgBFlloKUmAMTuEAAvWFkcZHjA991.jpg",
			"size":	775702,
			"type":	"jpg"
		}, {
			"user":	"kevin",
			"md5":	"8969288f4245120e7c3870287cce0ff3",
			"time":	"2017-07-13 19:34:59",
			"filename":	"Lighthouse.jpg",
			"share_status":	0,
			"pv":	0,
			"url":	"http://192.168.1.22:80/group1/M00/00/00/wKgBFlloLdOAflK_AAiQfKHDaaQ133.jpg",
			"size":	561276,
			"type":	"jpg"
		}, {
			"user":	"kevin",
			"md5":	"bdf3bf1da3405725be763540d6601144",
			"time":	"2017-07-14 06:41:50",
			"filename":	"Hydrangeas.jpg",
			"share_status":	0,
			"pv":	0,
			"url":	"http://192.168.1.22:80/group1/M00/00/00/wKgBFllnrUKAQ2gMAAkVVGMybN8017.jpg",
			"size":	595284,
			"type":	"jpg"
		}, {
			"user":	"kevin",
			"md5":	"2b04df3ecc1d94afddff082d139c6f15",
			"time":	"2017-07-14 06:41:52",
			"filename":	"Koala.jpg",
			"share_status":	0,
			"pv":	0,
			"url":	"http://192.168.1.22:80/group1/M00/00/00/wKgBFlloyiCAG7KuAAvqH_kipG8977.jpg",
			"size":	780831,
			"type":	"jpg"
		}]
}
[2017-07-14 07:50:23]--[src_cgi/myfiles_cgi.c:496]--cmd = count
[2017-07-14 07:50:23]--[src_cgi/myfiles_cgi.c:528]--buf = {
    "token": "c0aa433ac788d6011b53707f8553fbae",
    "user": "kevin"
}

[2017-07-14 07:50:23]--[src_cgi/myfiles_cgi.c:176]--line = 9
[2017-07-14 07:50:23]--[src_cgi/myfiles_cgi.c:496]--cmd = normal
[2017-07-14 07:50:23]--[src_cgi/myfiles_cgi.c:528]--buf = {
    "count": 9,
    "start": 0,
    "token": "c0aa433ac788d6011b53707f8553fbae",
    "user": "kevin"
}

[2017-07-14 07:50:23]--[src_cgi/myfiles_cgi.c:548]--user = kevin, token = c0aa433ac788d6011b53707f8553fbae, start = 0, count = 9
[2017-07-14 07:50:23]--[src_cgi/myfiles_cgi.c:306]--select user_file_list.*, file_info.url, file_info.size, file_info.type from file_info, user_file_list where user = 'kevin' and file_info.md5 = user_file_list.md5 limit 0, 9 在操作
[2017-07-14 07:50:23]--[src_cgi/myfiles_cgi.c:428]--{
	"files":	[{
			"user":	"kevin",
			"md5":	"e5c452a06e06da6edbdd9c0e27f9fe8a",
			"time":	"2017-07-12 08:39:05",
			"filename":	"a.png",
			"share_status":	0,
			"pv":	1,
			"url":	"http://192.168.1.22:80/group1/M00/00/00/wKgBFllmQpmAWvTYAADOHLnjxXg240.png",
			"size":	52764,
			"type":	"png"
		}, {
			"user":	"kevin",
			"md5":	"9d377b10ce778c4938b3c7e2c63a229a",
			"time":	"2017-07-13 02:42:14",
			"filename":	"Penguins.jpg",
			"share_status":	1,
			"pv":	4,
			"url":	"http://192.168.1.22:80/group1/M00/00/00/wKgBFllnQHaAfkYpAAvea_OGt2M232.jpg",
			"size":	777835,
			"type":	"jpg"
		}, {
			"user":	"kevin",
			"md5":	"ba45c8f60456a672e003a875e469d0eb",
			"time":	"2017-07-13 10:40:01",
			"filename":	"Desert.jpg",
			"share_status":	1,
			"pv":	1,
			"url":	"http://192.168.1.22:80/group1/M00/00/00/wKgBFllnsHGAG7NzAAzodQCbVVc189.jpg",
			"size":	845941,
			"type":	"jpg"
		}, {
			"user":	"kevin",
			"md5":	"076e3caed758a1c18c91a0e9cae3368f",
			"time":	"2017-07-13 10:40:58",
			"filename":	"Chrysanthemum.jpg",
			"share_status":	0,
			"pv":	1,
			"url":	"http://192.168.1.22:80/group1/M00/00/00/wKgBFllnsKqAETniAA1rIuRd3Es197.jpg",
			"size":	879394,
			"type":	"jpg"
		}, {
			"user":	"kevin",
			"md5":	"fafa5efeaf3cbe3b23b2748d13e629a1",
			"time":	"2017-07-13 10:55:12",
			"filename":	"Tulips.jpg",
			"share_status":	0,
			"pv":	0,
			"url":	"http://192.168.1.22:80/group1/M00/00/00/wKgBFllntACAMf2gAAl5WLU-YRY627.jpg",
			"size":	620888,
			"type":	"jpg"
		}, {
			"user":	"kevin",
			"md5":	"5a44c7ba5bbe4ec867233d67e4806848",
			"time":	"2017-07-13 19:15:37",
			"filename":	"Jellyfish.jpg",
			"share_status":	0,
			"pv":	2,
			"url":	"http://192.168.1.22:80/group1/M00/00/00/wKgBFlloKUmAMTuEAAvWFkcZHjA991.jpg",
			"size":	775702,
			"type":	"jpg"
		}, {
			"user":	"kevin",
			"md5":	"8969288f4245120e7c3870287cce0ff3",
			"time":	"2017-07-13 19:34:59",
			"filename":	"Lighthouse.jpg",
			"share_status":	0,
			"pv":	0,
			"url":	"http://192.168.1.22:80/group1/M00/00/00/wKgBFlloLdOAflK_AAiQfKHDaaQ133.jpg",
			"size":	561276,
			"type":	"jpg"
		}, {
			"user":	"kevin",
			"md5":	"bdf3bf1da3405725be763540d6601144",
			"time":	"2017-07-14 06:41:50",
			"filename":	"Hydrangeas.jpg",
			"share_status":	0,
			"pv":	0,
			"url":	"http://192.168.1.22:80/group1/M00/00/00/wKgBFllnrUKAQ2gMAAkVVGMybN8017.jpg",
			"size":	595284,
			"type":	"jpg"
		}, {
			"user":	"kevin",
			"md5":	"2b04df3ecc1d94afddff082d139c6f15",
			"time":	"2017-07-14 06:41:52",
			"filename":	"Koala.jpg",
			"share_status":	0,
			"pv":	0,
			"url":	"http://192.168.1.22:80/group1/M00/00/00/wKgBFlloyiCAG7KuAAvqH_kipG8977.jpg",
			"size":	780831,
			"type":	"jpg"
		}]
}
[2017-07-14 23:13:32]--[src_cgi/myfiles_cgi.c:40]--mysql:[user=root,pwd=root,database=cloud_disk][2017-07-14 23:14:40]--[src_cgi/myfiles_cgi.c:40]--mysql:[user=root,pwd=root,database=cloud_disk][2017-07-14 08:31:10]--[src_cgi/myfiles_cgi.c:496]--cmd = count
[2017-07-14 08:31:10]--[src_cgi/myfiles_cgi.c:528]--buf = {
    "token": "9fcd6ea8ad1035eaa5ea5ced74ee8d48",
    "user": "kevin"
}

[2017-07-14 08:31:10]--[src_cgi/myfiles_cgi.c:176]--line = 9
[2017-07-14 08:31:10]--[src_cgi/myfiles_cgi.c:496]--cmd = normal
[2017-07-14 08:31:10]--[src_cgi/myfiles_cgi.c:528]--buf = {
    "count": 9,
    "start": 0,
    "token": "9fcd6ea8ad1035eaa5ea5ced74ee8d48",
    "user": "kevin"
}

[2017-07-14 08:31:10]--[src_cgi/myfiles_cgi.c:548]--user = kevin, token = 9fcd6ea8ad1035eaa5ea5ced74ee8d48, start = 0, count = 9
[2017-07-14 08:31:10]--[src_cgi/myfiles_cgi.c:306]--select user_file_list.*, file_info.url, file_info.size, file_info.type from file_info, user_file_list where user = 'kevin' and file_info.md5 = user_file_list.md5 limit 0, 9 在操作
[2017-07-14 08:31:10]--[src_cgi/myfiles_cgi.c:428]--{
	"files":	[{
			"user":	"kevin",
			"md5":	"e5c452a06e06da6edbdd9c0e27f9fe8a",
			"time":	"2017-07-12 08:39:05",
			"filename":	"a.png",
			"share_status":	0,
			"pv":	1,
			"url":	"http://192.168.1.22:80/group1/M00/00/00/wKgBFllmQpmAWvTYAADOHLnjxXg240.png",
			"size":	52764,
			"type":	"png"
		}, {
			"user":	"kevin",
			"md5":	"9d377b10ce778c4938b3c7e2c63a229a",
			"time":	"2017-07-13 02:42:14",
			"filename":	"Penguins.jpg",
			"share_status":	1,
			"pv":	4,
			"url":	"http://192.168.1.22:80/group1/M00/00/00/wKgBFllnQHaAfkYpAAvea_OGt2M232.jpg",
			"size":	777835,
			"type":	"jpg"
		}, {
			"user":	"kevin",
			"md5":	"ba45c8f60456a672e003a875e469d0eb",
			"time":	"2017-07-13 10:40:01",
			"filename":	"Desert.jpg",
			"share_status":	1,
			"pv":	1,
			"url":	"http://192.168.1.22:80/group1/M00/00/00/wKgBFllnsHGAG7NzAAzodQCbVVc189.jpg",
			"size":	845941,
			"type":	"jpg"
		}, {
			"user":	"kevin",
			"md5":	"076e3caed758a1c18c91a0e9cae3368f",
			"time":	"2017-07-13 10:40:58",
			"filename":	"Chrysanthemum.jpg",
			"share_status":	0,
			"pv":	1,
			"url":	"http://192.168.1.22:80/group1/M00/00/00/wKgBFllnsKqAETniAA1rIuRd3Es197.jpg",
			"size":	879394,
			"type":	"jpg"
		}, {
			"user":	"kevin",
			"md5":	"fafa5efeaf3cbe3b23b2748d13e629a1",
			"time":	"2017-07-13 10:55:12",
			"filename":	"Tulips.jpg",
			"share_status":	0,
			"pv":	0,
			"url":	"http://192.168.1.22:80/group1/M00/00/00/wKgBFllntACAMf2gAAl5WLU-YRY627.jpg",
			"size":	620888,
			"type":	"jpg"
		}, {
			"user":	"kevin",
			"md5":	"5a44c7ba5bbe4ec867233d67e4806848",
			"time":	"2017-07-13 19:15:37",
			"filename":	"Jellyfish.jpg",
			"share_status":	0,
			"pv":	2,
			"url":	"http://192.168.1.22:80/group1/M00/00/00/wKgBFlloKUmAMTuEAAvWFkcZHjA991.jpg",
			"size":	775702,
			"type":	"jpg"
		}, {
			"user":	"kevin",
			"md5":	"8969288f4245120e7c3870287cce0ff3",
			"time":	"2017-07-13 19:34:59",
			"filename":	"Lighthouse.jpg",
			"share_status":	0,
			"pv":	0,
			"url":	"http://192.168.1.22:80/group1/M00/00/00/wKgBFlloLdOAflK_AAiQfKHDaaQ133.jpg",
			"size":	561276,
			"type":	"jpg"
		}, {
			"user":	"kevin",
			"md5":	"bdf3bf1da3405725be763540d6601144",
			"time":	"2017-07-14 06:41:50",
			"filename":	"Hydrangeas.jpg",
			"share_status":	0,
			"pv":	0,
			"url":	"http://192.168.1.22:80/group1/M00/00/00/wKgBFllnrUKAQ2gMAAkVVGMybN8017.jpg",
			"size":	595284,
			"type":	"jpg"
		}, {
			"user":	"kevin",
			"md5":	"2b04df3ecc1d94afddff082d139c6f15",
			"time":	"2017-07-14 06:41:52",
			"filename":	"Koala.jpg",
			"share_status":	0,
			"pv":	0,
			"url":	"http://192.168.1.22:80/group1/M00/00/00/wKgBFlloyiCAG7KuAAvqH_kipG8977.jpg",
			"size":	780831,
			"type":	"jpg"
		}]
}
[2017-07-14 08:42:31]--[src_cgi/myfiles_cgi.c:496]--cmd = count
[2017-07-14 08:42:31]--[src_cgi/myfiles_cgi.c:528]--buf = {
    "token": "4436c675f9e117cb0e15df47772238dc",
    "user": "kevin"
}

[2017-07-14 08:42:31]--[src_cgi/myfiles_cgi.c:176]--line = 9
[2017-07-14 08:42:32]--[src_cgi/myfiles_cgi.c:496]--cmd = normal
[2017-07-14 08:42:32]--[src_cgi/myfiles_cgi.c:528]--buf = {
    "count": 9,
    "start": 0,
    "token": "4436c675f9e117cb0e15df47772238dc",
    "user": "kevin"
}

[2017-07-14 08:42:32]--[src_cgi/myfiles_cgi.c:548]--user = kevin, token = 4436c675f9e117cb0e15df47772238dc, start = 0, count = 9
[2017-07-14 08:42:32]--[src_cgi/myfiles_cgi.c:306]--select user_file_list.*, file_info.url, file_info.size, file_info.type from file_info, user_file_list where user = 'kevin' and file_info.md5 = user_file_list.md5 limit 0, 9 在操作
[2017-07-14 08:42:32]--[src_cgi/myfiles_cgi.c:428]--{
	"files":	[{
			"user":	"kevin",
			"md5":	"e5c452a06e06da6edbdd9c0e27f9fe8a",
			"time":	"2017-07-12 08:39:05",
			"filename":	"a.png",
			"share_status":	0,
			"pv":	1,
			"url":	"http://192.168.1.22:80/group1/M00/00/00/wKgBFllmQpmAWvTYAADOHLnjxXg240.png",
			"size":	52764,
			"type":	"png"
		}, {
			"user":	"kevin",
			"md5":	"9d377b10ce778c4938b3c7e2c63a229a",
			"time":	"2017-07-13 02:42:14",
			"filename":	"Penguins.jpg",
			"share_status":	1,
			"pv":	4,
			"url":	"http://192.168.1.22:80/group1/M00/00/00/wKgBFllnQHaAfkYpAAvea_OGt2M232.jpg",
			"size":	777835,
			"type":	"jpg"
		}, {
			"user":	"kevin",
			"md5":	"ba45c8f60456a672e003a875e469d0eb",
			"time":	"2017-07-13 10:40:01",
			"filename":	"Desert.jpg",
			"share_status":	1,
			"pv":	1,
			"url":	"http://192.168.1.22:80/group1/M00/00/00/wKgBFllnsHGAG7NzAAzodQCbVVc189.jpg",
			"size":	845941,
			"type":	"jpg"
		}, {
			"user":	"kevin",
			"md5":	"076e3caed758a1c18c91a0e9cae3368f",
			"time":	"2017-07-13 10:40:58",
			"filename":	"Chrysanthemum.jpg",
			"share_status":	0,
			"pv":	1,
			"url":	"http://192.168.1.22:80/group1/M00/00/00/wKgBFllnsKqAETniAA1rIuRd3Es197.jpg",
			"size":	879394,
			"type":	"jpg"
		}, {
			"user":	"kevin",
			"md5":	"fafa5efeaf3cbe3b23b2748d13e629a1",
			"time":	"2017-07-13 10:55:12",
			"filename":	"Tulips.jpg",
			"share_status":	0,
			"pv":	0,
			"url":	"http://192.168.1.22:80/group1/M00/00/00/wKgBFllntACAMf2gAAl5WLU-YRY627.jpg",
			"size":	620888,
			"type":	"jpg"
		}, {
			"user":	"kevin",
			"md5":	"5a44c7ba5bbe4ec867233d67e4806848",
			"time":	"2017-07-13 19:15:37",
			"filename":	"Jellyfish.jpg",
			"share_status":	0,
			"pv":	2,
			"url":	"http://192.168.1.22:80/group1/M00/00/00/wKgBFlloKUmAMTuEAAvWFkcZHjA991.jpg",
			"size":	775702,
			"type":	"jpg"
		}, {
			"user":	"kevin",
			"md5":	"8969288f4245120e7c3870287cce0ff3",
			"time":	"2017-07-13 19:34:59",
			"filename":	"Lighthouse.jpg",
			"share_status":	0,
			"pv":	0,
			"url":	"http://192.168.1.22:80/group1/M00/00/00/wKgBFlloLdOAflK_AAiQfKHDaaQ133.jpg",
			"size":	561276,
			"type":	"jpg"
		}, {
			"user":	"kevin",
			"md5":	"bdf3bf1da3405725be763540d6601144",
			"time":	"2017-07-14 06:41:50",
			"filename":	"Hydrangeas.jpg",
			"share_status":	0,
			"pv":	0,
			"url":	"http://192.168.1.22:80/group1/M00/00/00/wKgBFllnrUKAQ2gMAAkVVGMybN8017.jpg",
			"size":	595284,
			"type":	"jpg"
		}, {
			"user":	"kevin",
			"md5":	"2b04df3ecc1d94afddff082d139c6f15",
			"time":	"2017-07-14 06:41:52",
			"filename":	"Koala.jpg",
			"share_status":	0,
			"pv":	0,
			"url":	"http://192.168.1.22:80/group1/M00/00/00/wKgBFlloyiCAG7KuAAvqH_kipG8977.jpg",
			"size":	780831,
			"type":	"jpg"
		}]
}
