[2017-07-11 17:01:18]--[src_cgi/sharefiles_cgi.c:598]--cmd = count
[2017-07-11 17:01:18]--[src_cgi/sharefiles_cgi.c:85]--line = 1
[2017-07-11 17:01:19]--[src_cgi/sharefiles_cgi.c:598]--cmd = pvdesc
[2017-07-11 17:01:19]--[src_cgi/sharefiles_cgi.c:636]--buf = {
    "count": 1,
    "start": 0
}

[2017-07-11 17:01:19]--[src_cgi/sharefiles_cgi.c:645]--start = 0, count = 1
[2017-07-11 17:01:19]--[src_cgi/sharefiles_cgi.c:399]--sql_num = 1, redis_num = 0
[2017-07-11 17:01:19]--[src_cgi/sharefiles_cgi.c:413]--select md5, filename, pv from share_file_list order by pv desc 在操作
[2017-07-11 17:01:19]--[src_cgi/sharefiles_cgi.c:529]--{
	"files":	[{
			"filename":	"Makefile",
			"pv":	1
		}]
}
[2017-07-11 17:01:24]--[src_cgi/sharefiles_cgi.c:598]--cmd = count
[2017-07-11 17:01:24]--[src_cgi/sharefiles_cgi.c:85]--line = 1
[2017-07-11 17:01:25]--[src_cgi/sharefiles_cgi.c:598]--cmd = normal
[2017-07-11 17:01:25]--[src_cgi/sharefiles_cgi.c:636]--buf = {
    "count": 1,
    "start": 0
}

[2017-07-11 17:01:25]--[src_cgi/sharefiles_cgi.c:645]--start = 0, count = 1
[2017-07-11 17:01:25]--[src_cgi/sharefiles_cgi.c:172]--select share_file_list.*, file_info.url, file_info.size, file_info.type from file_info, share_file_list where file_info.md5 = share_file_list.md5 limit 0, 1 在操作
[2017-07-11 17:01:25]--[src_cgi/sharefiles_cgi.c:292]--{
	"files":	[{
			"user":	"apple",
			"md5":	"47e01c4f370a9383320eee9193251e54",
			"time":	"2017-07-11 09:11:41",
			"filename":	"Makefile",
			"share_status":	1,
			"pv":	1,
			"url":	"http://192.168.1.22:80/group1/M00/00/00/wKgBFllk-BeAZTm4AABnm9LNgrI4534872",
			"size":	26523,
			"type":	"null"
		}]
}
[2017-07-11 17:01:25]--[src_cgi/sharefiles_cgi.c:598]--cmd = count
[2017-07-11 17:01:25]--[src_cgi/sharefiles_cgi.c:85]--line = 1
[2017-07-11 17:01:25]--[src_cgi/sharefiles_cgi.c:598]--cmd = pvdesc
[2017-07-11 17:01:25]--[src_cgi/sharefiles_cgi.c:636]--buf = {
    "count": 1,
    "start": 0
}

[2017-07-11 17:01:25]--[src_cgi/sharefiles_cgi.c:645]--start = 0, count = 1
[2017-07-11 17:01:25]--[src_cgi/sharefiles_cgi.c:399]--sql_num = 1, redis_num = 1
[2017-07-11 17:01:25]--[src_cgi/sharefiles_cgi.c:529]--{
	"files":	[{
			"filename":	"Makefile",
			"pv":	1
		}]
}
[2017-07-11 17:01:27]--[src_cgi/sharefiles_cgi.c:598]--cmd = count
[2017-07-11 17:01:27]--[src_cgi/sharefiles_cgi.c:85]--line = 1
[2017-07-11 17:01:27]--[src_cgi/sharefiles_cgi.c:598]--cmd = normal
[2017-07-11 17:01:27]--[src_cgi/sharefiles_cgi.c:636]--buf = {
    "count": 1,
    "start": 0
}

[2017-07-11 17:01:27]--[src_cgi/sharefiles_cgi.c:645]--start = 0, count = 1
[2017-07-11 17:01:27]--[src_cgi/sharefiles_cgi.c:172]--select share_file_list.*, file_info.url, file_info.size, file_info.type from file_info, share_file_list where file_info.md5 = share_file_list.md5 limit 0, 1 在操作
[2017-07-11 17:01:27]--[src_cgi/sharefiles_cgi.c:292]--{
	"files":	[{
			"user":	"apple",
			"md5":	"47e01c4f370a9383320eee9193251e54",
			"time":	"2017-07-11 09:11:41",
			"filename":	"Makefile",
			"share_status":	1,
			"pv":	1,
			"url":	"http://192.168.1.22:80/group1/M00/00/00/wKgBFllk-BeAZTm4AABnm9LNgrI4534872",
			"size":	26523,
			"type":	"null"
		}]
}
[2017-07-11 17:02:09]--[src_cgi/sharefiles_cgi.c:598]--cmd = count
[2017-07-11 17:02:09]--[src_cgi/sharefiles_cgi.c:85]--line = 1
[2017-07-11 17:02:09]--[src_cgi/sharefiles_cgi.c:598]--cmd = pvdesc
[2017-07-11 17:02:09]--[src_cgi/sharefiles_cgi.c:636]--buf = {
    "count": 1,
    "start": 0
}

[2017-07-11 17:02:09]--[src_cgi/sharefiles_cgi.c:645]--start = 0, count = 1
[2017-07-11 17:02:09]--[src_cgi/sharefiles_cgi.c:399]--sql_num = 1, redis_num = 1
[2017-07-11 17:02:09]--[src_cgi/sharefiles_cgi.c:529]--{
	"files":	[{
			"filename":	"Makefile",
			"pv":	1
		}]
}
