[2017-07-13 17:35:52]--[src_cgi/sharefiles_cgi.c:42]--mysql:[user=root,pwd=root,database=cloud_disk][2017-07-13 17:35:52]--[src_cgi/sharefiles_cgi.c:47]--redis:[ip=127.0.0.1,port=6379]
[2017-07-13 17:41:01]--[src_cgi/sharefiles_cgi.c:42]--mysql:[user=root,pwd=root,database=cloud_disk][2017-07-13 17:41:01]--[src_cgi/sharefiles_cgi.c:47]--redis:[ip=127.0.0.1,port=6379]
[2017-07-13 08:57:59]--[src_cgi/sharefiles_cgi.c:598]--cmd = count
[2017-07-13 08:57:59]--[src_cgi/sharefiles_cgi.c:85]--line = 2
[2017-07-13 08:57:59]--[src_cgi/sharefiles_cgi.c:598]--cmd = normal
[2017-07-13 08:57:59]--[src_cgi/sharefiles_cgi.c:636]--buf = {
    "count": 2,
    "start": 0
}

[2017-07-13 08:57:59]--[src_cgi/sharefiles_cgi.c:645]--start = 0, count = 2
[2017-07-13 08:57:59]--[src_cgi/sharefiles_cgi.c:172]--select share_file_list.*, file_info.url, file_info.size, file_info.type from file_info, share_file_list where file_info.md5 = share_file_list.md5 limit 0, 2 在操作
[2017-07-13 08:57:59]--[src_cgi/sharefiles_cgi.c:292]--{
	"files":	[{
			"user":	"apple",
			"md5":	"47e01c4f370a9383320eee9193251e54",
			"time":	"2017-07-11 09:11:41",
			"filename":	"Makefile",
			"share_status":	1,
			"pv":	1,
			"url":	"http://192.168.1.22:80/group1/M00/00/00/wKgBFllk-BeAZTm4AABnm9LNgrI4534872",
			"size":	26523,
			"type":	"null"
		}, {
			"user":	"kevin",
			"md5":	"9d377b10ce778c4938b3c7e2c63a229a",
			"time":	"2017-07-13 08:57:54",
			"filename":	"Penguins.jpg",
			"share_status":	1,
			"pv":	0,
			"url":	"http://192.168.1.22:80/group1/M00/00/00/wKgBFllnQHaAfkYpAAvea_OGt2M232.jpg",
			"size":	777835,
			"type":	"jpg"
		}]
}
[2017-07-13 08:58:14]--[src_cgi/sharefiles_cgi.c:598]--cmd = count
[2017-07-13 08:58:14]--[src_cgi/sharefiles_cgi.c:85]--line = 3
[2017-07-13 08:58:14]--[src_cgi/sharefiles_cgi.c:598]--cmd = normal
[2017-07-13 08:58:14]--[src_cgi/sharefiles_cgi.c:636]--buf = {
    "count": 3,
    "start": 0
}

[2017-07-13 08:58:14]--[src_cgi/sharefiles_cgi.c:645]--start = 0, count = 3
[2017-07-13 08:58:14]--[src_cgi/sharefiles_cgi.c:172]--select share_file_list.*, file_info.url, file_info.size, file_info.type from file_info, share_file_list where file_info.md5 = share_file_list.md5 limit 0, 3 在操作
[2017-07-13 08:58:14]--[src_cgi/sharefiles_cgi.c:292]--{
	"files":	[{
			"user":	"apple",
			"md5":	"47e01c4f370a9383320eee9193251e54",
			"time":	"2017-07-11 09:11:41",
			"filename":	"Makefile",
			"share_status":	1,
			"pv":	1,
			"url":	"http://192.168.1.22:80/group1/M00/00/00/wKgBFllk-BeAZTm4AABnm9LNgrI4534872",
			"size":	26523,
			"type":	"null"
		}, {
			"user":	"kevin",
			"md5":	"9d377b10ce778c4938b3c7e2c63a229a",
			"time":	"2017-07-13 08:57:54",
			"filename":	"Penguins.jpg",
			"share_status":	1,
			"pv":	0,
			"url":	"http://192.168.1.22:80/group1/M00/00/00/wKgBFllnQHaAfkYpAAvea_OGt2M232.jpg",
			"size":	777835,
			"type":	"jpg"
		}, {
			"user":	"kevin",
			"md5":	"e5c452a06e06da6edbdd9c0e27f9fe8a",
			"time":	"2017-07-13 08:58:08",
			"filename":	"a.png",
			"share_status":	1,
			"pv":	0,
			"url":	"http://192.168.1.22:80/group1/M00/00/00/wKgBFllmQpmAWvTYAADOHLnjxXg240.png",
			"size":	52764,
			"type":	"png"
		}]
}
[2017-07-13 08:59:30]--[src_cgi/sharefiles_cgi.c:598]--cmd = count
[2017-07-13 08:59:30]--[src_cgi/sharefiles_cgi.c:85]--line = 2
[2017-07-13 08:59:30]--[src_cgi/sharefiles_cgi.c:598]--cmd = normal
[2017-07-13 08:59:30]--[src_cgi/sharefiles_cgi.c:636]--buf = {
    "count": 2,
    "start": 0
}

[2017-07-13 08:59:30]--[src_cgi/sharefiles_cgi.c:645]--start = 0, count = 2
[2017-07-13 08:59:30]--[src_cgi/sharefiles_cgi.c:172]--select share_file_list.*, file_info.url, file_info.size, file_info.type from file_info, share_file_list where file_info.md5 = share_file_list.md5 limit 0, 2 在操作
[2017-07-13 08:59:30]--[src_cgi/sharefiles_cgi.c:292]--{
	"files":	[{
			"user":	"apple",
			"md5":	"47e01c4f370a9383320eee9193251e54",
			"time":	"2017-07-11 09:11:41",
			"filename":	"Makefile",
			"share_status":	1,
			"pv":	1,
			"url":	"http://192.168.1.22:80/group1/M00/00/00/wKgBFllk-BeAZTm4AABnm9LNgrI4534872",
			"size":	26523,
			"type":	"null"
		}, {
			"user":	"kevin",
			"md5":	"9d377b10ce778c4938b3c7e2c63a229a",
			"time":	"2017-07-13 08:57:54",
			"filename":	"Penguins.jpg",
			"share_status":	1,
			"pv":	0,
			"url":	"http://192.168.1.22:80/group1/M00/00/00/wKgBFllnQHaAfkYpAAvea_OGt2M232.jpg",
			"size":	777835,
			"type":	"jpg"
		}]
}
[2017-07-13 10:24:54]--[src_cgi/sharefiles_cgi.c:598]--cmd = count
[2017-07-13 10:24:54]--[src_cgi/sharefiles_cgi.c:85]--line = 2
[2017-07-13 10:24:54]--[src_cgi/sharefiles_cgi.c:598]--cmd = normal
[2017-07-13 10:24:54]--[src_cgi/sharefiles_cgi.c:636]--buf = {
    "count": 2,
    "start": 0
}

[2017-07-13 10:24:54]--[src_cgi/sharefiles_cgi.c:645]--start = 0, count = 2
[2017-07-13 10:24:54]--[src_cgi/sharefiles_cgi.c:172]--select share_file_list.*, file_info.url, file_info.size, file_info.type from file_info, share_file_list where file_info.md5 = share_file_list.md5 limit 0, 2 在操作
[2017-07-13 10:24:54]--[src_cgi/sharefiles_cgi.c:292]--{
	"files":	[{
			"user":	"apple",
			"md5":	"47e01c4f370a9383320eee9193251e54",
			"time":	"2017-07-11 09:11:41",
			"filename":	"Makefile",
			"share_status":	1,
			"pv":	1,
			"url":	"http://192.168.1.22:80/group1/M00/00/00/wKgBFllk-BeAZTm4AABnm9LNgrI4534872",
			"size":	26523,
			"type":	"null"
		}, {
			"user":	"kevin",
			"md5":	"9d377b10ce778c4938b3c7e2c63a229a",
			"time":	"2017-07-13 08:57:54",
			"filename":	"Penguins.jpg",
			"share_status":	1,
			"pv":	0,
			"url":	"http://192.168.1.22:80/group1/M00/00/00/wKgBFllnQHaAfkYpAAvea_OGt2M232.jpg",
			"size":	777835,
			"type":	"jpg"
		}]
}
[2017-07-13 10:24:56]--[src_cgi/sharefiles_cgi.c:598]--cmd = count
[2017-07-13 10:24:56]--[src_cgi/sharefiles_cgi.c:85]--line = 2
[2017-07-13 10:24:56]--[src_cgi/sharefiles_cgi.c:598]--cmd = pvdesc
[2017-07-13 10:24:56]--[src_cgi/sharefiles_cgi.c:636]--buf = {
    "count": 2,
    "start": 0
}

[2017-07-13 10:24:56]--[src_cgi/sharefiles_cgi.c:645]--start = 0, count = 2
[2017-07-13 10:24:56]--[src_cgi/sharefiles_cgi.c:399]--sql_num = 2, redis_num = 2
[2017-07-13 10:24:56]--[src_cgi/sharefiles_cgi.c:529]--{
	"files":	[{
			"filename":	"Makefile",
			"pv":	1
		}, {
			"filename":	"Penguins.jpg",
			"pv":	0
		}]
}
[2017-07-13 10:24:57]--[src_cgi/sharefiles_cgi.c:598]--cmd = count
[2017-07-13 10:24:57]--[src_cgi/sharefiles_cgi.c:85]--line = 2
[2017-07-13 10:24:57]--[src_cgi/sharefiles_cgi.c:598]--cmd = normal
[2017-07-13 10:24:57]--[src_cgi/sharefiles_cgi.c:636]--buf = {
    "count": 2,
    "start": 0
}

[2017-07-13 10:24:57]--[src_cgi/sharefiles_cgi.c:645]--start = 0, count = 2
[2017-07-13 10:24:57]--[src_cgi/sharefiles_cgi.c:172]--select share_file_list.*, file_info.url, file_info.size, file_info.type from file_info, share_file_list where file_info.md5 = share_file_list.md5 limit 0, 2 在操作
[2017-07-13 10:24:57]--[src_cgi/sharefiles_cgi.c:292]--{
	"files":	[{
			"user":	"apple",
			"md5":	"47e01c4f370a9383320eee9193251e54",
			"time":	"2017-07-11 09:11:41",
			"filename":	"Makefile",
			"share_status":	1,
			"pv":	1,
			"url":	"http://192.168.1.22:80/group1/M00/00/00/wKgBFllk-BeAZTm4AABnm9LNgrI4534872",
			"size":	26523,
			"type":	"null"
		}, {
			"user":	"kevin",
			"md5":	"9d377b10ce778c4938b3c7e2c63a229a",
			"time":	"2017-07-13 08:57:54",
			"filename":	"Penguins.jpg",
			"share_status":	1,
			"pv":	0,
			"url":	"http://192.168.1.22:80/group1/M00/00/00/wKgBFllnQHaAfkYpAAvea_OGt2M232.jpg",
			"size":	777835,
			"type":	"jpg"
		}]
}
[2017-07-13 10:25:02]--[src_cgi/sharefiles_cgi.c:598]--cmd = count
[2017-07-13 10:25:02]--[src_cgi/sharefiles_cgi.c:85]--line = 2
[2017-07-13 10:25:02]--[src_cgi/sharefiles_cgi.c:598]--cmd = pvdesc
[2017-07-13 10:25:02]--[src_cgi/sharefiles_cgi.c:636]--buf = {
    "count": 2,
    "start": 0
}

[2017-07-13 10:25:02]--[src_cgi/sharefiles_cgi.c:645]--start = 0, count = 2
[2017-07-13 10:25:02]--[src_cgi/sharefiles_cgi.c:399]--sql_num = 2, redis_num = 2
[2017-07-13 10:25:02]--[src_cgi/sharefiles_cgi.c:529]--{
	"files":	[{
			"filename":	"Makefile",
			"pv":	1
		}, {
			"filename":	"Penguins.jpg",
			"pv":	0
		}]
}
[2017-07-13 10:25:36]--[src_cgi/sharefiles_cgi.c:598]--cmd = count
[2017-07-13 10:25:36]--[src_cgi/sharefiles_cgi.c:85]--line = 2
[2017-07-13 10:25:37]--[src_cgi/sharefiles_cgi.c:598]--cmd = pvdesc
[2017-07-13 10:25:37]--[src_cgi/sharefiles_cgi.c:636]--buf = {
    "count": 2,
    "start": 0
}

[2017-07-13 10:25:37]--[src_cgi/sharefiles_cgi.c:645]--start = 0, count = 2
[2017-07-13 10:25:37]--[src_cgi/sharefiles_cgi.c:399]--sql_num = 2, redis_num = 2
[2017-07-13 10:25:37]--[src_cgi/sharefiles_cgi.c:529]--{
	"files":	[{
			"filename":	"Makefile",
			"pv":	1
		}, {
			"filename":	"Penguins.jpg",
			"pv":	0
		}]
}
[2017-07-13 10:25:58]--[src_cgi/sharefiles_cgi.c:598]--cmd = count
[2017-07-13 10:25:58]--[src_cgi/sharefiles_cgi.c:85]--line = 2
[2017-07-13 10:25:58]--[src_cgi/sharefiles_cgi.c:598]--cmd = pvdesc
[2017-07-13 10:25:58]--[src_cgi/sharefiles_cgi.c:636]--buf = {
    "count": 2,
    "start": 0
}

[2017-07-13 10:25:58]--[src_cgi/sharefiles_cgi.c:645]--start = 0, count = 2
[2017-07-13 10:25:58]--[src_cgi/sharefiles_cgi.c:399]--sql_num = 2, redis_num = 2
[2017-07-13 10:25:58]--[src_cgi/sharefiles_cgi.c:529]--{
	"files":	[{
			"filename":	"Makefile",
			"pv":	1
		}, {
			"filename":	"Penguins.jpg",
			"pv":	0
		}]
}
[2017-07-13 10:26:45]--[src_cgi/sharefiles_cgi.c:598]--cmd = count
[2017-07-13 10:26:45]--[src_cgi/sharefiles_cgi.c:85]--line = 2
[2017-07-13 10:26:45]--[src_cgi/sharefiles_cgi.c:598]--cmd = pvdesc
[2017-07-13 10:26:45]--[src_cgi/sharefiles_cgi.c:636]--buf = {
    "count": 2,
    "start": 0
}

[2017-07-13 10:26:45]--[src_cgi/sharefiles_cgi.c:645]--start = 0, count = 2
[2017-07-13 10:26:45]--[src_cgi/sharefiles_cgi.c:399]--sql_num = 2, redis_num = 2
[2017-07-13 10:26:45]--[src_cgi/sharefiles_cgi.c:529]--{
	"files":	[{
			"filename":	"Makefile",
			"pv":	1
		}, {
			"filename":	"Penguins.jpg",
			"pv":	0
		}]
}
[2017-07-13 10:27:59]--[src_cgi/sharefiles_cgi.c:598]--cmd = count
[2017-07-13 10:27:59]--[src_cgi/sharefiles_cgi.c:85]--line = 2
[2017-07-13 10:27:59]--[src_cgi/sharefiles_cgi.c:598]--cmd = normal
[2017-07-13 10:27:59]--[src_cgi/sharefiles_cgi.c:636]--buf = {
    "count": 2,
    "start": 0
}

[2017-07-13 10:27:59]--[src_cgi/sharefiles_cgi.c:645]--start = 0, count = 2
[2017-07-13 10:27:59]--[src_cgi/sharefiles_cgi.c:172]--select share_file_list.*, file_info.url, file_info.size, file_info.type from file_info, share_file_list where file_info.md5 = share_file_list.md5 limit 0, 2 在操作
[2017-07-13 10:27:59]--[src_cgi/sharefiles_cgi.c:292]--{
	"files":	[{
			"user":	"apple",
			"md5":	"47e01c4f370a9383320eee9193251e54",
			"time":	"2017-07-11 09:11:41",
			"filename":	"Makefile",
			"share_status":	1,
			"pv":	1,
			"url":	"http://192.168.1.22:80/group1/M00/00/00/wKgBFllk-BeAZTm4AABnm9LNgrI4534872",
			"size":	26523,
			"type":	"null"
		}, {
			"user":	"kevin",
			"md5":	"9d377b10ce778c4938b3c7e2c63a229a",
			"time":	"2017-07-13 08:57:54",
			"filename":	"Penguins.jpg",
			"share_status":	1,
			"pv":	0,
			"url":	"http://192.168.1.22:80/group1/M00/00/00/wKgBFllnQHaAfkYpAAvea_OGt2M232.jpg",
			"size":	777835,
			"type":	"jpg"
		}]
}
[2017-07-13 10:30:58]--[src_cgi/sharefiles_cgi.c:598]--cmd = count
[2017-07-13 10:30:58]--[src_cgi/sharefiles_cgi.c:85]--line = 2
[2017-07-13 10:30:58]--[src_cgi/sharefiles_cgi.c:598]--cmd = normal
[2017-07-13 10:30:58]--[src_cgi/sharefiles_cgi.c:636]--buf = {
    "count": 2,
    "start": 0
}

[2017-07-13 10:30:58]--[src_cgi/sharefiles_cgi.c:645]--start = 0, count = 2
[2017-07-13 10:30:58]--[src_cgi/sharefiles_cgi.c:172]--select share_file_list.*, file_info.url, file_info.size, file_info.type from file_info, share_file_list where file_info.md5 = share_file_list.md5 limit 0, 2 在操作
[2017-07-13 10:30:58]--[src_cgi/sharefiles_cgi.c:292]--{
	"files":	[{
			"user":	"apple",
			"md5":	"47e01c4f370a9383320eee9193251e54",
			"time":	"2017-07-11 09:11:41",
			"filename":	"Makefile",
			"share_status":	1,
			"pv":	2,
			"url":	"http://192.168.1.22:80/group1/M00/00/00/wKgBFllk-BeAZTm4AABnm9LNgrI4534872",
			"size":	26523,
			"type":	"null"
		}, {
			"user":	"kevin",
			"md5":	"9d377b10ce778c4938b3c7e2c63a229a",
			"time":	"2017-07-13 08:57:54",
			"filename":	"Penguins.jpg",
			"share_status":	1,
			"pv":	1,
			"url":	"http://192.168.1.22:80/group1/M00/00/00/wKgBFllnQHaAfkYpAAvea_OGt2M232.jpg",
			"size":	777835,
			"type":	"jpg"
		}]
}
[2017-07-13 10:31:01]--[src_cgi/sharefiles_cgi.c:598]--cmd = count
[2017-07-13 10:31:01]--[src_cgi/sharefiles_cgi.c:85]--line = 2
[2017-07-13 10:31:01]--[src_cgi/sharefiles_cgi.c:598]--cmd = normal
[2017-07-13 10:31:01]--[src_cgi/sharefiles_cgi.c:636]--buf = {
    "count": 2,
    "start": 0
}

[2017-07-13 10:31:01]--[src_cgi/sharefiles_cgi.c:645]--start = 0, count = 2
[2017-07-13 10:31:01]--[src_cgi/sharefiles_cgi.c:172]--select share_file_list.*, file_info.url, file_info.size, file_info.type from file_info, share_file_list where file_info.md5 = share_file_list.md5 limit 0, 2 在操作
[2017-07-13 10:31:01]--[src_cgi/sharefiles_cgi.c:292]--{
	"files":	[{
			"user":	"apple",
			"md5":	"47e01c4f370a9383320eee9193251e54",
			"time":	"2017-07-11 09:11:41",
			"filename":	"Makefile",
			"share_status":	1,
			"pv":	2,
			"url":	"http://192.168.1.22:80/group1/M00/00/00/wKgBFllk-BeAZTm4AABnm9LNgrI4534872",
			"size":	26523,
			"type":	"null"
		}, {
			"user":	"kevin",
			"md5":	"9d377b10ce778c4938b3c7e2c63a229a",
			"time":	"2017-07-13 08:57:54",
			"filename":	"Penguins.jpg",
			"share_status":	1,
			"pv":	1,
			"url":	"http://192.168.1.22:80/group1/M00/00/00/wKgBFllnQHaAfkYpAAvea_OGt2M232.jpg",
			"size":	777835,
			"type":	"jpg"
		}]
}
[2017-07-13 10:31:03]--[src_cgi/sharefiles_cgi.c:598]--cmd = count
[2017-07-13 10:31:03]--[src_cgi/sharefiles_cgi.c:85]--line = 2
[2017-07-13 10:31:03]--[src_cgi/sharefiles_cgi.c:598]--cmd = normal
[2017-07-13 10:31:03]--[src_cgi/sharefiles_cgi.c:636]--buf = {
    "count": 2,
    "start": 0
}

[2017-07-13 10:31:03]--[src_cgi/sharefiles_cgi.c:645]--start = 0, count = 2
[2017-07-13 10:31:03]--[src_cgi/sharefiles_cgi.c:172]--select share_file_list.*, file_info.url, file_info.size, file_info.type from file_info, share_file_list where file_info.md5 = share_file_list.md5 limit 0, 2 在操作
[2017-07-13 10:31:03]--[src_cgi/sharefiles_cgi.c:292]--{
	"files":	[{
			"user":	"apple",
			"md5":	"47e01c4f370a9383320eee9193251e54",
			"time":	"2017-07-11 09:11:41",
			"filename":	"Makefile",
			"share_status":	1,
			"pv":	2,
			"url":	"http://192.168.1.22:80/group1/M00/00/00/wKgBFllk-BeAZTm4AABnm9LNgrI4534872",
			"size":	26523,
			"type":	"null"
		}, {
			"user":	"kevin",
			"md5":	"9d377b10ce778c4938b3c7e2c63a229a",
			"time":	"2017-07-13 08:57:54",
			"filename":	"Penguins.jpg",
			"share_status":	1,
			"pv":	1,
			"url":	"http://192.168.1.22:80/group1/M00/00/00/wKgBFllnQHaAfkYpAAvea_OGt2M232.jpg",
			"size":	777835,
			"type":	"jpg"
		}]
}
[2017-07-13 10:31:04]--[src_cgi/sharefiles_cgi.c:598]--cmd = count
[2017-07-13 10:31:04]--[src_cgi/sharefiles_cgi.c:85]--line = 2
[2017-07-13 10:31:04]--[src_cgi/sharefiles_cgi.c:598]--cmd = pvdesc
[2017-07-13 10:31:04]--[src_cgi/sharefiles_cgi.c:636]--buf = {
    "count": 2,
    "start": 0
}

[2017-07-13 10:31:04]--[src_cgi/sharefiles_cgi.c:645]--start = 0, count = 2
[2017-07-13 10:31:04]--[src_cgi/sharefiles_cgi.c:399]--sql_num = 2, redis_num = 2
[2017-07-13 10:31:04]--[src_cgi/sharefiles_cgi.c:529]--{
	"files":	[{
			"filename":	"Makefile",
			"pv":	2
		}, {
			"filename":	"Penguins.jpg",
			"pv":	1
		}]
}
[2017-07-13 10:56:02]--[src_cgi/sharefiles_cgi.c:598]--cmd = count
[2017-07-13 10:56:02]--[src_cgi/sharefiles_cgi.c:85]--line = 3
[2017-07-13 10:56:02]--[src_cgi/sharefiles_cgi.c:598]--cmd = normal
[2017-07-13 10:56:02]--[src_cgi/sharefiles_cgi.c:636]--buf = {
    "count": 3,
    "start": 0
}

[2017-07-13 10:56:02]--[src_cgi/sharefiles_cgi.c:645]--start = 0, count = 3
[2017-07-13 10:56:02]--[src_cgi/sharefiles_cgi.c:172]--select share_file_list.*, file_info.url, file_info.size, file_info.type from file_info, share_file_list where file_info.md5 = share_file_list.md5 limit 0, 3 在操作
[2017-07-13 10:56:02]--[src_cgi/sharefiles_cgi.c:292]--{
	"files":	[{
			"user":	"apple",
			"md5":	"47e01c4f370a9383320eee9193251e54",
			"time":	"2017-07-11 09:11:41",
			"filename":	"Makefile",
			"share_status":	1,
			"pv":	2,
			"url":	"http://192.168.1.22:80/group1/M00/00/00/wKgBFllk-BeAZTm4AABnm9LNgrI4534872",
			"size":	26523,
			"type":	"null"
		}, {
			"user":	"kevin",
			"md5":	"9d377b10ce778c4938b3c7e2c63a229a",
			"time":	"2017-07-13 08:57:54",
			"filename":	"Penguins.jpg",
			"share_status":	1,
			"pv":	1,
			"url":	"http://192.168.1.22:80/group1/M00/00/00/wKgBFllnQHaAfkYpAAvea_OGt2M232.jpg",
			"size":	777835,
			"type":	"jpg"
		}, {
			"user":	"kevin",
			"md5":	"ba45c8f60456a672e003a875e469d0eb",
			"time":	"2017-07-13 10:55:58",
			"filename":	"Desert.jpg",
			"share_status":	1,
			"pv":	0,
			"url":	"http://192.168.1.22:80/group1/M00/00/00/wKgBFllnsHGAG7NzAAzodQCbVVc189.jpg",
			"size":	845941,
			"type":	"jpg"
		}]
}
[2017-07-13 19:08:09]--[src_cgi/sharefiles_cgi.c:598]--cmd = count
[2017-07-13 19:08:09]--[src_cgi/sharefiles_cgi.c:85]--line = 3
[2017-07-13 19:08:09]--[src_cgi/sharefiles_cgi.c:598]--cmd = normal
[2017-07-13 19:08:09]--[src_cgi/sharefiles_cgi.c:636]--buf = {
    "count": 3,
    "start": 0
}

[2017-07-13 19:08:09]--[src_cgi/sharefiles_cgi.c:645]--start = 0, count = 3
[2017-07-13 19:08:09]--[src_cgi/sharefiles_cgi.c:172]--select share_file_list.*, file_info.url, file_info.size, file_info.type from file_info, share_file_list where file_info.md5 = share_file_list.md5 limit 0, 3 在操作
[2017-07-13 19:08:09]--[src_cgi/sharefiles_cgi.c:292]--{
	"files":	[{
			"user":	"apple",
			"md5":	"47e01c4f370a9383320eee9193251e54",
			"time":	"2017-07-11 09:11:41",
			"filename":	"Makefile",
			"share_status":	1,
			"pv":	2,
			"url":	"http://192.168.1.22:80/group1/M00/00/00/wKgBFllk-BeAZTm4AABnm9LNgrI4534872",
			"size":	26523,
			"type":	"null"
		}, {
			"user":	"kevin",
			"md5":	"9d377b10ce778c4938b3c7e2c63a229a",
			"time":	"2017-07-13 08:57:54",
			"filename":	"Penguins.jpg",
			"share_status":	1,
			"pv":	1,
			"url":	"http://192.168.1.22:80/group1/M00/00/00/wKgBFllnQHaAfkYpAAvea_OGt2M232.jpg",
			"size":	777835,
			"type":	"jpg"
		}, {
			"user":	"kevin",
			"md5":	"ba45c8f60456a672e003a875e469d0eb",
			"time":	"2017-07-13 10:55:58",
			"filename":	"Desert.jpg",
			"share_status":	1,
			"pv":	1,
			"url":	"http://192.168.1.22:80/group1/M00/00/00/wKgBFllnsHGAG7NzAAzodQCbVVc189.jpg",
			"size":	845941,
			"type":	"jpg"
		}]
}
[2017-07-13 19:14:33]--[src_cgi/sharefiles_cgi.c:598]--cmd = count
[2017-07-13 19:14:33]--[src_cgi/sharefiles_cgi.c:85]--line = 3
[2017-07-13 19:14:33]--[src_cgi/sharefiles_cgi.c:598]--cmd = normal
[2017-07-13 19:14:33]--[src_cgi/sharefiles_cgi.c:636]--buf = {
    "count": 3,
    "start": 0
}

[2017-07-13 19:14:33]--[src_cgi/sharefiles_cgi.c:645]--start = 0, count = 3
[2017-07-13 19:14:33]--[src_cgi/sharefiles_cgi.c:172]--select share_file_list.*, file_info.url, file_info.size, file_info.type from file_info, share_file_list where file_info.md5 = share_file_list.md5 limit 0, 3 在操作
[2017-07-13 19:14:33]--[src_cgi/sharefiles_cgi.c:292]--{
	"files":	[{
			"user":	"apple",
			"md5":	"47e01c4f370a9383320eee9193251e54",
			"time":	"2017-07-11 09:11:41",
			"filename":	"Makefile",
			"share_status":	1,
			"pv":	2,
			"url":	"http://192.168.1.22:80/group1/M00/00/00/wKgBFllk-BeAZTm4AABnm9LNgrI4534872",
			"size":	26523,
			"type":	"null"
		}, {
			"user":	"kevin",
			"md5":	"9d377b10ce778c4938b3c7e2c63a229a",
			"time":	"2017-07-13 08:57:54",
			"filename":	"Penguins.jpg",
			"share_status":	1,
			"pv":	1,
			"url":	"http://192.168.1.22:80/group1/M00/00/00/wKgBFllnQHaAfkYpAAvea_OGt2M232.jpg",
			"size":	777835,
			"type":	"jpg"
		}, {
			"user":	"kevin",
			"md5":	"ba45c8f60456a672e003a875e469d0eb",
			"time":	"2017-07-13 10:55:58",
			"filename":	"Desert.jpg",
			"share_status":	1,
			"pv":	1,
			"url":	"http://192.168.1.22:80/group1/M00/00/00/wKgBFllnsHGAG7NzAAzodQCbVVc189.jpg",
			"size":	845941,
			"type":	"jpg"
		}]
}
[2017-07-13 19:14:35]--[src_cgi/sharefiles_cgi.c:598]--cmd = count
[2017-07-13 19:14:35]--[src_cgi/sharefiles_cgi.c:85]--line = 3
[2017-07-13 19:14:35]--[src_cgi/sharefiles_cgi.c:598]--cmd = pvdesc
[2017-07-13 19:14:35]--[src_cgi/sharefiles_cgi.c:636]--buf = {
    "count": 3,
    "start": 0
}

[2017-07-13 19:14:35]--[src_cgi/sharefiles_cgi.c:645]--start = 0, count = 3
[2017-07-13 19:14:35]--[src_cgi/sharefiles_cgi.c:399]--sql_num = 3, redis_num = 3
[2017-07-13 19:14:35]--[src_cgi/sharefiles_cgi.c:529]--{
	"files":	[{
			"filename":	"Makefile",
			"pv":	2
		}, {
			"filename":	"Desert.jpg",
			"pv":	1
		}, {
			"filename":	"Penguins.jpg",
			"pv":	1
		}]
}
[2017-07-13 19:16:35]--[src_cgi/sharefiles_cgi.c:598]--cmd = count
[2017-07-13 19:16:35]--[src_cgi/sharefiles_cgi.c:85]--line = 3
[2017-07-13 19:16:36]--[src_cgi/sharefiles_cgi.c:598]--cmd = pvdesc
[2017-07-13 19:16:36]--[src_cgi/sharefiles_cgi.c:636]--buf = {
    "count": 3,
    "start": 0
}

[2017-07-13 19:16:36]--[src_cgi/sharefiles_cgi.c:645]--start = 0, count = 3
[2017-07-13 19:16:36]--[src_cgi/sharefiles_cgi.c:399]--sql_num = 3, redis_num = 3
[2017-07-13 19:16:36]--[src_cgi/sharefiles_cgi.c:529]--{
	"files":	[{
			"filename":	"Makefile",
			"pv":	2
		}, {
			"filename":	"Desert.jpg",
			"pv":	1
		}, {
			"filename":	"Penguins.jpg",
			"pv":	1
		}]
}
[2017-07-13 20:01:31]--[src_cgi/sharefiles_cgi.c:598]--cmd = count
[2017-07-13 20:01:31]--[src_cgi/sharefiles_cgi.c:85]--line = 3
[2017-07-13 20:01:31]--[src_cgi/sharefiles_cgi.c:598]--cmd = pvdesc
[2017-07-13 20:01:31]--[src_cgi/sharefiles_cgi.c:636]--buf = {
    "count": 3,
    "start": 0
}

[2017-07-13 20:01:31]--[src_cgi/sharefiles_cgi.c:645]--start = 0, count = 3
[2017-07-13 20:01:31]--[src_cgi/sharefiles_cgi.c:399]--sql_num = 3, redis_num = 3
[2017-07-13 20:01:31]--[src_cgi/sharefiles_cgi.c:529]--{
	"files":	[{
			"filename":	"Makefile",
			"pv":	2
		}, {
			"filename":	"Desert.jpg",
			"pv":	1
		}, {
			"filename":	"Penguins.jpg",
			"pv":	1
		}]
}
[2017-07-13 20:01:34]--[src_cgi/sharefiles_cgi.c:598]--cmd = count
[2017-07-13 20:01:34]--[src_cgi/sharefiles_cgi.c:85]--line = 3
[2017-07-13 20:01:34]--[src_cgi/sharefiles_cgi.c:598]--cmd = normal
[2017-07-13 20:01:34]--[src_cgi/sharefiles_cgi.c:636]--buf = {
    "count": 3,
    "start": 0
}

[2017-07-13 20:01:34]--[src_cgi/sharefiles_cgi.c:645]--start = 0, count = 3
[2017-07-13 20:01:34]--[src_cgi/sharefiles_cgi.c:172]--select share_file_list.*, file_info.url, file_info.size, file_info.type from file_info, share_file_list where file_info.md5 = share_file_list.md5 limit 0, 3 在操作
[2017-07-13 20:01:34]--[src_cgi/sharefiles_cgi.c:292]--{
	"files":	[{
			"user":	"apple",
			"md5":	"47e01c4f370a9383320eee9193251e54",
			"time":	"2017-07-11 09:11:41",
			"filename":	"Makefile",
			"share_status":	1,
			"pv":	2,
			"url":	"http://192.168.1.22:80/group1/M00/00/00/wKgBFllk-BeAZTm4AABnm9LNgrI4534872",
			"size":	26523,
			"type":	"null"
		}, {
			"user":	"kevin",
			"md5":	"9d377b10ce778c4938b3c7e2c63a229a",
			"time":	"2017-07-13 08:57:54",
			"filename":	"Penguins.jpg",
			"share_status":	1,
			"pv":	1,
			"url":	"http://192.168.1.22:80/group1/M00/00/00/wKgBFllnQHaAfkYpAAvea_OGt2M232.jpg",
			"size":	777835,
			"type":	"jpg"
		}, {
			"user":	"kevin",
			"md5":	"ba45c8f60456a672e003a875e469d0eb",
			"time":	"2017-07-13 10:55:58",
			"filename":	"Desert.jpg",
			"share_status":	1,
			"pv":	1,
			"url":	"http://192.168.1.22:80/group1/M00/00/00/wKgBFllnsHGAG7NzAAzodQCbVVc189.jpg",
			"size":	845941,
			"type":	"jpg"
		}]
}
[2017-07-13 20:05:14]--[src_cgi/sharefiles_cgi.c:598]--cmd = count
[2017-07-13 20:05:14]--[src_cgi/sharefiles_cgi.c:85]--line = 3
[2017-07-13 20:05:14]--[src_cgi/sharefiles_cgi.c:598]--cmd = pvdesc
[2017-07-13 20:05:14]--[src_cgi/sharefiles_cgi.c:636]--buf = {
    "count": 3,
    "start": 0
}

[2017-07-13 20:05:14]--[src_cgi/sharefiles_cgi.c:645]--start = 0, count = 3
[2017-07-13 20:05:14]--[src_cgi/sharefiles_cgi.c:399]--sql_num = 3, redis_num = 3
[2017-07-13 20:05:14]--[src_cgi/sharefiles_cgi.c:529]--{
	"files":	[{
			"filename":	"Makefile",
			"pv":	2
		}, {
			"filename":	"Desert.jpg",
			"pv":	1
		}, {
			"filename":	"Penguins.jpg",
			"pv":	1
		}]
}
[2017-07-13 20:05:36]--[src_cgi/sharefiles_cgi.c:598]--cmd = count
[2017-07-13 20:05:36]--[src_cgi/sharefiles_cgi.c:85]--line = 3
[2017-07-13 20:05:36]--[src_cgi/sharefiles_cgi.c:598]--cmd = normal
[2017-07-13 20:05:36]--[src_cgi/sharefiles_cgi.c:636]--buf = {
    "count": 3,
    "start": 0
}

[2017-07-13 20:05:36]--[src_cgi/sharefiles_cgi.c:645]--start = 0, count = 3
[2017-07-13 20:05:36]--[src_cgi/sharefiles_cgi.c:172]--select share_file_list.*, file_info.url, file_info.size, file_info.type from file_info, share_file_list where file_info.md5 = share_file_list.md5 limit 0, 3 在操作
[2017-07-13 20:05:36]--[src_cgi/sharefiles_cgi.c:292]--{
	"files":	[{
			"user":	"apple",
			"md5":	"47e01c4f370a9383320eee9193251e54",
			"time":	"2017-07-11 09:11:41",
			"filename":	"Makefile",
			"share_status":	1,
			"pv":	2,
			"url":	"http://192.168.1.22:80/group1/M00/00/00/wKgBFllk-BeAZTm4AABnm9LNgrI4534872",
			"size":	26523,
			"type":	"null"
		}, {
			"user":	"kevin",
			"md5":	"9d377b10ce778c4938b3c7e2c63a229a",
			"time":	"2017-07-13 08:57:54",
			"filename":	"Penguins.jpg",
			"share_status":	1,
			"pv":	1,
			"url":	"http://192.168.1.22:80/group1/M00/00/00/wKgBFllnQHaAfkYpAAvea_OGt2M232.jpg",
			"size":	777835,
			"type":	"jpg"
		}, {
			"user":	"kevin",
			"md5":	"ba45c8f60456a672e003a875e469d0eb",
			"time":	"2017-07-13 10:55:58",
			"filename":	"Desert.jpg",
			"share_status":	1,
			"pv":	1,
			"url":	"http://192.168.1.22:80/group1/M00/00/00/wKgBFllnsHGAG7NzAAzodQCbVVc189.jpg",
			"size":	845941,
			"type":	"jpg"
		}]
}
[2017-07-13 20:05:40]--[src_cgi/sharefiles_cgi.c:598]--cmd = count
[2017-07-13 20:05:40]--[src_cgi/sharefiles_cgi.c:85]--line = 3
[2017-07-13 20:05:41]--[src_cgi/sharefiles_cgi.c:598]--cmd = pvdesc
[2017-07-13 20:05:41]--[src_cgi/sharefiles_cgi.c:636]--buf = {
    "count": 3,
    "start": 0
}

[2017-07-13 20:05:41]--[src_cgi/sharefiles_cgi.c:645]--start = 0, count = 3
[2017-07-13 20:05:41]--[src_cgi/sharefiles_cgi.c:399]--sql_num = 3, redis_num = 3
[2017-07-13 20:05:41]--[src_cgi/sharefiles_cgi.c:529]--{
	"files":	[{
			"filename":	"Makefile",
			"pv":	2
		}, {
			"filename":	"Desert.jpg",
			"pv":	1
		}, {
			"filename":	"Penguins.jpg",
			"pv":	1
		}]
}
[2017-07-13 20:06:02]--[src_cgi/sharefiles_cgi.c:598]--cmd = count
[2017-07-13 20:06:02]--[src_cgi/sharefiles_cgi.c:85]--line = 3
[2017-07-13 20:06:02]--[src_cgi/sharefiles_cgi.c:598]--cmd = normal
[2017-07-13 20:06:02]--[src_cgi/sharefiles_cgi.c:636]--buf = {
    "count": 3,
    "start": 0
}

[2017-07-13 20:06:02]--[src_cgi/sharefiles_cgi.c:645]--start = 0, count = 3
[2017-07-13 20:06:02]--[src_cgi/sharefiles_cgi.c:172]--select share_file_list.*, file_info.url, file_info.size, file_info.type from file_info, share_file_list where file_info.md5 = share_file_list.md5 limit 0, 3 在操作
[2017-07-13 20:06:02]--[src_cgi/sharefiles_cgi.c:292]--{
	"files":	[{
			"user":	"apple",
			"md5":	"47e01c4f370a9383320eee9193251e54",
			"time":	"2017-07-11 09:11:41",
			"filename":	"Makefile",
			"share_status":	1,
			"pv":	2,
			"url":	"http://192.168.1.22:80/group1/M00/00/00/wKgBFllk-BeAZTm4AABnm9LNgrI4534872",
			"size":	26523,
			"type":	"null"
		}, {
			"user":	"kevin",
			"md5":	"9d377b10ce778c4938b3c7e2c63a229a",
			"time":	"2017-07-13 08:57:54",
			"filename":	"Penguins.jpg",
			"share_status":	1,
			"pv":	1,
			"url":	"http://192.168.1.22:80/group1/M00/00/00/wKgBFllnQHaAfkYpAAvea_OGt2M232.jpg",
			"size":	777835,
			"type":	"jpg"
		}, {
			"user":	"kevin",
			"md5":	"ba45c8f60456a672e003a875e469d0eb",
			"time":	"2017-07-13 10:55:58",
			"filename":	"Desert.jpg",
			"share_status":	1,
			"pv":	1,
			"url":	"http://192.168.1.22:80/group1/M00/00/00/wKgBFllnsHGAG7NzAAzodQCbVVc189.jpg",
			"size":	845941,
			"type":	"jpg"
		}]
}
[2017-07-13 20:06:07]--[src_cgi/sharefiles_cgi.c:598]--cmd = count
[2017-07-13 20:06:07]--[src_cgi/sharefiles_cgi.c:85]--line = 3
[2017-07-13 20:06:08]--[src_cgi/sharefiles_cgi.c:598]--cmd = pvdesc
[2017-07-13 20:06:08]--[src_cgi/sharefiles_cgi.c:636]--buf = {
    "count": 3,
    "start": 0
}

[2017-07-13 20:06:08]--[src_cgi/sharefiles_cgi.c:645]--start = 0, count = 3
[2017-07-13 20:06:08]--[src_cgi/sharefiles_cgi.c:399]--sql_num = 3, redis_num = 3
[2017-07-13 20:06:08]--[src_cgi/sharefiles_cgi.c:529]--{
	"files":	[{
			"filename":	"Makefile",
			"pv":	2
		}, {
			"filename":	"Desert.jpg",
			"pv":	1
		}, {
			"filename":	"Penguins.jpg",
			"pv":	1
		}]
}
[2017-07-13 20:06:43]--[src_cgi/sharefiles_cgi.c:598]--cmd = count
[2017-07-13 20:06:43]--[src_cgi/sharefiles_cgi.c:85]--line = 3
[2017-07-13 20:06:43]--[src_cgi/sharefiles_cgi.c:598]--cmd = pvdesc
[2017-07-13 20:06:43]--[src_cgi/sharefiles_cgi.c:636]--buf = {
    "count": 3,
    "start": 0
}

[2017-07-13 20:06:43]--[src_cgi/sharefiles_cgi.c:645]--start = 0, count = 3
[2017-07-13 20:06:43]--[src_cgi/sharefiles_cgi.c:399]--sql_num = 3, redis_num = 3
[2017-07-13 20:06:43]--[src_cgi/sharefiles_cgi.c:529]--{
	"files":	[{
			"filename":	"Makefile",
			"pv":	2
		}, {
			"filename":	"Desert.jpg",
			"pv":	1
		}, {
			"filename":	"Penguins.jpg",
			"pv":	1
		}]
}
[2017-07-13 20:06:44]--[src_cgi/sharefiles_cgi.c:598]--cmd = count
[2017-07-13 20:06:44]--[src_cgi/sharefiles_cgi.c:85]--line = 3
[2017-07-13 20:06:44]--[src_cgi/sharefiles_cgi.c:598]--cmd = normal
[2017-07-13 20:06:44]--[src_cgi/sharefiles_cgi.c:636]--buf = {
    "count": 3,
    "start": 0
}

[2017-07-13 20:06:44]--[src_cgi/sharefiles_cgi.c:645]--start = 0, count = 3
[2017-07-13 20:06:44]--[src_cgi/sharefiles_cgi.c:172]--select share_file_list.*, file_info.url, file_info.size, file_info.type from file_info, share_file_list where file_info.md5 = share_file_list.md5 limit 0, 3 在操作
[2017-07-13 20:06:44]--[src_cgi/sharefiles_cgi.c:292]--{
	"files":	[{
			"user":	"apple",
			"md5":	"47e01c4f370a9383320eee9193251e54",
			"time":	"2017-07-11 09:11:41",
			"filename":	"Makefile",
			"share_status":	1,
			"pv":	2,
			"url":	"http://192.168.1.22:80/group1/M00/00/00/wKgBFllk-BeAZTm4AABnm9LNgrI4534872",
			"size":	26523,
			"type":	"null"
		}, {
			"user":	"kevin",
			"md5":	"9d377b10ce778c4938b3c7e2c63a229a",
			"time":	"2017-07-13 08:57:54",
			"filename":	"Penguins.jpg",
			"share_status":	1,
			"pv":	1,
			"url":	"http://192.168.1.22:80/group1/M00/00/00/wKgBFllnQHaAfkYpAAvea_OGt2M232.jpg",
			"size":	777835,
			"type":	"jpg"
		}, {
			"user":	"kevin",
			"md5":	"ba45c8f60456a672e003a875e469d0eb",
			"time":	"2017-07-13 10:55:58",
			"filename":	"Desert.jpg",
			"share_status":	1,
			"pv":	1,
			"url":	"http://192.168.1.22:80/group1/M00/00/00/wKgBFllnsHGAG7NzAAzodQCbVVc189.jpg",
			"size":	845941,
			"type":	"jpg"
		}]
}
[2017-07-13 20:06:48]--[src_cgi/sharefiles_cgi.c:598]--cmd = count
[2017-07-13 20:06:48]--[src_cgi/sharefiles_cgi.c:85]--line = 3
[2017-07-13 20:06:48]--[src_cgi/sharefiles_cgi.c:598]--cmd = pvdesc
[2017-07-13 20:06:48]--[src_cgi/sharefiles_cgi.c:636]--buf = {
    "count": 3,
    "start": 0
}

[2017-07-13 20:06:48]--[src_cgi/sharefiles_cgi.c:645]--start = 0, count = 3
[2017-07-13 20:06:48]--[src_cgi/sharefiles_cgi.c:399]--sql_num = 3, redis_num = 3
[2017-07-13 20:06:48]--[src_cgi/sharefiles_cgi.c:529]--{
	"files":	[{
			"filename":	"Makefile",
			"pv":	2
		}, {
			"filename":	"Desert.jpg",
			"pv":	1
		}, {
			"filename":	"Penguins.jpg",
			"pv":	1
		}]
}
[2017-07-13 20:06:50]--[src_cgi/sharefiles_cgi.c:598]--cmd = count
[2017-07-13 20:06:50]--[src_cgi/sharefiles_cgi.c:85]--line = 3
[2017-07-13 20:06:50]--[src_cgi/sharefiles_cgi.c:598]--cmd = normal
[2017-07-13 20:06:50]--[src_cgi/sharefiles_cgi.c:636]--buf = {
    "count": 3,
    "start": 0
}

[2017-07-13 20:06:50]--[src_cgi/sharefiles_cgi.c:645]--start = 0, count = 3
[2017-07-13 20:06:50]--[src_cgi/sharefiles_cgi.c:172]--select share_file_list.*, file_info.url, file_info.size, file_info.type from file_info, share_file_list where file_info.md5 = share_file_list.md5 limit 0, 3 在操作
[2017-07-13 20:06:50]--[src_cgi/sharefiles_cgi.c:292]--{
	"files":	[{
			"user":	"apple",
			"md5":	"47e01c4f370a9383320eee9193251e54",
			"time":	"2017-07-11 09:11:41",
			"filename":	"Makefile",
			"share_status":	1,
			"pv":	2,
			"url":	"http://192.168.1.22:80/group1/M00/00/00/wKgBFllk-BeAZTm4AABnm9LNgrI4534872",
			"size":	26523,
			"type":	"null"
		}, {
			"user":	"kevin",
			"md5":	"9d377b10ce778c4938b3c7e2c63a229a",
			"time":	"2017-07-13 08:57:54",
			"filename":	"Penguins.jpg",
			"share_status":	1,
			"pv":	1,
			"url":	"http://192.168.1.22:80/group1/M00/00/00/wKgBFllnQHaAfkYpAAvea_OGt2M232.jpg",
			"size":	777835,
			"type":	"jpg"
		}, {
			"user":	"kevin",
			"md5":	"ba45c8f60456a672e003a875e469d0eb",
			"time":	"2017-07-13 10:55:58",
			"filename":	"Desert.jpg",
			"share_status":	1,
			"pv":	1,
			"url":	"http://192.168.1.22:80/group1/M00/00/00/wKgBFllnsHGAG7NzAAzodQCbVVc189.jpg",
			"size":	845941,
			"type":	"jpg"
		}]
}
[2017-07-13 20:07:07]--[src_cgi/sharefiles_cgi.c:598]--cmd = count
[2017-07-13 20:07:07]--[src_cgi/sharefiles_cgi.c:85]--line = 3
[2017-07-13 20:07:08]--[src_cgi/sharefiles_cgi.c:598]--cmd = pvdesc
[2017-07-13 20:07:08]--[src_cgi/sharefiles_cgi.c:636]--buf = {
    "count": 3,
    "start": 0
}

[2017-07-13 20:07:08]--[src_cgi/sharefiles_cgi.c:645]--start = 0, count = 3
[2017-07-13 20:07:08]--[src_cgi/sharefiles_cgi.c:399]--sql_num = 3, redis_num = 3
[2017-07-13 20:07:08]--[src_cgi/sharefiles_cgi.c:529]--{
	"files":	[{
			"filename":	"Penguins.jpg",
			"pv":	2
		}, {
			"filename":	"Makefile",
			"pv":	2
		}, {
			"filename":	"Desert.jpg",
			"pv":	1
		}]
}
[2017-07-13 20:07:10]--[src_cgi/sharefiles_cgi.c:598]--cmd = count
[2017-07-13 20:07:10]--[src_cgi/sharefiles_cgi.c:85]--line = 3
[2017-07-13 20:07:11]--[src_cgi/sharefiles_cgi.c:598]--cmd = normal
[2017-07-13 20:07:11]--[src_cgi/sharefiles_cgi.c:636]--buf = {
    "count": 3,
    "start": 0
}

[2017-07-13 20:07:11]--[src_cgi/sharefiles_cgi.c:645]--start = 0, count = 3
[2017-07-13 20:07:11]--[src_cgi/sharefiles_cgi.c:172]--select share_file_list.*, file_info.url, file_info.size, file_info.type from file_info, share_file_list where file_info.md5 = share_file_list.md5 limit 0, 3 在操作
[2017-07-13 20:07:11]--[src_cgi/sharefiles_cgi.c:292]--{
	"files":	[{
			"user":	"apple",
			"md5":	"47e01c4f370a9383320eee9193251e54",
			"time":	"2017-07-11 09:11:41",
			"filename":	"Makefile",
			"share_status":	1,
			"pv":	2,
			"url":	"http://192.168.1.22:80/group1/M00/00/00/wKgBFllk-BeAZTm4AABnm9LNgrI4534872",
			"size":	26523,
			"type":	"null"
		}, {
			"user":	"kevin",
			"md5":	"9d377b10ce778c4938b3c7e2c63a229a",
			"time":	"2017-07-13 08:57:54",
			"filename":	"Penguins.jpg",
			"share_status":	1,
			"pv":	2,
			"url":	"http://192.168.1.22:80/group1/M00/00/00/wKgBFllnQHaAfkYpAAvea_OGt2M232.jpg",
			"size":	777835,
			"type":	"jpg"
		}, {
			"user":	"kevin",
			"md5":	"ba45c8f60456a672e003a875e469d0eb",
			"time":	"2017-07-13 10:55:58",
			"filename":	"Desert.jpg",
			"share_status":	1,
			"pv":	1,
			"url":	"http://192.168.1.22:80/group1/M00/00/00/wKgBFllnsHGAG7NzAAzodQCbVVc189.jpg",
			"size":	845941,
			"type":	"jpg"
		}]
}
[2017-07-13 20:07:41]--[src_cgi/sharefiles_cgi.c:598]--cmd = count
[2017-07-13 20:07:41]--[src_cgi/sharefiles_cgi.c:85]--line = 3
[2017-07-13 20:07:41]--[src_cgi/sharefiles_cgi.c:598]--cmd = normal
[2017-07-13 20:07:41]--[src_cgi/sharefiles_cgi.c:636]--buf = {
    "count": 3,
    "start": 0
}

[2017-07-13 20:07:41]--[src_cgi/sharefiles_cgi.c:645]--start = 0, count = 3
[2017-07-13 20:07:41]--[src_cgi/sharefiles_cgi.c:172]--select share_file_list.*, file_info.url, file_info.size, file_info.type from file_info, share_file_list where file_info.md5 = share_file_list.md5 limit 0, 3 在操作
[2017-07-13 20:07:41]--[src_cgi/sharefiles_cgi.c:292]--{
	"files":	[{
			"user":	"apple",
			"md5":	"47e01c4f370a9383320eee9193251e54",
			"time":	"2017-07-11 09:11:41",
			"filename":	"Makefile",
			"share_status":	1,
			"pv":	2,
			"url":	"http://192.168.1.22:80/group1/M00/00/00/wKgBFllk-BeAZTm4AABnm9LNgrI4534872",
			"size":	26523,
			"type":	"null"
		}, {
			"user":	"kevin",
			"md5":	"9d377b10ce778c4938b3c7e2c63a229a",
			"time":	"2017-07-13 08:57:54",
			"filename":	"Penguins.jpg",
			"share_status":	1,
			"pv":	2,
			"url":	"http://192.168.1.22:80/group1/M00/00/00/wKgBFllnQHaAfkYpAAvea_OGt2M232.jpg",
			"size":	777835,
			"type":	"jpg"
		}, {
			"user":	"kevin",
			"md5":	"ba45c8f60456a672e003a875e469d0eb",
			"time":	"2017-07-13 10:55:58",
			"filename":	"Desert.jpg",
			"share_status":	1,
			"pv":	1,
			"url":	"http://192.168.1.22:80/group1/M00/00/00/wKgBFllnsHGAG7NzAAzodQCbVVc189.jpg",
			"size":	845941,
			"type":	"jpg"
		}]
}
[2017-07-13 20:07:44]--[src_cgi/sharefiles_cgi.c:598]--cmd = count
[2017-07-13 20:07:44]--[src_cgi/sharefiles_cgi.c:85]--line = 3
[2017-07-13 20:07:44]--[src_cgi/sharefiles_cgi.c:598]--cmd = pvdesc
[2017-07-13 20:07:44]--[src_cgi/sharefiles_cgi.c:636]--buf = {
    "count": 3,
    "start": 0
}

[2017-07-13 20:07:44]--[src_cgi/sharefiles_cgi.c:645]--start = 0, count = 3
[2017-07-13 20:07:44]--[src_cgi/sharefiles_cgi.c:399]--sql_num = 3, redis_num = 3
[2017-07-13 20:07:44]--[src_cgi/sharefiles_cgi.c:529]--{
	"files":	[{
			"filename":	"Penguins.jpg",
			"pv":	2
		}, {
			"filename":	"Makefile",
			"pv":	2
		}, {
			"filename":	"Desert.jpg",
			"pv":	1
		}]
}
[2017-07-13 20:07:52]--[src_cgi/sharefiles_cgi.c:598]--cmd = count
[2017-07-13 20:07:52]--[src_cgi/sharefiles_cgi.c:85]--line = 3
[2017-07-13 20:07:52]--[src_cgi/sharefiles_cgi.c:598]--cmd = pvdesc
[2017-07-13 20:07:52]--[src_cgi/sharefiles_cgi.c:636]--buf = {
    "count": 3,
    "start": 0
}

[2017-07-13 20:07:52]--[src_cgi/sharefiles_cgi.c:645]--start = 0, count = 3
[2017-07-13 20:07:52]--[src_cgi/sharefiles_cgi.c:399]--sql_num = 3, redis_num = 3
[2017-07-13 20:07:52]--[src_cgi/sharefiles_cgi.c:529]--{
	"files":	[{
			"filename":	"Penguins.jpg",
			"pv":	2
		}, {
			"filename":	"Makefile",
			"pv":	2
		}, {
			"filename":	"Desert.jpg",
			"pv":	1
		}]
}
[2017-07-13 20:07:53]--[src_cgi/sharefiles_cgi.c:598]--cmd = count
[2017-07-13 20:07:53]--[src_cgi/sharefiles_cgi.c:85]--line = 3
[2017-07-13 20:07:53]--[src_cgi/sharefiles_cgi.c:598]--cmd = normal
[2017-07-13 20:07:53]--[src_cgi/sharefiles_cgi.c:636]--buf = {
    "count": 3,
    "start": 0
}

[2017-07-13 20:07:53]--[src_cgi/sharefiles_cgi.c:645]--start = 0, count = 3
[2017-07-13 20:07:53]--[src_cgi/sharefiles_cgi.c:172]--select share_file_list.*, file_info.url, file_info.size, file_info.type from file_info, share_file_list where file_info.md5 = share_file_list.md5 limit 0, 3 在操作
[2017-07-13 20:07:53]--[src_cgi/sharefiles_cgi.c:292]--{
	"files":	[{
			"user":	"apple",
			"md5":	"47e01c4f370a9383320eee9193251e54",
			"time":	"2017-07-11 09:11:41",
			"filename":	"Makefile",
			"share_status":	1,
			"pv":	2,
			"url":	"http://192.168.1.22:80/group1/M00/00/00/wKgBFllk-BeAZTm4AABnm9LNgrI4534872",
			"size":	26523,
			"type":	"null"
		}, {
			"user":	"kevin",
			"md5":	"9d377b10ce778c4938b3c7e2c63a229a",
			"time":	"2017-07-13 08:57:54",
			"filename":	"Penguins.jpg",
			"share_status":	1,
			"pv":	2,
			"url":	"http://192.168.1.22:80/group1/M00/00/00/wKgBFllnQHaAfkYpAAvea_OGt2M232.jpg",
			"size":	777835,
			"type":	"jpg"
		}, {
			"user":	"kevin",
			"md5":	"ba45c8f60456a672e003a875e469d0eb",
			"time":	"2017-07-13 10:55:58",
			"filename":	"Desert.jpg",
			"share_status":	1,
			"pv":	1,
			"url":	"http://192.168.1.22:80/group1/M00/00/00/wKgBFllnsHGAG7NzAAzodQCbVVc189.jpg",
			"size":	845941,
			"type":	"jpg"
		}]
}
[2017-07-13 20:18:54]--[src_cgi/sharefiles_cgi.c:598]--cmd = count
[2017-07-13 20:18:54]--[src_cgi/sharefiles_cgi.c:85]--line = 3
[2017-07-13 20:18:54]--[src_cgi/sharefiles_cgi.c:598]--cmd = normal
[2017-07-13 20:18:54]--[src_cgi/sharefiles_cgi.c:636]--buf = {
    "count": 3,
    "start": 0
}

[2017-07-13 20:18:54]--[src_cgi/sharefiles_cgi.c:645]--start = 0, count = 3
[2017-07-13 20:18:54]--[src_cgi/sharefiles_cgi.c:172]--select share_file_list.*, file_info.url, file_info.size, file_info.type from file_info, share_file_list where file_info.md5 = share_file_list.md5 limit 0, 3 在操作
[2017-07-13 20:18:54]--[src_cgi/sharefiles_cgi.c:292]--{
	"files":	[{
			"user":	"apple",
			"md5":	"47e01c4f370a9383320eee9193251e54",
			"time":	"2017-07-11 09:11:41",
			"filename":	"Makefile",
			"share_status":	1,
			"pv":	2,
			"url":	"http://192.168.1.22:80/group1/M00/00/00/wKgBFllk-BeAZTm4AABnm9LNgrI4534872",
			"size":	26523,
			"type":	"null"
		}, {
			"user":	"kevin",
			"md5":	"9d377b10ce778c4938b3c7e2c63a229a",
			"time":	"2017-07-13 08:57:54",
			"filename":	"Penguins.jpg",
			"share_status":	1,
			"pv":	2,
			"url":	"http://192.168.1.22:80/group1/M00/00/00/wKgBFllnQHaAfkYpAAvea_OGt2M232.jpg",
			"size":	777835,
			"type":	"jpg"
		}, {
			"user":	"kevin",
			"md5":	"ba45c8f60456a672e003a875e469d0eb",
			"time":	"2017-07-13 10:55:58",
			"filename":	"Desert.jpg",
			"share_status":	1,
			"pv":	1,
			"url":	"http://192.168.1.22:80/group1/M00/00/00/wKgBFllnsHGAG7NzAAzodQCbVVc189.jpg",
			"size":	845941,
			"type":	"jpg"
		}]
}
[2017-07-13 20:18:56]--[src_cgi/sharefiles_cgi.c:598]--cmd = count
[2017-07-13 20:18:56]--[src_cgi/sharefiles_cgi.c:85]--line = 3
[2017-07-13 20:18:56]--[src_cgi/sharefiles_cgi.c:598]--cmd = pvdesc
[2017-07-13 20:18:56]--[src_cgi/sharefiles_cgi.c:636]--buf = {
    "count": 3,
    "start": 0
}

[2017-07-13 20:18:56]--[src_cgi/sharefiles_cgi.c:645]--start = 0, count = 3
[2017-07-13 20:18:56]--[src_cgi/sharefiles_cgi.c:399]--sql_num = 3, redis_num = 3
[2017-07-13 20:18:56]--[src_cgi/sharefiles_cgi.c:529]--{
	"files":	[{
			"filename":	"Penguins.jpg",
			"pv":	2
		}, {
			"filename":	"Makefile",
			"pv":	2
		}, {
			"filename":	"Desert.jpg",
			"pv":	1
		}]
}
[2017-07-13 20:19:00]--[src_cgi/sharefiles_cgi.c:598]--cmd = count
[2017-07-13 20:19:00]--[src_cgi/sharefiles_cgi.c:85]--line = 3
[2017-07-13 20:19:01]--[src_cgi/sharefiles_cgi.c:598]--cmd = pvdesc
[2017-07-13 20:19:01]--[src_cgi/sharefiles_cgi.c:636]--buf = {
    "count": 3,
    "start": 0
}

[2017-07-13 20:19:01]--[src_cgi/sharefiles_cgi.c:645]--start = 0, count = 3
[2017-07-13 20:19:01]--[src_cgi/sharefiles_cgi.c:399]--sql_num = 3, redis_num = 3
[2017-07-13 20:19:01]--[src_cgi/sharefiles_cgi.c:529]--{
	"files":	[{
			"filename":	"Penguins.jpg",
			"pv":	2
		}, {
			"filename":	"Makefile",
			"pv":	2
		}, {
			"filename":	"Desert.jpg",
			"pv":	1
		}]
}
[2017-07-13 20:19:02]--[src_cgi/sharefiles_cgi.c:598]--cmd = count
[2017-07-13 20:19:02]--[src_cgi/sharefiles_cgi.c:85]--line = 3
[2017-07-13 20:19:02]--[src_cgi/sharefiles_cgi.c:598]--cmd = normal
[2017-07-13 20:19:02]--[src_cgi/sharefiles_cgi.c:636]--buf = {
    "count": 3,
    "start": 0
}

[2017-07-13 20:19:02]--[src_cgi/sharefiles_cgi.c:645]--start = 0, count = 3
[2017-07-13 20:19:02]--[src_cgi/sharefiles_cgi.c:172]--select share_file_list.*, file_info.url, file_info.size, file_info.type from file_info, share_file_list where file_info.md5 = share_file_list.md5 limit 0, 3 在操作
[2017-07-13 20:19:02]--[src_cgi/sharefiles_cgi.c:292]--{
	"files":	[{
			"user":	"apple",
			"md5":	"47e01c4f370a9383320eee9193251e54",
			"time":	"2017-07-11 09:11:41",
			"filename":	"Makefile",
			"share_status":	1,
			"pv":	2,
			"url":	"http://192.168.1.22:80/group1/M00/00/00/wKgBFllk-BeAZTm4AABnm9LNgrI4534872",
			"size":	26523,
			"type":	"null"
		}, {
			"user":	"kevin",
			"md5":	"9d377b10ce778c4938b3c7e2c63a229a",
			"time":	"2017-07-13 08:57:54",
			"filename":	"Penguins.jpg",
			"share_status":	1,
			"pv":	2,
			"url":	"http://192.168.1.22:80/group1/M00/00/00/wKgBFllnQHaAfkYpAAvea_OGt2M232.jpg",
			"size":	777835,
			"type":	"jpg"
		}, {
			"user":	"kevin",
			"md5":	"ba45c8f60456a672e003a875e469d0eb",
			"time":	"2017-07-13 10:55:58",
			"filename":	"Desert.jpg",
			"share_status":	1,
			"pv":	1,
			"url":	"http://192.168.1.22:80/group1/M00/00/00/wKgBFllnsHGAG7NzAAzodQCbVVc189.jpg",
			"size":	845941,
			"type":	"jpg"
		}]
}
[2017-07-13 20:19:43]--[src_cgi/sharefiles_cgi.c:598]--cmd = count
[2017-07-13 20:19:43]--[src_cgi/sharefiles_cgi.c:85]--line = 3
[2017-07-13 20:19:43]--[src_cgi/sharefiles_cgi.c:598]--cmd = normal
[2017-07-13 20:19:43]--[src_cgi/sharefiles_cgi.c:636]--buf = {
    "count": 3,
    "start": 0
}

[2017-07-13 20:19:43]--[src_cgi/sharefiles_cgi.c:645]--start = 0, count = 3
[2017-07-13 20:19:43]--[src_cgi/sharefiles_cgi.c:172]--select share_file_list.*, file_info.url, file_info.size, file_info.type from file_info, share_file_list where file_info.md5 = share_file_list.md5 limit 0, 3 在操作
[2017-07-13 20:19:43]--[src_cgi/sharefiles_cgi.c:292]--{
	"files":	[{
			"user":	"apple",
			"md5":	"47e01c4f370a9383320eee9193251e54",
			"time":	"2017-07-11 09:11:41",
			"filename":	"Makefile",
			"share_status":	1,
			"pv":	2,
			"url":	"http://192.168.1.22:80/group1/M00/00/00/wKgBFllk-BeAZTm4AABnm9LNgrI4534872",
			"size":	26523,
			"type":	"null"
		}, {
			"user":	"kevin",
			"md5":	"9d377b10ce778c4938b3c7e2c63a229a",
			"time":	"2017-07-13 08:57:54",
			"filename":	"Penguins.jpg",
			"share_status":	1,
			"pv":	2,
			"url":	"http://192.168.1.22:80/group1/M00/00/00/wKgBFllnQHaAfkYpAAvea_OGt2M232.jpg",
			"size":	777835,
			"type":	"jpg"
		}, {
			"user":	"kevin",
			"md5":	"ba45c8f60456a672e003a875e469d0eb",
			"time":	"2017-07-13 10:55:58",
			"filename":	"Desert.jpg",
			"share_status":	1,
			"pv":	2,
			"url":	"http://192.168.1.22:80/group1/M00/00/00/wKgBFllnsHGAG7NzAAzodQCbVVc189.jpg",
			"size":	845941,
			"type":	"jpg"
		}]
}
[2017-07-13 20:19:46]--[src_cgi/sharefiles_cgi.c:598]--cmd = count
[2017-07-13 20:19:46]--[src_cgi/sharefiles_cgi.c:85]--line = 3
[2017-07-13 20:19:46]--[src_cgi/sharefiles_cgi.c:598]--cmd = pvdesc
[2017-07-13 20:19:46]--[src_cgi/sharefiles_cgi.c:636]--buf = {
    "count": 3,
    "start": 0
}

[2017-07-13 20:19:46]--[src_cgi/sharefiles_cgi.c:645]--start = 0, count = 3
[2017-07-13 20:19:46]--[src_cgi/sharefiles_cgi.c:399]--sql_num = 3, redis_num = 3
[2017-07-13 20:19:46]--[src_cgi/sharefiles_cgi.c:529]--{
	"files":	[{
			"filename":	"Desert.jpg",
			"pv":	2
		}, {
			"filename":	"Penguins.jpg",
			"pv":	2
		}, {
			"filename":	"Makefile",
			"pv":	2
		}]
}
[2017-07-13 20:20:04]--[src_cgi/sharefiles_cgi.c:598]--cmd = count
[2017-07-13 20:20:04]--[src_cgi/sharefiles_cgi.c:85]--line = 3
[2017-07-13 20:20:04]--[src_cgi/sharefiles_cgi.c:598]--cmd = pvdesc
[2017-07-13 20:20:04]--[src_cgi/sharefiles_cgi.c:636]--buf = {
    "count": 3,
    "start": 0
}

[2017-07-13 20:20:04]--[src_cgi/sharefiles_cgi.c:645]--start = 0, count = 3
[2017-07-13 20:20:04]--[src_cgi/sharefiles_cgi.c:399]--sql_num = 3, redis_num = 3
[2017-07-13 20:20:04]--[src_cgi/sharefiles_cgi.c:529]--{
	"files":	[{
			"filename":	"Desert.jpg",
			"pv":	2
		}, {
			"filename":	"Penguins.jpg",
			"pv":	2
		}, {
			"filename":	"Makefile",
			"pv":	2
		}]
}
[2017-07-13 20:20:05]--[src_cgi/sharefiles_cgi.c:598]--cmd = count
[2017-07-13 20:20:05]--[src_cgi/sharefiles_cgi.c:85]--line = 3
[2017-07-13 20:20:05]--[src_cgi/sharefiles_cgi.c:598]--cmd = normal
[2017-07-13 20:20:05]--[src_cgi/sharefiles_cgi.c:636]--buf = {
    "count": 3,
    "start": 0
}

[2017-07-13 20:20:05]--[src_cgi/sharefiles_cgi.c:645]--start = 0, count = 3
[2017-07-13 20:20:05]--[src_cgi/sharefiles_cgi.c:172]--select share_file_list.*, file_info.url, file_info.size, file_info.type from file_info, share_file_list where file_info.md5 = share_file_list.md5 limit 0, 3 在操作
[2017-07-13 20:20:05]--[src_cgi/sharefiles_cgi.c:292]--{
	"files":	[{
			"user":	"apple",
			"md5":	"47e01c4f370a9383320eee9193251e54",
			"time":	"2017-07-11 09:11:41",
			"filename":	"Makefile",
			"share_status":	1,
			"pv":	2,
			"url":	"http://192.168.1.22:80/group1/M00/00/00/wKgBFllk-BeAZTm4AABnm9LNgrI4534872",
			"size":	26523,
			"type":	"null"
		}, {
			"user":	"kevin",
			"md5":	"9d377b10ce778c4938b3c7e2c63a229a",
			"time":	"2017-07-13 08:57:54",
			"filename":	"Penguins.jpg",
			"share_status":	1,
			"pv":	2,
			"url":	"http://192.168.1.22:80/group1/M00/00/00/wKgBFllnQHaAfkYpAAvea_OGt2M232.jpg",
			"size":	777835,
			"type":	"jpg"
		}, {
			"user":	"kevin",
			"md5":	"ba45c8f60456a672e003a875e469d0eb",
			"time":	"2017-07-13 10:55:58",
			"filename":	"Desert.jpg",
			"share_status":	1,
			"pv":	2,
			"url":	"http://192.168.1.22:80/group1/M00/00/00/wKgBFllnsHGAG7NzAAzodQCbVVc189.jpg",
			"size":	845941,
			"type":	"jpg"
		}]
}
[2017-07-13 20:20:24]--[src_cgi/sharefiles_cgi.c:598]--cmd = count
[2017-07-13 20:20:24]--[src_cgi/sharefiles_cgi.c:85]--line = 3
[2017-07-13 20:20:24]--[src_cgi/sharefiles_cgi.c:598]--cmd = normal
[2017-07-13 20:20:24]--[src_cgi/sharefiles_cgi.c:636]--buf = {
    "count": 3,
    "start": 0
}

[2017-07-13 20:20:24]--[src_cgi/sharefiles_cgi.c:645]--start = 0, count = 3
[2017-07-13 20:20:24]--[src_cgi/sharefiles_cgi.c:172]--select share_file_list.*, file_info.url, file_info.size, file_info.type from file_info, share_file_list where file_info.md5 = share_file_list.md5 limit 0, 3 在操作
[2017-07-13 20:20:24]--[src_cgi/sharefiles_cgi.c:292]--{
	"files":	[{
			"user":	"apple",
			"md5":	"47e01c4f370a9383320eee9193251e54",
			"time":	"2017-07-11 09:11:41",
			"filename":	"Makefile",
			"share_status":	1,
			"pv":	2,
			"url":	"http://192.168.1.22:80/group1/M00/00/00/wKgBFllk-BeAZTm4AABnm9LNgrI4534872",
			"size":	26523,
			"type":	"null"
		}, {
			"user":	"kevin",
			"md5":	"9d377b10ce778c4938b3c7e2c63a229a",
			"time":	"2017-07-13 08:57:54",
			"filename":	"Penguins.jpg",
			"share_status":	1,
			"pv":	2,
			"url":	"http://192.168.1.22:80/group1/M00/00/00/wKgBFllnQHaAfkYpAAvea_OGt2M232.jpg",
			"size":	777835,
			"type":	"jpg"
		}, {
			"user":	"kevin",
			"md5":	"ba45c8f60456a672e003a875e469d0eb",
			"time":	"2017-07-13 10:55:58",
			"filename":	"Desert.jpg",
			"share_status":	1,
			"pv":	2,
			"url":	"http://192.168.1.22:80/group1/M00/00/00/wKgBFllnsHGAG7NzAAzodQCbVVc189.jpg",
			"size":	845941,
			"type":	"jpg"
		}]
}
[2017-07-13 20:20:32]--[src_cgi/sharefiles_cgi.c:598]--cmd = count
[2017-07-13 20:20:32]--[src_cgi/sharefiles_cgi.c:85]--line = 3
[2017-07-13 20:20:32]--[src_cgi/sharefiles_cgi.c:598]--cmd = pvdesc
[2017-07-13 20:20:32]--[src_cgi/sharefiles_cgi.c:636]--buf = {
    "count": 3,
    "start": 0
}

[2017-07-13 20:20:32]--[src_cgi/sharefiles_cgi.c:645]--start = 0, count = 3
[2017-07-13 20:20:32]--[src_cgi/sharefiles_cgi.c:399]--sql_num = 3, redis_num = 3
[2017-07-13 20:20:32]--[src_cgi/sharefiles_cgi.c:529]--{
	"files":	[{
			"filename":	"Desert.jpg",
			"pv":	2
		}, {
			"filename":	"Penguins.jpg",
			"pv":	2
		}, {
			"filename":	"Makefile",
			"pv":	2
		}]
}
[2017-07-13 20:20:41]--[src_cgi/sharefiles_cgi.c:598]--cmd = count
[2017-07-13 20:20:41]--[src_cgi/sharefiles_cgi.c:85]--line = 3
[2017-07-13 20:20:42]--[src_cgi/sharefiles_cgi.c:598]--cmd = pvdesc
[2017-07-13 20:20:42]--[src_cgi/sharefiles_cgi.c:636]--buf = {
    "count": 3,
    "start": 0
}

[2017-07-13 20:20:42]--[src_cgi/sharefiles_cgi.c:645]--start = 0, count = 3
[2017-07-13 20:20:42]--[src_cgi/sharefiles_cgi.c:399]--sql_num = 3, redis_num = 3
[2017-07-13 20:20:42]--[src_cgi/sharefiles_cgi.c:529]--{
	"files":	[{
			"filename":	"Desert.jpg",
			"pv":	2
		}, {
			"filename":	"Penguins.jpg",
			"pv":	2
		}, {
			"filename":	"Makefile",
			"pv":	2
		}]
}
[2017-07-13 20:21:11]--[src_cgi/sharefiles_cgi.c:598]--cmd = count
[2017-07-13 20:21:11]--[src_cgi/sharefiles_cgi.c:85]--line = 3
[2017-07-13 20:21:11]--[src_cgi/sharefiles_cgi.c:598]--cmd = pvdesc
[2017-07-13 20:21:11]--[src_cgi/sharefiles_cgi.c:636]--buf = {
    "count": 3,
    "start": 0
}

[2017-07-13 20:21:11]--[src_cgi/sharefiles_cgi.c:645]--start = 0, count = 3
[2017-07-13 20:21:11]--[src_cgi/sharefiles_cgi.c:399]--sql_num = 3, redis_num = 3
[2017-07-13 20:21:11]--[src_cgi/sharefiles_cgi.c:529]--{
	"files":	[{
			"filename":	"Desert.jpg",
			"pv":	2
		}, {
			"filename":	"Penguins.jpg",
			"pv":	2
		}, {
			"filename":	"Makefile",
			"pv":	2
		}]
}
[2017-07-13 20:21:16]--[src_cgi/sharefiles_cgi.c:598]--cmd = count
[2017-07-13 20:21:16]--[src_cgi/sharefiles_cgi.c:85]--line = 3
[2017-07-13 20:21:16]--[src_cgi/sharefiles_cgi.c:598]--cmd = normal
[2017-07-13 20:21:16]--[src_cgi/sharefiles_cgi.c:636]--buf = {
    "count": 3,
    "start": 0
}

[2017-07-13 20:21:16]--[src_cgi/sharefiles_cgi.c:645]--start = 0, count = 3
[2017-07-13 20:21:16]--[src_cgi/sharefiles_cgi.c:172]--select share_file_list.*, file_info.url, file_info.size, file_info.type from file_info, share_file_list where file_info.md5 = share_file_list.md5 limit 0, 3 在操作
[2017-07-13 20:21:16]--[src_cgi/sharefiles_cgi.c:292]--{
	"files":	[{
			"user":	"apple",
			"md5":	"47e01c4f370a9383320eee9193251e54",
			"time":	"2017-07-11 09:11:41",
			"filename":	"Makefile",
			"share_status":	1,
			"pv":	2,
			"url":	"http://192.168.1.22:80/group1/M00/00/00/wKgBFllk-BeAZTm4AABnm9LNgrI4534872",
			"size":	26523,
			"type":	"null"
		}, {
			"user":	"kevin",
			"md5":	"9d377b10ce778c4938b3c7e2c63a229a",
			"time":	"2017-07-13 08:57:54",
			"filename":	"Penguins.jpg",
			"share_status":	1,
			"pv":	2,
			"url":	"http://192.168.1.22:80/group1/M00/00/00/wKgBFllnQHaAfkYpAAvea_OGt2M232.jpg",
			"size":	777835,
			"type":	"jpg"
		}, {
			"user":	"kevin",
			"md5":	"ba45c8f60456a672e003a875e469d0eb",
			"time":	"2017-07-13 10:55:58",
			"filename":	"Desert.jpg",
			"share_status":	1,
			"pv":	2,
			"url":	"http://192.168.1.22:80/group1/M00/00/00/wKgBFllnsHGAG7NzAAzodQCbVVc189.jpg",
			"size":	845941,
			"type":	"jpg"
		}]
}
[2017-07-13 20:21:17]--[src_cgi/sharefiles_cgi.c:598]--cmd = count
[2017-07-13 20:21:17]--[src_cgi/sharefiles_cgi.c:85]--line = 3
[2017-07-13 20:21:18]--[src_cgi/sharefiles_cgi.c:598]--cmd = pvdesc
[2017-07-13 20:21:18]--[src_cgi/sharefiles_cgi.c:636]--buf = {
    "count": 3,
    "start": 0
}

[2017-07-13 20:21:18]--[src_cgi/sharefiles_cgi.c:645]--start = 0, count = 3
[2017-07-13 20:21:18]--[src_cgi/sharefiles_cgi.c:399]--sql_num = 3, redis_num = 3
[2017-07-13 20:21:18]--[src_cgi/sharefiles_cgi.c:529]--{
	"files":	[{
			"filename":	"Desert.jpg",
			"pv":	2
		}, {
			"filename":	"Penguins.jpg",
			"pv":	2
		}, {
			"filename":	"Makefile",
			"pv":	2
		}]
}
[2017-07-13 20:26:29]--[src_cgi/sharefiles_cgi.c:598]--cmd = count
[2017-07-13 20:26:29]--[src_cgi/sharefiles_cgi.c:85]--line = 3
[2017-07-13 20:26:29]--[src_cgi/sharefiles_cgi.c:598]--cmd = pvdesc
[2017-07-13 20:26:29]--[src_cgi/sharefiles_cgi.c:636]--buf = {
    "count": 3,
    "start": 0
}

[2017-07-13 20:26:29]--[src_cgi/sharefiles_cgi.c:645]--start = 0, count = 3
[2017-07-13 20:26:29]--[src_cgi/sharefiles_cgi.c:399]--sql_num = 3, redis_num = 3
[2017-07-13 20:26:29]--[src_cgi/sharefiles_cgi.c:529]--{
	"files":	[{
			"filename":	"Desert.jpg",
			"pv":	2
		}, {
			"filename":	"Penguins.jpg",
			"pv":	2
		}, {
			"filename":	"Makefile",
			"pv":	2
		}]
}
[2017-07-13 20:26:30]--[src_cgi/sharefiles_cgi.c:598]--cmd = count
[2017-07-13 20:26:30]--[src_cgi/sharefiles_cgi.c:85]--line = 3
[2017-07-13 20:26:30]--[src_cgi/sharefiles_cgi.c:598]--cmd = normal
[2017-07-13 20:26:30]--[src_cgi/sharefiles_cgi.c:636]--buf = {
    "count": 3,
    "start": 0
}

[2017-07-13 20:26:30]--[src_cgi/sharefiles_cgi.c:645]--start = 0, count = 3
[2017-07-13 20:26:30]--[src_cgi/sharefiles_cgi.c:172]--select share_file_list.*, file_info.url, file_info.size, file_info.type from file_info, share_file_list where file_info.md5 = share_file_list.md5 limit 0, 3 在操作
[2017-07-13 20:26:30]--[src_cgi/sharefiles_cgi.c:292]--{
	"files":	[{
			"user":	"apple",
			"md5":	"47e01c4f370a9383320eee9193251e54",
			"time":	"2017-07-11 09:11:41",
			"filename":	"Makefile",
			"share_status":	1,
			"pv":	2,
			"url":	"http://192.168.1.22:80/group1/M00/00/00/wKgBFllk-BeAZTm4AABnm9LNgrI4534872",
			"size":	26523,
			"type":	"null"
		}, {
			"user":	"kevin",
			"md5":	"9d377b10ce778c4938b3c7e2c63a229a",
			"time":	"2017-07-13 08:57:54",
			"filename":	"Penguins.jpg",
			"share_status":	1,
			"pv":	2,
			"url":	"http://192.168.1.22:80/group1/M00/00/00/wKgBFllnQHaAfkYpAAvea_OGt2M232.jpg",
			"size":	777835,
			"type":	"jpg"
		}, {
			"user":	"kevin",
			"md5":	"ba45c8f60456a672e003a875e469d0eb",
			"time":	"2017-07-13 10:55:58",
			"filename":	"Desert.jpg",
			"share_status":	1,
			"pv":	2,
			"url":	"http://192.168.1.22:80/group1/M00/00/00/wKgBFllnsHGAG7NzAAzodQCbVVc189.jpg",
			"size":	845941,
			"type":	"jpg"
		}]
}
[2017-07-13 21:22:33]--[src_cgi/sharefiles_cgi.c:598]--cmd = count
[2017-07-13 21:22:33]--[src_cgi/sharefiles_cgi.c:85]--line = 3
[2017-07-13 21:22:33]--[src_cgi/sharefiles_cgi.c:598]--cmd = normal
[2017-07-13 21:22:33]--[src_cgi/sharefiles_cgi.c:636]--buf = {
    "count": 3,
    "start": 0
}

[2017-07-13 21:22:33]--[src_cgi/sharefiles_cgi.c:645]--start = 0, count = 3
[2017-07-13 21:22:33]--[src_cgi/sharefiles_cgi.c:172]--select share_file_list.*, file_info.url, file_info.size, file_info.type from file_info, share_file_list where file_info.md5 = share_file_list.md5 limit 0, 3 在操作
[2017-07-13 21:22:33]--[src_cgi/sharefiles_cgi.c:292]--{
	"files":	[{
			"user":	"apple",
			"md5":	"47e01c4f370a9383320eee9193251e54",
			"time":	"2017-07-11 09:11:41",
			"filename":	"Makefile",
			"share_status":	1,
			"pv":	2,
			"url":	"http://192.168.1.22:80/group1/M00/00/00/wKgBFllk-BeAZTm4AABnm9LNgrI4534872",
			"size":	26523,
			"type":	"null"
		}, {
			"user":	"kevin",
			"md5":	"9d377b10ce778c4938b3c7e2c63a229a",
			"time":	"2017-07-13 08:57:54",
			"filename":	"Penguins.jpg",
			"share_status":	1,
			"pv":	3,
			"url":	"http://192.168.1.22:80/group1/M00/00/00/wKgBFllnQHaAfkYpAAvea_OGt2M232.jpg",
			"size":	777835,
			"type":	"jpg"
		}, {
			"user":	"kevin",
			"md5":	"ba45c8f60456a672e003a875e469d0eb",
			"time":	"2017-07-13 10:55:58",
			"filename":	"Desert.jpg",
			"share_status":	1,
			"pv":	2,
			"url":	"http://192.168.1.22:80/group1/M00/00/00/wKgBFllnsHGAG7NzAAzodQCbVVc189.jpg",
			"size":	845941,
			"type":	"jpg"
		}]
}
[2017-07-13 21:22:37]--[src_cgi/sharefiles_cgi.c:598]--cmd = count
[2017-07-13 21:22:37]--[src_cgi/sharefiles_cgi.c:85]--line = 3
[2017-07-13 21:22:37]--[src_cgi/sharefiles_cgi.c:598]--cmd = pvdesc
[2017-07-13 21:22:37]--[src_cgi/sharefiles_cgi.c:636]--buf = {
    "count": 3,
    "start": 0
}

[2017-07-13 21:22:37]--[src_cgi/sharefiles_cgi.c:645]--start = 0, count = 3
[2017-07-13 21:22:37]--[src_cgi/sharefiles_cgi.c:399]--sql_num = 3, redis_num = 3
[2017-07-13 21:22:37]--[src_cgi/sharefiles_cgi.c:529]--{
	"files":	[{
			"filename":	"Penguins.jpg",
			"pv":	3
		}, {
			"filename":	"Desert.jpg",
			"pv":	2
		}, {
			"filename":	"Makefile",
			"pv":	2
		}]
}
[2017-07-13 21:31:28]--[src_cgi/sharefiles_cgi.c:598]--cmd = count
[2017-07-13 21:31:28]--[src_cgi/sharefiles_cgi.c:85]--line = 3
[2017-07-13 21:31:29]--[src_cgi/sharefiles_cgi.c:598]--cmd = normal
[2017-07-13 21:31:29]--[src_cgi/sharefiles_cgi.c:636]--buf = {
    "count": 3,
    "start": 0
}

[2017-07-13 21:31:29]--[src_cgi/sharefiles_cgi.c:645]--start = 0, count = 3
[2017-07-13 21:31:29]--[src_cgi/sharefiles_cgi.c:172]--select share_file_list.*, file_info.url, file_info.size, file_info.type from file_info, share_file_list where file_info.md5 = share_file_list.md5 limit 0, 3 在操作
[2017-07-13 21:31:29]--[src_cgi/sharefiles_cgi.c:292]--{
	"files":	[{
			"user":	"apple",
			"md5":	"47e01c4f370a9383320eee9193251e54",
			"time":	"2017-07-11 09:11:41",
			"filename":	"Makefile",
			"share_status":	1,
			"pv":	2,
			"url":	"http://192.168.1.22:80/group1/M00/00/00/wKgBFllk-BeAZTm4AABnm9LNgrI4534872",
			"size":	26523,
			"type":	"null"
		}, {
			"user":	"kevin",
			"md5":	"9d377b10ce778c4938b3c7e2c63a229a",
			"time":	"2017-07-13 08:57:54",
			"filename":	"Penguins.jpg",
			"share_status":	1,
			"pv":	3,
			"url":	"http://192.168.1.22:80/group1/M00/00/00/wKgBFllnQHaAfkYpAAvea_OGt2M232.jpg",
			"size":	777835,
			"type":	"jpg"
		}, {
			"user":	"kevin",
			"md5":	"ba45c8f60456a672e003a875e469d0eb",
			"time":	"2017-07-13 10:55:58",
			"filename":	"Desert.jpg",
			"share_status":	1,
			"pv":	2,
			"url":	"http://192.168.1.22:80/group1/M00/00/00/wKgBFllnsHGAG7NzAAzodQCbVVc189.jpg",
			"size":	845941,
			"type":	"jpg"
		}]
}
[2017-07-13 21:37:25]--[src_cgi/sharefiles_cgi.c:598]--cmd = count
[2017-07-13 21:37:25]--[src_cgi/sharefiles_cgi.c:85]--line = 3
[2017-07-13 21:37:25]--[src_cgi/sharefiles_cgi.c:598]--cmd = normal
[2017-07-13 21:37:25]--[src_cgi/sharefiles_cgi.c:636]--buf = {
    "count": 3,
    "start": 0
}

[2017-07-13 21:37:25]--[src_cgi/sharefiles_cgi.c:645]--start = 0, count = 3
[2017-07-13 21:37:25]--[src_cgi/sharefiles_cgi.c:172]--select share_file_list.*, file_info.url, file_info.size, file_info.type from file_info, share_file_list where file_info.md5 = share_file_list.md5 limit 0, 3 在操作
[2017-07-13 21:37:25]--[src_cgi/sharefiles_cgi.c:292]--{
	"files":	[{
			"user":	"apple",
			"md5":	"47e01c4f370a9383320eee9193251e54",
			"time":	"2017-07-11 09:11:41",
			"filename":	"Makefile",
			"share_status":	1,
			"pv":	2,
			"url":	"http://192.168.1.22:80/group1/M00/00/00/wKgBFllk-BeAZTm4AABnm9LNgrI4534872",
			"size":	26523,
			"type":	"null"
		}, {
			"user":	"kevin",
			"md5":	"9d377b10ce778c4938b3c7e2c63a229a",
			"time":	"2017-07-13 08:57:54",
			"filename":	"Penguins.jpg",
			"share_status":	1,
			"pv":	3,
			"url":	"http://192.168.1.22:80/group1/M00/00/00/wKgBFllnQHaAfkYpAAvea_OGt2M232.jpg",
			"size":	777835,
			"type":	"jpg"
		}, {
			"user":	"kevin",
			"md5":	"ba45c8f60456a672e003a875e469d0eb",
			"time":	"2017-07-13 10:55:58",
			"filename":	"Desert.jpg",
			"share_status":	1,
			"pv":	2,
			"url":	"http://192.168.1.22:80/group1/M00/00/00/wKgBFllnsHGAG7NzAAzodQCbVVc189.jpg",
			"size":	845941,
			"type":	"jpg"
		}]
}
[2017-07-13 21:37:26]--[src_cgi/sharefiles_cgi.c:598]--cmd = count
[2017-07-13 21:37:26]--[src_cgi/sharefiles_cgi.c:85]--line = 3
[2017-07-13 21:37:26]--[src_cgi/sharefiles_cgi.c:598]--cmd = pvdesc
[2017-07-13 21:37:26]--[src_cgi/sharefiles_cgi.c:636]--buf = {
    "count": 3,
    "start": 0
}

[2017-07-13 21:37:26]--[src_cgi/sharefiles_cgi.c:645]--start = 0, count = 3
[2017-07-13 21:37:26]--[src_cgi/sharefiles_cgi.c:399]--sql_num = 3, redis_num = 3
[2017-07-13 21:37:26]--[src_cgi/sharefiles_cgi.c:529]--{
	"files":	[{
			"filename":	"Penguins.jpg",
			"pv":	3
		}, {
			"filename":	"Desert.jpg",
			"pv":	2
		}, {
			"filename":	"Makefile",
			"pv":	2
		}]
}
[2017-07-13 21:37:31]--[src_cgi/sharefiles_cgi.c:598]--cmd = count
[2017-07-13 21:37:31]--[src_cgi/sharefiles_cgi.c:85]--line = 3
[2017-07-13 21:37:31]--[src_cgi/sharefiles_cgi.c:598]--cmd = pvdesc
[2017-07-13 21:37:31]--[src_cgi/sharefiles_cgi.c:636]--buf = {
    "count": 3,
    "start": 0
}

[2017-07-13 21:37:31]--[src_cgi/sharefiles_cgi.c:645]--start = 0, count = 3
[2017-07-13 21:37:31]--[src_cgi/sharefiles_cgi.c:399]--sql_num = 3, redis_num = 3
[2017-07-13 21:37:31]--[src_cgi/sharefiles_cgi.c:529]--{
	"files":	[{
			"filename":	"Penguins.jpg",
			"pv":	3
		}, {
			"filename":	"Desert.jpg",
			"pv":	2
		}, {
			"filename":	"Makefile",
			"pv":	2
		}]
}
[2017-07-13 21:38:12]--[src_cgi/sharefiles_cgi.c:598]--cmd = count
[2017-07-13 21:38:12]--[src_cgi/sharefiles_cgi.c:85]--line = 3
[2017-07-13 21:38:12]--[src_cgi/sharefiles_cgi.c:598]--cmd = normal
[2017-07-13 21:38:12]--[src_cgi/sharefiles_cgi.c:636]--buf = {
    "count": 3,
    "start": 0
}

[2017-07-13 21:38:12]--[src_cgi/sharefiles_cgi.c:645]--start = 0, count = 3
[2017-07-13 21:38:12]--[src_cgi/sharefiles_cgi.c:172]--select share_file_list.*, file_info.url, file_info.size, file_info.type from file_info, share_file_list where file_info.md5 = share_file_list.md5 limit 0, 3 在操作
[2017-07-13 21:38:12]--[src_cgi/sharefiles_cgi.c:292]--{
	"files":	[{
			"user":	"apple",
			"md5":	"47e01c4f370a9383320eee9193251e54",
			"time":	"2017-07-11 09:11:41",
			"filename":	"Makefile",
			"share_status":	1,
			"pv":	2,
			"url":	"http://192.168.1.22:80/group1/M00/00/00/wKgBFllk-BeAZTm4AABnm9LNgrI4534872",
			"size":	26523,
			"type":	"null"
		}, {
			"user":	"kevin",
			"md5":	"9d377b10ce778c4938b3c7e2c63a229a",
			"time":	"2017-07-13 08:57:54",
			"filename":	"Penguins.jpg",
			"share_status":	1,
			"pv":	3,
			"url":	"http://192.168.1.22:80/group1/M00/00/00/wKgBFllnQHaAfkYpAAvea_OGt2M232.jpg",
			"size":	777835,
			"type":	"jpg"
		}, {
			"user":	"kevin",
			"md5":	"ba45c8f60456a672e003a875e469d0eb",
			"time":	"2017-07-13 10:55:58",
			"filename":	"Desert.jpg",
			"share_status":	1,
			"pv":	2,
			"url":	"http://192.168.1.22:80/group1/M00/00/00/wKgBFllnsHGAG7NzAAzodQCbVVc189.jpg",
			"size":	845941,
			"type":	"jpg"
		}]
}
[2017-07-13 21:38:13]--[src_cgi/sharefiles_cgi.c:598]--cmd = count
[2017-07-13 21:38:13]--[src_cgi/sharefiles_cgi.c:85]--line = 3
[2017-07-13 21:38:13]--[src_cgi/sharefiles_cgi.c:598]--cmd = pvdesc
[2017-07-13 21:38:13]--[src_cgi/sharefiles_cgi.c:636]--buf = {
    "count": 3,
    "start": 0
}

[2017-07-13 21:38:13]--[src_cgi/sharefiles_cgi.c:645]--start = 0, count = 3
[2017-07-13 21:38:13]--[src_cgi/sharefiles_cgi.c:399]--sql_num = 3, redis_num = 3
[2017-07-13 21:38:13]--[src_cgi/sharefiles_cgi.c:529]--{
	"files":	[{
			"filename":	"Penguins.jpg",
			"pv":	3
		}, {
			"filename":	"Desert.jpg",
			"pv":	2
		}, {
			"filename":	"Makefile",
			"pv":	2
		}]
}
[2017-07-13 21:38:57]--[src_cgi/sharefiles_cgi.c:598]--cmd = count
[2017-07-13 21:38:57]--[src_cgi/sharefiles_cgi.c:85]--line = 3
[2017-07-13 21:38:58]--[src_cgi/sharefiles_cgi.c:598]--cmd = normal
[2017-07-13 21:38:58]--[src_cgi/sharefiles_cgi.c:636]--buf = {
    "count": 3,
    "start": 0
}

[2017-07-13 21:38:58]--[src_cgi/sharefiles_cgi.c:645]--start = 0, count = 3
[2017-07-13 21:38:58]--[src_cgi/sharefiles_cgi.c:172]--select share_file_list.*, file_info.url, file_info.size, file_info.type from file_info, share_file_list where file_info.md5 = share_file_list.md5 limit 0, 3 在操作
[2017-07-13 21:38:58]--[src_cgi/sharefiles_cgi.c:292]--{
	"files":	[{
			"user":	"apple",
			"md5":	"47e01c4f370a9383320eee9193251e54",
			"time":	"2017-07-11 09:11:41",
			"filename":	"Makefile",
			"share_status":	1,
			"pv":	2,
			"url":	"http://192.168.1.22:80/group1/M00/00/00/wKgBFllk-BeAZTm4AABnm9LNgrI4534872",
			"size":	26523,
			"type":	"null"
		}, {
			"user":	"kevin",
			"md5":	"9d377b10ce778c4938b3c7e2c63a229a",
			"time":	"2017-07-13 08:57:54",
			"filename":	"Penguins.jpg",
			"share_status":	1,
			"pv":	3,
			"url":	"http://192.168.1.22:80/group1/M00/00/00/wKgBFllnQHaAfkYpAAvea_OGt2M232.jpg",
			"size":	777835,
			"type":	"jpg"
		}, {
			"user":	"kevin",
			"md5":	"ba45c8f60456a672e003a875e469d0eb",
			"time":	"2017-07-13 10:55:58",
			"filename":	"Desert.jpg",
			"share_status":	1,
			"pv":	2,
			"url":	"http://192.168.1.22:80/group1/M00/00/00/wKgBFllnsHGAG7NzAAzodQCbVVc189.jpg",
			"size":	845941,
			"type":	"jpg"
		}]
}
[2017-07-13 21:39:00]--[src_cgi/sharefiles_cgi.c:598]--cmd = count
[2017-07-13 21:39:00]--[src_cgi/sharefiles_cgi.c:85]--line = 3
[2017-07-13 21:39:00]--[src_cgi/sharefiles_cgi.c:598]--cmd = pvdesc
[2017-07-13 21:39:00]--[src_cgi/sharefiles_cgi.c:636]--buf = {
    "count": 3,
    "start": 0
}

[2017-07-13 21:39:00]--[src_cgi/sharefiles_cgi.c:645]--start = 0, count = 3
[2017-07-13 21:39:00]--[src_cgi/sharefiles_cgi.c:399]--sql_num = 3, redis_num = 3
[2017-07-13 21:39:00]--[src_cgi/sharefiles_cgi.c:529]--{
	"files":	[{
			"filename":	"Penguins.jpg",
			"pv":	3
		}, {
			"filename":	"Desert.jpg",
			"pv":	2
		}, {
			"filename":	"Makefile",
			"pv":	2
		}]
}
[2017-07-13 21:39:11]--[src_cgi/sharefiles_cgi.c:598]--cmd = count
[2017-07-13 21:39:11]--[src_cgi/sharefiles_cgi.c:85]--line = 3
[2017-07-13 21:39:11]--[src_cgi/sharefiles_cgi.c:598]--cmd = normal
[2017-07-13 21:39:11]--[src_cgi/sharefiles_cgi.c:636]--buf = {
    "count": 3,
    "start": 0
}

[2017-07-13 21:39:11]--[src_cgi/sharefiles_cgi.c:645]--start = 0, count = 3
[2017-07-13 21:39:11]--[src_cgi/sharefiles_cgi.c:172]--select share_file_list.*, file_info.url, file_info.size, file_info.type from file_info, share_file_list where file_info.md5 = share_file_list.md5 limit 0, 3 在操作
[2017-07-13 21:39:11]--[src_cgi/sharefiles_cgi.c:292]--{
	"files":	[{
			"user":	"apple",
			"md5":	"47e01c4f370a9383320eee9193251e54",
			"time":	"2017-07-11 09:11:41",
			"filename":	"Makefile",
			"share_status":	1,
			"pv":	2,
			"url":	"http://192.168.1.22:80/group1/M00/00/00/wKgBFllk-BeAZTm4AABnm9LNgrI4534872",
			"size":	26523,
			"type":	"null"
		}, {
			"user":	"kevin",
			"md5":	"9d377b10ce778c4938b3c7e2c63a229a",
			"time":	"2017-07-13 08:57:54",
			"filename":	"Penguins.jpg",
			"share_status":	1,
			"pv":	3,
			"url":	"http://192.168.1.22:80/group1/M00/00/00/wKgBFllnQHaAfkYpAAvea_OGt2M232.jpg",
			"size":	777835,
			"type":	"jpg"
		}, {
			"user":	"kevin",
			"md5":	"ba45c8f60456a672e003a875e469d0eb",
			"time":	"2017-07-13 10:55:58",
			"filename":	"Desert.jpg",
			"share_status":	1,
			"pv":	2,
			"url":	"http://192.168.1.22:80/group1/M00/00/00/wKgBFllnsHGAG7NzAAzodQCbVVc189.jpg",
			"size":	845941,
			"type":	"jpg"
		}]
}
[2017-07-13 21:39:13]--[src_cgi/sharefiles_cgi.c:598]--cmd = count
[2017-07-13 21:39:13]--[src_cgi/sharefiles_cgi.c:85]--line = 3
[2017-07-13 21:39:13]--[src_cgi/sharefiles_cgi.c:598]--cmd = pvdesc
[2017-07-13 21:39:13]--[src_cgi/sharefiles_cgi.c:636]--buf = {
    "count": 3,
    "start": 0
}

[2017-07-13 21:39:13]--[src_cgi/sharefiles_cgi.c:645]--start = 0, count = 3
[2017-07-13 21:39:13]--[src_cgi/sharefiles_cgi.c:399]--sql_num = 3, redis_num = 3
[2017-07-13 21:39:13]--[src_cgi/sharefiles_cgi.c:529]--{
	"files":	[{
			"filename":	"Penguins.jpg",
			"pv":	3
		}, {
			"filename":	"Desert.jpg",
			"pv":	2
		}, {
			"filename":	"Makefile",
			"pv":	2
		}]
}
